<?xml version="1.0" encoding="UTF-8"?>
<coverage generated="1698527075487" clover="3.2.0">
  <project timestamp="1698527075487" name="All files">
    <metrics statements="1421" coveredstatements="65" conditionals="508" coveredconditionals="13" methods="184" coveredmethods="9" elements="2113" coveredelements="87" complexity="0" loc="1421" ncloc="1421" packages="1" files="12" classes="12"/>
    <file name="ModalBooster.ts" path="C:\zk-gamification\.obsidian\plugins\obsidian-gamified-pkm\src\ModalBooster.ts">
      <metrics statements="25" coveredstatements="0" conditionals="0" coveredconditionals="0" methods="5" coveredmethods="0"/>
      <line num="1" count="0" type="stmt"/>
      <line num="3" count="0" type="stmt"/>
      <line num="5" count="0" type="stmt"/>
      <line num="10" count="0" type="stmt"/>
      <line num="11" count="0" type="stmt"/>
      <line num="12" count="0" type="stmt"/>
      <line num="16" count="0" type="stmt"/>
      <line num="17" count="0" type="stmt"/>
      <line num="19" count="0" type="stmt"/>
      <line num="23" count="0" type="stmt"/>
      <line num="24" count="0" type="stmt"/>
      <line num="25" count="0" type="stmt"/>
      <line num="26" count="0" type="stmt"/>
      <line num="27" count="0" type="stmt"/>
      <line num="31" count="0" type="stmt"/>
      <line num="32" count="0" type="stmt"/>
      <line num="35" count="0" type="stmt"/>
      <line num="36" count="0" type="stmt"/>
      <line num="37" count="0" type="stmt"/>
      <line num="38" count="0" type="stmt"/>
      <line num="39" count="0" type="stmt"/>
      <line num="42" count="0" type="stmt"/>
      <line num="43" count="0" type="stmt"/>
      <line num="47" count="0" type="stmt"/>
      <line num="48" count="0" type="stmt"/>
    </file>
    <file name="ModalInformationbox.ts" path="C:\zk-gamification\.obsidian\plugins\obsidian-gamified-pkm\src\ModalInformationbox.ts">
      <metrics statements="8" coveredstatements="0" conditionals="0" coveredconditionals="0" methods="3" coveredmethods="0"/>
      <line num="1" count="0" type="stmt"/>
      <line num="3" count="0" type="stmt"/>
      <line num="7" count="0" type="stmt"/>
      <line num="8" count="0" type="stmt"/>
      <line num="12" count="0" type="stmt"/>
      <line num="13" count="0" type="stmt"/>
      <line num="17" count="0" type="stmt"/>
      <line num="18" count="0" type="stmt"/>
    </file>
    <file name="MultiSelectModal.ts" path="C:\zk-gamification\.obsidian\plugins\obsidian-gamified-pkm\src\MultiSelectModal.ts">
      <metrics statements="235" coveredstatements="0" conditionals="70" coveredconditionals="0" methods="45" coveredmethods="0"/>
      <line num="1" count="0" type="stmt"/>
      <line num="2" count="0" type="stmt"/>
      <line num="9" count="0" type="stmt"/>
      <line num="10" count="0" type="stmt"/>
      <line num="15" count="0" type="stmt"/>
      <line num="17" count="0" type="stmt"/>
      <line num="18" count="0" type="stmt"/>
      <line num="21" count="0" type="stmt"/>
      <line num="22" count="0" type="stmt"/>
      <line num="23" count="0" type="stmt"/>
      <line num="26" count="0" type="stmt"/>
      <line num="27" count="0" type="stmt"/>
      <line num="28" count="0" type="stmt"/>
      <line num="29" count="0" type="stmt"/>
      <line num="33" count="0" type="stmt"/>
      <line num="34" count="0" type="stmt"/>
      <line num="38" count="0" type="cond" truecount="0" falsecount="2"/>
      <line num="39" count="0" type="stmt"/>
      <line num="40" count="0" type="cond" truecount="0" falsecount="1"/>
      <line num="41" count="0" type="stmt"/>
      <line num="42" count="0" type="stmt"/>
      <line num="46" count="0" type="stmt"/>
      <line num="47" count="0" type="stmt"/>
      <line num="53" count="0" type="stmt"/>
      <line num="58" count="0" type="stmt"/>
      <line num="59" count="0" type="stmt"/>
      <line num="61" count="0" type="cond" truecount="0" falsecount="1"/>
      <line num="62" count="0" type="cond" truecount="0" falsecount="1"/>
      <line num="63" count="0" type="stmt"/>
      <line num="69" count="0" type="stmt"/>
      <line num="73" count="0" type="stmt"/>
      <line num="79" count="0" type="cond" truecount="0" falsecount="2"/>
      <line num="80" count="0" type="stmt"/>
      <line num="83" count="0" type="stmt"/>
      <line num="88" count="0" type="stmt"/>
      <line num="89" count="0" type="stmt"/>
      <line num="90" count="0" type="cond" truecount="0" falsecount="2"/>
      <line num="95" count="0" type="stmt"/>
      <line num="99" count="0" type="stmt"/>
      <line num="100" count="0" type="stmt"/>
      <line num="101" count="0" type="cond" truecount="0" falsecount="4"/>
      <line num="102" count="0" type="stmt"/>
      <line num="103" count="0" type="cond" truecount="0" falsecount="3"/>
      <line num="104" count="0" type="stmt"/>
      <line num="105" count="0" type="stmt"/>
      <line num="106" count="0" type="stmt"/>
      <line num="107" count="0" type="stmt"/>
      <line num="108" count="0" type="stmt"/>
      <line num="109" count="0" type="cond" truecount="0" falsecount="4"/>
      <line num="111" count="0" type="stmt"/>
      <line num="114" count="0" type="stmt"/>
      <line num="116" count="0" type="stmt"/>
      <line num="117" count="0" type="cond" truecount="0" falsecount="4"/>
      <line num="119" count="0" type="stmt"/>
      <line num="122" count="0" type="stmt"/>
      <line num="124" count="0" type="stmt"/>
      <line num="128" count="0" type="stmt"/>
      <line num="135" count="0" type="cond" truecount="0" falsecount="1"/>
      <line num="136" count="0" type="stmt"/>
      <line num="156" count="0" type="cond" truecount="0" falsecount="1"/>
      <line num="157" count="0" type="stmt"/>
      <line num="172" count="0" type="stmt"/>
      <line num="173" count="0" type="stmt"/>
      <line num="176" count="0" type="stmt"/>
      <line num="177" count="0" type="stmt"/>
      <line num="180" count="0" type="stmt"/>
      <line num="181" count="0" type="cond" truecount="0" falsecount="1"/>
      <line num="182" count="0" type="stmt"/>
      <line num="183" count="0" type="stmt"/>
      <line num="185" count="0" type="stmt"/>
      <line num="186" count="0" type="stmt"/>
      <line num="187" count="0" type="stmt"/>
      <line num="189" count="0" type="stmt"/>
      <line num="190" count="0" type="stmt"/>
      <line num="191" count="0" type="stmt"/>
      <line num="192" count="0" type="stmt"/>
      <line num="195" count="0" type="stmt"/>
      <line num="196" count="0" type="stmt"/>
      <line num="198" count="0" type="stmt"/>
      <line num="199" count="0" type="stmt"/>
      <line num="200" count="0" type="stmt"/>
      <line num="201" count="0" type="stmt"/>
      <line num="205" count="0" type="stmt"/>
      <line num="206" count="0" type="stmt"/>
      <line num="208" count="0" type="stmt"/>
      <line num="210" count="0" type="cond" truecount="0" falsecount="2"/>
      <line num="213" count="0" type="stmt"/>
      <line num="218" count="0" type="stmt"/>
      <line num="220" count="0" type="stmt"/>
      <line num="226" count="0" type="stmt"/>
      <line num="227" count="0" type="stmt"/>
      <line num="230" count="0" type="stmt"/>
      <line num="232" count="0" type="stmt"/>
      <line num="233" count="0" type="stmt"/>
      <line num="234" count="0" type="stmt"/>
      <line num="235" count="0" type="stmt"/>
      <line num="236" count="0" type="cond" truecount="0" falsecount="2"/>
      <line num="237" count="0" type="stmt"/>
      <line num="238" count="0" type="stmt"/>
      <line num="240" count="0" type="stmt"/>
      <line num="241" count="0" type="stmt"/>
      <line num="242" count="0" type="stmt"/>
      <line num="243" count="0" type="stmt"/>
      <line num="246" count="0" type="stmt"/>
      <line num="248" count="0" type="stmt"/>
      <line num="249" count="0" type="stmt"/>
      <line num="250" count="0" type="stmt"/>
      <line num="251" count="0" type="stmt"/>
      <line num="255" count="0" type="stmt"/>
      <line num="256" count="0" type="stmt"/>
      <line num="257" count="0" type="stmt"/>
      <line num="258" count="0" type="stmt"/>
      <line num="259" count="0" type="stmt"/>
      <line num="263" count="0" type="stmt"/>
      <line num="264" count="0" type="stmt"/>
      <line num="265" count="0" type="stmt"/>
      <line num="268" count="0" type="stmt"/>
      <line num="274" count="0" type="stmt"/>
      <line num="276" count="0" type="cond" truecount="0" falsecount="1"/>
      <line num="277" count="0" type="stmt"/>
      <line num="278" count="0" type="stmt"/>
      <line num="279" count="0" type="stmt"/>
      <line num="281" count="0" type="cond" truecount="0" falsecount="1"/>
      <line num="282" count="0" type="stmt"/>
      <line num="283" count="0" type="stmt"/>
      <line num="289" count="0" type="stmt"/>
      <line num="291" count="0" type="cond" truecount="0" falsecount="1"/>
      <line num="292" count="0" type="stmt"/>
      <line num="293" count="0" type="stmt"/>
      <line num="294" count="0" type="stmt"/>
      <line num="296" count="0" type="cond" truecount="0" falsecount="1"/>
      <line num="297" count="0" type="stmt"/>
      <line num="298" count="0" type="stmt"/>
      <line num="304" count="0" type="stmt"/>
      <line num="311" count="0" type="stmt"/>
      <line num="318" count="0" type="stmt"/>
      <line num="319" count="0" type="stmt"/>
      <line num="320" count="0" type="cond" truecount="0" falsecount="1"/>
      <line num="321" count="0" type="stmt"/>
      <line num="322" count="0" type="stmt"/>
      <line num="324" count="0" type="stmt"/>
      <line num="325" count="0" type="stmt"/>
      <line num="326" count="0" type="stmt"/>
      <line num="327" count="0" type="cond" truecount="0" falsecount="3"/>
      <line num="328" count="0" type="stmt"/>
      <line num="334" count="0" type="stmt"/>
      <line num="335" count="0" type="stmt"/>
      <line num="337" count="0" type="stmt"/>
      <line num="338" count="0" type="cond" truecount="0" falsecount="2"/>
      <line num="340" count="0" type="cond" truecount="0" falsecount="1"/>
      <line num="341" count="0" type="stmt"/>
      <line num="345" count="0" type="stmt"/>
      <line num="350" count="0" type="stmt"/>
      <line num="354" count="0" type="stmt"/>
      <line num="355" count="0" type="cond" truecount="0" falsecount="2"/>
      <line num="358" count="0" type="stmt"/>
      <line num="360" count="0" type="cond" truecount="0" falsecount="1"/>
      <line num="363" count="0" type="stmt"/>
      <line num="364" count="0" type="cond" truecount="0" falsecount="1"/>
      <line num="365" count="0" type="stmt"/>
      <line num="370" count="0" type="stmt"/>
      <line num="377" count="0" type="stmt"/>
      <line num="379" count="0" type="stmt"/>
      <line num="382" count="0" type="stmt"/>
      <line num="390" count="0" type="stmt"/>
      <line num="391" count="0" type="stmt"/>
      <line num="392" count="0" type="stmt"/>
      <line num="393" count="0" type="cond" truecount="0" falsecount="2"/>
      <line num="394" count="0" type="cond" truecount="0" falsecount="2"/>
      <line num="395" count="0" type="stmt"/>
      <line num="398" count="0" type="stmt"/>
      <line num="403" count="0" type="stmt"/>
      <line num="404" count="0" type="cond" truecount="0" falsecount="1"/>
      <line num="405" count="0" type="stmt"/>
      <line num="408" count="0" type="stmt"/>
      <line num="410" count="0" type="cond" truecount="0" falsecount="2"/>
      <line num="418" count="0" type="cond" truecount="0" falsecount="2"/>
      <line num="419" count="0" type="cond" truecount="0" falsecount="2"/>
      <line num="420" count="0" type="stmt"/>
      <line num="421" count="0" type="stmt"/>
      <line num="422" count="0" type="stmt"/>
      <line num="424" count="0" type="stmt"/>
      <line num="425" count="0" type="stmt"/>
      <line num="428" count="0" type="cond" truecount="0" falsecount="2"/>
      <line num="429" count="0" type="stmt"/>
      <line num="430" count="0" type="stmt"/>
      <line num="431" count="0" type="stmt"/>
      <line num="432" count="0" type="stmt"/>
      <line num="434" count="0" type="stmt"/>
      <line num="436" count="0" type="stmt"/>
      <line num="437" count="0" type="stmt"/>
      <line num="444" count="0" type="stmt"/>
      <line num="445" count="0" type="cond" truecount="0" falsecount="1"/>
      <line num="446" count="0" type="stmt"/>
      <line num="449" count="0" type="stmt"/>
      <line num="453" count="0" type="stmt"/>
      <line num="454" count="0" type="cond" truecount="0" falsecount="1"/>
      <line num="455" count="0" type="stmt"/>
      <line num="458" count="0" type="stmt"/>
      <line num="462" count="0" type="stmt"/>
      <line num="463" count="0" type="cond" truecount="0" falsecount="1"/>
      <line num="464" count="0" type="stmt"/>
      <line num="467" count="0" type="stmt"/>
      <line num="472" count="0" type="stmt"/>
      <line num="473" count="0" type="cond" truecount="0" falsecount="1"/>
      <line num="474" count="0" type="stmt"/>
      <line num="477" count="0" type="stmt"/>
      <line num="481" count="0" type="stmt"/>
      <line num="482" count="0" type="cond" truecount="0" falsecount="1"/>
      <line num="483" count="0" type="stmt"/>
      <line num="486" count="0" type="stmt"/>
      <line num="490" count="0" type="stmt"/>
      <line num="491" count="0" type="cond" truecount="0" falsecount="1"/>
      <line num="492" count="0" type="stmt"/>
      <line num="495" count="0" type="stmt"/>
      <line num="499" count="0" type="stmt"/>
      <line num="500" count="0" type="cond" truecount="0" falsecount="1"/>
      <line num="501" count="0" type="stmt"/>
      <line num="504" count="0" type="stmt"/>
      <line num="508" count="0" type="stmt"/>
      <line num="509" count="0" type="cond" truecount="0" falsecount="1"/>
      <line num="510" count="0" type="stmt"/>
      <line num="513" count="0" type="stmt"/>
      <line num="517" count="0" type="stmt"/>
      <line num="518" count="0" type="cond" truecount="0" falsecount="1"/>
      <line num="519" count="0" type="stmt"/>
      <line num="522" count="0" type="stmt"/>
      <line num="526" count="0" type="stmt"/>
      <line num="527" count="0" type="cond" truecount="0" falsecount="1"/>
      <line num="528" count="0" type="stmt"/>
      <line num="531" count="0" type="stmt"/>
      <line num="535" count="0" type="stmt"/>
      <line num="536" count="0" type="cond" truecount="0" falsecount="1"/>
      <line num="537" count="0" type="stmt"/>
      <line num="540" count="0" type="stmt"/>
    </file>
    <file name="badges.ts" path="C:\zk-gamification\.obsidian\plugins\obsidian-gamified-pkm\src\badges.ts">
      <metrics statements="25" coveredstatements="25" conditionals="7" coveredconditionals="7" methods="3" coveredmethods="3"/>
      <line num="7" count="1" type="stmt"/>
      <line num="8" count="9" type="stmt"/>
      <line num="9" count="9" type="stmt"/>
      <line num="10" count="9" type="stmt"/>
      <line num="11" count="108" type="cond" truecount="3" falsecount="0"/>
      <line num="12" count="4" type="stmt"/>
      <line num="15" count="9" type="stmt"/>
      <line num="18" count="1" type="stmt"/>
      <line num="19" count="3" type="stmt"/>
      <line num="20" count="3" type="stmt"/>
      <line num="35" count="3" type="stmt"/>
      <line num="36" count="3" type="stmt"/>
      <line num="37" count="14" type="cond" truecount="2" falsecount="0"/>
      <line num="38" count="11" type="stmt"/>
      <line num="40" count="3" type="stmt"/>
      <line num="43" count="3" type="stmt"/>
      <line num="48" count="1" type="stmt"/>
      <line num="49" count="5" type="stmt"/>
      <line num="50" count="5" type="stmt"/>
      <line num="67" count="5" type="stmt"/>
      <line num="68" count="5" type="stmt"/>
      <line num="69" count="35" type="cond" truecount="2" falsecount="0"/>
      <line num="70" count="30" type="stmt"/>
      <line num="72" count="5" type="stmt"/>
      <line num="75" count="5" type="stmt"/>
    </file>
    <file name="constants.ts" path="C:\zk-gamification\.obsidian\plugins\obsidian-gamified-pkm\src\constants.ts">
      <metrics statements="18" coveredstatements="0" conditionals="0" coveredconditionals="0" methods="0" coveredmethods="0"/>
      <line num="1" count="0" type="stmt"/>
      <line num="2" count="0" type="stmt"/>
      <line num="3" count="0" type="stmt"/>
      <line num="4" count="0" type="stmt"/>
      <line num="5" count="0" type="stmt"/>
      <line num="6" count="0" type="stmt"/>
      <line num="7" count="0" type="stmt"/>
      <line num="8" count="0" type="stmt"/>
      <line num="9" count="0" type="stmt"/>
      <line num="10" count="0" type="stmt"/>
      <line num="174" count="0" type="stmt"/>
      <line num="185" count="0" type="stmt"/>
      <line num="196" count="0" type="stmt"/>
      <line num="211" count="0" type="stmt"/>
      <line num="212" count="0" type="stmt"/>
      <line num="213" count="0" type="stmt"/>
      <line num="215" count="0" type="stmt"/>
      <line num="226" count="0" type="stmt"/>
    </file>
    <file name="creatmodchartcalculation.ts" path="C:\zk-gamification\.obsidian\plugins\obsidian-gamified-pkm\src\creatmodchartcalculation.ts">
      <metrics statements="62" coveredstatements="17" conditionals="11" coveredconditionals="3" methods="8" coveredmethods="2"/>
      <line num="3" count="1" type="stmt"/>
      <line num="4" count="0" type="stmt"/>
      <line num="5" count="0" type="stmt"/>
      <line num="6" count="0" type="cond" truecount="0" falsecount="1"/>
      <line num="7" count="0" type="stmt"/>
      <line num="10" count="0" type="stmt"/>
      <line num="14" count="1" type="stmt"/>
      <line num="15" count="0" type="stmt"/>
      <line num="16" count="0" type="stmt"/>
      <line num="17" count="0" type="cond" truecount="0" falsecount="1"/>
      <line num="18" count="0" type="stmt"/>
      <line num="21" count="0" type="stmt"/>
      <line num="25" count="1" type="stmt"/>
      <line num="26" count="0" type="stmt"/>
      <line num="27" count="0" type="stmt"/>
      <line num="28" count="0" type="cond" truecount="0" falsecount="1"/>
      <line num="29" count="0" type="stmt"/>
      <line num="31" count="0" type="cond" truecount="0" falsecount="1"/>
      <line num="32" count="0" type="stmt"/>
      <line num="35" count="0" type="stmt"/>
      <line num="39" count="1" type="stmt"/>
      <line num="40" count="3" type="stmt"/>
      <line num="41" count="3" type="cond" truecount="1" falsecount="0"/>
      <line num="42" count="1" type="stmt"/>
      <line num="44" count="3" type="stmt"/>
      <line num="48" count="1" type="stmt"/>
      <line num="49" count="0" type="stmt"/>
      <line num="51" count="0" type="stmt"/>
      <line num="52" count="0" type="stmt"/>
      <line num="55" count="0" type="stmt"/>
      <line num="59" count="1" type="stmt"/>
      <line num="60" count="0" type="stmt"/>
      <line num="62" count="0" type="stmt"/>
      <line num="63" count="0" type="stmt"/>
      <line num="66" count="0" type="stmt"/>
      <line num="70" count="1" type="stmt"/>
      <line num="71" count="2" type="stmt"/>
      <line num="72" count="2" type="cond" truecount="2" falsecount="0"/>
      <line num="73" count="1" type="stmt"/>
      <line num="75" count="1" type="stmt"/>
      <line num="78" count="2" type="stmt"/>
      <line num="82" count="1" type="stmt"/>
      <line num="83" count="0" type="stmt"/>
      <line num="84" count="0" type="cond" truecount="0" falsecount="1"/>
      <line num="85" count="0" type="stmt"/>
      <line num="86" count="0" type="stmt"/>
      <line num="88" count="0" type="stmt"/>
      <line num="90" count="0" type="stmt"/>
      <line num="91" count="0" type="stmt"/>
      <line num="92" count="0" type="stmt"/>
      <line num="93" count="0" type="stmt"/>
      <line num="95" count="0" type="stmt"/>
      <line num="96" count="0" type="stmt"/>
      <line num="97" count="0" type="stmt"/>
      <line num="98" count="0" type="cond" truecount="0" falsecount="1"/>
      <line num="99" count="0" type="cond" truecount="0" falsecount="1"/>
      <line num="100" count="0" type="stmt"/>
      <line num="104" count="0" type="cond" truecount="0" falsecount="1"/>
      <line num="105" count="0" type="stmt"/>
      <line num="106" count="0" type="stmt"/>
      <line num="107" count="0" type="stmt"/>
      <line num="108" count="0" type="stmt"/>
    </file>
    <file name="encryption.ts" path="C:\zk-gamification\.obsidian\plugins\obsidian-gamified-pkm\src\encryption.ts">
      <metrics statements="18" coveredstatements="0" conditionals="0" coveredconditionals="0" methods="7" coveredmethods="0"/>
      <line num="1" count="0" type="stmt"/>
      <line num="7" count="0" type="stmt"/>
      <line num="8" count="0" type="stmt"/>
      <line num="12" count="0" type="stmt"/>
      <line num="13" count="0" type="stmt"/>
      <line num="16" count="0" type="stmt"/>
      <line num="17" count="0" type="stmt"/>
      <line num="18" count="0" type="stmt"/>
      <line num="21" count="0" type="stmt"/>
      <line num="22" count="0" type="stmt"/>
      <line num="25" count="0" type="stmt"/>
      <line num="26" count="0" type="stmt"/>
      <line num="28" count="0" type="stmt"/>
      <line num="31" count="0" type="stmt"/>
      <line num="32" count="0" type="stmt"/>
      <line num="35" count="0" type="stmt"/>
      <line num="36" count="0" type="stmt"/>
      <line num="37" count="0" type="stmt"/>
    </file>
    <file name="levels.ts" path="C:\zk-gamification\.obsidian\plugins\obsidian-gamified-pkm\src\levels.ts">
      <metrics statements="14" coveredstatements="8" conditionals="5" coveredconditionals="3" methods="2" coveredmethods="1"/>
      <line num="7" count="1" type="stmt"/>
      <line num="121" count="1" type="stmt"/>
      <line num="122" count="0" type="stmt"/>
      <line num="123" count="0" type="stmt"/>
      <line num="124" count="0" type="cond" truecount="0" falsecount="2"/>
      <line num="125" count="0" type="stmt"/>
      <line num="127" count="0" type="stmt"/>
      <line num="130" count="0" type="stmt"/>
      <line num="133" count="1" type="stmt"/>
      <line num="134" count="3" type="stmt"/>
      <line num="135" count="3" type="stmt"/>
      <line num="136" count="333" type="cond" truecount="3" falsecount="0"/>
      <line num="137" count="3" type="stmt"/>
      <line num="142" count="3" type="stmt"/>
    </file>
    <file name="main.ts" path="C:\zk-gamification\.obsidian\plugins\obsidian-gamified-pkm\src\main.ts">
      <metrics statements="732" coveredstatements="0" conditionals="253" coveredconditionals="0" methods="75" coveredmethods="0"/>
      <line num="1" count="0" type="stmt"/>
      <line num="2" count="0" type="stmt"/>
      <line num="14" count="0" type="stmt"/>
      <line num="15" count="0" type="stmt"/>
      <line num="16" count="0" type="stmt"/>
      <line num="17" count="0" type="stmt"/>
      <line num="18" count="0" type="stmt"/>
      <line num="32" count="0" type="stmt"/>
      <line num="47" count="0" type="stmt"/>
      <line num="54" count="0" type="stmt"/>
      <line num="55" count="0" type="stmt"/>
      <line num="57" count="0" type="stmt"/>
      <line num="58" count="0" type="stmt"/>
      <line num="59" count="0" type="stmt"/>
      <line num="60" count="0" type="stmt"/>
      <line num="62" count="0" type="stmt"/>
      <line num="63" count="0" type="stmt"/>
      <line num="67" count="0" type="stmt"/>
      <line num="68" count="0" type="stmt"/>
      <line num="81" count="0" type="cond" truecount="0" falsecount="2"/>
      <line num="88" count="0" type="cond" truecount="0" falsecount="2"/>
      <line num="94" count="0" type="cond" truecount="0" falsecount="2"/>
      <line num="108" count="0" type="stmt"/>
      <line num="109" count="0" type="stmt"/>
      <line num="111" count="0" type="stmt"/>
      <line num="118" count="0" type="stmt"/>
      <line num="119" count="0" type="stmt"/>
      <line num="121" count="0" type="stmt"/>
      <line num="127" count="0" type="stmt"/>
      <line num="128" count="0" type="stmt"/>
      <line num="129" count="0" type="stmt"/>
      <line num="137" count="0" type="stmt"/>
      <line num="144" count="0" type="stmt"/>
      <line num="147" count="0" type="stmt"/>
      <line num="159" count="0" type="stmt"/>
      <line num="160" count="0" type="stmt"/>
      <line num="162" count="0" type="stmt"/>
      <line num="165" count="0" type="cond" truecount="0" falsecount="1"/>
      <line num="166" count="0" type="stmt"/>
      <line num="168" count="0" type="stmt"/>
      <line num="173" count="0" type="cond" truecount="0" falsecount="1"/>
      <line num="174" count="0" type="stmt"/>
      <line num="176" count="0" type="stmt"/>
      <line num="179" count="0" type="stmt"/>
      <line num="182" count="0" type="stmt"/>
      <line num="183" count="0" type="stmt"/>
      <line num="188" count="0" type="stmt"/>
      <line num="190" count="0" type="stmt"/>
      <line num="195" count="0" type="cond" truecount="0" falsecount="1"/>
      <line num="197" count="0" type="stmt"/>
      <line num="200" count="0" type="stmt"/>
      <line num="201" count="0" type="stmt"/>
      <line num="206" count="0" type="cond" truecount="0" falsecount="1"/>
      <line num="208" count="0" type="stmt"/>
      <line num="211" count="0" type="stmt"/>
      <line num="212" count="0" type="stmt"/>
      <line num="213" count="0" type="stmt"/>
      <line num="214" count="0" type="stmt"/>
      <line num="215" count="0" type="stmt"/>
      <line num="221" count="0" type="cond" truecount="0" falsecount="1"/>
      <line num="223" count="0" type="stmt"/>
      <line num="226" count="0" type="stmt"/>
      <line num="227" count="0" type="stmt"/>
      <line num="234" count="0" type="stmt"/>
      <line num="237" count="0" type="stmt"/>
      <line num="238" count="0" type="stmt"/>
      <line num="239" count="0" type="stmt"/>
      <line num="240" count="0" type="stmt"/>
      <line num="246" count="0" type="stmt"/>
      <line num="249" count="0" type="stmt"/>
      <line num="250" count="0" type="stmt"/>
      <line num="256" count="0" type="stmt"/>
      <line num="259" count="0" type="stmt"/>
      <line num="260" count="0" type="stmt"/>
      <line num="268" count="0" type="stmt"/>
      <line num="269" count="0" type="stmt"/>
      <line num="270" count="0" type="stmt"/>
      <line num="271" count="0" type="stmt"/>
      <line num="272" count="0" type="stmt"/>
      <line num="273" count="0" type="stmt"/>
      <line num="275" count="0" type="stmt"/>
      <line num="276" count="0" type="stmt"/>
      <line num="277" count="0" type="stmt"/>
      <line num="282" count="0" type="stmt"/>
      <line num="283" count="0" type="stmt"/>
      <line num="285" count="0" type="stmt"/>
      <line num="286" count="0" type="stmt"/>
      <line num="287" count="0" type="stmt"/>
      <line num="288" count="0" type="stmt"/>
      <line num="289" count="0" type="stmt"/>
      <line num="290" count="0" type="stmt"/>
      <line num="291" count="0" type="stmt"/>
      <line num="293" count="0" type="stmt"/>
      <line num="295" count="0" type="stmt"/>
      <line num="296" count="0" type="stmt"/>
      <line num="297" count="0" type="stmt"/>
      <line num="298" count="0" type="stmt"/>
      <line num="299" count="0" type="cond" truecount="0" falsecount="4"/>
      <line num="300" count="0" type="stmt"/>
      <line num="301" count="0" type="stmt"/>
      <line num="304" count="0" type="stmt"/>
      <line num="305" count="0" type="stmt"/>
      <line num="310" count="0" type="stmt"/>
      <line num="311" count="0" type="stmt"/>
      <line num="312" count="0" type="stmt"/>
      <line num="313" count="0" type="stmt"/>
      <line num="314" count="0" type="stmt"/>
      <line num="315" count="0" type="stmt"/>
      <line num="316" count="0" type="stmt"/>
      <line num="319" count="0" type="stmt"/>
      <line num="321" count="0" type="stmt"/>
      <line num="322" count="0" type="stmt"/>
      <line num="323" count="0" type="cond" truecount="0" falsecount="2"/>
      <line num="325" count="0" type="stmt"/>
      <line num="326" count="0" type="stmt"/>
      <line num="327" count="0" type="cond" truecount="0" falsecount="1"/>
      <line num="329" count="0" type="stmt"/>
      <line num="330" count="0" type="stmt"/>
      <line num="333" count="0" type="cond" truecount="0" falsecount="4"/>
      <line num="335" count="0" type="stmt"/>
      <line num="336" count="0" type="stmt"/>
      <line num="337" count="0" type="cond" truecount="0" falsecount="1"/>
      <line num="339" count="0" type="stmt"/>
      <line num="340" count="0" type="stmt"/>
      <line num="343" count="0" type="cond" truecount="0" falsecount="2"/>
      <line num="345" count="0" type="stmt"/>
      <line num="346" count="0" type="stmt"/>
      <line num="347" count="0" type="cond" truecount="0" falsecount="1"/>
      <line num="349" count="0" type="stmt"/>
      <line num="350" count="0" type="stmt"/>
      <line num="353" count="0" type="cond" truecount="0" falsecount="2"/>
      <line num="355" count="0" type="stmt"/>
      <line num="356" count="0" type="stmt"/>
      <line num="357" count="0" type="cond" truecount="0" falsecount="1"/>
      <line num="359" count="0" type="stmt"/>
      <line num="360" count="0" type="stmt"/>
      <line num="363" count="0" type="cond" truecount="0" falsecount="2"/>
      <line num="365" count="0" type="stmt"/>
      <line num="366" count="0" type="stmt"/>
      <line num="367" count="0" type="cond" truecount="0" falsecount="1"/>
      <line num="369" count="0" type="stmt"/>
      <line num="370" count="0" type="stmt"/>
      <line num="373" count="0" type="cond" truecount="0" falsecount="2"/>
      <line num="375" count="0" type="stmt"/>
      <line num="376" count="0" type="stmt"/>
      <line num="377" count="0" type="cond" truecount="0" falsecount="1"/>
      <line num="379" count="0" type="stmt"/>
      <line num="380" count="0" type="stmt"/>
      <line num="383" count="0" type="stmt"/>
      <line num="386" count="0" type="cond" truecount="0" falsecount="5"/>
      <line num="387" count="0" type="stmt"/>
      <line num="388" count="0" type="stmt"/>
      <line num="389" count="0" type="stmt"/>
      <line num="393" count="0" type="cond" truecount="0" falsecount="1"/>
      <line num="394" count="0" type="stmt"/>
      <line num="395" count="0" type="stmt"/>
      <line num="400" count="0" type="stmt"/>
      <line num="402" count="0" type="stmt"/>
      <line num="403" count="0" type="stmt"/>
      <line num="404" count="0" type="stmt"/>
      <line num="405" count="0" type="stmt"/>
      <line num="406" count="0" type="stmt"/>
      <line num="407" count="0" type="stmt"/>
      <line num="408" count="0" type="stmt"/>
      <line num="411" count="0" type="stmt"/>
      <line num="416" count="0" type="stmt"/>
      <line num="417" count="0" type="stmt"/>
      <line num="418" count="0" type="stmt"/>
      <line num="419" count="0" type="stmt"/>
      <line num="420" count="0" type="stmt"/>
      <line num="421" count="0" type="stmt"/>
      <line num="426" count="0" type="stmt"/>
      <line num="429" count="0" type="cond" truecount="0" falsecount="1"/>
      <line num="430" count="0" type="stmt"/>
      <line num="431" count="0" type="stmt"/>
      <line num="437" count="0" type="stmt"/>
      <line num="438" count="0" type="cond" truecount="0" falsecount="1"/>
      <line num="439" count="0" type="stmt"/>
      <line num="442" count="0" type="stmt"/>
      <line num="445" count="0" type="stmt"/>
      <line num="446" count="0" type="cond" truecount="0" falsecount="4"/>
      <line num="447" count="0" type="cond" truecount="0" falsecount="4"/>
      <line num="450" count="0" type="stmt"/>
      <line num="451" count="0" type="stmt"/>
      <line num="452" count="0" type="stmt"/>
      <line num="454" count="0" type="cond" truecount="0" falsecount="3"/>
      <line num="455" count="0" type="stmt"/>
      <line num="456" count="0" type="stmt"/>
      <line num="459" count="0" type="cond" truecount="0" falsecount="3"/>
      <line num="460" count="0" type="stmt"/>
      <line num="461" count="0" type="stmt"/>
      <line num="465" count="0" type="stmt"/>
      <line num="466" count="0" type="stmt"/>
      <line num="467" count="0" type="stmt"/>
      <line num="468" count="0" type="stmt"/>
      <line num="470" count="0" type="cond" truecount="0" falsecount="2"/>
      <line num="471" count="0" type="cond" truecount="0" falsecount="4"/>
      <line num="472" count="0" type="stmt"/>
      <line num="473" count="0" type="stmt"/>
      <line num="474" count="0" type="stmt"/>
      <line num="476" count="0" type="stmt"/>
      <line num="480" count="0" type="stmt"/>
      <line num="483" count="0" type="stmt"/>
      <line num="484" count="0" type="stmt"/>
      <line num="485" count="0" type="cond" truecount="0" falsecount="1"/>
      <line num="486" count="0" type="stmt"/>
      <line num="487" count="0" type="cond" truecount="0" falsecount="2"/>
      <line num="488" count="0" type="stmt"/>
      <line num="490" count="0" type="stmt"/>
      <line num="491" count="0" type="stmt"/>
      <line num="492" count="0" type="stmt"/>
      <line num="493" count="0" type="cond" truecount="0" falsecount="1"/>
      <line num="495" count="0" type="stmt"/>
      <line num="496" count="0" type="stmt"/>
      <line num="497" count="0" type="stmt"/>
      <line num="498" count="0" type="stmt"/>
      <line num="499" count="0" type="stmt"/>
      <line num="500" count="0" type="stmt"/>
      <line num="501" count="0" type="cond" truecount="0" falsecount="1"/>
      <line num="502" count="0" type="stmt"/>
      <line num="506" count="0" type="cond" truecount="0" falsecount="4"/>
      <line num="508" count="0" type="stmt"/>
      <line num="509" count="0" type="stmt"/>
      <line num="510" count="0" type="stmt"/>
      <line num="511" count="0" type="cond" truecount="0" falsecount="1"/>
      <line num="513" count="0" type="stmt"/>
      <line num="514" count="0" type="stmt"/>
      <line num="515" count="0" type="stmt"/>
      <line num="518" count="0" type="cond" truecount="0" falsecount="2"/>
      <line num="520" count="0" type="stmt"/>
      <line num="521" count="0" type="stmt"/>
      <line num="522" count="0" type="stmt"/>
      <line num="523" count="0" type="cond" truecount="0" falsecount="1"/>
      <line num="525" count="0" type="stmt"/>
      <line num="526" count="0" type="stmt"/>
      <line num="527" count="0" type="stmt"/>
      <line num="530" count="0" type="cond" truecount="0" falsecount="2"/>
      <line num="532" count="0" type="stmt"/>
      <line num="533" count="0" type="stmt"/>
      <line num="534" count="0" type="stmt"/>
      <line num="535" count="0" type="cond" truecount="0" falsecount="1"/>
      <line num="537" count="0" type="stmt"/>
      <line num="538" count="0" type="stmt"/>
      <line num="539" count="0" type="stmt"/>
      <line num="542" count="0" type="cond" truecount="0" falsecount="2"/>
      <line num="544" count="0" type="stmt"/>
      <line num="545" count="0" type="stmt"/>
      <line num="546" count="0" type="stmt"/>
      <line num="547" count="0" type="cond" truecount="0" falsecount="1"/>
      <line num="549" count="0" type="stmt"/>
      <line num="550" count="0" type="stmt"/>
      <line num="551" count="0" type="stmt"/>
      <line num="554" count="0" type="cond" truecount="0" falsecount="2"/>
      <line num="556" count="0" type="stmt"/>
      <line num="557" count="0" type="stmt"/>
      <line num="558" count="0" type="stmt"/>
      <line num="559" count="0" type="cond" truecount="0" falsecount="1"/>
      <line num="561" count="0" type="stmt"/>
      <line num="562" count="0" type="stmt"/>
      <line num="563" count="0" type="stmt"/>
      <line num="566" count="0" type="cond" truecount="0" falsecount="1"/>
      <line num="567" count="0" type="stmt"/>
      <line num="568" count="0" type="stmt"/>
      <line num="569" count="0" type="stmt"/>
      <line num="572" count="0" type="stmt"/>
      <line num="576" count="0" type="cond" truecount="0" falsecount="5"/>
      <line num="577" count="0" type="stmt"/>
      <line num="578" count="0" type="stmt"/>
      <line num="579" count="0" type="stmt"/>
      <line num="582" count="0" type="stmt"/>
      <line num="583" count="0" type="stmt"/>
      <line num="584" count="0" type="stmt"/>
      <line num="586" count="0" type="stmt"/>
      <line num="588" count="0" type="cond" truecount="0" falsecount="1"/>
      <line num="589" count="0" type="stmt"/>
      <line num="590" count="0" type="stmt"/>
      <line num="596" count="0" type="stmt"/>
      <line num="597" count="0" type="cond" truecount="0" falsecount="1"/>
      <line num="598" count="0" type="stmt"/>
      <line num="599" count="0" type="stmt"/>
      <line num="600" count="0" type="stmt"/>
      <line num="601" count="0" type="stmt"/>
      <line num="602" count="0" type="stmt"/>
      <line num="604" count="0" type="cond" truecount="0" falsecount="3"/>
      <line num="605" count="0" type="stmt"/>
      <line num="606" count="0" type="stmt"/>
      <line num="607" count="0" type="stmt"/>
      <line num="608" count="0" type="stmt"/>
      <line num="609" count="0" type="stmt"/>
      <line num="610" count="0" type="stmt"/>
      <line num="611" count="0" type="stmt"/>
      <line num="612" count="0" type="stmt"/>
      <line num="613" count="0" type="stmt"/>
      <line num="615" count="0" type="cond" truecount="0" falsecount="3"/>
      <line num="616" count="0" type="stmt"/>
      <line num="617" count="0" type="stmt"/>
      <line num="618" count="0" type="stmt"/>
      <line num="619" count="0" type="stmt"/>
      <line num="621" count="0" type="cond" truecount="0" falsecount="1"/>
      <line num="622" count="0" type="stmt"/>
      <line num="626" count="0" type="cond" truecount="0" falsecount="3"/>
      <line num="627" count="0" type="stmt"/>
      <line num="628" count="0" type="stmt"/>
      <line num="630" count="0" type="cond" truecount="0" falsecount="3"/>
      <line num="631" count="0" type="stmt"/>
      <line num="632" count="0" type="stmt"/>
      <line num="634" count="0" type="cond" truecount="0" falsecount="3"/>
      <line num="635" count="0" type="stmt"/>
      <line num="636" count="0" type="stmt"/>
      <line num="638" count="0" type="cond" truecount="0" falsecount="3"/>
      <line num="639" count="0" type="stmt"/>
      <line num="640" count="0" type="stmt"/>
      <line num="642" count="0" type="cond" truecount="0" falsecount="3"/>
      <line num="643" count="0" type="stmt"/>
      <line num="644" count="0" type="stmt"/>
      <line num="646" count="0" type="cond" truecount="0" falsecount="3"/>
      <line num="647" count="0" type="stmt"/>
      <line num="648" count="0" type="stmt"/>
      <line num="650" count="0" type="cond" truecount="0" falsecount="3"/>
      <line num="651" count="0" type="stmt"/>
      <line num="652" count="0" type="stmt"/>
      <line num="654" count="0" type="cond" truecount="0" falsecount="3"/>
      <line num="655" count="0" type="stmt"/>
      <line num="656" count="0" type="stmt"/>
      <line num="658" count="0" type="cond" truecount="0" falsecount="3"/>
      <line num="659" count="0" type="stmt"/>
      <line num="660" count="0" type="stmt"/>
      <line num="667" count="0" type="stmt"/>
      <line num="668" count="0" type="cond" truecount="0" falsecount="1"/>
      <line num="669" count="0" type="stmt"/>
      <line num="670" count="0" type="stmt"/>
      <line num="671" count="0" type="stmt"/>
      <line num="673" count="0" type="cond" truecount="0" falsecount="2"/>
      <line num="675" count="0" type="stmt"/>
      <line num="676" count="0" type="stmt"/>
      <line num="677" count="0" type="cond" truecount="0" falsecount="2"/>
      <line num="678" count="0" type="stmt"/>
      <line num="679" count="0" type="stmt"/>
      <line num="680" count="0" type="stmt"/>
      <line num="681" count="0" type="stmt"/>
      <line num="682" count="0" type="stmt"/>
      <line num="683" count="0" type="stmt"/>
      <line num="684" count="0" type="stmt"/>
      <line num="685" count="0" type="stmt"/>
      <line num="688" count="0" type="stmt"/>
      <line num="695" count="0" type="cond" truecount="0" falsecount="2"/>
      <line num="696" count="0" type="stmt"/>
      <line num="697" count="0" type="cond" truecount="0" falsecount="2"/>
      <line num="699" count="0" type="stmt"/>
      <line num="701" count="0" type="stmt"/>
      <line num="702" count="0" type="stmt"/>
      <line num="703" count="0" type="stmt"/>
      <line num="709" count="0" type="stmt"/>
      <line num="710" count="0" type="cond" truecount="0" falsecount="1"/>
      <line num="711" count="0" type="stmt"/>
      <line num="712" count="0" type="stmt"/>
      <line num="713" count="0" type="stmt"/>
      <line num="714" count="0" type="stmt"/>
      <line num="716" count="0" type="stmt"/>
      <line num="722" count="0" type="cond" truecount="0" falsecount="2"/>
      <line num="724" count="0" type="stmt"/>
      <line num="725" count="0" type="stmt"/>
      <line num="726" count="0" type="cond" truecount="0" falsecount="2"/>
      <line num="727" count="0" type="stmt"/>
      <line num="728" count="0" type="stmt"/>
      <line num="729" count="0" type="stmt"/>
      <line num="730" count="0" type="stmt"/>
      <line num="731" count="0" type="stmt"/>
      <line num="732" count="0" type="stmt"/>
      <line num="733" count="0" type="stmt"/>
      <line num="736" count="0" type="stmt"/>
      <line num="742" count="0" type="stmt"/>
      <line num="743" count="0" type="stmt"/>
      <line num="744" count="0" type="stmt"/>
      <line num="745" count="0" type="stmt"/>
      <line num="746" count="0" type="stmt"/>
      <line num="747" count="0" type="stmt"/>
      <line num="752" count="0" type="stmt"/>
      <line num="753" count="0" type="cond" truecount="0" falsecount="2"/>
      <line num="754" count="0" type="stmt"/>
      <line num="756" count="0" type="stmt"/>
      <line num="758" count="0" type="stmt"/>
      <line num="763" count="0" type="stmt"/>
      <line num="764" count="0" type="stmt"/>
      <line num="765" count="0" type="cond" truecount="0" falsecount="2"/>
      <line num="766" count="0" type="stmt"/>
      <line num="768" count="0" type="stmt"/>
      <line num="771" count="0" type="stmt"/>
      <line num="775" count="0" type="stmt"/>
      <line num="776" count="0" type="stmt"/>
      <line num="781" count="0" type="stmt"/>
      <line num="786" count="0" type="stmt"/>
      <line num="787" count="0" type="stmt"/>
      <line num="788" count="0" type="stmt"/>
      <line num="789" count="0" type="stmt"/>
      <line num="790" count="0" type="stmt"/>
      <line num="791" count="0" type="stmt"/>
      <line num="792" count="0" type="stmt"/>
      <line num="793" count="0" type="stmt"/>
      <line num="794" count="0" type="stmt"/>
      <line num="795" count="0" type="stmt"/>
      <line num="796" count="0" type="stmt"/>
      <line num="798" count="0" type="cond" truecount="0" falsecount="1"/>
      <line num="799" count="0" type="stmt"/>
      <line num="801" count="0" type="cond" truecount="0" falsecount="1"/>
      <line num="802" count="0" type="stmt"/>
      <line num="804" count="0" type="cond" truecount="0" falsecount="1"/>
      <line num="805" count="0" type="stmt"/>
      <line num="807" count="0" type="cond" truecount="0" falsecount="1"/>
      <line num="808" count="0" type="stmt"/>
      <line num="810" count="0" type="cond" truecount="0" falsecount="8"/>
      <line num="811" count="0" type="stmt"/>
      <line num="813" count="0" type="cond" truecount="0" falsecount="4"/>
      <line num="814" count="0" type="stmt"/>
      <line num="816" count="0" type="cond" truecount="0" falsecount="3"/>
      <line num="817" count="0" type="stmt"/>
      <line num="819" count="0" type="cond" truecount="0" falsecount="3"/>
      <line num="820" count="0" type="stmt"/>
      <line num="822" count="0" type="cond" truecount="0" falsecount="4"/>
      <line num="823" count="0" type="stmt"/>
      <line num="825" count="0" type="cond" truecount="0" falsecount="1"/>
      <line num="826" count="0" type="stmt"/>
      <line num="829" count="0" type="stmt"/>
      <line num="830" count="0" type="stmt"/>
      <line num="833" count="0" type="stmt"/>
      <line num="837" count="0" type="stmt"/>
      <line num="838" count="0" type="cond" truecount="0" falsecount="1"/>
      <line num="839" count="0" type="stmt"/>
      <line num="841" count="0" type="stmt"/>
      <line num="842" count="0" type="stmt"/>
      <line num="843" count="0" type="stmt"/>
      <line num="844" count="0" type="stmt"/>
      <line num="845" count="0" type="stmt"/>
      <line num="847" count="0" type="stmt"/>
      <line num="852" count="0" type="stmt"/>
      <line num="853" count="0" type="stmt"/>
      <line num="854" count="0" type="cond" truecount="0" falsecount="1"/>
      <line num="855" count="0" type="stmt"/>
      <line num="857" count="0" type="stmt"/>
      <line num="858" count="0" type="stmt"/>
      <line num="864" count="0" type="stmt"/>
      <line num="865" count="0" type="cond" truecount="0" falsecount="1"/>
      <line num="866" count="0" type="stmt"/>
      <line num="867" count="0" type="stmt"/>
      <line num="869" count="0" type="stmt"/>
      <line num="871" count="0" type="stmt"/>
      <line num="872" count="0" type="stmt"/>
      <line num="873" count="0" type="stmt"/>
      <line num="874" count="0" type="stmt"/>
      <line num="875" count="0" type="stmt"/>
      <line num="876" count="0" type="stmt"/>
      <line num="877" count="0" type="stmt"/>
      <line num="878" count="0" type="stmt"/>
      <line num="879" count="0" type="stmt"/>
      <line num="880" count="0" type="stmt"/>
      <line num="881" count="0" type="stmt"/>
      <line num="882" count="0" type="stmt"/>
      <line num="883" count="0" type="stmt"/>
      <line num="885" count="0" type="stmt"/>
      <line num="886" count="0" type="stmt"/>
      <line num="887" count="0" type="stmt"/>
      <line num="888" count="0" type="cond" truecount="0" falsecount="1"/>
      <line num="889" count="0" type="cond" truecount="0" falsecount="1"/>
      <line num="890" count="0" type="stmt"/>
      <line num="893" count="0" type="cond" truecount="0" falsecount="1"/>
      <line num="894" count="0" type="cond" truecount="0" falsecount="1"/>
      <line num="895" count="0" type="stmt"/>
      <line num="898" count="0" type="cond" truecount="0" falsecount="1"/>
      <line num="899" count="0" type="cond" truecount="0" falsecount="1"/>
      <line num="900" count="0" type="stmt"/>
      <line num="903" count="0" type="cond" truecount="0" falsecount="1"/>
      <line num="904" count="0" type="cond" truecount="0" falsecount="1"/>
      <line num="905" count="0" type="stmt"/>
      <line num="910" count="0" type="stmt"/>
      <line num="912" count="0" type="stmt"/>
      <line num="913" count="0" type="stmt"/>
      <line num="914" count="0" type="stmt"/>
      <line num="915" count="0" type="cond" truecount="0" falsecount="1"/>
      <line num="917" count="0" type="stmt"/>
      <line num="919" count="0" type="stmt"/>
      <line num="920" count="0" type="stmt"/>
      <line num="921" count="0" type="stmt"/>
      <line num="922" count="0" type="stmt"/>
      <line num="926" count="0" type="stmt"/>
      <line num="927" count="0" type="stmt"/>
      <line num="928" count="0" type="stmt"/>
      <line num="929" count="0" type="stmt"/>
      <line num="930" count="0" type="stmt"/>
      <line num="931" count="0" type="stmt"/>
      <line num="933" count="0" type="cond" truecount="0" falsecount="5"/>
      <line num="934" count="0" type="stmt"/>
      <line num="935" count="0" type="stmt"/>
      <line num="936" count="0" type="stmt"/>
      <line num="937" count="0" type="stmt"/>
      <line num="938" count="0" type="stmt"/>
      <line num="939" count="0" type="stmt"/>
      <line num="940" count="0" type="stmt"/>
      <line num="941" count="0" type="stmt"/>
      <line num="943" count="0" type="stmt"/>
      <line num="944" count="0" type="stmt"/>
      <line num="945" count="0" type="stmt"/>
      <line num="946" count="0" type="stmt"/>
      <line num="947" count="0" type="stmt"/>
      <line num="949" count="0" type="stmt"/>
      <line num="954" count="0" type="stmt"/>
      <line num="955" count="0" type="cond" truecount="0" falsecount="1"/>
      <line num="956" count="0" type="stmt"/>
      <line num="957" count="0" type="stmt"/>
      <line num="959" count="0" type="stmt"/>
      <line num="961" count="0" type="stmt"/>
      <line num="962" count="0" type="stmt"/>
      <line num="963" count="0" type="stmt"/>
      <line num="964" count="0" type="stmt"/>
      <line num="965" count="0" type="stmt"/>
      <line num="966" count="0" type="stmt"/>
      <line num="967" count="0" type="stmt"/>
      <line num="969" count="0" type="stmt"/>
      <line num="970" count="0" type="stmt"/>
      <line num="971" count="0" type="stmt"/>
      <line num="972" count="0" type="cond" truecount="0" falsecount="1"/>
      <line num="973" count="0" type="cond" truecount="0" falsecount="1"/>
      <line num="974" count="0" type="stmt"/>
      <line num="977" count="0" type="cond" truecount="0" falsecount="1"/>
      <line num="978" count="0" type="cond" truecount="0" falsecount="1"/>
      <line num="979" count="0" type="stmt"/>
      <line num="983" count="0" type="cond" truecount="0" falsecount="3"/>
      <line num="984" count="0" type="stmt"/>
      <line num="985" count="0" type="stmt"/>
      <line num="987" count="0" type="stmt"/>
      <line num="988" count="0" type="stmt"/>
      <line num="990" count="0" type="stmt"/>
      <line num="991" count="0" type="stmt"/>
      <line num="992" count="0" type="stmt"/>
      <line num="993" count="0" type="stmt"/>
      <line num="994" count="0" type="stmt"/>
      <line num="1000" count="0" type="stmt"/>
      <line num="1001" count="0" type="cond" truecount="0" falsecount="1"/>
      <line num="1002" count="0" type="stmt"/>
      <line num="1003" count="0" type="stmt"/>
      <line num="1005" count="0" type="stmt"/>
      <line num="1007" count="0" type="stmt"/>
      <line num="1008" count="0" type="stmt"/>
      <line num="1009" count="0" type="stmt"/>
      <line num="1010" count="0" type="stmt"/>
      <line num="1012" count="0" type="stmt"/>
      <line num="1013" count="0" type="stmt"/>
      <line num="1014" count="0" type="stmt"/>
      <line num="1015" count="0" type="cond" truecount="0" falsecount="1"/>
      <line num="1016" count="0" type="cond" truecount="0" falsecount="1"/>
      <line num="1017" count="0" type="stmt"/>
      <line num="1021" count="0" type="cond" truecount="0" falsecount="1"/>
      <line num="1022" count="0" type="stmt"/>
      <line num="1023" count="0" type="stmt"/>
      <line num="1025" count="0" type="stmt"/>
      <line num="1026" count="0" type="stmt"/>
      <line num="1027" count="0" type="stmt"/>
      <line num="1028" count="0" type="stmt"/>
      <line num="1034" count="0" type="stmt"/>
      <line num="1035" count="0" type="cond" truecount="0" falsecount="1"/>
      <line num="1036" count="0" type="stmt"/>
      <line num="1037" count="0" type="stmt"/>
      <line num="1039" count="0" type="stmt"/>
      <line num="1041" count="0" type="stmt"/>
      <line num="1042" count="0" type="stmt"/>
      <line num="1043" count="0" type="stmt"/>
      <line num="1045" count="0" type="stmt"/>
      <line num="1046" count="0" type="stmt"/>
      <line num="1047" count="0" type="stmt"/>
      <line num="1048" count="0" type="cond" truecount="0" falsecount="1"/>
      <line num="1049" count="0" type="cond" truecount="0" falsecount="1"/>
      <line num="1050" count="0" type="stmt"/>
      <line num="1053" count="0" type="cond" truecount="0" falsecount="3"/>
      <line num="1055" count="0" type="stmt"/>
      <line num="1057" count="0" type="stmt"/>
      <line num="1059" count="0" type="cond" truecount="0" falsecount="1"/>
      <line num="1060" count="0" type="stmt"/>
      <line num="1061" count="0" type="cond" truecount="0" falsecount="1"/>
      <line num="1062" count="0" type="stmt"/>
      <line num="1067" count="0" type="cond" truecount="0" falsecount="3"/>
      <line num="1068" count="0" type="stmt"/>
      <line num="1069" count="0" type="stmt"/>
      <line num="1075" count="0" type="stmt"/>
      <line num="1076" count="0" type="stmt"/>
      <line num="1077" count="0" type="stmt"/>
      <line num="1079" count="0" type="stmt"/>
      <line num="1080" count="0" type="stmt"/>
      <line num="1081" count="0" type="stmt"/>
      <line num="1082" count="0" type="stmt"/>
      <line num="1083" count="0" type="stmt"/>
      <line num="1084" count="0" type="stmt"/>
      <line num="1086" count="0" type="stmt"/>
      <line num="1087" count="0" type="stmt"/>
      <line num="1088" count="0" type="stmt"/>
      <line num="1090" count="0" type="stmt"/>
      <line num="1091" count="0" type="stmt"/>
      <line num="1092" count="0" type="stmt"/>
      <line num="1093" count="0" type="stmt"/>
      <line num="1094" count="0" type="stmt"/>
      <line num="1095" count="0" type="stmt"/>
      <line num="1097" count="0" type="stmt"/>
      <line num="1100" count="0" type="stmt"/>
      <line num="1101" count="0" type="stmt"/>
      <line num="1103" count="0" type="stmt"/>
      <line num="1104" count="0" type="stmt"/>
      <line num="1106" count="0" type="cond" truecount="0" falsecount="2"/>
      <line num="1107" count="0" type="stmt"/>
      <line num="1110" count="0" type="stmt"/>
      <line num="1114" count="0" type="stmt"/>
      <line num="1115" count="0" type="stmt"/>
      <line num="1117" count="0" type="stmt"/>
      <line num="1119" count="0" type="stmt"/>
      <line num="1121" count="0" type="stmt"/>
      <line num="1125" count="0" type="stmt"/>
      <line num="1126" count="0" type="cond" truecount="0" falsecount="1"/>
      <line num="1127" count="0" type="stmt"/>
      <line num="1128" count="0" type="stmt"/>
      <line num="1129" count="0" type="stmt"/>
      <line num="1130" count="0" type="stmt"/>
      <line num="1131" count="0" type="stmt"/>
      <line num="1132" count="0" type="stmt"/>
      <line num="1140" count="0" type="stmt"/>
      <line num="1141" count="0" type="stmt"/>
      <line num="1142" count="0" type="stmt"/>
      <line num="1143" count="0" type="stmt"/>
      <line num="1144" count="0" type="stmt"/>
      <line num="1145" count="0" type="cond" truecount="0" falsecount="1"/>
      <line num="1146" count="0" type="stmt"/>
      <line num="1147" count="0" type="stmt"/>
      <line num="1149" count="0" type="stmt"/>
      <line num="1150" count="0" type="stmt"/>
      <line num="1151" count="0" type="stmt"/>
      <line num="1152" count="0" type="stmt"/>
      <line num="1153" count="0" type="stmt"/>
      <line num="1154" count="0" type="stmt"/>
      <line num="1155" count="0" type="stmt"/>
      <line num="1156" count="0" type="stmt"/>
      <line num="1157" count="0" type="stmt"/>
      <line num="1160" count="0" type="cond" truecount="0" falsecount="5"/>
      <line num="1161" count="0" type="stmt"/>
      <line num="1162" count="0" type="stmt"/>
      <line num="1163" count="0" type="stmt"/>
      <line num="1171" count="0" type="stmt"/>
      <line num="1172" count="0" type="stmt"/>
      <line num="1173" count="0" type="stmt"/>
      <line num="1175" count="0" type="stmt"/>
      <line num="1177" count="0" type="stmt"/>
      <line num="1178" count="0" type="cond" truecount="0" falsecount="1"/>
      <line num="1179" count="0" type="stmt"/>
      <line num="1180" count="0" type="cond" truecount="0" falsecount="3"/>
      <line num="1181" count="0" type="stmt"/>
      <line num="1185" count="0" type="stmt"/>
      <line num="1190" count="0" type="stmt"/>
      <line num="1191" count="0" type="stmt"/>
      <line num="1195" count="0" type="stmt"/>
      <line num="1196" count="0" type="stmt"/>
      <line num="1197" count="0" type="stmt"/>
      <line num="1200" count="0" type="stmt"/>
      <line num="1205" count="0" type="stmt"/>
      <line num="1206" count="0" type="cond" truecount="0" falsecount="2"/>
      <line num="1207" count="0" type="cond" truecount="0" falsecount="6"/>
      <line num="1208" count="0" type="stmt"/>
      <line num="1210" count="0" type="stmt"/>
      <line num="1216" count="0" type="stmt"/>
      <line num="1220" count="0" type="stmt"/>
      <line num="1221" count="0" type="cond" truecount="0" falsecount="2"/>
      <line num="1222" count="0" type="stmt"/>
      <line num="1223" count="0" type="stmt"/>
      <line num="1224" count="0" type="stmt"/>
      <line num="1225" count="0" type="stmt"/>
      <line num="1226" count="0" type="stmt"/>
      <line num="1227" count="0" type="stmt"/>
      <line num="1230" count="0" type="cond" truecount="0" falsecount="4"/>
      <line num="1231" count="0" type="stmt"/>
      <line num="1232" count="0" type="stmt"/>
      <line num="1235" count="0" type="stmt"/>
      <line num="1238" count="0" type="stmt"/>
      <line num="1239" count="0" type="stmt"/>
      <line num="1241" count="0" type="stmt"/>
      <line num="1266" count="0" type="cond" truecount="0" falsecount="2"/>
      <line num="1267" count="0" type="stmt"/>
      <line num="1269" count="0" type="stmt"/>
      <line num="1271" count="0" type="stmt"/>
      <line num="1272" count="0" type="cond" truecount="0" falsecount="2"/>
      <line num="1273" count="0" type="stmt"/>
      <line num="1275" count="0" type="stmt"/>
      <line num="1279" count="0" type="stmt"/>
      <line num="1281" count="0" type="stmt"/>
      <line num="1282" count="0" type="cond" truecount="0" falsecount="2"/>
      <line num="1283" count="0" type="stmt"/>
      <line num="1285" count="0" type="stmt"/>
      <line num="1289" count="0" type="stmt"/>
      <line num="1295" count="0" type="stmt"/>
      <line num="1296" count="0" type="cond" truecount="0" falsecount="1"/>
      <line num="1297" count="0" type="stmt"/>
      <line num="1300" count="0" type="stmt"/>
      <line num="1305" count="0" type="stmt"/>
      <line num="1306" count="0" type="stmt"/>
      <line num="1311" count="0" type="stmt"/>
      <line num="1312" count="0" type="stmt"/>
      <line num="1316" count="0" type="stmt"/>
      <line num="1317" count="0" type="stmt"/>
      <line num="1318" count="0" type="stmt"/>
      <line num="1322" count="0" type="stmt"/>
      <line num="1323" count="0" type="stmt"/>
      <line num="1324" count="0" type="stmt"/>
      <line num="1326" count="0" type="cond" truecount="0" falsecount="2"/>
      <line num="1327" count="0" type="stmt"/>
      <line num="1328" count="0" type="stmt"/>
      <line num="1330" count="0" type="stmt"/>
      <line num="1337" count="0" type="stmt"/>
      <line num="1338" count="0" type="cond" truecount="0" falsecount="1"/>
      <line num="1339" count="0" type="stmt"/>
      <line num="1340" count="0" type="stmt"/>
      <line num="1343" count="0" type="stmt"/>
      <line num="1349" count="0" type="stmt"/>
      <line num="1351" count="0" type="cond" truecount="0" falsecount="1"/>
      <line num="1352" count="0" type="stmt"/>
      <line num="1353" count="0" type="stmt"/>
      <line num="1356" count="0" type="stmt"/>
      <line num="1357" count="0" type="stmt"/>
      <line num="1359" count="0" type="cond" truecount="0" falsecount="1"/>
      <line num="1360" count="0" type="stmt"/>
      <line num="1361" count="0" type="stmt"/>
      <line num="1364" count="0" type="stmt"/>
      <line num="1365" count="0" type="stmt"/>
      <line num="1366" count="0" type="stmt"/>
      <line num="1367" count="0" type="stmt"/>
      <line num="1369" count="0" type="stmt"/>
      <line num="1374" count="0" type="cond" truecount="0" falsecount="2"/>
      <line num="1375" count="0" type="stmt"/>
      <line num="1377" count="0" type="stmt"/>
      <line num="1380" count="0" type="stmt"/>
    </file>
    <file name="majuritycalculation.ts" path="C:\zk-gamification\.obsidian\plugins\obsidian-gamified-pkm\src\majuritycalculation.ts">
      <metrics statements="265" coveredstatements="0" conditionals="162" coveredconditionals="0" methods="31" coveredmethods="0"/>
      <line num="2" count="0" type="stmt"/>
      <line num="3" count="0" type="stmt"/>
      <line num="5" count="0" type="stmt"/>
      <line num="6" count="0" type="stmt"/>
      <line num="7" count="0" type="stmt"/>
      <line num="8" count="0" type="stmt"/>
      <line num="9" count="0" type="stmt"/>
      <line num="10" count="0" type="stmt"/>
      <line num="11" count="0" type="cond" truecount="0" falsecount="2"/>
      <line num="12" count="0" type="stmt"/>
      <line num="15" count="0" type="cond" truecount="0" falsecount="2"/>
      <line num="16" count="0" type="stmt"/>
      <line num="17" count="0" type="cond" truecount="0" falsecount="2"/>
      <line num="18" count="0" type="stmt"/>
      <line num="19" count="0" type="cond" truecount="0" falsecount="2"/>
      <line num="20" count="0" type="stmt"/>
      <line num="21" count="0" type="cond" truecount="0" falsecount="2"/>
      <line num="22" count="0" type="stmt"/>
      <line num="23" count="0" type="cond" truecount="0" falsecount="2"/>
      <line num="24" count="0" type="stmt"/>
      <line num="25" count="0" type="cond" truecount="0" falsecount="2"/>
      <line num="26" count="0" type="stmt"/>
      <line num="28" count="0" type="stmt"/>
      <line num="31" count="0" type="cond" truecount="0" falsecount="2"/>
      <line num="32" count="0" type="stmt"/>
      <line num="33" count="0" type="cond" truecount="0" falsecount="2"/>
      <line num="34" count="0" type="stmt"/>
      <line num="35" count="0" type="cond" truecount="0" falsecount="2"/>
      <line num="36" count="0" type="stmt"/>
      <line num="38" count="0" type="stmt"/>
      <line num="41" count="0" type="cond" truecount="0" falsecount="4"/>
      <line num="42" count="0" type="stmt"/>
      <line num="43" count="0" type="cond" truecount="0" falsecount="4"/>
      <line num="44" count="0" type="stmt"/>
      <line num="45" count="0" type="cond" truecount="0" falsecount="4"/>
      <line num="46" count="0" type="stmt"/>
      <line num="47" count="0" type="cond" truecount="0" falsecount="6"/>
      <line num="48" count="0" type="stmt"/>
      <line num="49" count="0" type="cond" truecount="0" falsecount="4"/>
      <line num="50" count="0" type="stmt"/>
      <line num="52" count="0" type="stmt"/>
      <line num="60" count="0" type="stmt"/>
      <line num="64" count="0" type="stmt"/>
      <line num="66" count="0" type="stmt"/>
      <line num="70" count="0" type="stmt"/>
      <line num="74" count="0" type="stmt"/>
      <line num="75" count="0" type="stmt"/>
      <line num="78" count="0" type="cond" truecount="0" falsecount="1"/>
      <line num="79" count="0" type="stmt"/>
      <line num="81" count="0" type="stmt"/>
      <line num="86" count="0" type="stmt"/>
      <line num="87" count="0" type="stmt"/>
      <line num="91" count="0" type="stmt"/>
      <line num="92" count="0" type="stmt"/>
      <line num="96" count="0" type="stmt"/>
      <line num="97" count="0" type="stmt"/>
      <line num="101" count="0" type="stmt"/>
      <line num="103" count="0" type="stmt"/>
      <line num="104" count="0" type="stmt"/>
      <line num="109" count="0" type="stmt"/>
      <line num="116" count="0" type="stmt"/>
      <line num="117" count="0" type="stmt"/>
      <line num="119" count="0" type="stmt"/>
      <line num="120" count="0" type="stmt"/>
      <line num="122" count="0" type="cond" truecount="0" falsecount="1"/>
      <line num="123" count="0" type="stmt"/>
      <line num="124" count="0" type="stmt"/>
      <line num="125" count="0" type="stmt"/>
      <line num="127" count="0" type="cond" truecount="0" falsecount="1"/>
      <line num="128" count="0" type="stmt"/>
      <line num="129" count="0" type="stmt"/>
      <line num="130" count="0" type="stmt"/>
      <line num="134" count="0" type="stmt"/>
      <line num="135" count="0" type="stmt"/>
      <line num="138" count="0" type="stmt"/>
      <line num="139" count="0" type="cond" truecount="0" falsecount="1"/>
      <line num="140" count="0" type="stmt"/>
      <line num="143" count="0" type="stmt"/>
      <line num="144" count="0" type="stmt"/>
      <line num="145" count="0" type="cond" truecount="0" falsecount="1"/>
      <line num="146" count="0" type="stmt"/>
      <line num="153" count="0" type="stmt"/>
      <line num="158" count="0" type="stmt"/>
      <line num="162" count="0" type="stmt"/>
      <line num="163" count="0" type="cond" truecount="0" falsecount="2"/>
      <line num="164" count="0" type="stmt"/>
      <line num="166" count="0" type="stmt"/>
      <line num="169" count="0" type="stmt"/>
      <line num="170" count="0" type="stmt"/>
      <line num="172" count="0" type="cond" truecount="0" falsecount="2"/>
      <line num="173" count="0" type="stmt"/>
      <line num="174" count="0" type="cond" truecount="0" falsecount="2"/>
      <line num="175" count="0" type="stmt"/>
      <line num="176" count="0" type="cond" truecount="0" falsecount="2"/>
      <line num="177" count="0" type="stmt"/>
      <line num="178" count="0" type="cond" truecount="0" falsecount="2"/>
      <line num="179" count="0" type="stmt"/>
      <line num="180" count="0" type="cond" truecount="0" falsecount="2"/>
      <line num="181" count="0" type="stmt"/>
      <line num="182" count="0" type="cond" truecount="0" falsecount="2"/>
      <line num="183" count="0" type="stmt"/>
      <line num="185" count="0" type="stmt"/>
      <line num="190" count="0" type="stmt"/>
      <line num="192" count="0" type="cond" truecount="0" falsecount="2"/>
      <line num="193" count="0" type="stmt"/>
      <line num="194" count="0" type="cond" truecount="0" falsecount="2"/>
      <line num="195" count="0" type="stmt"/>
      <line num="196" count="0" type="cond" truecount="0" falsecount="2"/>
      <line num="197" count="0" type="stmt"/>
      <line num="198" count="0" type="cond" truecount="0" falsecount="2"/>
      <line num="199" count="0" type="stmt"/>
      <line num="200" count="0" type="cond" truecount="0" falsecount="2"/>
      <line num="201" count="0" type="stmt"/>
      <line num="202" count="0" type="cond" truecount="0" falsecount="2"/>
      <line num="203" count="0" type="stmt"/>
      <line num="205" count="0" type="stmt"/>
      <line num="210" count="0" type="stmt"/>
      <line num="215" count="0" type="cond" truecount="0" falsecount="2"/>
      <line num="216" count="0" type="stmt"/>
      <line num="217" count="0" type="cond" truecount="0" falsecount="2"/>
      <line num="218" count="0" type="stmt"/>
      <line num="219" count="0" type="cond" truecount="0" falsecount="2"/>
      <line num="220" count="0" type="stmt"/>
      <line num="221" count="0" type="cond" truecount="0" falsecount="2"/>
      <line num="222" count="0" type="stmt"/>
      <line num="223" count="0" type="cond" truecount="0" falsecount="2"/>
      <line num="224" count="0" type="stmt"/>
      <line num="225" count="0" type="cond" truecount="0" falsecount="4"/>
      <line num="226" count="0" type="stmt"/>
      <line num="228" count="0" type="stmt"/>
      <line num="233" count="0" type="stmt"/>
      <line num="234" count="0" type="stmt"/>
      <line num="235" count="0" type="cond" truecount="0" falsecount="2"/>
      <line num="236" count="0" type="stmt"/>
      <line num="237" count="0" type="cond" truecount="0" falsecount="2"/>
      <line num="238" count="0" type="stmt"/>
      <line num="239" count="0" type="cond" truecount="0" falsecount="2"/>
      <line num="240" count="0" type="stmt"/>
      <line num="242" count="0" type="stmt"/>
      <line num="245" count="0" type="stmt"/>
      <line num="249" count="0" type="stmt"/>
      <line num="250" count="0" type="cond" truecount="0" falsecount="2"/>
      <line num="251" count="0" type="stmt"/>
      <line num="252" count="0" type="cond" truecount="0" falsecount="2"/>
      <line num="253" count="0" type="stmt"/>
      <line num="254" count="0" type="cond" truecount="0" falsecount="2"/>
      <line num="255" count="0" type="stmt"/>
      <line num="256" count="0" type="cond" truecount="0" falsecount="2"/>
      <line num="257" count="0" type="stmt"/>
      <line num="258" count="0" type="cond" truecount="0" falsecount="2"/>
      <line num="259" count="0" type="stmt"/>
      <line num="260" count="0" type="cond" truecount="0" falsecount="2"/>
      <line num="261" count="0" type="stmt"/>
      <line num="262" count="0" type="cond" truecount="0" falsecount="2"/>
      <line num="263" count="0" type="stmt"/>
      <line num="265" count="0" type="stmt"/>
      <line num="270" count="0" type="stmt"/>
      <line num="271" count="0" type="cond" truecount="0" falsecount="2"/>
      <line num="272" count="0" type="stmt"/>
      <line num="273" count="0" type="cond" truecount="0" falsecount="2"/>
      <line num="274" count="0" type="stmt"/>
      <line num="275" count="0" type="cond" truecount="0" falsecount="2"/>
      <line num="276" count="0" type="stmt"/>
      <line num="277" count="0" type="cond" truecount="0" falsecount="2"/>
      <line num="278" count="0" type="stmt"/>
      <line num="279" count="0" type="cond" truecount="0" falsecount="2"/>
      <line num="280" count="0" type="stmt"/>
      <line num="281" count="0" type="cond" truecount="0" falsecount="2"/>
      <line num="282" count="0" type="stmt"/>
      <line num="283" count="0" type="cond" truecount="0" falsecount="2"/>
      <line num="284" count="0" type="stmt"/>
      <line num="286" count="0" type="stmt"/>
      <line num="291" count="0" type="stmt"/>
      <line num="293" count="0" type="cond" truecount="0" falsecount="1"/>
      <line num="294" count="0" type="stmt"/>
      <line num="296" count="0" type="cond" truecount="0" falsecount="4"/>
      <line num="297" count="0" type="cond" truecount="0" falsecount="2"/>
      <line num="301" count="0" type="stmt"/>
      <line num="303" count="0" type="stmt"/>
      <line num="307" count="0" type="stmt"/>
      <line num="311" count="0" type="stmt"/>
      <line num="312" count="0" type="stmt"/>
      <line num="315" count="0" type="cond" truecount="0" falsecount="1"/>
      <line num="316" count="0" type="stmt"/>
      <line num="318" count="0" type="stmt"/>
      <line num="323" count="0" type="stmt"/>
      <line num="324" count="0" type="stmt"/>
      <line num="328" count="0" type="stmt"/>
      <line num="329" count="0" type="stmt"/>
      <line num="333" count="0" type="stmt"/>
      <line num="334" count="0" type="stmt"/>
      <line num="338" count="0" type="stmt"/>
      <line num="340" count="0" type="stmt"/>
      <line num="341" count="0" type="stmt"/>
      <line num="346" count="0" type="stmt"/>
      <line num="349" count="0" type="stmt"/>
      <line num="353" count="0" type="stmt"/>
      <line num="355" count="0" type="stmt"/>
      <line num="356" count="0" type="stmt"/>
      <line num="359" count="0" type="stmt"/>
      <line num="362" count="0" type="stmt"/>
      <line num="363" count="0" type="stmt"/>
      <line num="364" count="0" type="cond" truecount="0" falsecount="2"/>
      <line num="365" count="0" type="stmt"/>
      <line num="366" count="0" type="cond" truecount="0" falsecount="2"/>
      <line num="367" count="0" type="stmt"/>
      <line num="371" count="0" type="cond" truecount="0" falsecount="3"/>
      <line num="372" count="0" type="stmt"/>
      <line num="376" count="0" type="stmt"/>
      <line num="377" count="0" type="stmt"/>
      <line num="378" count="0" type="cond" truecount="0" falsecount="3"/>
      <line num="380" count="0" type="stmt"/>
      <line num="385" count="0" type="stmt"/>
      <line num="388" count="0" type="stmt"/>
      <line num="391" count="0" type="stmt"/>
      <line num="395" count="0" type="stmt"/>
      <line num="396" count="0" type="stmt"/>
      <line num="397" count="0" type="stmt"/>
      <line num="399" count="0" type="stmt"/>
      <line num="400" count="0" type="cond" truecount="0" falsecount="4"/>
      <line num="401" count="0" type="stmt"/>
      <line num="403" count="0" type="stmt"/>
      <line num="407" count="0" type="stmt"/>
      <line num="409" count="0" type="stmt"/>
      <line num="413" count="0" type="stmt"/>
      <line num="414" count="0" type="cond" truecount="0" falsecount="2"/>
      <line num="415" count="0" type="stmt"/>
      <line num="417" count="0" type="stmt"/>
      <line num="422" count="0" type="stmt"/>
      <line num="423" count="0" type="cond" truecount="0" falsecount="2"/>
      <line num="424" count="0" type="stmt"/>
      <line num="426" count="0" type="stmt"/>
      <line num="428" count="0" type="stmt"/>
      <line num="430" count="0" type="stmt"/>
      <line num="432" count="0" type="stmt"/>
      <line num="434" count="0" type="stmt"/>
      <line num="436" count="0" type="stmt"/>
      <line num="438" count="0" type="cond" truecount="0" falsecount="2"/>
      <line num="440" count="0" type="stmt"/>
      <line num="442" count="0" type="stmt"/>
      <line num="444" count="0" type="cond" truecount="0" falsecount="3"/>
      <line num="445" count="0" type="stmt"/>
      <line num="447" count="0" type="stmt"/>
      <line num="449" count="0" type="cond" truecount="0" falsecount="2"/>
      <line num="451" count="0" type="stmt"/>
      <line num="456" count="0" type="stmt"/>
      <line num="460" count="0" type="stmt"/>
      <line num="462" count="0" type="stmt"/>
      <line num="465" count="0" type="stmt"/>
      <line num="466" count="0" type="cond" truecount="0" falsecount="2"/>
      <line num="467" count="0" type="stmt"/>
      <line num="469" count="0" type="stmt"/>
      <line num="473" count="0" type="stmt"/>
      <line num="474" count="0" type="cond" truecount="0" falsecount="2"/>
      <line num="475" count="0" type="stmt"/>
      <line num="477" count="0" type="stmt"/>
      <line num="479" count="0" type="stmt"/>
      <line num="481" count="0" type="stmt"/>
      <line num="482" count="0" type="stmt"/>
      <line num="483" count="0" type="stmt"/>
      <line num="485" count="0" type="stmt"/>
      <line num="487" count="0" type="cond" truecount="0" falsecount="4"/>
      <line num="488" count="0" type="stmt"/>
      <line num="490" count="0" type="stmt"/>
      <line num="493" count="0" type="stmt"/>
    </file>
    <file name="randomNotificationText.ts" path="C:\zk-gamification\.obsidian\plugins\obsidian-gamified-pkm\src\randomNotificationText.ts">
      <metrics statements="15" coveredstatements="15" conditionals="0" coveredconditionals="0" methods="3" coveredmethods="3"/>
      <line num="1" count="1" type="stmt"/>
      <line num="54" count="1" type="stmt"/>
      <line num="109" count="1" type="stmt"/>
      <line num="166" count="1" type="stmt"/>
      <line num="167" count="2" type="stmt"/>
      <line num="168" count="2" type="stmt"/>
      <line num="169" count="2" type="stmt"/>
      <line num="173" count="1" type="stmt"/>
      <line num="174" count="1" type="stmt"/>
      <line num="175" count="1" type="stmt"/>
      <line num="176" count="1" type="stmt"/>
      <line num="180" count="1" type="stmt"/>
      <line num="181" count="1" type="stmt"/>
      <line num="182" count="1" type="stmt"/>
      <line num="183" count="1" type="stmt"/>
    </file>
    <file name="utils.ts" path="C:\zk-gamification\.obsidian\plugins\obsidian-gamified-pkm\src\utils.ts">
      <metrics statements="4" coveredstatements="0" conditionals="0" coveredconditionals="0" methods="2" coveredmethods="0"/>
      <line num="6" count="0" type="stmt"/>
      <line num="7" count="0" type="stmt"/>
      <line num="10" count="0" type="stmt"/>
      <line num="11" count="0" type="stmt"/>
    </file>
  </project>
</coverage>
