{"C:\\zk-gamification\\.obsidian\\plugins\\obsidian-gamified-pkm\\src\\badges.ts": {"path":"C:\\zk-gamification\\.obsidian\\plugins\\obsidian-gamified-pkm\\src\\badges.ts","statementMap":{"0":{"start":{"line":9,"column":32},"end":{"line":9,"column":80}},"1":{"start":{"line":10,"column":30},"end":{"line":10,"column":35}},"2":{"start":{"line":11,"column":2},"end":{"line":15,"column":null}},"3":{"start":{"line":11,"column":13},"end":{"line":11,"column":14}},"4":{"start":{"line":12,"column":4},"end":{"line":14,"column":null}},"5":{"start":{"line":13,"column":6},"end":{"line":13,"column":null}},"6":{"start":{"line":16,"column":2},"end":{"line":16,"column":null}},"7":{"start":{"line":8,"column":0},"end":{"line":8,"column":16}},"8":{"start":{"line":20,"column":34},"end":{"line":20,"column":82}},"9":{"start":{"line":21,"column":32},"end":{"line":34,"column":6}},"10":{"start":{"line":36,"column":16},"end":{"line":36,"column":17}},"11":{"start":{"line":37,"column":4},"end":{"line":43,"column":null}},"12":{"start":{"line":37,"column":17},"end":{"line":37,"column":18}},"13":{"start":{"line":38,"column":6},"end":{"line":42,"column":null}},"14":{"start":{"line":39,"column":8},"end":{"line":39,"column":18}},"15":{"start":{"line":41,"column":8},"end":{"line":41,"column":14}},"16":{"start":{"line":53,"column":4},"end":{"line":53,"column":null}},"17":{"start":{"line":19,"column":0},"end":{"line":19,"column":16}},"18":{"start":{"line":59,"column":34},"end":{"line":59,"column":88}},"19":{"start":{"line":60,"column":36},"end":{"line":75,"column":6}},"20":{"start":{"line":77,"column":16},"end":{"line":77,"column":17}},"21":{"start":{"line":78,"column":4},"end":{"line":84,"column":null}},"22":{"start":{"line":78,"column":17},"end":{"line":78,"column":18}},"23":{"start":{"line":79,"column":6},"end":{"line":83,"column":null}},"24":{"start":{"line":80,"column":8},"end":{"line":80,"column":18}},"25":{"start":{"line":82,"column":8},"end":{"line":82,"column":14}},"26":{"start":{"line":93,"column":4},"end":{"line":93,"column":null}},"27":{"start":{"line":58,"column":2},"end":{"line":58,"column":19}}},"fnMap":{"0":{"name":"checkIfReceiveABadge","decl":{"start":{"line":8,"column":16},"end":{"line":8,"column":36}},"loc":{"start":{"line":8,"column":71},"end":{"line":17,"column":1}}},"1":{"name":"getBadgeForLevel","decl":{"start":{"line":19,"column":16},"end":{"line":19,"column":32}},"loc":{"start":{"line":19,"column":63},"end":{"line":54,"column":3}}},"2":{"name":"getBadgeForInitLevel","decl":{"start":{"line":58,"column":19},"end":{"line":58,"column":39}},"loc":{"start":{"line":58,"column":53},"end":{"line":94,"column":3}}}},"branchMap":{"0":{"loc":{"start":{"line":12,"column":4},"end":{"line":14,"column":null}},"type":"if","locations":[{"start":{"line":12,"column":4},"end":{"line":14,"column":null}}]},"1":{"loc":{"start":{"line":12,"column":8},"end":{"line":12,"column":63}},"type":"binary-expr","locations":[{"start":{"line":12,"column":8},"end":{"line":12,"column":33}},{"start":{"line":12,"column":37},"end":{"line":12,"column":63}}]},"2":{"loc":{"start":{"line":38,"column":6},"end":{"line":42,"column":null}},"type":"if","locations":[{"start":{"line":38,"column":6},"end":{"line":42,"column":null}},{"start":{"line":40,"column":13},"end":{"line":42,"column":null}}]},"3":{"loc":{"start":{"line":79,"column":6},"end":{"line":83,"column":null}},"type":"if","locations":[{"start":{"line":79,"column":6},"end":{"line":83,"column":null}},{"start":{"line":81,"column":13},"end":{"line":83,"column":null}}]}},"s":{"0":9,"1":9,"2":9,"3":9,"4":108,"5":4,"6":9,"7":1,"8":3,"9":3,"10":3,"11":3,"12":3,"13":14,"14":11,"15":3,"16":3,"17":1,"18":5,"19":5,"20":5,"21":5,"22":5,"23":35,"24":30,"25":5,"26":5,"27":1},"f":{"0":9,"1":3,"2":5},"b":{"0":[4],"1":[108,89],"2":[11,3],"3":[30,5]}}
,"C:\\zk-gamification\\.obsidian\\plugins\\obsidian-gamified-pkm\\src\\creatmodchartcalculation.ts": {"path":"C:\\zk-gamification\\.obsidian\\plugins\\obsidian-gamified-pkm\\src\\creatmodchartcalculation.ts","statementMap":{"0":{"start":{"line":4,"column":34},"end":{"line":4,"column":42}},"1":{"start":{"line":5,"column":1},"end":{"line":9,"column":null}},"2":{"start":{"line":6,"column":3},"end":{"line":8,"column":null}},"3":{"start":{"line":7,"column":2},"end":{"line":7,"column":29}},"4":{"start":{"line":10,"column":1},"end":{"line":10,"column":28}},"5":{"start":{"line":3,"column":0},"end":{"line":3,"column":16}},"6":{"start":{"line":15,"column":35},"end":{"line":15,"column":43}},"7":{"start":{"line":16,"column":1},"end":{"line":20,"column":null}},"8":{"start":{"line":17,"column":3},"end":{"line":19,"column":null}},"9":{"start":{"line":18,"column":2},"end":{"line":18,"column":30}},"10":{"start":{"line":21,"column":1},"end":{"line":21,"column":29}},"11":{"start":{"line":14,"column":0},"end":{"line":14,"column":16}},"12":{"start":{"line":26,"column":34},"end":{"line":26,"column":42}},"13":{"start":{"line":27,"column":1},"end":{"line":34,"column":null}},"14":{"start":{"line":28,"column":3},"end":{"line":30,"column":null}},"15":{"start":{"line":29,"column":2},"end":{"line":29,"column":29}},"16":{"start":{"line":31,"column":3},"end":{"line":33,"column":null}},"17":{"start":{"line":32,"column":2},"end":{"line":32,"column":29}},"18":{"start":{"line":35,"column":1},"end":{"line":35,"column":28}},"19":{"start":{"line":25,"column":0},"end":{"line":25,"column":16}},"20":{"start":{"line":40,"column":14},"end":{"line":40,"column":63}},"21":{"start":{"line":41,"column":1},"end":{"line":43,"column":null}},"22":{"start":{"line":42,"column":3},"end":{"line":42,"column":68}},"23":{"start":{"line":44,"column":1},"end":{"line":44,"column":15}},"24":{"start":{"line":39,"column":0},"end":{"line":39,"column":16}},"25":{"start":{"line":49,"column":36},"end":{"line":49,"column":38}},"26":{"start":{"line":51,"column":1},"end":{"line":53,"column":null}},"27":{"start":{"line":52,"column":3},"end":{"line":52,"column":49}},"28":{"start":{"line":55,"column":1},"end":{"line":55,"column":22}},"29":{"start":{"line":48,"column":0},"end":{"line":48,"column":16}},"30":{"start":{"line":60,"column":36},"end":{"line":60,"column":38}},"31":{"start":{"line":62,"column":1},"end":{"line":64,"column":null}},"32":{"start":{"line":63,"column":3},"end":{"line":63,"column":49}},"33":{"start":{"line":66,"column":1},"end":{"line":66,"column":22}},"34":{"start":{"line":59,"column":0},"end":{"line":59,"column":16}},"35":{"start":{"line":71,"column":24},"end":{"line":71,"column":28}},"36":{"start":{"line":72,"column":1},"end":{"line":76,"column":null}},"37":{"start":{"line":73,"column":2},"end":{"line":73,"column":null}},"38":{"start":{"line":75,"column":2},"end":{"line":75,"column":null}},"39":{"start":{"line":79,"column":20},"end":{"line":79,"column":433}},"40":{"start":{"line":81,"column":1},"end":{"line":81,"column":21}},"41":{"start":{"line":70,"column":0},"end":{"line":70,"column":16}},"42":{"start":{"line":86,"column":22},"end":{"line":86,"column":77}},"43":{"start":{"line":87,"column":1},"end":{"line":90,"column":null}},"44":{"start":{"line":88,"column":2},"end":{"line":88,"column":58}},"45":{"start":{"line":89,"column":2},"end":{"line":89,"column":9}},"46":{"start":{"line":91,"column":14},"end":{"line":91,"column":35}},"47":{"start":{"line":93,"column":17},"end":{"line":93,"column":43}},"48":{"start":{"line":94,"column":32},"end":{"line":94,"column":36}},"49":{"start":{"line":95,"column":26},"end":{"line":95,"column":30}},"50":{"start":{"line":96,"column":28},"end":{"line":96,"column":32}},"51":{"start":{"line":98,"column":15},"end":{"line":98,"column":34}},"52":{"start":{"line":99,"column":1},"end":{"line":106,"column":null}},"53":{"start":{"line":99,"column":14},"end":{"line":99,"column":15}},"54":{"start":{"line":100,"column":15},"end":{"line":100,"column":30}},"55":{"start":{"line":101,"column":2},"end":{"line":105,"column":null}},"56":{"start":{"line":102,"column":3},"end":{"line":104,"column":null}},"57":{"start":{"line":103,"column":4},"end":{"line":103,"column":18}},"58":{"start":{"line":107,"column":1},"end":{"line":112,"column":null}},"59":{"start":{"line":108,"column":2},"end":{"line":108,"column":18}},"60":{"start":{"line":109,"column":2},"end":{"line":109,"column":25}},"61":{"start":{"line":110,"column":19},"end":{"line":110,"column":78}},"62":{"start":{"line":111,"column":2},"end":{"line":111,"column":52}},"63":{"start":{"line":85,"column":0},"end":{"line":85,"column":22}}},"fnMap":{"0":{"name":"findEarliestCreatedFile","decl":{"start":{"line":3,"column":16},"end":{"line":3,"column":39}},"loc":{"start":{"line":3,"column":54},"end":{"line":11,"column":1}}},"1":{"name":"findEarliestModifiedFile","decl":{"start":{"line":14,"column":16},"end":{"line":14,"column":40}},"loc":{"start":{"line":14,"column":55},"end":{"line":22,"column":1}}},"2":{"name":"findEarliestDateFile","decl":{"start":{"line":25,"column":16},"end":{"line":25,"column":36}},"loc":{"start":{"line":25,"column":51},"end":{"line":36,"column":1}}},"3":{"name":"monthsBetween","decl":{"start":{"line":39,"column":16},"end":{"line":39,"column":29}},"loc":{"start":{"line":39,"column":62},"end":{"line":45,"column":1}}},"4":{"name":"getCreationDates","decl":{"start":{"line":48,"column":16},"end":{"line":48,"column":32}},"loc":{"start":{"line":48,"column":47},"end":{"line":56,"column":1}}},"5":{"name":"getModificationDates","decl":{"start":{"line":59,"column":16},"end":{"line":59,"column":36}},"loc":{"start":{"line":59,"column":51},"end":{"line":67,"column":1}}},"6":{"name":"createChartFormat","decl":{"start":{"line":70,"column":16},"end":{"line":70,"column":33}},"loc":{"start":{"line":70,"column":132},"end":{"line":82,"column":1}}},"7":{"name":"replaceChartContent","decl":{"start":{"line":85,"column":22},"end":{"line":85,"column":41}},"loc":{"start":{"line":85,"column":85},"end":{"line":113,"column":2}}}},"branchMap":{"0":{"loc":{"start":{"line":6,"column":3},"end":{"line":8,"column":null}},"type":"if","locations":[{"start":{"line":6,"column":3},"end":{"line":8,"column":null}}]},"1":{"loc":{"start":{"line":17,"column":3},"end":{"line":19,"column":null}},"type":"if","locations":[{"start":{"line":17,"column":3},"end":{"line":19,"column":null}}]},"2":{"loc":{"start":{"line":28,"column":3},"end":{"line":30,"column":null}},"type":"if","locations":[{"start":{"line":28,"column":3},"end":{"line":30,"column":null}}]},"3":{"loc":{"start":{"line":31,"column":3},"end":{"line":33,"column":null}},"type":"if","locations":[{"start":{"line":31,"column":3},"end":{"line":33,"column":null}}]},"4":{"loc":{"start":{"line":41,"column":1},"end":{"line":43,"column":null}},"type":"if","locations":[{"start":{"line":41,"column":1},"end":{"line":43,"column":null}}]},"5":{"loc":{"start":{"line":72,"column":1},"end":{"line":76,"column":null}},"type":"if","locations":[{"start":{"line":72,"column":1},"end":{"line":76,"column":null}},{"start":{"line":74,"column":8},"end":{"line":76,"column":null}}]},"6":{"loc":{"start":{"line":87,"column":1},"end":{"line":90,"column":null}},"type":"if","locations":[{"start":{"line":87,"column":1},"end":{"line":90,"column":null}}]},"7":{"loc":{"start":{"line":101,"column":2},"end":{"line":105,"column":null}},"type":"if","locations":[{"start":{"line":101,"column":2},"end":{"line":105,"column":null}}]},"8":{"loc":{"start":{"line":102,"column":3},"end":{"line":104,"column":null}},"type":"if","locations":[{"start":{"line":102,"column":3},"end":{"line":104,"column":null}}]},"9":{"loc":{"start":{"line":107,"column":1},"end":{"line":112,"column":null}},"type":"if","locations":[{"start":{"line":107,"column":1},"end":{"line":112,"column":null}}]}},"s":{"0":0,"1":0,"2":0,"3":0,"4":0,"5":1,"6":0,"7":0,"8":0,"9":0,"10":0,"11":1,"12":0,"13":0,"14":0,"15":0,"16":0,"17":0,"18":0,"19":1,"20":3,"21":3,"22":1,"23":3,"24":1,"25":0,"26":0,"27":0,"28":0,"29":1,"30":0,"31":0,"32":0,"33":0,"34":1,"35":2,"36":2,"37":1,"38":1,"39":2,"40":2,"41":1,"42":0,"43":0,"44":0,"45":0,"46":0,"47":0,"48":0,"49":0,"50":0,"51":0,"52":0,"53":0,"54":0,"55":0,"56":0,"57":0,"58":0,"59":0,"60":0,"61":0,"62":0,"63":1},"f":{"0":0,"1":0,"2":0,"3":3,"4":0,"5":0,"6":2,"7":0},"b":{"0":[0],"1":[0],"2":[0],"3":[0],"4":[1],"5":[1,1],"6":[0],"7":[0],"8":[0],"9":[0]}}
,"C:\\zk-gamification\\.obsidian\\plugins\\obsidian-gamified-pkm\\src\\levels.ts": {"path":"C:\\zk-gamification\\.obsidian\\plugins\\obsidian-gamified-pkm\\src\\levels.ts","statementMap":{"0":{"start":{"line":7,"column":33},"end":{"line":119,"column":4}},"1":{"start":{"line":122,"column":27},"end":{"line":122,"column":39}},"2":{"start":{"line":123,"column":4},"end":{"line":129,"column":null}},"3":{"start":{"line":124,"column":6},"end":{"line":128,"column":null}},"4":{"start":{"line":125,"column":8},"end":{"line":125,"column":21}},"5":{"start":{"line":127,"column":8},"end":{"line":127,"column":14}},"6":{"start":{"line":130,"column":4},"end":{"line":130,"column":17}},"7":{"start":{"line":121,"column":2},"end":{"line":121,"column":18}},"8":{"start":{"line":134,"column":23},"end":{"line":134,"column":24}},"9":{"start":{"line":135,"column":4},"end":{"line":139,"column":null}},"10":{"start":{"line":136,"column":6},"end":{"line":138,"column":null}},"11":{"start":{"line":137,"column":8},"end":{"line":137,"column":35}},"12":{"start":{"line":142,"column":2},"end":{"line":142,"column":null}},"13":{"start":{"line":133,"column":2},"end":{"line":133,"column":18}}},"fnMap":{"0":{"name":"getLevelForPoints","decl":{"start":{"line":121,"column":18},"end":{"line":121,"column":35}},"loc":{"start":{"line":121,"column":50},"end":{"line":131,"column":3}}},"1":{"name":"statusPointsForLevel","decl":{"start":{"line":133,"column":18},"end":{"line":133,"column":38}},"loc":{"start":{"line":133,"column":58},"end":{"line":143,"column":3}}}},"branchMap":{"0":{"loc":{"start":{"line":124,"column":6},"end":{"line":128,"column":null}},"type":"if","locations":[{"start":{"line":124,"column":6},"end":{"line":128,"column":null}},{"start":{"line":126,"column":13},"end":{"line":128,"column":null}}]},"1":{"loc":{"start":{"line":136,"column":6},"end":{"line":138,"column":null}},"type":"if","locations":[{"start":{"line":136,"column":6},"end":{"line":138,"column":null}}]},"2":{"loc":{"start":{"line":136,"column":10},"end":{"line":136,"column":56}},"type":"binary-expr","locations":[{"start":{"line":136,"column":10},"end":{"line":136,"column":35}},{"start":{"line":136,"column":39},"end":{"line":136,"column":56}}]}},"s":{"0":1,"1":0,"2":0,"3":0,"4":0,"5":0,"6":0,"7":1,"8":3,"9":3,"10":333,"11":3,"12":3,"13":1},"f":{"0":0,"1":3},"b":{"0":[0,0],"1":[3],"2":[333,3]}}
,"C:\\zk-gamification\\.obsidian\\plugins\\obsidian-gamified-pkm\\src\\main.ts": {"path":"C:\\zk-gamification\\.obsidian\\plugins\\obsidian-gamified-pkm\\src\\main.ts","statementMap":{"0":{"start":{"line":1,"column":0},"end":{"line":1,"column":82}},"1":{"start":{"line":2,"column":0},"end":{"line":2,"column":25}},"2":{"start":{"line":3,"column":0},"end":{"line":3,"column":29}},"3":{"start":{"line":4,"column":0},"end":{"line":4,"column":73}},"4":{"start":{"line":5,"column":0},"end":{"line":5,"column":37}},"5":{"start":{"line":6,"column":0},"end":{"line":6,"column":292}},"6":{"start":{"line":7,"column":0},"end":{"line":7,"column":209}},"7":{"start":{"line":8,"column":0},"end":{"line":8,"column":92}},"8":{"start":{"line":9,"column":0},"end":{"line":9,"column":75}},"9":{"start":{"line":21,"column":2},"end":{"line":21,"column":51}},"10":{"start":{"line":23,"column":2},"end":{"line":23,"column":28}},"11":{"start":{"line":26,"column":2},"end":{"line":26,"column":69}},"12":{"start":{"line":29,"column":2},"end":{"line":32,"column":11}},"13":{"start":{"line":29,"column":24},"end":{"line":32,"column":5}},"14":{"start":{"line":31,"column":3},"end":{"line":31,"column":null}},"15":{"start":{"line":44,"column":2},"end":{"line":44,"column":38}},"16":{"start":{"line":45,"column":2},"end":{"line":45,"column":89}},"17":{"start":{"line":47,"column":15},"end":{"line":47,"column":38}},"18":{"start":{"line":48,"column":33},"end":{"line":48,"column":68}},"19":{"start":{"line":49,"column":2},"end":{"line":49,"column":null}},"20":{"start":{"line":52,"column":2},"end":{"line":87,"column":null}},"21":{"start":{"line":53,"column":3},"end":{"line":86,"column":6}},"22":{"start":{"line":53,"column":76},"end":{"line":86,"column":5}},"23":{"start":{"line":81,"column":4},"end":{"line":81,"column":30}},"24":{"start":{"line":82,"column":4},"end":{"line":82,"column":56}},"25":{"start":{"line":92,"column":2},"end":{"line":95,"column":5}},"26":{"start":{"line":92,"column":69},"end":{"line":95,"column":4}},"27":{"start":{"line":94,"column":3},"end":{"line":94,"column":53}},"28":{"start":{"line":98,"column":2},"end":{"line":251,"column":null}},"29":{"start":{"line":100,"column":3},"end":{"line":250,"column":6}},"30":{"start":{"line":103,"column":25},"end":{"line":249,"column":null}},"31":{"start":{"line":104,"column":5},"end":{"line":104,"column":76}},"32":{"start":{"line":105,"column":5},"end":{"line":105,"column":25}},"33":{"start":{"line":107,"column":23},"end":{"line":107,"column":31}},"34":{"start":{"line":108,"column":5},"end":{"line":108,"column":null}},"35":{"start":{"line":109,"column":25},"end":{"line":109,"column":54}},"36":{"start":{"line":110,"column":5},"end":{"line":110,"column":null}},"37":{"start":{"line":111,"column":5},"end":{"line":111,"column":null}},"38":{"start":{"line":112,"column":35},"end":{"line":112,"column":117}},"39":{"start":{"line":113,"column":5},"end":{"line":113,"column":81}},"40":{"start":{"line":115,"column":26},"end":{"line":115,"column":27}},"41":{"start":{"line":116,"column":32},"end":{"line":116,"column":35}},"42":{"start":{"line":117,"column":28},"end":{"line":117,"column":30}},"43":{"start":{"line":121,"column":5},"end":{"line":222,"column":null}},"44":{"start":{"line":122,"column":17},"end":{"line":122,"column":25}},"45":{"start":{"line":123,"column":27},"end":{"line":123,"column":53}},"46":{"start":{"line":124,"column":25},"end":{"line":124,"column":77}},"47":{"start":{"line":125,"column":6},"end":{"line":128,"column":null}},"48":{"start":{"line":126,"column":7},"end":{"line":126,"column":70}},"49":{"start":{"line":127,"column":6},"end":{"line":127,"column":15}},"50":{"start":{"line":130,"column":25},"end":{"line":130,"column":85}},"51":{"start":{"line":131,"column":29},"end":{"line":131,"column":55}},"52":{"start":{"line":132,"column":55},"end":{"line":132,"column":190}},"53":{"start":{"line":133,"column":42},"end":{"line":133,"column":110}},"54":{"start":{"line":134,"column":27},"end":{"line":134,"column":56}},"55":{"start":{"line":135,"column":27},"end":{"line":135,"column":46}},"56":{"start":{"line":136,"column":26},"end":{"line":136,"column":51}},"57":{"start":{"line":137,"column":22},"end":{"line":137,"column":61}},"58":{"start":{"line":138,"column":27},"end":{"line":138,"column":118}},"59":{"start":{"line":141,"column":6},"end":{"line":141,"column":83}},"60":{"start":{"line":143,"column":6},"end":{"line":221,"column":null}},"61":{"start":{"line":144,"column":7},"end":{"line":215,"column":11}},"62":{"start":{"line":148,"column":8},"end":{"line":155,"column":null}},"63":{"start":{"line":149,"column":9},"end":{"line":149,"column":null}},"64":{"start":{"line":150,"column":9},"end":{"line":150,"column":null}},"65":{"start":{"line":152,"column":15},"end":{"line":155,"column":null}},"66":{"start":{"line":153,"column":9},"end":{"line":153,"column":null}},"67":{"start":{"line":154,"column":9},"end":{"line":154,"column":null}},"68":{"start":{"line":157,"column":8},"end":{"line":165,"column":null}},"69":{"start":{"line":158,"column":9},"end":{"line":158,"column":null}},"70":{"start":{"line":159,"column":9},"end":{"line":159,"column":null}},"71":{"start":{"line":161,"column":15},"end":{"line":165,"column":null}},"72":{"start":{"line":162,"column":9},"end":{"line":162,"column":null}},"73":{"start":{"line":163,"column":9},"end":{"line":163,"column":null}},"74":{"start":{"line":167,"column":8},"end":{"line":175,"column":null}},"75":{"start":{"line":168,"column":9},"end":{"line":168,"column":null}},"76":{"start":{"line":169,"column":9},"end":{"line":169,"column":null}},"77":{"start":{"line":171,"column":14},"end":{"line":175,"column":null}},"78":{"start":{"line":172,"column":9},"end":{"line":172,"column":null}},"79":{"start":{"line":173,"column":9},"end":{"line":173,"column":null}},"80":{"start":{"line":177,"column":8},"end":{"line":185,"column":null}},"81":{"start":{"line":178,"column":9},"end":{"line":178,"column":null}},"82":{"start":{"line":179,"column":9},"end":{"line":179,"column":null}},"83":{"start":{"line":181,"column":14},"end":{"line":185,"column":null}},"84":{"start":{"line":182,"column":9},"end":{"line":182,"column":null}},"85":{"start":{"line":183,"column":9},"end":{"line":183,"column":null}},"86":{"start":{"line":187,"column":8},"end":{"line":195,"column":null}},"87":{"start":{"line":188,"column":9},"end":{"line":188,"column":null}},"88":{"start":{"line":189,"column":9},"end":{"line":189,"column":null}},"89":{"start":{"line":191,"column":14},"end":{"line":195,"column":null}},"90":{"start":{"line":192,"column":9},"end":{"line":192,"column":null}},"91":{"start":{"line":193,"column":9},"end":{"line":193,"column":null}},"92":{"start":{"line":197,"column":8},"end":{"line":205,"column":null}},"93":{"start":{"line":198,"column":9},"end":{"line":198,"column":null}},"94":{"start":{"line":199,"column":9},"end":{"line":199,"column":null}},"95":{"start":{"line":201,"column":14},"end":{"line":205,"column":null}},"96":{"start":{"line":202,"column":9},"end":{"line":202,"column":null}},"97":{"start":{"line":203,"column":9},"end":{"line":203,"column":null}},"98":{"start":{"line":209,"column":8},"end":{"line":209,"column":null}},"99":{"start":{"line":210,"column":8},"end":{"line":210,"column":null}},"100":{"start":{"line":211,"column":8},"end":{"line":211,"column":null}},"101":{"start":{"line":212,"column":8},"end":{"line":212,"column":null}},"102":{"start":{"line":213,"column":8},"end":{"line":213,"column":null}},"103":{"start":{"line":214,"column":8},"end":{"line":214,"column":null}},"104":{"start":{"line":217,"column":7},"end":{"line":220,"column":null}},"105":{"start":{"line":217,"column":63},"end":{"line":217,"column":151}},"106":{"start":{"line":218,"column":9},"end":{"line":218,"column":40}},"107":{"start":{"line":219,"column":9},"end":{"line":219,"column":37}},"108":{"start":{"line":223,"column":5},"end":{"line":226,"column":null}},"109":{"start":{"line":224,"column":6},"end":{"line":224,"column":null}},"110":{"start":{"line":225,"column":6},"end":{"line":225,"column":null}},"111":{"start":{"line":229,"column":5},"end":{"line":238,"column":14}},"112":{"start":{"line":229,"column":27},"end":{"line":238,"column":8}},"113":{"start":{"line":231,"column":32},"end":{"line":231,"column":85}},"114":{"start":{"line":232,"column":6},"end":{"line":232,"column":null}},"115":{"start":{"line":233,"column":11},"end":{"line":233,"column":null}},"116":{"start":{"line":234,"column":6},"end":{"line":234,"column":81}},"117":{"start":{"line":235,"column":6},"end":{"line":235,"column":null}},"118":{"start":{"line":236,"column":6},"end":{"line":236,"column":null}},"119":{"start":{"line":237,"column":6},"end":{"line":237,"column":null}},"120":{"start":{"line":247,"column":5},"end":{"line":247,"column":293}},"121":{"start":{"line":253,"column":2},"end":{"line":265,"column":null}},"122":{"start":{"line":255,"column":4},"end":{"line":264,"column":7}},"123":{"start":{"line":258,"column":26},"end":{"line":263,"column":null}},"124":{"start":{"line":259,"column":24},"end":{"line":259,"column":32}},"125":{"start":{"line":260,"column":6},"end":{"line":260,"column":null}},"126":{"start":{"line":261,"column":26},"end":{"line":261,"column":55}},"127":{"start":{"line":262,"column":6},"end":{"line":262,"column":null}},"128":{"start":{"line":269,"column":2},"end":{"line":288,"column":5}},"129":{"start":{"line":272,"column":24},"end":{"line":286,"column":null}},"130":{"start":{"line":276,"column":4},"end":{"line":276,"column":43}},"131":{"start":{"line":277,"column":4},"end":{"line":277,"column":34}},"132":{"start":{"line":278,"column":4},"end":{"line":278,"column":35}},"133":{"start":{"line":279,"column":4},"end":{"line":279,"column":null}},"134":{"start":{"line":280,"column":4},"end":{"line":280,"column":null}},"135":{"start":{"line":281,"column":4},"end":{"line":281,"column":null}},"136":{"start":{"line":282,"column":4},"end":{"line":282,"column":39}},"137":{"start":{"line":283,"column":4},"end":{"line":283,"column":null}},"138":{"start":{"line":284,"column":4},"end":{"line":284,"column":null}},"139":{"start":{"line":285,"column":4},"end":{"line":285,"column":150}},"140":{"start":{"line":291,"column":2},"end":{"line":302,"column":5}},"141":{"start":{"line":294,"column":24},"end":{"line":301,"column":null}},"142":{"start":{"line":298,"column":22},"end":{"line":298,"column":25}},"143":{"start":{"line":299,"column":24},"end":{"line":299,"column":53}},"144":{"start":{"line":300,"column":4},"end":{"line":300,"column":null}},"145":{"start":{"line":480,"column":2},"end":{"line":486,"column":5}},"146":{"start":{"line":483,"column":24},"end":{"line":485,"column":null}},"147":{"start":{"line":484,"column":4},"end":{"line":484,"column":54}},"148":{"start":{"line":490,"column":2},"end":{"line":496,"column":5}},"149":{"start":{"line":493,"column":24},"end":{"line":495,"column":null}},"150":{"start":{"line":494,"column":4},"end":{"line":494,"column":97}},"151":{"start":{"line":505,"column":2},"end":{"line":505,"column":53}},"152":{"start":{"line":508,"column":2},"end":{"line":511,"column":null}},"153":{"start":{"line":509,"column":3},"end":{"line":509,"column":31}},"154":{"start":{"line":510,"column":3},"end":{"line":510,"column":23}},"155":{"start":{"line":515,"column":28},"end":{"line":515,"column":62}},"156":{"start":{"line":516,"column":3},"end":{"line":518,"column":null}},"157":{"start":{"line":517,"column":4},"end":{"line":517,"column":null}},"158":{"start":{"line":521,"column":39},"end":{"line":521,"column":44}},"159":{"start":{"line":524,"column":22},"end":{"line":524,"column":74}},"160":{"start":{"line":525,"column":24},"end":{"line":525,"column":53}},"161":{"start":{"line":526,"column":20},"end":{"line":526,"column":45}},"162":{"start":{"line":528,"column":32},"end":{"line":528,"column":33}},"163":{"start":{"line":529,"column":28},"end":{"line":529,"column":29}},"164":{"start":{"line":530,"column":36},"end":{"line":530,"column":37}},"165":{"start":{"line":532,"column":3},"end":{"line":541,"column":null}},"166":{"start":{"line":533,"column":4},"end":{"line":533,"column":69}},"167":{"start":{"line":534,"column":4},"end":{"line":534,"column":48}},"168":{"start":{"line":537,"column":4},"end":{"line":540,"column":null}},"169":{"start":{"line":538,"column":56},"end":{"line":538,"column":182}},"170":{"start":{"line":539,"column":5},"end":{"line":539,"column":95}},"171":{"start":{"line":543,"column":30},"end":{"line":543,"column":31}},"172":{"start":{"line":545,"column":22},"end":{"line":545,"column":23}},"173":{"start":{"line":546,"column":30},"end":{"line":546,"column":31}},"174":{"start":{"line":548,"column":26},"end":{"line":548,"column":27}},"175":{"start":{"line":550,"column":3},"end":{"line":682,"column":null}},"176":{"start":{"line":552,"column":4},"end":{"line":552,"column":55}},"177":{"start":{"line":554,"column":4},"end":{"line":554,"column":39}},"178":{"start":{"line":555,"column":4},"end":{"line":555,"column":59}},"179":{"start":{"line":557,"column":4},"end":{"line":557,"column":54}},"180":{"start":{"line":562,"column":25},"end":{"line":562,"column":116}},"181":{"start":{"line":566,"column":4},"end":{"line":668,"column":null}},"182":{"start":{"line":567,"column":5},"end":{"line":661,"column":7}},"183":{"start":{"line":568,"column":6},"end":{"line":658,"column":null}},"184":{"start":{"line":572,"column":33},"end":{"line":572,"column":36}},"185":{"start":{"line":573,"column":29},"end":{"line":573,"column":31}},"186":{"start":{"line":574,"column":27},"end":{"line":574,"column":28}},"187":{"start":{"line":576,"column":6},"end":{"line":588,"column":null}},"188":{"start":{"line":578,"column":7},"end":{"line":578,"column":null}},"189":{"start":{"line":579,"column":24},"end":{"line":579,"column":169}},"190":{"start":{"line":580,"column":7},"end":{"line":580,"column":null}},"191":{"start":{"line":582,"column":13},"end":{"line":588,"column":null}},"192":{"start":{"line":584,"column":7},"end":{"line":584,"column":null}},"193":{"start":{"line":585,"column":24},"end":{"line":585,"column":142}},"194":{"start":{"line":586,"column":7},"end":{"line":586,"column":38}},"195":{"start":{"line":587,"column":7},"end":{"line":587,"column":34}},"196":{"start":{"line":590,"column":6},"end":{"line":599,"column":null}},"197":{"start":{"line":592,"column":7},"end":{"line":592,"column":null}},"198":{"start":{"line":593,"column":24},"end":{"line":593,"column":163}},"199":{"start":{"line":594,"column":7},"end":{"line":594,"column":null}},"200":{"start":{"line":595,"column":13},"end":{"line":599,"column":null}},"201":{"start":{"line":596,"column":7},"end":{"line":596,"column":null}},"202":{"start":{"line":597,"column":24},"end":{"line":597,"column":138}},"203":{"start":{"line":598,"column":7},"end":{"line":598,"column":null}},"204":{"start":{"line":601,"column":6},"end":{"line":610,"column":null}},"205":{"start":{"line":603,"column":7},"end":{"line":603,"column":null}},"206":{"start":{"line":604,"column":24},"end":{"line":604,"column":171}},"207":{"start":{"line":605,"column":7},"end":{"line":605,"column":null}},"208":{"start":{"line":606,"column":12},"end":{"line":610,"column":null}},"209":{"start":{"line":607,"column":7},"end":{"line":607,"column":null}},"210":{"start":{"line":608,"column":24},"end":{"line":608,"column":140}},"211":{"start":{"line":609,"column":7},"end":{"line":609,"column":null}},"212":{"start":{"line":612,"column":6},"end":{"line":621,"column":null}},"213":{"start":{"line":614,"column":7},"end":{"line":614,"column":null}},"214":{"start":{"line":615,"column":24},"end":{"line":615,"column":163}},"215":{"start":{"line":616,"column":7},"end":{"line":616,"column":null}},"216":{"start":{"line":617,"column":12},"end":{"line":621,"column":null}},"217":{"start":{"line":618,"column":7},"end":{"line":618,"column":null}},"218":{"start":{"line":619,"column":24},"end":{"line":619,"column":137}},"219":{"start":{"line":620,"column":7},"end":{"line":620,"column":null}},"220":{"start":{"line":623,"column":6},"end":{"line":632,"column":null}},"221":{"start":{"line":625,"column":7},"end":{"line":625,"column":null}},"222":{"start":{"line":626,"column":24},"end":{"line":626,"column":160}},"223":{"start":{"line":627,"column":7},"end":{"line":627,"column":null}},"224":{"start":{"line":628,"column":12},"end":{"line":632,"column":null}},"225":{"start":{"line":629,"column":7},"end":{"line":629,"column":null}},"226":{"start":{"line":630,"column":24},"end":{"line":630,"column":133}},"227":{"start":{"line":631,"column":7},"end":{"line":631,"column":null}},"228":{"start":{"line":634,"column":6},"end":{"line":643,"column":null}},"229":{"start":{"line":636,"column":7},"end":{"line":636,"column":null}},"230":{"start":{"line":637,"column":24},"end":{"line":637,"column":191}},"231":{"start":{"line":638,"column":7},"end":{"line":638,"column":null}},"232":{"start":{"line":639,"column":12},"end":{"line":643,"column":null}},"233":{"start":{"line":640,"column":7},"end":{"line":640,"column":null}},"234":{"start":{"line":641,"column":24},"end":{"line":641,"column":144}},"235":{"start":{"line":642,"column":7},"end":{"line":642,"column":null}},"236":{"start":{"line":645,"column":6},"end":{"line":648,"column":null}},"237":{"start":{"line":646,"column":7},"end":{"line":646,"column":null}},"238":{"start":{"line":647,"column":7},"end":{"line":647,"column":null}},"239":{"start":{"line":650,"column":6},"end":{"line":650,"column":null}},"240":{"start":{"line":651,"column":6},"end":{"line":651,"column":null}},"241":{"start":{"line":652,"column":6},"end":{"line":652,"column":null}},"242":{"start":{"line":653,"column":6},"end":{"line":653,"column":null}},"243":{"start":{"line":654,"column":6},"end":{"line":654,"column":null}},"244":{"start":{"line":655,"column":6},"end":{"line":655,"column":null}},"245":{"start":{"line":663,"column":5},"end":{"line":667,"column":null}},"246":{"start":{"line":664,"column":26},"end":{"line":664,"column":114}},"247":{"start":{"line":665,"column":5},"end":{"line":665,"column":36}},"248":{"start":{"line":666,"column":5},"end":{"line":666,"column":33}},"249":{"start":{"line":678,"column":4},"end":{"line":678,"column":41}},"250":{"start":{"line":679,"column":4},"end":{"line":679,"column":null}},"251":{"start":{"line":681,"column":4},"end":{"line":681,"column":null}},"252":{"start":{"line":683,"column":3},"end":{"line":686,"column":null}},"253":{"start":{"line":684,"column":4},"end":{"line":684,"column":47}},"254":{"start":{"line":685,"column":4},"end":{"line":685,"column":48}},"255":{"start":{"line":691,"column":24},"end":{"line":691,"column":29}},"256":{"start":{"line":692,"column":2},"end":{"line":698,"column":null}},"257":{"start":{"line":693,"column":3},"end":{"line":693,"column":43}},"258":{"start":{"line":694,"column":3},"end":{"line":694,"column":null}},"259":{"start":{"line":695,"column":3},"end":{"line":695,"column":23}},"260":{"start":{"line":696,"column":3},"end":{"line":696,"column":null}},"261":{"start":{"line":697,"column":3},"end":{"line":697,"column":16}},"262":{"start":{"line":699,"column":2},"end":{"line":705,"column":null}},"263":{"start":{"line":700,"column":3},"end":{"line":700,"column":44}},"264":{"start":{"line":701,"column":3},"end":{"line":701,"column":null}},"265":{"start":{"line":702,"column":3},"end":{"line":702,"column":23}},"266":{"start":{"line":703,"column":3},"end":{"line":703,"column":null}},"267":{"start":{"line":704,"column":3},"end":{"line":704,"column":16}},"268":{"start":{"line":706,"column":2},"end":{"line":708,"column":null}},"269":{"start":{"line":707,"column":3},"end":{"line":707,"column":16}},"270":{"start":{"line":709,"column":2},"end":{"line":712,"column":null}},"271":{"start":{"line":711,"column":3},"end":{"line":711,"column":55}},"272":{"start":{"line":717,"column":33},"end":{"line":717,"column":68}},"273":{"start":{"line":718,"column":2},"end":{"line":734,"column":null}},"274":{"start":{"line":719,"column":3},"end":{"line":719,"column":31}},"275":{"start":{"line":720,"column":3},"end":{"line":720,"column":66}},"276":{"start":{"line":721,"column":3},"end":{"line":721,"column":23}},"277":{"start":{"line":723,"column":3},"end":{"line":733,"column":null}},"278":{"start":{"line":725,"column":4},"end":{"line":725,"column":56}},"279":{"start":{"line":726,"column":4},"end":{"line":726,"column":null}},"280":{"start":{"line":727,"column":10},"end":{"line":733,"column":null}},"281":{"start":{"line":728,"column":4},"end":{"line":728,"column":null}},"282":{"start":{"line":729,"column":4},"end":{"line":729,"column":null}},"283":{"start":{"line":732,"column":4},"end":{"line":732,"column":null}},"284":{"start":{"line":738,"column":2},"end":{"line":738,"column":null}},"285":{"start":{"line":739,"column":2},"end":{"line":766,"column":null}},"286":{"start":{"line":740,"column":35},"end":{"line":740,"column":71}},"287":{"start":{"line":741,"column":3},"end":{"line":758,"column":null}},"288":{"start":{"line":742,"column":4},"end":{"line":742,"column":33}},"289":{"start":{"line":743,"column":4},"end":{"line":743,"column":null}},"290":{"start":{"line":744,"column":4},"end":{"line":744,"column":69}},"291":{"start":{"line":745,"column":4},"end":{"line":745,"column":24}},"292":{"start":{"line":747,"column":4},"end":{"line":757,"column":null}},"293":{"start":{"line":749,"column":5},"end":{"line":749,"column":57}},"294":{"start":{"line":750,"column":5},"end":{"line":750,"column":null}},"295":{"start":{"line":751,"column":11},"end":{"line":757,"column":null}},"296":{"start":{"line":752,"column":5},"end":{"line":752,"column":null}},"297":{"start":{"line":753,"column":5},"end":{"line":753,"column":null}},"298":{"start":{"line":756,"column":5},"end":{"line":756,"column":null}},"299":{"start":{"line":759,"column":9},"end":{"line":766,"column":null}},"300":{"start":{"line":761,"column":3},"end":{"line":761,"column":null}},"301":{"start":{"line":763,"column":3},"end":{"line":763,"column":null}},"302":{"start":{"line":764,"column":3},"end":{"line":764,"column":44}},"303":{"start":{"line":765,"column":3},"end":{"line":765,"column":23}},"304":{"start":{"line":779,"column":16},"end":{"line":779,"column":61}},"305":{"start":{"line":780,"column":29},"end":{"line":780,"column":110}},"306":{"start":{"line":781,"column":29},"end":{"line":781,"column":31}},"307":{"start":{"line":782,"column":15},"end":{"line":782,"column":66}},"308":{"start":{"line":783,"column":20},"end":{"line":783,"column":22}},"309":{"start":{"line":784,"column":2},"end":{"line":790,"column":null}},"310":{"start":{"line":784,"column":13},"end":{"line":784,"column":14}},"311":{"start":{"line":785,"column":3},"end":{"line":789,"column":null}},"312":{"start":{"line":786,"column":4},"end":{"line":786,"column":null}},"313":{"start":{"line":788,"column":4},"end":{"line":788,"column":null}},"314":{"start":{"line":791,"column":2},"end":{"line":791,"column":null}},"315":{"start":{"line":795,"column":2},"end":{"line":795,"column":76}},"316":{"start":{"line":796,"column":2},"end":{"line":796,"column":null}},"317":{"start":{"line":801,"column":2},"end":{"line":801,"column":37}},"318":{"start":{"line":806,"column":19},"end":{"line":806,"column":66}},"319":{"start":{"line":807,"column":23},"end":{"line":807,"column":50}},"320":{"start":{"line":808,"column":2},"end":{"line":808,"column":32}},"321":{"start":{"line":822,"column":22},"end":{"line":822,"column":23}},"322":{"start":{"line":824,"column":2},"end":{"line":826,"column":null}},"323":{"start":{"line":825,"column":3},"end":{"line":825,"column":52}},"324":{"start":{"line":846,"column":20},"end":{"line":846,"column":76}},"325":{"start":{"line":849,"column":2},"end":{"line":849,"column":null}},"326":{"start":{"line":850,"column":2},"end":{"line":850,"column":null}},"327":{"start":{"line":852,"column":23},"end":{"line":852,"column":74}},"328":{"start":{"line":883,"column":2},"end":{"line":883,"column":null}},"329":{"start":{"line":890,"column":23},"end":{"line":890,"column":78}},"330":{"start":{"line":891,"column":2},"end":{"line":894,"column":null}},"331":{"start":{"line":892,"column":3},"end":{"line":892,"column":59}},"332":{"start":{"line":893,"column":3},"end":{"line":893,"column":16}},"333":{"start":{"line":895,"column":15},"end":{"line":895,"column":36}},"334":{"start":{"line":899,"column":18},"end":{"line":899,"column":44}},"335":{"start":{"line":900,"column":33},"end":{"line":900,"column":37}},"336":{"start":{"line":901,"column":34},"end":{"line":901,"column":38}},"337":{"start":{"line":902,"column":34},"end":{"line":902,"column":38}},"338":{"start":{"line":903,"column":27},"end":{"line":903,"column":31}},"339":{"start":{"line":904,"column":29},"end":{"line":904,"column":33}},"340":{"start":{"line":905,"column":28},"end":{"line":905,"column":32}},"341":{"start":{"line":906,"column":30},"end":{"line":906,"column":34}},"342":{"start":{"line":907,"column":28},"end":{"line":907,"column":32}},"343":{"start":{"line":908,"column":30},"end":{"line":908,"column":34}},"344":{"start":{"line":910,"column":16},"end":{"line":910,"column":35}},"345":{"start":{"line":911,"column":2},"end":{"line":928,"column":null}},"346":{"start":{"line":911,"column":15},"end":{"line":911,"column":16}},"347":{"start":{"line":912,"column":16},"end":{"line":912,"column":31}},"348":{"start":{"line":913,"column":3},"end":{"line":917,"column":null}},"349":{"start":{"line":914,"column":4},"end":{"line":916,"column":null}},"350":{"start":{"line":915,"column":5},"end":{"line":915,"column":19}},"351":{"start":{"line":918,"column":3},"end":{"line":922,"column":null}},"352":{"start":{"line":919,"column":4},"end":{"line":921,"column":null}},"353":{"start":{"line":920,"column":5},"end":{"line":920,"column":20}},"354":{"start":{"line":923,"column":3},"end":{"line":927,"column":null}},"355":{"start":{"line":924,"column":4},"end":{"line":926,"column":null}},"356":{"start":{"line":925,"column":5},"end":{"line":925,"column":20}},"357":{"start":{"line":930,"column":20},"end":{"line":930,"column":46}},"358":{"start":{"line":932,"column":16},"end":{"line":932,"column":44}},"359":{"start":{"line":933,"column":17},"end":{"line":933,"column":18}},"360":{"start":{"line":934,"column":20},"end":{"line":934,"column":48}},"361":{"start":{"line":935,"column":30},"end":{"line":935,"column":35}},"362":{"start":{"line":936,"column":2},"end":{"line":946,"column":null}},"363":{"start":{"line":938,"column":3},"end":{"line":938,"column":null}},"364":{"start":{"line":940,"column":3},"end":{"line":940,"column":null}},"365":{"start":{"line":941,"column":3},"end":{"line":941,"column":43}},"366":{"start":{"line":942,"column":3},"end":{"line":942,"column":26}},"367":{"start":{"line":943,"column":3},"end":{"line":943,"column":34}},"368":{"start":{"line":944,"column":3},"end":{"line":944,"column":51}},"369":{"start":{"line":945,"column":3},"end":{"line":945,"column":null}},"370":{"start":{"line":948,"column":25},"end":{"line":948,"column":48}},"371":{"start":{"line":950,"column":26},"end":{"line":950,"column":579}},"372":{"start":{"line":951,"column":25},"end":{"line":951,"column":110}},"373":{"start":{"line":952,"column":41},"end":{"line":952,"column":81}},"374":{"start":{"line":953,"column":26},"end":{"line":953,"column":605}},"375":{"start":{"line":955,"column":2},"end":{"line":968,"column":null}},"376":{"start":{"line":956,"column":3},"end":{"line":956,"column":25}},"377":{"start":{"line":957,"column":3},"end":{"line":957,"column":24}},"378":{"start":{"line":958,"column":3},"end":{"line":958,"column":32}},"379":{"start":{"line":959,"column":3},"end":{"line":959,"column":26}},"380":{"start":{"line":960,"column":3},"end":{"line":960,"column":31}},"381":{"start":{"line":961,"column":3},"end":{"line":961,"column":30}},"382":{"start":{"line":964,"column":20},"end":{"line":964,"column":84}},"383":{"start":{"line":965,"column":21},"end":{"line":965,"column":92}},"384":{"start":{"line":966,"column":21},"end":{"line":966,"column":95}},"385":{"start":{"line":967,"column":3},"end":{"line":967,"column":54}},"386":{"start":{"line":969,"column":2},"end":{"line":969,"column":null}},"387":{"start":{"line":974,"column":23},"end":{"line":974,"column":78}},"388":{"start":{"line":975,"column":2},"end":{"line":978,"column":null}},"389":{"start":{"line":976,"column":3},"end":{"line":976,"column":59}},"390":{"start":{"line":977,"column":3},"end":{"line":977,"column":10}},"391":{"start":{"line":979,"column":15},"end":{"line":979,"column":36}},"392":{"start":{"line":981,"column":18},"end":{"line":981,"column":44}},"393":{"start":{"line":982,"column":33},"end":{"line":982,"column":37}},"394":{"start":{"line":983,"column":34},"end":{"line":983,"column":38}},"395":{"start":{"line":984,"column":27},"end":{"line":984,"column":31}},"396":{"start":{"line":985,"column":29},"end":{"line":985,"column":33}},"397":{"start":{"line":986,"column":28},"end":{"line":986,"column":32}},"398":{"start":{"line":987,"column":30},"end":{"line":987,"column":34}},"399":{"start":{"line":989,"column":16},"end":{"line":989,"column":35}},"400":{"start":{"line":990,"column":2},"end":{"line":1002,"column":null}},"401":{"start":{"line":990,"column":15},"end":{"line":990,"column":16}},"402":{"start":{"line":991,"column":16},"end":{"line":991,"column":31}},"403":{"start":{"line":992,"column":3},"end":{"line":996,"column":null}},"404":{"start":{"line":993,"column":4},"end":{"line":995,"column":null}},"405":{"start":{"line":994,"column":5},"end":{"line":994,"column":19}},"406":{"start":{"line":997,"column":3},"end":{"line":1001,"column":null}},"407":{"start":{"line":998,"column":4},"end":{"line":1000,"column":null}},"408":{"start":{"line":999,"column":5},"end":{"line":999,"column":20}},"409":{"start":{"line":1003,"column":2},"end":{"line":1015,"column":null}},"410":{"start":{"line":1004,"column":3},"end":{"line":1004,"column":23}},"411":{"start":{"line":1005,"column":3},"end":{"line":1005,"column":25}},"412":{"start":{"line":1007,"column":3},"end":{"line":1007,"column":25}},"413":{"start":{"line":1008,"column":3},"end":{"line":1008,"column":27}},"414":{"start":{"line":1010,"column":23},"end":{"line":1010,"column":98}},"415":{"start":{"line":1011,"column":20},"end":{"line":1011,"column":80}},"416":{"start":{"line":1012,"column":21},"end":{"line":1012,"column":76}},"417":{"start":{"line":1013,"column":3},"end":{"line":1013,"column":54}},"418":{"start":{"line":1014,"column":3},"end":{"line":1014,"column":null}},"419":{"start":{"line":1019,"column":23},"end":{"line":1019,"column":78}},"420":{"start":{"line":1020,"column":2},"end":{"line":1023,"column":null}},"421":{"start":{"line":1021,"column":3},"end":{"line":1021,"column":59}},"422":{"start":{"line":1022,"column":3},"end":{"line":1022,"column":10}},"423":{"start":{"line":1024,"column":15},"end":{"line":1024,"column":36}},"424":{"start":{"line":1026,"column":18},"end":{"line":1026,"column":44}},"425":{"start":{"line":1027,"column":33},"end":{"line":1027,"column":37}},"426":{"start":{"line":1028,"column":27},"end":{"line":1028,"column":31}},"427":{"start":{"line":1029,"column":29},"end":{"line":1029,"column":33}},"428":{"start":{"line":1031,"column":16},"end":{"line":1031,"column":35}},"429":{"start":{"line":1032,"column":2},"end":{"line":1039,"column":null}},"430":{"start":{"line":1032,"column":15},"end":{"line":1032,"column":16}},"431":{"start":{"line":1033,"column":16},"end":{"line":1033,"column":31}},"432":{"start":{"line":1034,"column":3},"end":{"line":1038,"column":null}},"433":{"start":{"line":1035,"column":4},"end":{"line":1037,"column":null}},"434":{"start":{"line":1036,"column":5},"end":{"line":1036,"column":19}},"435":{"start":{"line":1040,"column":2},"end":{"line":1048,"column":null}},"436":{"start":{"line":1041,"column":3},"end":{"line":1041,"column":23}},"437":{"start":{"line":1042,"column":3},"end":{"line":1042,"column":25}},"438":{"start":{"line":1044,"column":23},"end":{"line":1044,"column":78}},"439":{"start":{"line":1045,"column":20},"end":{"line":1045,"column":80}},"440":{"start":{"line":1046,"column":3},"end":{"line":1046,"column":53}},"441":{"start":{"line":1047,"column":3},"end":{"line":1047,"column":null}},"442":{"start":{"line":1052,"column":23},"end":{"line":1052,"column":78}},"443":{"start":{"line":1053,"column":2},"end":{"line":1056,"column":null}},"444":{"start":{"line":1054,"column":3},"end":{"line":1054,"column":59}},"445":{"start":{"line":1055,"column":3},"end":{"line":1055,"column":10}},"446":{"start":{"line":1057,"column":15},"end":{"line":1057,"column":36}},"447":{"start":{"line":1059,"column":18},"end":{"line":1059,"column":44}},"448":{"start":{"line":1060,"column":33},"end":{"line":1060,"column":37}},"449":{"start":{"line":1061,"column":34},"end":{"line":1061,"column":38}},"450":{"start":{"line":1062,"column":27},"end":{"line":1062,"column":31}},"451":{"start":{"line":1063,"column":29},"end":{"line":1063,"column":33}},"452":{"start":{"line":1065,"column":16},"end":{"line":1065,"column":35}},"453":{"start":{"line":1066,"column":2},"end":{"line":1087,"column":null}},"454":{"start":{"line":1066,"column":15},"end":{"line":1066,"column":16}},"455":{"start":{"line":1067,"column":16},"end":{"line":1067,"column":31}},"456":{"start":{"line":1068,"column":3},"end":{"line":1072,"column":null}},"457":{"start":{"line":1069,"column":4},"end":{"line":1071,"column":null}},"458":{"start":{"line":1070,"column":5},"end":{"line":1070,"column":19}},"459":{"start":{"line":1073,"column":3},"end":{"line":1086,"column":null}},"460":{"start":{"line":1075,"column":23},"end":{"line":1075,"column":36}},"461":{"start":{"line":1077,"column":18},"end":{"line":1077,"column":40}},"462":{"start":{"line":1079,"column":4},"end":{"line":1085,"column":null}},"463":{"start":{"line":1080,"column":25},"end":{"line":1080,"column":47}},"464":{"start":{"line":1081,"column":5},"end":{"line":1084,"column":null}},"465":{"start":{"line":1083,"column":6},"end":{"line":1083,"column":null}},"466":{"start":{"line":1088,"column":2},"end":{"line":1093,"column":null}},"467":{"start":{"line":1089,"column":3},"end":{"line":1089,"column":25}},"468":{"start":{"line":1090,"column":3},"end":{"line":1090,"column":20}},"469":{"start":{"line":1091,"column":20},"end":{"line":1091,"column":67}},"470":{"start":{"line":1092,"column":3},"end":{"line":1092,"column":53}},"471":{"start":{"line":1098,"column":16},"end":{"line":1098,"column":40}},"472":{"start":{"line":1099,"column":23},"end":{"line":1099,"column":50}},"473":{"start":{"line":1100,"column":21},"end":{"line":1100,"column":44}},"474":{"start":{"line":1101,"column":2},"end":{"line":1103,"column":null}},"475":{"start":{"line":1102,"column":3},"end":{"line":1102,"column":null}},"476":{"start":{"line":1105,"column":21},"end":{"line":1105,"column":22}},"477":{"start":{"line":1106,"column":18},"end":{"line":1106,"column":40}},"478":{"start":{"line":1107,"column":27},"end":{"line":1107,"column":52}},"479":{"start":{"line":1108,"column":30},"end":{"line":1108,"column":55}},"480":{"start":{"line":1109,"column":21},"end":{"line":1109,"column":70}},"481":{"start":{"line":1110,"column":19},"end":{"line":1110,"column":73}},"482":{"start":{"line":1111,"column":15},"end":{"line":1111,"column":17}},"483":{"start":{"line":1113,"column":2},"end":{"line":1120,"column":null}},"484":{"start":{"line":1114,"column":3},"end":{"line":1114,"column":null}},"485":{"start":{"line":1116,"column":3},"end":{"line":1116,"column":null}},"486":{"start":{"line":1117,"column":3},"end":{"line":1117,"column":null}},"487":{"start":{"line":1118,"column":3},"end":{"line":1118,"column":21}},"488":{"start":{"line":1119,"column":3},"end":{"line":1119,"column":null}},"489":{"start":{"line":1121,"column":2},"end":{"line":1121,"column":null}},"490":{"start":{"line":1123,"column":2},"end":{"line":1123,"column":null}},"491":{"start":{"line":1124,"column":2},"end":{"line":1124,"column":37}},"492":{"start":{"line":1125,"column":2},"end":{"line":1125,"column":null}},"493":{"start":{"line":1127,"column":2},"end":{"line":1133,"column":null}},"494":{"start":{"line":1128,"column":3},"end":{"line":1128,"column":null}},"495":{"start":{"line":1130,"column":3},"end":{"line":1130,"column":null}},"496":{"start":{"line":1131,"column":3},"end":{"line":1131,"column":21}},"497":{"start":{"line":1132,"column":3},"end":{"line":1132,"column":null}},"498":{"start":{"line":1136,"column":24},"end":{"line":1136,"column":47}},"499":{"start":{"line":1137,"column":2},"end":{"line":1148,"column":null}},"500":{"start":{"line":1137,"column":15},"end":{"line":1137,"column":16}},"501":{"start":{"line":1139,"column":25},"end":{"line":1139,"column":59}},"502":{"start":{"line":1140,"column":24},"end":{"line":1140,"column":59}},"503":{"start":{"line":1142,"column":3},"end":{"line":1147,"column":null}},"504":{"start":{"line":1143,"column":4},"end":{"line":1143,"column":58}},"505":{"start":{"line":1146,"column":4},"end":{"line":1146,"column":43}},"506":{"start":{"line":1151,"column":28},"end":{"line":1151,"column":55}},"507":{"start":{"line":1152,"column":2},"end":{"line":1163,"column":null}},"508":{"start":{"line":1152,"column":15},"end":{"line":1152,"column":16}},"509":{"start":{"line":1154,"column":25},"end":{"line":1154,"column":59}},"510":{"start":{"line":1155,"column":24},"end":{"line":1155,"column":62}},"511":{"start":{"line":1157,"column":3},"end":{"line":1162,"column":null}},"512":{"start":{"line":1158,"column":4},"end":{"line":1158,"column":61}},"513":{"start":{"line":1161,"column":4},"end":{"line":1161,"column":46}},"514":{"start":{"line":1181,"column":26},"end":{"line":1181,"column":28}},"515":{"start":{"line":1182,"column":2},"end":{"line":1185,"column":null}},"516":{"start":{"line":1184,"column":3},"end":{"line":1184,"column":null}},"517":{"start":{"line":1186,"column":2},"end":{"line":1186,"column":null}},"518":{"start":{"line":1191,"column":27},"end":{"line":1191,"column":29}},"519":{"start":{"line":1192,"column":2},"end":{"line":1195,"column":null}},"520":{"start":{"line":1194,"column":3},"end":{"line":1194,"column":null}},"521":{"start":{"line":1196,"column":2},"end":{"line":1196,"column":null}},"522":{"start":{"line":1201,"column":22},"end":{"line":1201,"column":124}},"523":{"start":{"line":1203,"column":2},"end":{"line":1203,"column":null}},"524":{"start":{"line":1207,"column":2},"end":{"line":1218,"column":5}},"525":{"start":{"line":1208,"column":3},"end":{"line":1217,"column":null}},"526":{"start":{"line":1209,"column":26},"end":{"line":1209,"column":76}},"527":{"start":{"line":1210,"column":4},"end":{"line":1210,"column":null}},"528":{"start":{"line":1211,"column":4},"end":{"line":1211,"column":null}},"529":{"start":{"line":1213,"column":4},"end":{"line":1213,"column":null}},"530":{"start":{"line":1214,"column":4},"end":{"line":1214,"column":44}},"531":{"start":{"line":1215,"column":4},"end":{"line":1215,"column":41}},"532":{"start":{"line":1216,"column":4},"end":{"line":1216,"column":null}},"533":{"start":{"line":1224,"column":20},"end":{"line":1224,"column":28}},"534":{"start":{"line":1229,"column":23},"end":{"line":1229,"column":110}},"535":{"start":{"line":1230,"column":2},"end":{"line":1256,"column":null}},"536":{"start":{"line":1231,"column":17},"end":{"line":1231,"column":33}},"537":{"start":{"line":1232,"column":16},"end":{"line":1232,"column":62}},"538":{"start":{"line":1232,"column":35},"end":{"line":1232,"column":61}},"539":{"start":{"line":1233,"column":3},"end":{"line":1236,"column":null}},"540":{"start":{"line":1234,"column":4},"end":{"line":1234,"column":48}},"541":{"start":{"line":1235,"column":3},"end":{"line":1235,"column":12}},"542":{"start":{"line":1238,"column":3},"end":{"line":1238,"column":46}},"543":{"start":{"line":1239,"column":3},"end":{"line":1254,"column":null}},"544":{"start":{"line":1240,"column":4},"end":{"line":1247,"column":7}},"545":{"start":{"line":1241,"column":5},"end":{"line":1241,"column":null}},"546":{"start":{"line":1242,"column":5},"end":{"line":1242,"column":null}},"547":{"start":{"line":1243,"column":5},"end":{"line":1243,"column":null}},"548":{"start":{"line":1244,"column":5},"end":{"line":1244,"column":null}},"549":{"start":{"line":1245,"column":5},"end":{"line":1245,"column":null}},"550":{"start":{"line":1246,"column":5},"end":{"line":1246,"column":null}},"551":{"start":{"line":1249,"column":4},"end":{"line":1253,"column":null}},"552":{"start":{"line":1250,"column":26},"end":{"line":1250,"column":86}},"553":{"start":{"line":1251,"column":5},"end":{"line":1251,"column":36}},"554":{"start":{"line":1252,"column":5},"end":{"line":1252,"column":33}},"555":{"start":{"line":1260,"column":31},"end":{"line":1260,"column":32}},"556":{"start":{"line":1261,"column":2},"end":{"line":1273,"column":null}},"557":{"start":{"line":1261,"column":15},"end":{"line":1261,"column":27}},"558":{"start":{"line":1262,"column":25},"end":{"line":1262,"column":50}},"559":{"start":{"line":1264,"column":22},"end":{"line":1264,"column":35}},"560":{"start":{"line":1266,"column":17},"end":{"line":1266,"column":46}},"561":{"start":{"line":1267,"column":3},"end":{"line":1272,"column":null}},"562":{"start":{"line":1268,"column":24},"end":{"line":1268,"column":46}},"563":{"start":{"line":1269,"column":4},"end":{"line":1271,"column":null}},"564":{"start":{"line":1270,"column":5},"end":{"line":1270,"column":34}},"565":{"start":{"line":1274,"column":2},"end":{"line":1274,"column":null}},"566":{"start":{"line":1278,"column":22},"end":{"line":1278,"column":79}},"567":{"start":{"line":1279,"column":30},"end":{"line":1279,"column":63}},"568":{"start":{"line":1283,"column":24},"end":{"line":1283,"column":93}},"569":{"start":{"line":1284,"column":2},"end":{"line":1284,"column":null}},"570":{"start":{"line":1285,"column":2},"end":{"line":1285,"column":null}},"571":{"start":{"line":1286,"column":2},"end":{"line":1286,"column":null}},"572":{"start":{"line":1288,"column":2},"end":{"line":1288,"column":null}},"573":{"start":{"line":1292,"column":23},"end":{"line":1292,"column":92}},"574":{"start":{"line":1293,"column":2},"end":{"line":1298,"column":null}},"575":{"start":{"line":1294,"column":22},"end":{"line":1294,"column":68}},"576":{"start":{"line":1295,"column":3},"end":{"line":1295,"column":61}},"577":{"start":{"line":1297,"column":3},"end":{"line":1297,"column":52}},"578":{"start":{"line":1302,"column":23},"end":{"line":1302,"column":78}},"579":{"start":{"line":1303,"column":2},"end":{"line":1306,"column":null}},"580":{"start":{"line":1304,"column":3},"end":{"line":1304,"column":59}},"581":{"start":{"line":1305,"column":3},"end":{"line":1305,"column":10}},"582":{"start":{"line":1307,"column":15},"end":{"line":1307,"column":36}},"583":{"start":{"line":1309,"column":18},"end":{"line":1309,"column":44}},"584":{"start":{"line":1310,"column":33},"end":{"line":1310,"column":37}},"585":{"start":{"line":1311,"column":27},"end":{"line":1311,"column":31}},"586":{"start":{"line":1312,"column":29},"end":{"line":1312,"column":33}},"587":{"start":{"line":1314,"column":20},"end":{"line":1314,"column":69}},"588":{"start":{"line":1316,"column":16},"end":{"line":1316,"column":35}},"589":{"start":{"line":1317,"column":2},"end":{"line":1324,"column":null}},"590":{"start":{"line":1317,"column":15},"end":{"line":1317,"column":16}},"591":{"start":{"line":1318,"column":16},"end":{"line":1318,"column":31}},"592":{"start":{"line":1319,"column":3},"end":{"line":1323,"column":null}},"593":{"start":{"line":1320,"column":4},"end":{"line":1322,"column":null}},"594":{"start":{"line":1321,"column":5},"end":{"line":1321,"column":19}},"595":{"start":{"line":1325,"column":2},"end":{"line":1330,"column":null}},"596":{"start":{"line":1326,"column":3},"end":{"line":1326,"column":25}},"597":{"start":{"line":1327,"column":3},"end":{"line":1327,"column":19}},"598":{"start":{"line":1328,"column":20},"end":{"line":1328,"column":78}},"599":{"start":{"line":1329,"column":3},"end":{"line":1329,"column":53}},"600":{"start":{"line":14,"column":0},"end":{"line":14,"column":21}},"601":{"start":{"line":1336,"column":24},"end":{"line":1336,"column":39}},"602":{"start":{"line":1337,"column":1},"end":{"line":1337,"column":45}},"603":{"start":{"line":1341,"column":24},"end":{"line":1341,"column":39}},"604":{"start":{"line":1342,"column":32},"end":{"line":1342,"column":66}},"605":{"start":{"line":1343,"column":4},"end":{"line":1343,"column":56}},"606":{"start":{"line":1352,"column":21},"end":{"line":1510,"column":2}},"607":{"start":{"line":1512,"column":22},"end":{"line":1512,"column":71}},"608":{"start":{"line":1513,"column":1},"end":{"line":1516,"column":null}},"609":{"start":{"line":1514,"column":2},"end":{"line":1514,"column":52}},"610":{"start":{"line":1515,"column":2},"end":{"line":1515,"column":9}},"611":{"start":{"line":1518,"column":21},"end":{"line":1518,"column":74}},"612":{"start":{"line":1528,"column":8},"end":{"line":1528,"column":19}},"613":{"start":{"line":1529,"column":8},"end":{"line":1529,"column":39}},"614":{"start":{"line":1533,"column":30},"end":{"line":1533,"column":34}},"615":{"start":{"line":1534,"column":8},"end":{"line":1534,"column":44}},"616":{"start":{"line":1538,"column":30},"end":{"line":1538,"column":34}},"617":{"start":{"line":1539,"column":8},"end":{"line":1539,"column":26}},"618":{"start":{"line":1545,"column":20},"end":{"line":1545,"column":72}},"619":{"start":{"line":1547,"column":1},"end":{"line":1550,"column":null}},"620":{"start":{"line":1548,"column":3},"end":{"line":1548,"column":51}},"621":{"start":{"line":1549,"column":3},"end":{"line":1549,"column":10}},"622":{"start":{"line":1552,"column":16},"end":{"line":1552,"column":33}},"623":{"start":{"line":1553,"column":22},"end":{"line":1553,"column":43}},"624":{"start":{"line":1555,"column":1},"end":{"line":1558,"column":null}},"625":{"start":{"line":1556,"column":3},"end":{"line":1556,"column":89}},"626":{"start":{"line":1557,"column":3},"end":{"line":1557,"column":10}},"627":{"start":{"line":1560,"column":20},"end":{"line":1560,"column":59}},"628":{"start":{"line":1561,"column":1},"end":{"line":1561,"column":null}},"629":{"start":{"line":1562,"column":1},"end":{"line":1562,"column":null}},"630":{"start":{"line":1563,"column":1},"end":{"line":1563,"column":null}},"631":{"start":{"line":1565,"column":1},"end":{"line":1565,"column":39}},"632":{"start":{"line":1569,"column":20},"end":{"line":1569,"column":21}},"633":{"start":{"line":1571,"column":1},"end":{"line":1576,"column":null}},"634":{"start":{"line":1572,"column":2},"end":{"line":1572,"column":null}},"635":{"start":{"line":1575,"column":2},"end":{"line":1575,"column":null}},"636":{"start":{"line":1578,"column":1},"end":{"line":1578,"column":null}}},"fnMap":{"0":{"name":"(anonymous_0)","decl":{"start":{"line":20,"column":7},"end":{"line":20,"column":13}},"loc":{"start":{"line":20,"column":13},"end":{"line":501,"column":null}}},"1":{"name":"(anonymous_2)","decl":{"start":{"line":29,"column":13},"end":{"line":29,"column":22}},"loc":{"start":{"line":29,"column":24},"end":{"line":32,"column":5}}},"2":{"name":"(anonymous_3)","decl":{"start":{"line":29,"column":24},"end":{"line":29,"column":null}},"loc":{"start":{"line":29,"column":24},"end":{"line":32,"column":3}}},"3":{"name":"(anonymous_4)","decl":{"start":{"line":53,"column":65},"end":{"line":53,"column":74}},"loc":{"start":{"line":53,"column":76},"end":{"line":86,"column":5}}},"4":{"name":"(anonymous_5)","decl":{"start":{"line":53,"column":76},"end":{"line":53,"column":null}},"loc":{"start":{"line":53,"column":76},"end":{"line":86,"column":4}}},"5":{"name":"(anonymous_6)","decl":{"start":{"line":92,"column":58},"end":{"line":92,"column":67}},"loc":{"start":{"line":92,"column":69},"end":{"line":95,"column":4}}},"6":{"name":"(anonymous_7)","decl":{"start":{"line":92,"column":69},"end":{"line":92,"column":null}},"loc":{"start":{"line":92,"column":69},"end":{"line":95,"column":3}}},"7":{"name":"(anonymous_8)","decl":{"start":{"line":103,"column":14},"end":{"line":103,"column":23}},"loc":{"start":{"line":103,"column":25},"end":{"line":249,"column":null}}},"8":{"name":"(anonymous_9)","decl":{"start":{"line":103,"column":25},"end":{"line":103,"column":null}},"loc":{"start":{"line":103,"column":25},"end":{"line":249,"column":5}}},"9":{"name":"(anonymous_10)","decl":{"start":{"line":144,"column":59},"end":{"line":144,"column":60}},"loc":{"start":{"line":144,"column":75},"end":{"line":215,"column":9}}},"10":{"name":"(anonymous_11)","decl":{"start":{"line":229,"column":16},"end":{"line":229,"column":25}},"loc":{"start":{"line":229,"column":27},"end":{"line":238,"column":8}}},"11":{"name":"(anonymous_12)","decl":{"start":{"line":229,"column":27},"end":{"line":229,"column":null}},"loc":{"start":{"line":229,"column":27},"end":{"line":238,"column":6}}},"12":{"name":"(anonymous_13)","decl":{"start":{"line":258,"column":15},"end":{"line":258,"column":24}},"loc":{"start":{"line":258,"column":26},"end":{"line":263,"column":null}}},"13":{"name":"(anonymous_14)","decl":{"start":{"line":258,"column":26},"end":{"line":258,"column":null}},"loc":{"start":{"line":258,"column":26},"end":{"line":263,"column":6}}},"14":{"name":"(anonymous_15)","decl":{"start":{"line":272,"column":13},"end":{"line":272,"column":22}},"loc":{"start":{"line":272,"column":24},"end":{"line":286,"column":null}}},"15":{"name":"(anonymous_16)","decl":{"start":{"line":272,"column":24},"end":{"line":272,"column":null}},"loc":{"start":{"line":272,"column":24},"end":{"line":286,"column":4}}},"16":{"name":"(anonymous_17)","decl":{"start":{"line":294,"column":13},"end":{"line":294,"column":22}},"loc":{"start":{"line":294,"column":24},"end":{"line":301,"column":null}}},"17":{"name":"(anonymous_18)","decl":{"start":{"line":294,"column":24},"end":{"line":294,"column":null}},"loc":{"start":{"line":294,"column":24},"end":{"line":301,"column":4}}},"18":{"name":"(anonymous_19)","decl":{"start":{"line":483,"column":13},"end":{"line":483,"column":22}},"loc":{"start":{"line":483,"column":24},"end":{"line":485,"column":null}}},"19":{"name":"(anonymous_20)","decl":{"start":{"line":483,"column":24},"end":{"line":483,"column":null}},"loc":{"start":{"line":483,"column":24},"end":{"line":485,"column":4}}},"20":{"name":"(anonymous_21)","decl":{"start":{"line":493,"column":13},"end":{"line":493,"column":22}},"loc":{"start":{"line":493,"column":24},"end":{"line":495,"column":null}}},"21":{"name":"(anonymous_22)","decl":{"start":{"line":493,"column":24},"end":{"line":493,"column":null}},"loc":{"start":{"line":493,"column":24},"end":{"line":495,"column":4}}},"22":{"name":"(anonymous_23)","decl":{"start":{"line":504,"column":1},"end":{"line":504,"column":9}},"loc":{"start":{"line":504,"column":9},"end":{"line":512,"column":2}}},"23":{"name":"(anonymous_24)","decl":{"start":{"line":514,"column":7},"end":{"line":514,"column":28}},"loc":{"start":{"line":514,"column":67},"end":{"line":687,"column":null}}},"24":{"name":"(anonymous_26)","decl":{"start":{"line":567,"column":57},"end":{"line":567,"column":58}},"loc":{"start":{"line":567,"column":73},"end":{"line":659,"column":5}}},"25":{"name":"(anonymous_27)","decl":{"start":{"line":690,"column":7},"end":{"line":690,"column":22}},"loc":{"start":{"line":690,"column":22},"end":{"line":714,"column":null}}},"26":{"name":"(anonymous_29)","decl":{"start":{"line":716,"column":7},"end":{"line":716,"column":36}},"loc":{"start":{"line":716,"column":36},"end":{"line":735,"column":null}}},"27":{"name":"(anonymous_31)","decl":{"start":{"line":737,"column":7},"end":{"line":737,"column":37}},"loc":{"start":{"line":737,"column":37},"end":{"line":767,"column":null}}},"28":{"name":"(anonymous_33)","decl":{"start":{"line":769,"column":7},"end":{"line":769,"column":22}},"loc":{"start":{"line":769,"column":49},"end":{"line":792,"column":null}}},"29":{"name":"(anonymous_35)","decl":{"start":{"line":794,"column":7},"end":{"line":794,"column":19}},"loc":{"start":{"line":794,"column":19},"end":{"line":797,"column":null}}},"30":{"name":"(anonymous_37)","decl":{"start":{"line":800,"column":7},"end":{"line":800,"column":19}},"loc":{"start":{"line":800,"column":19},"end":{"line":802,"column":null}}},"31":{"name":"(anonymous_39)","decl":{"start":{"line":805,"column":7},"end":{"line":805,"column":22}},"loc":{"start":{"line":805,"column":34},"end":{"line":809,"column":null}}},"32":{"name":"(anonymous_41)","decl":{"start":{"line":812,"column":7},"end":{"line":812,"column":23}},"loc":{"start":{"line":812,"column":67},"end":{"line":886,"column":null}}},"33":{"name":"(anonymous_43)","decl":{"start":{"line":889,"column":7},"end":{"line":889,"column":23}},"loc":{"start":{"line":889,"column":46},"end":{"line":970,"column":null}}},"34":{"name":"(anonymous_45)","decl":{"start":{"line":973,"column":7},"end":{"line":973,"column":25}},"loc":{"start":{"line":973,"column":62},"end":{"line":1016,"column":null}}},"35":{"name":"(anonymous_47)","decl":{"start":{"line":1018,"column":7},"end":{"line":1018,"column":29}},"loc":{"start":{"line":1018,"column":66},"end":{"line":1049,"column":null}}},"36":{"name":"(anonymous_49)","decl":{"start":{"line":1051,"column":7},"end":{"line":1051,"column":38}},"loc":{"start":{"line":1051,"column":76},"end":{"line":1094,"column":null}}},"37":{"name":"(anonymous_51)","decl":{"start":{"line":1097,"column":7},"end":{"line":1097,"column":18}},"loc":{"start":{"line":1097,"column":31},"end":{"line":1204,"column":null}}},"38":{"name":"(anonymous_53)","decl":{"start":{"line":1206,"column":7},"end":{"line":1206,"column":22}},"loc":{"start":{"line":1206,"column":49},"end":{"line":1219,"column":null}}},"39":{"name":"(anonymous_55)","decl":{"start":{"line":1207,"column":16},"end":{"line":1207,"column":17}},"loc":{"start":{"line":1207,"column":35},"end":{"line":1218,"column":3}}},"40":{"name":"(anonymous_56)","decl":{"start":{"line":1222,"column":7},"end":{"line":1222,"column":32}},"loc":{"start":{"line":1222,"column":32},"end":{"line":1257,"column":null}}},"41":{"name":"(anonymous_58)","decl":{"start":{"line":1232,"column":27},"end":{"line":1232,"column":31}},"loc":{"start":{"line":1232,"column":35},"end":{"line":1232,"column":61}}},"42":{"name":"(anonymous_59)","decl":{"start":{"line":1240,"column":56},"end":{"line":1240,"column":57}},"loc":{"start":{"line":1240,"column":72},"end":{"line":1247,"column":5}}},"43":{"name":"(anonymous_60)","decl":{"start":{"line":1259,"column":7},"end":{"line":1259,"column":26}},"loc":{"start":{"line":1259,"column":47},"end":{"line":1275,"column":null}}},"44":{"name":"(anonymous_62)","decl":{"start":{"line":1277,"column":7},"end":{"line":1277,"column":21}},"loc":{"start":{"line":1277,"column":21},"end":{"line":1289,"column":null}}},"45":{"name":"(anonymous_64)","decl":{"start":{"line":1291,"column":7},"end":{"line":1291,"column":21}},"loc":{"start":{"line":1291,"column":21},"end":{"line":1299,"column":null}}},"46":{"name":"(anonymous_66)","decl":{"start":{"line":1301,"column":7},"end":{"line":1301,"column":34}},"loc":{"start":{"line":1301,"column":79},"end":{"line":1331,"column":null}}},"47":{"name":"isSameDay","decl":{"start":{"line":1335,"column":9},"end":{"line":1335,"column":18}},"loc":{"start":{"line":1335,"column":36},"end":{"line":1338,"column":1}}},"48":{"name":"isOneDayBefore","decl":{"start":{"line":1340,"column":9},"end":{"line":1340,"column":23}},"loc":{"start":{"line":1340,"column":41},"end":{"line":1344,"column":1}}},"49":{"name":"createAvatarFile","decl":{"start":{"line":1347,"column":15},"end":{"line":1347,"column":31}},"loc":{"start":{"line":1347,"column":58},"end":{"line":1521,"column":null}}},"50":{"name":"(anonymous_72)","decl":{"start":{"line":1527,"column":4},"end":{"line":1527,"column":16}},"loc":{"start":{"line":1527,"column":45},"end":{"line":1530,"column":5}}},"51":{"name":"(anonymous_73)","decl":{"start":{"line":1532,"column":4},"end":{"line":1532,"column":10}},"loc":{"start":{"line":1532,"column":10},"end":{"line":1535,"column":5}}},"52":{"name":"(anonymous_74)","decl":{"start":{"line":1537,"column":4},"end":{"line":1537,"column":11}},"loc":{"start":{"line":1537,"column":11},"end":{"line":1540,"column":5}}},"53":{"name":"replaceFormatStrings","decl":{"start":{"line":1544,"column":15},"end":{"line":1544,"column":35}},"loc":{"start":{"line":1544,"column":66},"end":{"line":1566,"column":null}}},"54":{"name":"rateDirectionForStatusPoints","decl":{"start":{"line":1568,"column":9},"end":{"line":1568,"column":37}},"loc":{"start":{"line":1568,"column":78},"end":{"line":1579,"column":1}}}},"branchMap":{"0":{"loc":{"start":{"line":52,"column":2},"end":{"line":87,"column":null}},"type":"if","locations":[{"start":{"line":52,"column":2},"end":{"line":87,"column":null}}]},"1":{"loc":{"start":{"line":98,"column":2},"end":{"line":251,"column":null}},"type":"if","locations":[{"start":{"line":98,"column":2},"end":{"line":251,"column":null}}]},"2":{"loc":{"start":{"line":125,"column":6},"end":{"line":128,"column":null}},"type":"if","locations":[{"start":{"line":125,"column":6},"end":{"line":128,"column":null}}]},"3":{"loc":{"start":{"line":125,"column":10},"end":{"line":125,"column":77}},"type":"binary-expr","locations":[{"start":{"line":125,"column":10},"end":{"line":125,"column":20}},{"start":{"line":125,"column":24},"end":{"line":125,"column":39}},{"start":{"line":125,"column":43},"end":{"line":125,"column":77}}]},"4":{"loc":{"start":{"line":148,"column":8},"end":{"line":155,"column":null}},"type":"if","locations":[{"start":{"line":148,"column":8},"end":{"line":155,"column":null}},{"start":{"line":152,"column":15},"end":{"line":155,"column":null}}]},"5":{"loc":{"start":{"line":152,"column":15},"end":{"line":155,"column":null}},"type":"if","locations":[{"start":{"line":152,"column":15},"end":{"line":155,"column":null}}]},"6":{"loc":{"start":{"line":157,"column":8},"end":{"line":165,"column":null}},"type":"if","locations":[{"start":{"line":157,"column":8},"end":{"line":165,"column":null}},{"start":{"line":161,"column":15},"end":{"line":165,"column":null}}]},"7":{"loc":{"start":{"line":157,"column":12},"end":{"line":157,"column":119}},"type":"binary-expr","locations":[{"start":{"line":157,"column":12},"end":{"line":157,"column":87}},{"start":{"line":157,"column":91},"end":{"line":157,"column":119}}]},"8":{"loc":{"start":{"line":161,"column":15},"end":{"line":165,"column":null}},"type":"if","locations":[{"start":{"line":161,"column":15},"end":{"line":165,"column":null}}]},"9":{"loc":{"start":{"line":167,"column":8},"end":{"line":175,"column":null}},"type":"if","locations":[{"start":{"line":167,"column":8},"end":{"line":175,"column":null}},{"start":{"line":171,"column":14},"end":{"line":175,"column":null}}]},"10":{"loc":{"start":{"line":171,"column":14},"end":{"line":175,"column":null}},"type":"if","locations":[{"start":{"line":171,"column":14},"end":{"line":175,"column":null}}]},"11":{"loc":{"start":{"line":177,"column":8},"end":{"line":185,"column":null}},"type":"if","locations":[{"start":{"line":177,"column":8},"end":{"line":185,"column":null}},{"start":{"line":181,"column":14},"end":{"line":185,"column":null}}]},"12":{"loc":{"start":{"line":181,"column":14},"end":{"line":185,"column":null}},"type":"if","locations":[{"start":{"line":181,"column":14},"end":{"line":185,"column":null}}]},"13":{"loc":{"start":{"line":187,"column":8},"end":{"line":195,"column":null}},"type":"if","locations":[{"start":{"line":187,"column":8},"end":{"line":195,"column":null}},{"start":{"line":191,"column":14},"end":{"line":195,"column":null}}]},"14":{"loc":{"start":{"line":191,"column":14},"end":{"line":195,"column":null}},"type":"if","locations":[{"start":{"line":191,"column":14},"end":{"line":195,"column":null}}]},"15":{"loc":{"start":{"line":197,"column":8},"end":{"line":205,"column":null}},"type":"if","locations":[{"start":{"line":197,"column":8},"end":{"line":205,"column":null}},{"start":{"line":201,"column":14},"end":{"line":205,"column":null}}]},"16":{"loc":{"start":{"line":201,"column":14},"end":{"line":205,"column":null}},"type":"if","locations":[{"start":{"line":201,"column":14},"end":{"line":205,"column":null}}]},"17":{"loc":{"start":{"line":217,"column":7},"end":{"line":220,"column":null}},"type":"if","locations":[{"start":{"line":217,"column":7},"end":{"line":220,"column":null}}]},"18":{"loc":{"start":{"line":217,"column":11},"end":{"line":217,"column":18}},"type":"cond-expr","locations":[{"start":{"line":217,"column":12},"end":{"line":217,"column":14}},{"start":{"line":217,"column":11},"end":{"line":217,"column":18}}]},"19":{"loc":{"start":{"line":217,"column":11},"end":{"line":217,"column":14}},"type":"binary-expr","locations":[{"start":{"line":217,"column":11},"end":{"line":217,"column":14}},{"start":{"line":217,"column":11},"end":{"line":217,"column":14}}]},"20":{"loc":{"start":{"line":223,"column":5},"end":{"line":226,"column":null}},"type":"if","locations":[{"start":{"line":223,"column":5},"end":{"line":226,"column":null}}]},"21":{"loc":{"start":{"line":253,"column":2},"end":{"line":265,"column":null}},"type":"if","locations":[{"start":{"line":253,"column":2},"end":{"line":265,"column":null}}]},"22":{"loc":{"start":{"line":508,"column":2},"end":{"line":511,"column":null}},"type":"if","locations":[{"start":{"line":508,"column":2},"end":{"line":511,"column":null}}]},"23":{"loc":{"start":{"line":516,"column":3},"end":{"line":518,"column":null}},"type":"if","locations":[{"start":{"line":516,"column":3},"end":{"line":518,"column":null}}]},"24":{"loc":{"start":{"line":525,"column":24},"end":{"line":525,"column":53}},"type":"cond-expr","locations":[{"start":{"line":525,"column":34},"end":{"line":525,"column":36}},{"start":{"line":525,"column":24},"end":{"line":525,"column":53}}]},"25":{"loc":{"start":{"line":525,"column":24},"end":{"line":525,"column":36}},"type":"binary-expr","locations":[{"start":{"line":525,"column":24},"end":{"line":525,"column":36}},{"start":{"line":525,"column":24},"end":{"line":525,"column":36}}]},"26":{"loc":{"start":{"line":526,"column":20},"end":{"line":526,"column":45}},"type":"cond-expr","locations":[{"start":{"line":526,"column":30},"end":{"line":526,"column":32}},{"start":{"line":526,"column":20},"end":{"line":526,"column":45}}]},"27":{"loc":{"start":{"line":526,"column":20},"end":{"line":526,"column":32}},"type":"binary-expr","locations":[{"start":{"line":526,"column":20},"end":{"line":526,"column":32}},{"start":{"line":526,"column":20},"end":{"line":526,"column":32}}]},"28":{"loc":{"start":{"line":532,"column":3},"end":{"line":541,"column":null}},"type":"if","locations":[{"start":{"line":532,"column":3},"end":{"line":541,"column":null}}]},"29":{"loc":{"start":{"line":532,"column":7},"end":{"line":532,"column":59}},"type":"binary-expr","locations":[{"start":{"line":532,"column":7},"end":{"line":532,"column":33}},{"start":{"line":532,"column":37},"end":{"line":532,"column":59}}]},"30":{"loc":{"start":{"line":537,"column":4},"end":{"line":540,"column":null}},"type":"if","locations":[{"start":{"line":537,"column":4},"end":{"line":540,"column":null}}]},"31":{"loc":{"start":{"line":537,"column":8},"end":{"line":537,"column":50}},"type":"binary-expr","locations":[{"start":{"line":537,"column":8},"end":{"line":537,"column":29}},{"start":{"line":537,"column":33},"end":{"line":537,"column":50}}]},"32":{"loc":{"start":{"line":550,"column":3},"end":{"line":682,"column":null}},"type":"if","locations":[{"start":{"line":550,"column":3},"end":{"line":682,"column":null}},{"start":{"line":680,"column":10},"end":{"line":682,"column":null}}]},"33":{"loc":{"start":{"line":552,"column":38},"end":{"line":552,"column":53}},"type":"cond-expr","locations":[{"start":{"line":552,"column":47},"end":{"line":552,"column":51}},{"start":{"line":552,"column":51},"end":{"line":552,"column":53}}]},"34":{"loc":{"start":{"line":552,"column":38},"end":{"line":552,"column":51}},"type":"binary-expr","locations":[{"start":{"line":552,"column":38},"end":{"line":552,"column":51}},{"start":{"line":552,"column":47},"end":{"line":552,"column":51}}]},"35":{"loc":{"start":{"line":568,"column":6},"end":{"line":658,"column":null}},"type":"if","locations":[{"start":{"line":568,"column":6},"end":{"line":658,"column":null}}]},"36":{"loc":{"start":{"line":576,"column":6},"end":{"line":588,"column":null}},"type":"if","locations":[{"start":{"line":576,"column":6},"end":{"line":588,"column":null}},{"start":{"line":582,"column":13},"end":{"line":588,"column":null}}]},"37":{"loc":{"start":{"line":582,"column":13},"end":{"line":588,"column":null}},"type":"if","locations":[{"start":{"line":582,"column":13},"end":{"line":588,"column":null}}]},"38":{"loc":{"start":{"line":590,"column":6},"end":{"line":599,"column":null}},"type":"if","locations":[{"start":{"line":590,"column":6},"end":{"line":599,"column":null}},{"start":{"line":595,"column":13},"end":{"line":599,"column":null}}]},"39":{"loc":{"start":{"line":590,"column":10},"end":{"line":590,"column":117}},"type":"binary-expr","locations":[{"start":{"line":590,"column":10},"end":{"line":590,"column":85}},{"start":{"line":590,"column":89},"end":{"line":590,"column":117}}]},"40":{"loc":{"start":{"line":595,"column":13},"end":{"line":599,"column":null}},"type":"if","locations":[{"start":{"line":595,"column":13},"end":{"line":599,"column":null}}]},"41":{"loc":{"start":{"line":601,"column":6},"end":{"line":610,"column":null}},"type":"if","locations":[{"start":{"line":601,"column":6},"end":{"line":610,"column":null}},{"start":{"line":606,"column":12},"end":{"line":610,"column":null}}]},"42":{"loc":{"start":{"line":606,"column":12},"end":{"line":610,"column":null}},"type":"if","locations":[{"start":{"line":606,"column":12},"end":{"line":610,"column":null}}]},"43":{"loc":{"start":{"line":612,"column":6},"end":{"line":621,"column":null}},"ty
[...]
olumn":9},"end":{"line":266,"column":null}},{"start":{"line":256,"column":9},"end":{"line":266,"column":null}}]},"51":{"loc":{"start":{"line":256,"column":9},"end":{"line":266,"column":null}},"type":"if","locations":[{"start":{"line":256,"column":9},"end":{"line":266,"column":null}},{"start":{"line":258,"column":9},"end":{"line":266,"column":null}}]},"52":{"loc":{"start":{"line":258,"column":9},"end":{"line":266,"column":null}},"type":"if","locations":[{"start":{"line":258,"column":9},"end":{"line":266,"column":null}},{"start":{"line":260,"column":9},"end":{"line":266,"column":null}}]},"53":{"loc":{"start":{"line":260,"column":9},"end":{"line":266,"column":null}},"type":"if","locations":[{"start":{"line":260,"column":9},"end":{"line":266,"column":null}},{"start":{"line":262,"column":9},"end":{"line":266,"column":null}}]},"54":{"loc":{"start":{"line":262,"column":9},"end":{"line":266,"column":null}},"type":"if","locations":[{"start":{"line":262,"column":9},"end":{"line":266,"column":null}},{"start":{"line":264,"column":9},"end":{"line":266,"column":null}}]},"55":{"loc":{"start":{"line":271,"column":1},"end":{"line":287,"column":null}},"type":"if","locations":[{"start":{"line":271,"column":1},"end":{"line":287,"column":null}},{"start":{"line":273,"column":8},"end":{"line":287,"column":null}}]},"56":{"loc":{"start":{"line":273,"column":8},"end":{"line":287,"column":null}},"type":"if","locations":[{"start":{"line":273,"column":8},"end":{"line":287,"column":null}},{"start":{"line":275,"column":8},"end":{"line":287,"column":null}}]},"57":{"loc":{"start":{"line":275,"column":8},"end":{"line":287,"column":null}},"type":"if","locations":[{"start":{"line":275,"column":8},"end":{"line":287,"column":null}},{"start":{"line":277,"column":8},"end":{"line":287,"column":null}}]},"58":{"loc":{"start":{"line":277,"column":8},"end":{"line":287,"column":null}},"type":"if","locations":[{"start":{"line":277,"column":8},"end":{"line":287,"column":null}},{"start":{"line":279,"column":8},"end":{"line":287,"column":null}}]},"59":{"loc":{"start":{"line":279,"column":8},"end":{"line":287,"column":null}},"type":"if","locations":[{"start":{"line":279,"column":8},"end":{"line":287,"column":null}},{"start":{"line":281,"column":8},"end":{"line":287,"column":null}}]},"60":{"loc":{"start":{"line":281,"column":8},"end":{"line":287,"column":null}},"type":"if","locations":[{"start":{"line":281,"column":8},"end":{"line":287,"column":null}},{"start":{"line":283,"column":8},"end":{"line":287,"column":null}}]},"61":{"loc":{"start":{"line":283,"column":8},"end":{"line":287,"column":null}},"type":"if","locations":[{"start":{"line":283,"column":8},"end":{"line":287,"column":null}},{"start":{"line":285,"column":8},"end":{"line":287,"column":null}}]},"62":{"loc":{"start":{"line":293,"column":1},"end":{"line":295,"column":null}},"type":"if","locations":[{"start":{"line":293,"column":1},"end":{"line":295,"column":null}}]},"63":{"loc":{"start":{"line":296,"column":17},"end":{"line":296,"column":66}},"type":"cond-expr","locations":[{"start":{"line":296,"column":59},"end":{"line":296,"column":61}},{"start":{"line":296,"column":59},"end":{"line":296,"column":66}}]},"64":{"loc":{"start":{"line":296,"column":17},"end":{"line":296,"column":61}},"type":"binary-expr","locations":[{"start":{"line":296,"column":17},"end":{"line":296,"column":61}},{"start":{"line":296,"column":59},"end":{"line":296,"column":61}}]},"65":{"loc":{"start":{"line":297,"column":8},"end":{"line":297,"column":49}},"type":"cond-expr","locations":[{"start":{"line":297,"column":18},"end":{"line":297,"column":45}},{"start":{"line":297,"column":48},"end":{"line":297,"column":49}}]},"66":{"loc":{"start":{"line":315,"column":2},"end":{"line":317,"column":null}},"type":"if","locations":[{"start":{"line":315,"column":2},"end":{"line":317,"column":null}}]},"67":{"loc":{"start":{"line":364,"column":13},"end":{"line":364,"column":27}},"type":"binary-expr","locations":[{"start":{"line":364,"column":13},"end":{"line":364,"column":21}},{"start":{"line":364,"column":25},"end":{"line":364,"column":27}}]},"68":{"loc":{"start":{"line":366,"column":3},"end":{"line":383,"column":null}},"type":"if","locations":[{"start":{"line":366,"column":3},"end":{"line":383,"column":null}},{"start":{"line":369,"column":8},"end":{"line":383,"column":null}}]},"69":{"loc":{"start":{"line":371,"column":4},"end":{"line":373,"column":null}},"type":"if","locations":[{"start":{"line":371,"column":4},"end":{"line":373,"column":null}}]},"70":{"loc":{"start":{"line":371,"column":8},"end":{"line":371,"column":50}},"type":"binary-expr","locations":[{"start":{"line":371,"column":8},"end":{"line":371,"column":29}},{"start":{"line":371,"column":33},"end":{"line":371,"column":50}}]},"71":{"loc":{"start":{"line":378,"column":5},"end":{"line":381,"column":null}},"type":"if","locations":[{"start":{"line":378,"column":5},"end":{"line":381,"column":null}}]},"72":{"loc":{"start":{"line":378,"column":9},"end":{"line":378,"column":101}},"type":"binary-expr","locations":[{"start":{"line":378,"column":9},"end":{"line":378,"column":54}},{"start":{"line":378,"column":58},"end":{"line":378,"column":101}}]},"73":{"loc":{"start":{"line":400,"column":49},"end":{"line":400,"column":63}},"type":"cond-expr","locations":[{"start":{"line":400,"column":58},"end":{"line":400,"column":62}},{"start":{"line":400,"column":62},"end":{"line":400,"column":63}}]},"74":{"loc":{"start":{"line":400,"column":49},"end":{"line":400,"column":62}},"type":"binary-expr","locations":[{"start":{"line":400,"column":49},"end":{"line":400,"column":62}},{"start":{"line":400,"column":58},"end":{"line":400,"column":62}}]},"75":{"loc":{"start":{"line":414,"column":1},"end":{"line":418,"column":null}},"type":"if","locations":[{"start":{"line":414,"column":1},"end":{"line":418,"column":null}},{"start":{"line":416,"column":8},"end":{"line":418,"column":null}}]},"76":{"loc":{"start":{"line":423,"column":1},"end":{"line":427,"column":null}},"type":"if","locations":[{"start":{"line":423,"column":1},"end":{"line":427,"column":null}},{"start":{"line":425,"column":8},"end":{"line":427,"column":null}}]},"77":{"loc":{"start":{"line":438,"column":29},"end":{"line":438,"column":60}},"type":"binary-expr","locations":[{"start":{"line":438,"column":29},"end":{"line":438,"column":55}},{"start":{"line":438,"column":59},"end":{"line":438,"column":60}}]},"78":{"loc":{"start":{"line":444,"column":8},"end":{"line":452,"column":null}},"type":"if","locations":[{"start":{"line":444,"column":8},"end":{"line":452,"column":null}}]},"79":{"loc":{"start":{"line":444,"column":12},"end":{"line":445,"column":71}},"type":"binary-expr","locations":[{"start":{"line":444,"column":12},"end":{"line":444,"column":83}},{"start":{"line":445,"column":12},"end":{"line":445,"column":71}}]},"80":{"loc":{"start":{"line":449,"column":33},"end":{"line":449,"column":64}},"type":"binary-expr","locations":[{"start":{"line":449,"column":33},"end":{"line":449,"column":59}},{"start":{"line":449,"column":63},"end":{"line":449,"column":64}}]},"81":{"loc":{"start":{"line":466,"column":1},"end":{"line":470,"column":null}},"type":"if","locations":[{"start":{"line":466,"column":1},"end":{"line":470,"column":null}},{"start":{"line":468,"column":8},"end":{"line":470,"column":null}}]},"82":{"loc":{"start":{"line":474,"column":1},"end":{"line":478,"column":null}},"type":"if","locations":[{"start":{"line":474,"column":1},"end":{"line":478,"column":null}},{"start":{"line":476,"column":8},"end":{"line":478,"column":null}}]},"83":{"loc":{"start":{"line":487,"column":2},"end":{"line":491,"column":null}},"type":"if","locations":[{"start":{"line":487,"column":2},"end":{"line":491,"column":null}}]},"84":{"loc":{"start":{"line":487,"column":6},"end":{"line":488,"column":71}},"type":"binary-expr","locations":[{"start":{"line":487,"column":7},"end":{"line":487,"column":78}},{"start":{"line":487,"column":82},"end":{"line":487,"column":105}},{"start":{"line":488,"column":12},"end":{"line":488,"column":71}}]}},"s":{"0":0,"1":0,"2":0,"3":0,"4":0,"5":0,"6":0,"7":0,"8":0,"9":0,"10":0,"11":0,"12":0,"13":0,"14":0,"15":0,"16":0,"17":0,"18":0,"19":0,"20":0,"21":0,"22":0,"23":0,"24":0,"25":0,"26":0,"27":0,"28":0,"29":0,"30":0,"31":0,"32":0,"33":0,"34":0,"35":0,"36":0,"37":0,"38":0,"39":0,"40":0,"41":0,"42":0,"43":0,"44":0,"45":0,"46":0,"47":0,"48":0,"49":0,"50":0,"51":0,"52":0,"53":0,"54":0,"55":0,"56":0,"57":0,"58":0,"59":0,"60":0,"61":0,"62":0,"63":0,"64":0,"65":0,"66":0,"67":0,"68":0,"69":0,"70":0,"71":0,"72":0,"73":0,"74":0,"75":0,"76":0,"77":0,"78":0,"79":0,"80":0,"81":0,"82":0,"83":0,"84":0,"85":0,"86":0,"87":0,"88":0,"89":0,"90":0,"91":0,"92":0,"93":0,"94":0,"95":0,"96":0,"97":0,"98":0,"99":0,"100":0,"101":0,"102":0,"103":0,"104":0,"105":0,"106":0,"107":0,"108":0,"109":0,"110":0,"111":0,"112":0,"113":0,"114":0,"115":0,"116":0,"117":0,"118":0,"119":0,"120":0,"121":0,"122":0,"123":0,"124":0,"125":0,"126":0,"127":0,"128":0,"129":0,"130":0,"131":0,"132":0,"133":0,"134":0,"135":0,"136":0,"137":0,"138":0,"139":0,"140":0,"141":0,"142":0,"143":0,"144":0,"145":0,"146":0,"147":0,"148":0,"149":0,"150":0,"151":0,"152":0,"153":0,"154":0,"155":0,"156":0,"157":0,"158":0,"159":0,"160":0,"161":0,"162":0,"163":0,"164":0,"165":0,"166":0,"167":0,"168":0,"169":0,"170":0,"171":0,"172":0,"173":0,"174":0,"175":0,"176":0,"177":0,"178":0,"179":0,"180":0,"181":0,"182":0,"183":0,"184":0,"185":0,"186":0,"187":0,"188":0,"189":0,"190":0,"191":0,"192":0,"193":0,"194":0,"195":0,"196":0,"197":0,"198":0,"199":0,"200":0,"201":0,"202":0,"203":0,"204":0,"205":0,"206":0,"207":0,"208":0,"209":0,"210":0,"211":0,"212":0,"213":0,"214":0,"215":0,"216":0,"217":0,"218":0,"219":0,"220":0,"221":0,"222":0,"223":0,"224":0,"225":0,"226":0,"227":0,"228":0,"229":0,"230":0,"231":0,"232":0,"233":0,"234":0,"235":0,"236":0,"237":0,"238":0,"239":0,"240":0,"241":0,"242":0,"243":0,"244":0,"245":0,"246":0,"247":0,"248":0,"249":0,"250":0,"251":0,"252":0,"253":0,"254":0,"255":0,"256":0,"257":0,"258":0,"259":0,"260":0,"261":0,"262":0,"263":0,"264":0,"265":0,"266":0,"267":0,"268":0,"269":0,"270":0},"f":{"0":0,"1":0,"2":0,"3":0,"4":0,"5":0,"6":0,"7":0,"8":0,"9":0,"10":0,"11":0,"12":0,"13":0,"14":0,"15":0,"16":0,"17":0,"18":0,"19":0,"20":0,"21":0,"22":0,"23":0,"24":0,"25":0,"26":0,"27":0,"28":0,"29":0,"30":0},"b":{"0":[0,0],"1":[0,0],"2":[0,0],"3":[0,0],"4":[0,0],"5":[0,0],"6":[0,0],"7":[0,0],"8":[0,0],"9":[0,0],"10":[0,0],"11":[0,0],"12":[0,0],"13":[0,0],"14":[0,0],"15":[0,0],"16":[0,0],"17":[0,0,0,0],"18":[0,0],"19":[0,0],"20":[0],"21":[0],"22":[0],"23":[0],"24":[0],"25":[0,0],"26":[0,0],"27":[0,0],"28":[0,0],"29":[0,0],"30":[0,0],"31":[0,0],"32":[0,0],"33":[0,0],"34":[0,0],"35":[0,0],"36":[0,0],"37":[0,0],"38":[0,0],"39":[0,0],"40":[0,0],"41":[0,0],"42":[0,0],"43":[0,0],"44":[0,0],"45":[0,0],"46":[0,0],"47":[0,0],"48":[0,0],"49":[0,0],"50":[0,0],"51":[0,0],"52":[0,0],"53":[0,0],"54":[0,0],"55":[0,0],"56":[0,0],"57":[0,0],"58":[0,0],"59":[0,0],"60":[0,0],"61":[0,0],"62":[0],"63":[0,0],"64":[0,0],"65":[0,0],"66":[0],"67":[0,0],"68":[0,0],"69":[0],"70":[0,0],"71":[0],"72":[0,0],"73":[0,0],"74":[0,0],"75":[0,0],"76":[0,0],"77":[0,0],"78":[0],"79":[0,0],"80":[0,0],"81":[0,0],"82":[0,0],"83":[0],"84":[0,0,0]}}
,"C:\\zk-gamification\\.obsidian\\plugins\\obsidian-gamified-pkm\\src\\settings.ts": {"path":"C:\\zk-gamification\\.obsidian\\plugins\\obsidian-gamified-pkm\\src\\settings.ts","statementMap":{"0":{"start":{"line":1,"column":0},"end":{"line":1,"column":58}},"1":{"start":{"line":4,"column":13},"end":{"line":27,"column":2}},"2":{"start":{"line":82,"column":3},"end":{"line":82,"column":22}},"3":{"start":{"line":83,"column":3},"end":{"line":83,"column":24}},"4":{"start":{"line":87,"column":26},"end":{"line":87,"column":30}},"5":{"start":{"line":88,"column":2},"end":{"line":88,"column":46}},"6":{"start":{"line":89,"column":2},"end":{"line":89,"column":27}},"7":{"start":{"line":91,"column":20},"end":{"line":91,"column":51}},"8":{"start":{"line":92,"column":2},"end":{"line":92,"column":38}},"9":{"start":{"line":93,"column":21},"end":{"line":95,"column":4}},"10":{"start":{"line":96,"column":20},"end":{"line":100,"column":4}},"11":{"start":{"line":101,"column":2},"end":{"line":101,"column":24}},"12":{"start":{"line":106,"column":2},"end":{"line":106,"column":69}},"13":{"start":{"line":107,"column":2},"end":{"line":107,"column":null}},"14":{"start":{"line":108,"column":2},"end":{"line":117,"column":8}},"15":{"start":{"line":111,"column":20},"end":{"line":117,"column":6}},"16":{"start":{"line":114,"column":30},"end":{"line":117,"column":6}},"17":{"start":{"line":115,"column":5},"end":{"line":115,"column":46}},"18":{"start":{"line":116,"column":5},"end":{"line":116,"column":38}},"19":{"start":{"line":120,"column":2},"end":{"line":130,"column":8}},"20":{"start":{"line":123,"column":20},"end":{"line":130,"column":6}},"21":{"start":{"line":126,"column":30},"end":{"line":130,"column":6}},"22":{"start":{"line":128,"column":5},"end":{"line":128,"column":48}},"23":{"start":{"line":129,"column":5},"end":{"line":129,"column":38}},"24":{"start":{"line":132,"column":2},"end":{"line":142,"column":8}},"25":{"start":{"line":135,"column":20},"end":{"line":142,"column":6}},"26":{"start":{"line":138,"column":31},"end":{"line":142,"column":6}},"27":{"start":{"line":140,"column":6},"end":{"line":140,"column":50}},"28":{"start":{"line":141,"column":6},"end":{"line":141,"column":39}},"29":{"start":{"line":144,"column":4},"end":{"line":144,"column":59}},"30":{"start":{"line":145,"column":2},"end":{"line":155,"column":5}},"31":{"start":{"line":149,"column":4},"end":{"line":154,"column":15}},"32":{"start":{"line":152,"column":15},"end":{"line":152,"column":62}},"33":{"start":{"line":153,"column":15},"end":{"line":153,"column":58}},"34":{"start":{"line":158,"column":2},"end":{"line":167,"column":8}},"35":{"start":{"line":161,"column":20},"end":{"line":167,"column":6}},"36":{"start":{"line":164,"column":31},"end":{"line":167,"column":6}},"37":{"start":{"line":165,"column":6},"end":{"line":165,"column":68}},"38":{"start":{"line":166,"column":6},"end":{"line":166,"column":39}},"39":{"start":{"line":171,"column":2},"end":{"line":189,"column":7}},"40":{"start":{"line":174,"column":20},"end":{"line":181,"column":6}},"41":{"start":{"line":177,"column":31},"end":{"line":181,"column":6}},"42":{"start":{"line":179,"column":6},"end":{"line":179,"column":56}},"43":{"start":{"line":180,"column":6},"end":{"line":180,"column":39}},"44":{"start":{"line":182,"column":20},"end":{"line":189,"column":5}},"45":{"start":{"line":185,"column":31},"end":{"line":189,"column":5}},"46":{"start":{"line":187,"column":6},"end":{"line":187,"column":56}},"47":{"start":{"line":188,"column":6},"end":{"line":188,"column":39}},"48":{"start":{"line":55,"column":0},"end":{"line":55,"column":13}}},"fnMap":{"0":{"name":"(anonymous_0)","decl":{"start":{"line":81,"column":1},"end":{"line":81,"column":13}},"loc":{"start":{"line":81,"column":43},"end":{"line":84,"column":2}}},"1":{"name":"(anonymous_1)","decl":{"start":{"line":86,"column":8},"end":{"line":86,"column":15}},"loc":{"start":{"line":86,"column":15},"end":{"line":191,"column":2}}},"2":{"name":"(anonymous_2)","decl":{"start":{"line":111,"column":12},"end":{"line":111,"column":16}},"loc":{"start":{"line":111,"column":20},"end":{"line":117,"column":6}}},"3":{"name":"(anonymous_3)","decl":{"start":{"line":114,"column":14},"end":{"line":114,"column":21}},"loc":{"start":{"line":114,"column":30},"end":{"line":117,"column":6}}},"4":{"name":"(anonymous_4)","decl":{"start":{"line":114,"column":30},"end":{"line":114,"column":null}},"loc":{"start":{"line":114,"column":30},"end":{"line":117,"column":5}}},"5":{"name":"(anonymous_5)","decl":{"start":{"line":123,"column":12},"end":{"line":123,"column":16}},"loc":{"start":{"line":123,"column":20},"end":{"line":130,"column":6}}},"6":{"name":"(anonymous_6)","decl":{"start":{"line":126,"column":14},"end":{"line":126,"column":21}},"loc":{"start":{"line":126,"column":30},"end":{"line":130,"column":6}}},"7":{"name":"(anonymous_7)","decl":{"start":{"line":126,"column":30},"end":{"line":126,"column":null}},"loc":{"start":{"line":126,"column":30},"end":{"line":130,"column":5}}},"8":{"name":"(anonymous_8)","decl":{"start":{"line":135,"column":12},"end":{"line":135,"column":16}},"loc":{"start":{"line":135,"column":20},"end":{"line":142,"column":6}}},"9":{"name":"(anonymous_9)","decl":{"start":{"line":138,"column":15},"end":{"line":138,"column":22}},"loc":{"start":{"line":138,"column":31},"end":{"line":142,"column":6}}},"10":{"name":"(anonymous_10)","decl":{"start":{"line":138,"column":31},"end":{"line":138,"column":null}},"loc":{"start":{"line":138,"column":31},"end":{"line":142,"column":5}}},"11":{"name":"(anonymous_11)","decl":{"start":{"line":148,"column":14},"end":{"line":148,"column":15}},"loc":{"start":{"line":149,"column":4},"end":{"line":154,"column":15}}},"12":{"name":"(anonymous_12)","decl":{"start":{"line":151,"column":21},"end":{"line":151,"column":22}},"loc":{"start":{"line":151,"column":31},"end":{"line":154,"column":14}}},"13":{"name":"(anonymous_13)","decl":{"start":{"line":161,"column":12},"end":{"line":161,"column":16}},"loc":{"start":{"line":161,"column":20},"end":{"line":167,"column":6}}},"14":{"name":"(anonymous_14)","decl":{"start":{"line":164,"column":15},"end":{"line":164,"column":22}},"loc":{"start":{"line":164,"column":31},"end":{"line":167,"column":6}}},"15":{"name":"(anonymous_15)","decl":{"start":{"line":164,"column":31},"end":{"line":164,"column":null}},"loc":{"start":{"line":164,"column":31},"end":{"line":167,"column":5}}},"16":{"name":"(anonymous_16)","decl":{"start":{"line":174,"column":12},"end":{"line":174,"column":16}},"loc":{"start":{"line":174,"column":20},"end":{"line":181,"column":6}}},"17":{"name":"(anonymous_17)","decl":{"start":{"line":177,"column":15},"end":{"line":177,"column":22}},"loc":{"start":{"line":177,"column":31},"end":{"line":181,"column":6}}},"18":{"name":"(anonymous_18)","decl":{"start":{"line":177,"column":31},"end":{"line":177,"column":null}},"loc":{"start":{"line":177,"column":31},"end":{"line":181,"column":5}}},"19":{"name":"(anonymous_19)","decl":{"start":{"line":182,"column":12},"end":{"line":182,"column":16}},"loc":{"start":{"line":182,"column":20},"end":{"line":189,"column":5}}},"20":{"name":"(anonymous_20)","decl":{"start":{"line":185,"column":15},"end":{"line":185,"column":22}},"loc":{"start":{"line":185,"column":31},"end":{"line":189,"column":5}}},"21":{"name":"(anonymous_21)","decl":{"start":{"line":185,"column":31},"end":{"line":185,"column":null}},"loc":{"start":{"line":185,"column":31},"end":{"line":189,"column":4}}}},"branchMap":{},"s":{"0":0,"1":0,"2":0,"3":0,"4":0,"5":0,"6":0,"7":0,"8":0,"9":0,"10":0,"11":0,"12":0,"13":0,"14":0,"15":0,"16":0,"17":0,"18":0,"19":0,"20":0,"21":0,"22":0,"23":0,"24":0,"25":0,"26":0,"27":0,"28":0,"29":0,"30":0,"31":0,"32":0,"33":0,"34":0,"35":0,"36":0,"37":0,"38":0,"39":0,"40":0,"41":0,"42":0,"43":0,"44":0,"45":0,"46":0,"47":0,"48":0},"f":{"0":0,"1":0,"2":0,"3":0,"4":0,"5":0,"6":0,"7":0,"8":0,"9":0,"10":0,"11":0,"12":0,"13":0,"14":0,"15":0,"16":0,"17":0,"18":0,"19":0,"20":0,"21":0},"b":{}}
,"C:\\zk-gamification\\.obsidian\\plugins\\obsidian-gamified-pkm\\src\\utils.ts": {"path":"C:\\zk-gamification\\.obsidian\\plugins\\obsidian-gamified-pkm\\src\\utils.ts","statementMap":{"0":{"start":{"line":7,"column":2},"end":{"line":7,"column":39}},"1":{"start":{"line":6,"column":0},"end":{"line":6,"column":16}},"2":{"start":{"line":11,"column":2},"end":{"line":11,"column":25}},"3":{"start":{"line":10,"column":0},"end":{"line":10,"column":16}}},"fnMap":{"0":{"name":"onlyUniqueArray","decl":{"start":{"line":6,"column":16},"end":{"line":6,"column":31}},"loc":{"start":{"line":6,"column":69},"end":{"line":8,"column":1}}},"1":{"name":"isTFile","decl":{"start":{"line":10,"column":16},"end":{"line":10,"column":23}},"loc":{"start":{"line":10,"column":44},"end":{"line":12,"column":1}}}},"branchMap":{},"s":{"0":0,"1":0,"2":0,"3":0},"f":{"0":0,"1":0},"b":{}}
}
