{"C:\\zk-gamification\\.obsidian\\plugins\\obsidian-gamified-pkm\\src\\badges.ts": {"path":"C:\\zk-gamification\\.obsidian\\plugins\\obsidian-gamified-pkm\\src\\badges.ts","statementMap":{"0":{"start":{"line":8,"column":32},"end":{"line":8,"column":80}},"1":{"start":{"line":9,"column":21},"end":{"line":9,"column":26}},"2":{"start":{"line":10,"column":2},"end":{"line":14,"column":null}},"3":{"start":{"line":10,"column":13},"end":{"line":10,"column":14}},"4":{"start":{"line":11,"column":4},"end":{"line":13,"column":null}},"5":{"start":{"line":12,"column":6},"end":{"line":12,"column":null}},"6":{"start":{"line":15,"column":2},"end":{"line":15,"column":null}},"7":{"start":{"line":7,"column":0},"end":{"line":7,"column":16}},"8":{"start":{"line":19,"column":34},"end":{"line":19,"column":82}},"9":{"start":{"line":20,"column":32},"end":{"line":33,"column":6}},"10":{"start":{"line":35,"column":16},"end":{"line":35,"column":17}},"11":{"start":{"line":36,"column":4},"end":{"line":42,"column":null}},"12":{"start":{"line":36,"column":17},"end":{"line":36,"column":18}},"13":{"start":{"line":37,"column":6},"end":{"line":41,"column":null}},"14":{"start":{"line":38,"column":8},"end":{"line":38,"column":18}},"15":{"start":{"line":40,"column":8},"end":{"line":40,"column":14}},"16":{"start":{"line":43,"column":4},"end":{"line":43,"column":null}},"17":{"start":{"line":18,"column":0},"end":{"line":18,"column":16}},"18":{"start":{"line":49,"column":34},"end":{"line":49,"column":88}},"19":{"start":{"line":50,"column":36},"end":{"line":65,"column":6}},"20":{"start":{"line":67,"column":16},"end":{"line":67,"column":17}},"21":{"start":{"line":68,"column":4},"end":{"line":74,"column":null}},"22":{"start":{"line":68,"column":17},"end":{"line":68,"column":18}},"23":{"start":{"line":69,"column":6},"end":{"line":73,"column":null}},"24":{"start":{"line":70,"column":8},"end":{"line":70,"column":18}},"25":{"start":{"line":72,"column":8},"end":{"line":72,"column":14}},"26":{"start":{"line":75,"column":4},"end":{"line":75,"column":null}},"27":{"start":{"line":48,"column":2},"end":{"line":48,"column":19}}},"fnMap":{"0":{"name":"checkIfReceiveABadge","decl":{"start":{"line":7,"column":16},"end":{"line":7,"column":36}},"loc":{"start":{"line":7,"column":71},"end":{"line":16,"column":1}}},"1":{"name":"getBadgeForLevel","decl":{"start":{"line":18,"column":16},"end":{"line":18,"column":32}},"loc":{"start":{"line":18,"column":63},"end":{"line":44,"column":3}}},"2":{"name":"getBadgeForInitLevel","decl":{"start":{"line":48,"column":19},"end":{"line":48,"column":39}},"loc":{"start":{"line":48,"column":53},"end":{"line":76,"column":3}}}},"branchMap":{"0":{"loc":{"start":{"line":11,"column":4},"end":{"line":13,"column":null}},"type":"if","locations":[{"start":{"line":11,"column":4},"end":{"line":13,"column":null}}]},"1":{"loc":{"start":{"line":11,"column":8},"end":{"line":11,"column":63}},"type":"binary-expr","locations":[{"start":{"line":11,"column":8},"end":{"line":11,"column":33}},{"start":{"line":11,"column":37},"end":{"line":11,"column":63}}]},"2":{"loc":{"start":{"line":37,"column":6},"end":{"line":41,"column":null}},"type":"if","locations":[{"start":{"line":37,"column":6},"end":{"line":41,"column":null}},{"start":{"line":39,"column":13},"end":{"line":41,"column":null}}]},"3":{"loc":{"start":{"line":69,"column":6},"end":{"line":73,"column":null}},"type":"if","locations":[{"start":{"line":69,"column":6},"end":{"line":73,"column":null}},{"start":{"line":71,"column":13},"end":{"line":73,"column":null}}]}},"s":{"0":9,"1":9,"2":9,"3":9,"4":108,"5":4,"6":9,"7":1,"8":3,"9":3,"10":3,"11":3,"12":3,"13":14,"14":11,"15":3,"16":3,"17":1,"18":5,"19":5,"20":5,"21":5,"22":5,"23":35,"24":30,"25":5,"26":5,"27":1},"f":{"0":9,"1":3,"2":5},"b":{"0":[4],"1":[108,89],"2":[11,3],"3":[30,5]}}
,"C:\\zk-gamification\\.obsidian\\plugins\\obsidian-gamified-pkm\\src\\challengeNotificationText.ts": {"path":"C:\\zk-gamification\\.obsidian\\plugins\\obsidian-gamified-pkm\\src\\challengeNotificationText.ts","statementMap":{"0":{"start":{"line":1,"column":42},"end":{"line":52,"column":2}},"1":{"start":{"line":54,"column":34},"end":{"line":107,"column":2}},"2":{"start":{"line":111,"column":21},"end":{"line":111,"column":79}},"3":{"start":{"line":112,"column":17},"end":{"line":112,"column":53}},"4":{"start":{"line":113,"column":1},"end":{"line":113,"column":50}},"5":{"start":{"line":110,"column":0},"end":{"line":110,"column":16}},"6":{"start":{"line":118,"column":21},"end":{"line":118,"column":71}},"7":{"start":{"line":119,"column":17},"end":{"line":119,"column":45}},"8":{"start":{"line":120,"column":1},"end":{"line":120,"column":50}},"9":{"start":{"line":117,"column":0},"end":{"line":117,"column":16}}},"fnMap":{"0":{"name":"getRandomMessageWeeklyChallenge","decl":{"start":{"line":110,"column":16},"end":{"line":110,"column":47}},"loc":{"start":{"line":110,"column":62},"end":{"line":114,"column":1}}},"1":{"name":"getRandomMessageTwoNoteChallenge","decl":{"start":{"line":117,"column":16},"end":{"line":117,"column":48}},"loc":{"start":{"line":117,"column":63},"end":{"line":121,"column":1}}}},"branchMap":{},"s":{"0":0,"1":0,"2":0,"3":0,"4":0,"5":0,"6":0,"7":0,"8":0,"9":0},"f":{"0":0,"1":0},"b":{}}
,"C:\\zk-gamification\\.obsidian\\plugins\\obsidian-gamified-pkm\\src\\constants.ts": {"path":"C:\\zk-gamification\\.obsidian\\plugins\\obsidian-gamified-pkm\\src\\constants.ts","statementMap":{"0":{"start":{"line":1,"column":13},"end":{"line":1,"column":38}},"1":{"start":{"line":2,"column":13},"end":{"line":2,"column":33}},"2":{"start":{"line":3,"column":13},"end":{"line":3,"column":43}},"3":{"start":{"line":4,"column":13},"end":{"line":4,"column":45}},"4":{"start":{"line":5,"column":13},"end":{"line":161,"column":2}}},"fnMap":{},"branchMap":{},"s":{"0":0,"1":0,"2":0,"3":0,"4":0},"f":{},"b":{}}
,"C:\\zk-gamification\\.obsidian\\plugins\\obsidian-gamified-pkm\\src\\creatmodchartcalculation.ts": {"path":"C:\\zk-gamification\\.obsidian\\plugins\\obsidian-gamified-pkm\\src\\creatmodchartcalculation.ts","statementMap":{"0":{"start":{"line":4,"column":34},"end":{"line":4,"column":42}},"1":{"start":{"line":5,"column":1},"end":{"line":9,"column":null}},"2":{"start":{"line":6,"column":2},"end":{"line":8,"column":null}},"3":{"start":{"line":7,"column":3},"end":{"line":7,"column":30}},"4":{"start":{"line":10,"column":1},"end":{"line":10,"column":28}},"5":{"start":{"line":3,"column":0},"end":{"line":3,"column":16}},"6":{"start":{"line":15,"column":35},"end":{"line":15,"column":43}},"7":{"start":{"line":16,"column":1},"end":{"line":20,"column":null}},"8":{"start":{"line":17,"column":2},"end":{"line":19,"column":null}},"9":{"start":{"line":18,"column":3},"end":{"line":18,"column":31}},"10":{"start":{"line":21,"column":1},"end":{"line":21,"column":29}},"11":{"start":{"line":14,"column":0},"end":{"line":14,"column":16}},"12":{"start":{"line":26,"column":34},"end":{"line":26,"column":42}},"13":{"start":{"line":27,"column":1},"end":{"line":34,"column":null}},"14":{"start":{"line":28,"column":2},"end":{"line":30,"column":null}},"15":{"start":{"line":29,"column":3},"end":{"line":29,"column":30}},"16":{"start":{"line":31,"column":2},"end":{"line":33,"column":null}},"17":{"start":{"line":32,"column":3},"end":{"line":32,"column":30}},"18":{"start":{"line":35,"column":1},"end":{"line":35,"column":28}},"19":{"start":{"line":25,"column":0},"end":{"line":25,"column":16}},"20":{"start":{"line":40,"column":14},"end":{"line":40,"column":63}},"21":{"start":{"line":41,"column":1},"end":{"line":43,"column":null}},"22":{"start":{"line":42,"column":2},"end":{"line":42,"column":67}},"23":{"start":{"line":44,"column":1},"end":{"line":44,"column":15}},"24":{"start":{"line":39,"column":0},"end":{"line":39,"column":16}},"25":{"start":{"line":49,"column":36},"end":{"line":49,"column":38}},"26":{"start":{"line":51,"column":1},"end":{"line":53,"column":null}},"27":{"start":{"line":52,"column":2},"end":{"line":52,"column":48}},"28":{"start":{"line":55,"column":1},"end":{"line":55,"column":22}},"29":{"start":{"line":48,"column":0},"end":{"line":48,"column":16}},"30":{"start":{"line":60,"column":36},"end":{"line":60,"column":38}},"31":{"start":{"line":62,"column":1},"end":{"line":64,"column":null}},"32":{"start":{"line":63,"column":2},"end":{"line":63,"column":48}},"33":{"start":{"line":66,"column":1},"end":{"line":66,"column":22}},"34":{"start":{"line":59,"column":0},"end":{"line":59,"column":16}},"35":{"start":{"line":71,"column":24},"end":{"line":71,"column":28}},"36":{"start":{"line":72,"column":1},"end":{"line":76,"column":null}},"37":{"start":{"line":73,"column":2},"end":{"line":73,"column":null}},"38":{"start":{"line":75,"column":2},"end":{"line":75,"column":null}},"39":{"start":{"line":79,"column":1},"end":{"line":79,"column":363}},"40":{"start":{"line":70,"column":0},"end":{"line":70,"column":16}},"41":{"start":{"line":84,"column":22},"end":{"line":84,"column":77}},"42":{"start":{"line":85,"column":1},"end":{"line":88,"column":null}},"43":{"start":{"line":86,"column":2},"end":{"line":86,"column":58}},"44":{"start":{"line":87,"column":2},"end":{"line":87,"column":9}},"45":{"start":{"line":89,"column":14},"end":{"line":89,"column":35}},"46":{"start":{"line":91,"column":17},"end":{"line":91,"column":43}},"47":{"start":{"line":92,"column":32},"end":{"line":92,"column":36}},"48":{"start":{"line":93,"column":26},"end":{"line":93,"column":30}},"49":{"start":{"line":94,"column":28},"end":{"line":94,"column":32}},"50":{"start":{"line":96,"column":15},"end":{"line":96,"column":34}},"51":{"start":{"line":97,"column":1},"end":{"line":104,"column":null}},"52":{"start":{"line":97,"column":14},"end":{"line":97,"column":15}},"53":{"start":{"line":98,"column":15},"end":{"line":98,"column":30}},"54":{"start":{"line":99,"column":2},"end":{"line":103,"column":null}},"55":{"start":{"line":100,"column":3},"end":{"line":102,"column":null}},"56":{"start":{"line":101,"column":4},"end":{"line":101,"column":18}},"57":{"start":{"line":105,"column":1},"end":{"line":110,"column":null}},"58":{"start":{"line":106,"column":2},"end":{"line":106,"column":18}},"59":{"start":{"line":107,"column":2},"end":{"line":107,"column":25}},"60":{"start":{"line":108,"column":19},"end":{"line":108,"column":78}},"61":{"start":{"line":109,"column":2},"end":{"line":109,"column":52}},"62":{"start":{"line":83,"column":0},"end":{"line":83,"column":22}}},"fnMap":{"0":{"name":"findEarliestCreatedFile","decl":{"start":{"line":3,"column":16},"end":{"line":3,"column":39}},"loc":{"start":{"line":3,"column":54},"end":{"line":11,"column":1}}},"1":{"name":"findEarliestModifiedFile","decl":{"start":{"line":14,"column":16},"end":{"line":14,"column":40}},"loc":{"start":{"line":14,"column":55},"end":{"line":22,"column":1}}},"2":{"name":"findEarliestDateFile","decl":{"start":{"line":25,"column":16},"end":{"line":25,"column":36}},"loc":{"start":{"line":25,"column":51},"end":{"line":36,"column":1}}},"3":{"name":"monthsBetween","decl":{"start":{"line":39,"column":16},"end":{"line":39,"column":29}},"loc":{"start":{"line":39,"column":62},"end":{"line":45,"column":1}}},"4":{"name":"getCreationDates","decl":{"start":{"line":48,"column":16},"end":{"line":48,"column":32}},"loc":{"start":{"line":48,"column":47},"end":{"line":56,"column":1}}},"5":{"name":"getModificationDates","decl":{"start":{"line":59,"column":16},"end":{"line":59,"column":36}},"loc":{"start":{"line":59,"column":51},"end":{"line":67,"column":1}}},"6":{"name":"createChartFormat","decl":{"start":{"line":70,"column":16},"end":{"line":70,"column":33}},"loc":{"start":{"line":70,"column":105},"end":{"line":80,"column":1}}},"7":{"name":"replaceChartContent","decl":{"start":{"line":83,"column":22},"end":{"line":83,"column":41}},"loc":{"start":{"line":83,"column":85},"end":{"line":111,"column":null}}}},"branchMap":{"0":{"loc":{"start":{"line":6,"column":2},"end":{"line":8,"column":null}},"type":"if","locations":[{"start":{"line":6,"column":2},"end":{"line":8,"column":null}}]},"1":{"loc":{"start":{"line":17,"column":2},"end":{"line":19,"column":null}},"type":"if","locations":[{"start":{"line":17,"column":2},"end":{"line":19,"column":null}}]},"2":{"loc":{"start":{"line":28,"column":2},"end":{"line":30,"column":null}},"type":"if","locations":[{"start":{"line":28,"column":2},"end":{"line":30,"column":null}}]},"3":{"loc":{"start":{"line":31,"column":2},"end":{"line":33,"column":null}},"type":"if","locations":[{"start":{"line":31,"column":2},"end":{"line":33,"column":null}}]},"4":{"loc":{"start":{"line":41,"column":1},"end":{"line":43,"column":null}},"type":"if","locations":[{"start":{"line":41,"column":1},"end":{"line":43,"column":null}}]},"5":{"loc":{"start":{"line":72,"column":1},"end":{"line":76,"column":null}},"type":"if","locations":[{"start":{"line":72,"column":1},"end":{"line":76,"column":null}},{"start":{"line":74,"column":8},"end":{"line":76,"column":null}}]},"6":{"loc":{"start":{"line":85,"column":1},"end":{"line":88,"column":null}},"type":"if","locations":[{"start":{"line":85,"column":1},"end":{"line":88,"column":null}}]},"7":{"loc":{"start":{"line":99,"column":2},"end":{"line":103,"column":null}},"type":"if","locations":[{"start":{"line":99,"column":2},"end":{"line":103,"column":null}}]},"8":{"loc":{"start":{"line":100,"column":3},"end":{"line":102,"column":null}},"type":"if","locations":[{"start":{"line":100,"column":3},"end":{"line":102,"column":null}}]},"9":{"loc":{"start":{"line":105,"column":1},"end":{"line":110,"column":null}},"type":"if","locations":[{"start":{"line":105,"column":1},"end":{"line":110,"column":null}}]}},"s":{"0":0,"1":0,"2":0,"3":0,"4":0,"5":1,"6":0,"7":0,"8":0,"9":0,"10":0,"11":1,"12":0,"13":0,"14":0,"15":0,"16":0,"17":0,"18":0,"19":1,"20":3,"21":3,"22":1,"23":3,"24":1,"25":0,"26":0,"27":0,"28":0,"29":1,"30":0,"31":0,"32":0,"33":0,"34":1,"35":2,"36":2,"37":1,"38":1,"39":2,"40":1,"41":0,"42":0,"43":0,"44":0,"45":0,"46":0,"47":0,"48":0,"49":0,"50":0,"51":0,"52":0,"53":0,"54":0,"55":0,"56":0,"57":0,"58":0,"59":0,"60":0,"61":0,"62":1},"f":{"0":0,"1":0,"2":0,"3":3,"4":0,"5":0,"6":2,"7":0},"b":{"0":[0],"1":[0],"2":[0],"3":[0],"4":[1],"5":[1,1],"6":[0],"7":[0],"8":[0],"9":[0]}}
,"C:\\zk-gamification\\.obsidian\\plugins\\obsidian-gamified-pkm\\src\\levels.ts": {"path":"C:\\zk-gamification\\.obsidian\\plugins\\obsidian-gamified-pkm\\src\\levels.ts","statementMap":{"0":{"start":{"line":7,"column":33},"end":{"line":119,"column":4}},"1":{"start":{"line":122,"column":27},"end":{"line":122,"column":39}},"2":{"start":{"line":123,"column":4},"end":{"line":129,"column":null}},"3":{"start":{"line":124,"column":6},"end":{"line":128,"column":null}},"4":{"start":{"line":125,"column":8},"end":{"line":125,"column":21}},"5":{"start":{"line":127,"column":8},"end":{"line":127,"column":14}},"6":{"start":{"line":130,"column":4},"end":{"line":130,"column":17}},"7":{"start":{"line":121,"column":2},"end":{"line":121,"column":18}},"8":{"start":{"line":134,"column":23},"end":{"line":134,"column":24}},"9":{"start":{"line":135,"column":4},"end":{"line":139,"column":null}},"10":{"start":{"line":136,"column":6},"end":{"line":138,"column":null}},"11":{"start":{"line":137,"column":8},"end":{"line":137,"column":35}},"12":{"start":{"line":142,"column":2},"end":{"line":142,"column":null}},"13":{"start":{"line":133,"column":2},"end":{"line":133,"column":18}}},"fnMap":{"0":{"name":"getLevelForPoints","decl":{"start":{"line":121,"column":18},"end":{"line":121,"column":35}},"loc":{"start":{"line":121,"column":50},"end":{"line":131,"column":3}}},"1":{"name":"statusPointsForLevel","decl":{"start":{"line":133,"column":18},"end":{"line":133,"column":38}},"loc":{"start":{"line":133,"column":58},"end":{"line":143,"column":3}}}},"branchMap":{"0":{"loc":{"start":{"line":124,"column":6},"end":{"line":128,"column":null}},"type":"if","locations":[{"start":{"line":124,"column":6},"end":{"line":128,"column":null}},{"start":{"line":126,"column":13},"end":{"line":128,"column":null}}]},"1":{"loc":{"start":{"line":136,"column":6},"end":{"line":138,"column":null}},"type":"if","locations":[{"start":{"line":136,"column":6},"end":{"line":138,"column":null}}]},"2":{"loc":{"start":{"line":136,"column":10},"end":{"line":136,"column":56}},"type":"binary-expr","locations":[{"start":{"line":136,"column":10},"end":{"line":136,"column":35}},{"start":{"line":136,"column":39},"end":{"line":136,"column":56}}]}},"s":{"0":1,"1":0,"2":0,"3":0,"4":0,"5":0,"6":0,"7":1,"8":3,"9":3,"10":333,"11":3,"12":3,"13":1},"f":{"0":0,"1":3},"b":{"0":[0,0],"1":[3],"2":[333,3]}}
,"C:\\zk-gamification\\.obsidian\\plugins\\obsidian-gamified-pkm\\src\\main.ts": {"path":"C:\\zk-gamification\\.obsidian\\plugins\\obsidian-gamified-pkm\\src\\main.ts","statementMap":{"0":{"start":{"line":1,"column":0},"end":{"line":1,"column":80}},"1":{"start":{"line":2,"column":0},"end":{"line":2,"column":71}},"2":{"start":{"line":3,"column":0},"end":{"line":3,"column":37}},"3":{"start":{"line":4,"column":0},"end":{"line":4,"column":134}},"4":{"start":{"line":5,"column":0},"end":{"line":5,"column":null}},"5":{"start":{"line":20,"column":0},"end":{"line":20,"column":null}},"6":{"start":{"line":27,"column":0},"end":{"line":27,"column":92}},"7":{"start":{"line":28,"column":0},"end":{"line":28,"column":64}},"8":{"start":{"line":30,"column":0},"end":{"line":30,"column":111}},"9":{"start":{"line":38,"column":2},"end":{"line":38,"column":51}},"10":{"start":{"line":40,"column":2},"end":{"line":40,"column":28}},"11":{"start":{"line":42,"column":2},"end":{"line":42,"column":69}},"12":{"start":{"line":45,"column":2},"end":{"line":48,"column":11}},"13":{"start":{"line":45,"column":24},"end":{"line":48,"column":5}},"14":{"start":{"line":47,"column":3},"end":{"line":47,"column":null}},"15":{"start":{"line":52,"column":2},"end":{"line":52,"column":38}},"16":{"start":{"line":53,"column":2},"end":{"line":53,"column":89}},"17":{"start":{"line":55,"column":24},"end":{"line":55,"column":47}},"18":{"start":{"line":56,"column":32},"end":{"line":56,"column":76}},"19":{"start":{"line":57,"column":2},"end":{"line":57,"column":null}},"20":{"start":{"line":60,"column":2},"end":{"line":95,"column":null}},"21":{"start":{"line":61,"column":3},"end":{"line":94,"column":6}},"22":{"start":{"line":61,"column":76},"end":{"line":94,"column":5}},"23":{"start":{"line":87,"column":4},"end":{"line":87,"column":30}},"24":{"start":{"line":88,"column":4},"end":{"line":88,"column":62}},"25":{"start":{"line":91,"column":4},"end":{"line":91,"column":null}},"26":{"start":{"line":98,"column":2},"end":{"line":101,"column":5}},"27":{"start":{"line":98,"column":69},"end":{"line":101,"column":4}},"28":{"start":{"line":100,"column":3},"end":{"line":100,"column":59}},"29":{"start":{"line":104,"column":2},"end":{"line":113,"column":null}},"30":{"start":{"line":106,"column":3},"end":{"line":112,"column":6}},"31":{"start":{"line":109,"column":25},"end":{"line":111,"column":null}},"32":{"start":{"line":110,"column":5},"end":{"line":110,"column":54}},"33":{"start":{"line":115,"column":2},"end":{"line":127,"column":null}},"34":{"start":{"line":117,"column":3},"end":{"line":126,"column":6}},"35":{"start":{"line":120,"column":25},"end":{"line":125,"column":null}},"36":{"start":{"line":121,"column":23},"end":{"line":121,"column":31}},"37":{"start":{"line":122,"column":5},"end":{"line":122,"column":null}},"38":{"start":{"line":123,"column":25},"end":{"line":123,"column":54}},"39":{"start":{"line":124,"column":5},"end":{"line":124,"column":null}},"40":{"start":{"line":130,"column":2},"end":{"line":140,"column":null}},"41":{"start":{"line":132,"column":3},"end":{"line":139,"column":6}},"42":{"start":{"line":135,"column":25},"end":{"line":137,"column":null}},"43":{"start":{"line":136,"column":20},"end":{"line":136,"column":64}},"44":{"start":{"line":143,"column":2},"end":{"line":151,"column":5}},"45":{"start":{"line":146,"column":24},"end":{"line":150,"column":null}},"46":{"start":{"line":147,"column":22},"end":{"line":147,"column":25}},"47":{"start":{"line":148,"column":24},"end":{"line":148,"column":53}},"48":{"start":{"line":149,"column":4},"end":{"line":149,"column":null}},"49":{"start":{"line":155,"column":2},"end":{"line":161,"column":5}},"50":{"start":{"line":158,"column":24},"end":{"line":160,"column":null}},"51":{"start":{"line":159,"column":4},"end":{"line":159,"column":60}},"52":{"start":{"line":165,"column":2},"end":{"line":171,"column":5}},"53":{"start":{"line":168,"column":24},"end":{"line":170,"column":null}},"54":{"start":{"line":169,"column":4},"end":{"line":169,"column":103}},"55":{"start":{"line":177,"column":8},"end":{"line":177,"column":47}},"56":{"start":{"line":178,"column":8},"end":{"line":178,"column":38}},"57":{"start":{"line":179,"column":8},"end":{"line":179,"column":39}},"58":{"start":{"line":180,"column":8},"end":{"line":180,"column":null}},"59":{"start":{"line":181,"column":8},"end":{"line":181,"column":null}},"60":{"start":{"line":182,"column":8},"end":{"line":182,"column":null}},"61":{"start":{"line":183,"column":8},"end":{"line":183,"column":43}},"62":{"start":{"line":184,"column":8},"end":{"line":184,"column":null}},"63":{"start":{"line":185,"column":8},"end":{"line":185,"column":null}},"64":{"start":{"line":186,"column":8},"end":{"line":186,"column":152}},"65":{"start":{"line":190,"column":2},"end":{"line":190,"column":73}},"66":{"start":{"line":191,"column":2},"end":{"line":191,"column":28}},"67":{"start":{"line":193,"column":18},"end":{"line":193,"column":26}},"68":{"start":{"line":194,"column":2},"end":{"line":194,"column":null}},"69":{"start":{"line":195,"column":22},"end":{"line":195,"column":51}},"70":{"start":{"line":196,"column":2},"end":{"line":196,"column":null}},"71":{"start":{"line":197,"column":2},"end":{"line":197,"column":null}},"72":{"start":{"line":198,"column":32},"end":{"line":198,"column":114}},"73":{"start":{"line":199,"column":2},"end":{"line":199,"column":78}},"74":{"start":{"line":201,"column":23},"end":{"line":201,"column":24}},"75":{"start":{"line":203,"column":2},"end":{"line":290,"column":null}},"76":{"start":{"line":204,"column":16},"end":{"line":204,"column":24}},"77":{"start":{"line":205,"column":24},"end":{"line":205,"column":50}},"78":{"start":{"line":206,"column":22},"end":{"line":206,"column":74}},"79":{"start":{"line":207,"column":3},"end":{"line":210,"column":null}},"80":{"start":{"line":208,"column":4},"end":{"line":208,"column":67}},"81":{"start":{"line":209,"column":4},"end":{"line":209,"column":13}},"82":{"start":{"line":212,"column":22},"end":{"line":212,"column":82}},"83":{"start":{"line":213,"column":26},"end":{"line":213,"column":52}},"84":{"start":{"line":218,"column":7},"end":{"line":218,"column":142}},"85":{"start":{"line":219,"column":38},"end":{"line":219,"column":106}},"86":{"start":{"line":220,"column":24},"end":{"line":220,"column":53}},"87":{"start":{"line":221,"column":24},"end":{"line":221,"column":43}},"88":{"start":{"line":222,"column":23},"end":{"line":222,"column":48}},"89":{"start":{"line":223,"column":19},"end":{"line":223,"column":58}},"90":{"start":{"line":224,"column":24},"end":{"line":224,"column":115}},"91":{"start":{"line":227,"column":3},"end":{"line":227,"column":80}},"92":{"start":{"line":229,"column":3},"end":{"line":289,"column":null}},"93":{"start":{"line":230,"column":4},"end":{"line":282,"column":7}},"94":{"start":{"line":231,"column":5},"end":{"line":237,"column":null}},"95":{"start":{"line":232,"column":6},"end":{"line":232,"column":null}},"96":{"start":{"line":233,"column":6},"end":{"line":233,"column":null}},"97":{"start":{"line":234,"column":12},"end":{"line":237,"column":null}},"98":{"start":{"line":235,"column":6},"end":{"line":235,"column":null}},"99":{"start":{"line":236,"column":6},"end":{"line":236,"column":null}},"100":{"start":{"line":239,"column":5},"end":{"line":245,"column":null}},"101":{"start":{"line":240,"column":6},"end":{"line":240,"column":null}},"102":{"start":{"line":241,"column":6},"end":{"line":241,"column":null}},"103":{"start":{"line":242,"column":12},"end":{"line":245,"column":null}},"104":{"start":{"line":243,"column":6},"end":{"line":243,"column":null}},"105":{"start":{"line":244,"column":6},"end":{"line":244,"column":null}},"106":{"start":{"line":247,"column":5},"end":{"line":253,"column":null}},"107":{"start":{"line":248,"column":6},"end":{"line":248,"column":null}},"108":{"start":{"line":249,"column":6},"end":{"line":249,"column":null}},"109":{"start":{"line":250,"column":12},"end":{"line":253,"column":null}},"110":{"start":{"line":251,"column":6},"end":{"line":251,"column":null}},"111":{"start":{"line":252,"column":6},"end":{"line":252,"column":null}},"112":{"start":{"line":255,"column":5},"end":{"line":261,"column":null}},"113":{"start":{"line":256,"column":6},"end":{"line":256,"column":null}},"114":{"start":{"line":257,"column":6},"end":{"line":257,"column":null}},"115":{"start":{"line":258,"column":12},"end":{"line":261,"column":null}},"116":{"start":{"line":259,"column":6},"end":{"line":259,"column":null}},"117":{"start":{"line":260,"column":6},"end":{"line":260,"column":null}},"118":{"start":{"line":263,"column":5},"end":{"line":269,"column":null}},"119":{"start":{"line":264,"column":6},"end":{"line":264,"column":null}},"120":{"start":{"line":265,"column":6},"end":{"line":265,"column":null}},"121":{"start":{"line":266,"column":12},"end":{"line":269,"column":null}},"122":{"start":{"line":267,"column":6},"end":{"line":267,"column":null}},"123":{"start":{"line":268,"column":6},"end":{"line":268,"column":null}},"124":{"start":{"line":271,"column":5},"end":{"line":278,"column":null}},"125":{"start":{"line":272,"column":6},"end":{"line":272,"column":null}},"126":{"start":{"line":273,"column":6},"end":{"line":273,"column":null}},"127":{"start":{"line":274,"column":12},"end":{"line":278,"column":null}},"128":{"start":{"line":275,"column":6},"end":{"line":275,"column":null}},"129":{"start":{"line":276,"column":6},"end":{"line":276,"column":null}},"130":{"start":{"line":281,"column":5},"end":{"line":281,"column":126}},"131":{"start":{"line":284,"column":4},"end":{"line":288,"column":null}},"132":{"start":{"line":285,"column":26},"end":{"line":285,"column":114}},"133":{"start":{"line":286,"column":5},"end":{"line":286,"column":36}},"134":{"start":{"line":287,"column":5},"end":{"line":287,"column":33}},"135":{"start":{"line":291,"column":2},"end":{"line":298,"column":null}},"136":{"start":{"line":292,"column":23},"end":{"line":292,"column":24}},"137":{"start":{"line":293,"column":3},"end":{"line":295,"column":null}},"138":{"start":{"line":294,"column":4},"end":{"line":294,"column":53}},"139":{"start":{"line":296,"column":3},"end":{"line":296,"column":null}},"140":{"start":{"line":297,"column":3},"end":{"line":297,"column":null}},"141":{"start":{"line":301,"column":2},"end":{"line":310,"column":11}},"142":{"start":{"line":301,"column":24},"end":{"line":310,"column":5}},"143":{"start":{"line":303,"column":28},"end":{"line":303,"column":75}},"144":{"start":{"line":304,"column":3},"end":{"line":304,"column":null}},"145":{"start":{"line":305,"column":3},"end":{"line":305,"column":null}},"146":{"start":{"line":306,"column":3},"end":{"line":306,"column":78}},"147":{"start":{"line":307,"column":3},"end":{"line":307,"column":null}},"148":{"start":{"line":308,"column":3},"end":{"line":308,"column":null}},"149":{"start":{"line":309,"column":3},"end":{"line":309,"column":null}},"150":{"start":{"line":312,"column":2},"end":{"line":312,"column":288}},"151":{"start":{"line":316,"column":2},"end":{"line":316,"column":null}},"152":{"start":{"line":317,"column":2},"end":{"line":317,"column":null}},"153":{"start":{"line":318,"column":2},"end":{"line":318,"column":null}},"154":{"start":{"line":319,"column":2},"end":{"line":319,"column":null}},"155":{"start":{"line":320,"column":2},"end":{"line":320,"column":null}},"156":{"start":{"line":321,"column":2},"end":{"line":321,"column":null}},"157":{"start":{"line":325,"column":2},"end":{"line":325,"column":53}},"158":{"start":{"line":328,"column":2},"end":{"line":331,"column":null}},"159":{"start":{"line":329,"column":3},"end":{"line":329,"column":31}},"160":{"start":{"line":330,"column":3},"end":{"line":330,"column":23}},"161":{"start":{"line":335,"column":28},"end":{"line":335,"column":62}},"162":{"start":{"line":336,"column":2},"end":{"line":338,"column":null}},"163":{"start":{"line":337,"column":3},"end":{"line":337,"column":null}},"164":{"start":{"line":340,"column":37},"end":{"line":340,"column":42}},"165":{"start":{"line":343,"column":21},"end":{"line":343,"column":73}},"166":{"start":{"line":344,"column":23},"end":{"line":344,"column":52}},"167":{"start":{"line":345,"column":19},"end":{"line":345,"column":44}},"168":{"start":{"line":347,"column":23},"end":{"line":347,"column":24}},"169":{"start":{"line":348,"column":19},"end":{"line":348,"column":20}},"170":{"start":{"line":349,"column":27},"end":{"line":349,"column":28}},"171":{"start":{"line":351,"column":2},"end":{"line":360,"column":null}},"172":{"start":{"line":352,"column":3},"end":{"line":352,"column":68}},"173":{"start":{"line":353,"column":3},"end":{"line":353,"column":47}},"174":{"start":{"line":356,"column":3},"end":{"line":359,"column":null}},"175":{"start":{"line":357,"column":55},"end":{"line":357,"column":181}},"176":{"start":{"line":358,"column":4},"end":{"line":358,"column":94}},"177":{"start":{"line":362,"column":21},"end":{"line":362,"column":22}},"178":{"start":{"line":363,"column":21},"end":{"line":363,"column":22}},"179":{"start":{"line":364,"column":20},"end":{"line":364,"column":21}},"180":{"start":{"line":365,"column":16},"end":{"line":365,"column":17}},"181":{"start":{"line":367,"column":2},"end":{"line":459,"column":null}},"182":{"start":{"line":368,"column":3},"end":{"line":368,"column":54}},"183":{"start":{"line":369,"column":3},"end":{"line":369,"column":38}},"184":{"start":{"line":370,"column":3},"end":{"line":370,"column":58}},"185":{"start":{"line":371,"column":3},"end":{"line":371,"column":53}},"186":{"start":{"line":373,"column":24},"end":{"line":373,"column":115}},"187":{"start":{"line":375,"column":3},"end":{"line":454,"column":null}},"188":{"start":{"line":376,"column":4},"end":{"line":447,"column":7}},"189":{"start":{"line":377,"column":5},"end":{"line":446,"column":null}},"190":{"start":{"line":378,"column":27},"end":{"line":378,"column":28}},"191":{"start":{"line":379,"column":6},"end":{"line":388,"column":null}},"192":{"start":{"line":380,"column":7},"end":{"line":380,"column":null}},"193":{"start":{"line":381,"column":24},"end":{"line":381,"column":142}},"194":{"start":{"line":382,"column":7},"end":{"line":382,"column":null}},"195":{"start":{"line":383,"column":13},"end":{"line":388,"column":null}},"196":{"start":{"line":384,"column":7},"end":{"line":384,"column":null}},"197":{"start":{"line":385,"column":24},"end":{"line":385,"column":115}},"198":{"start":{"line":386,"column":7},"end":{"line":386,"column":38}},"199":{"start":{"line":387,"column":7},"end":{"line":387,"column":43}},"200":{"start":{"line":390,"column":6},"end":{"line":398,"column":null}},"201":{"start":{"line":391,"column":7},"end":{"line":391,"column":null}},"202":{"start":{"line":392,"column":24},"end":{"line":392,"column":134}},"203":{"start":{"line":393,"column":7},"end":{"line":393,"column":null}},"204":{"start":{"line":394,"column":13},"end":{"line":398,"column":null}},"205":{"start":{"line":395,"column":7},"end":{"line":395,"column":null}},"206":{"start":{"line":396,"column":24},"end":{"line":396,"column":111}},"207":{"start":{"line":397,"column":7},"end":{"line":397,"column":null}},"208":{"start":{"line":400,"column":6},"end":{"line":408,"column":null}},"209":{"start":{"line":401,"column":7},"end":{"line":401,"column":null}},"210":{"start":{"line":402,"column":24},"end":{"line":402,"column":142}},"211":{"start":{"line":403,"column":7},"end":{"line":403,"column":null}},"212":{"start":{"line":404,"column":12},"end":{"line":408,"column":null}},"213":{"start":{"line":405,"column":7},"end":{"line":405,"column":null}},"214":{"start":{"line":406,"column":24},"end":{"line":406,"column":113}},"215":{"start":{"line":407,"column":7},"end":{"line":407,"column":null}},"216":{"start":{"line":410,"column":6},"end":{"line":418,"column":null}},"217":{"start":{"line":411,"column":7},"end":{"line":411,"column":null}},"218":{"start":{"line":412,"column":24},"end":{"line":412,"column":134}},"219":{"start":{"line":413,"column":7},"end":{"line":413,"column":null}},"220":{"start":{"line":414,"column":12},"end":{"line":418,"column":null}},"221":{"start":{"line":415,"column":7},"end":{"line":415,"column":null}},"222":{"start":{"line":416,"column":24},"end":{"line":416,"column":110}},"223":{"start":{"line":417,"column":7},"end":{"line":417,"column":null}},"224":{"start":{"line":420,"column":6},"end":{"line":428,"column":null}},"225":{"start":{"line":421,"column":7},"end":{"line":421,"column":null}},"226":{"start":{"line":422,"column":24},"end":{"line":422,"column":131}},"227":{"start":{"line":423,"column":7},"end":{"line":423,"column":null}},"228":{"start":{"line":424,"column":12},"end":{"line":428,"column":null}},"229":{"start":{"line":425,"column":7},"end":{"line":425,"column":null}},"230":{"start":{"line":426,"column":24},"end":{"line":426,"column":106}},"231":{"start":{"line":427,"column":7},"end":{"line":427,"column":null}},"232":{"start":{"line":430,"column":6},"end":{"line":438,"column":null}},"233":{"start":{"line":431,"column":7},"end":{"line":431,"column":null}},"234":{"start":{"line":432,"column":24},"end":{"line":432,"column":163}},"235":{"start":{"line":433,"column":7},"end":{"line":433,"column":null}},"236":{"start":{"line":434,"column":12},"end":{"line":438,"column":null}},"237":{"start":{"line":435,"column":7},"end":{"line":435,"column":null}},"238":{"start":{"line":436,"column":24},"end":{"line":436,"column":117}},"239":{"start":{"line":437,"column":7},"end":{"line":437,"column":null}},"240":{"start":{"line":440,"column":6},"end":{"line":443,"column":null}},"241":{"start":{"line":441,"column":7},"end":{"line":441,"column":null}},"242":{"start":{"line":442,"column":7},"end":{"line":442,"column":null}},"243":{"start":{"line":445,"column":6},"end":{"line":445,"column":127}},"244":{"start":{"line":449,"column":4},"end":{"line":453,"column":null}},"245":{"start":{"line":450,"column":26},"end":{"line":450,"column":114}},"246":{"start":{"line":451,"column":5},"end":{"line":451,"column":36}},"247":{"start":{"line":452,"column":5},"end":{"line":452,"column":33}},"248":{"start":{"line":455,"column":3},"end":{"line":455,"column":40}},"249":{"start":{"line":456,"column":3},"end":{"line":456,"column":null}},"250":{"start":{"line":458,"column":3},"end":{"line":458,"column":null}},"251":{"start":{"line":460,"column":2},"end":{"line":463,"column":null}},"252":{"start":{"line":461,"column":3},"end":{"line":461,"column":46}},"253":{"start":{"line":462,"column":3},"end":{"line":462,"column":47}},"254":{"start":{"line":468,"column":14},"end":{"line":468,"column":19}},"255":{"start":{"line":469,"column":2},"end":{"line":475,"column":null}},"256":{"start":{"line":470,"column":3},"end":{"line":470,"column":43}},"257":{"start":{"line":471,"column":3},"end":{"line":471,"column":null}},"258":{"start":{"line":472,"column":3},"end":{"line":472,"column":29}},"259":{"start":{"line":473,"column":3},"end":{"line":473,"column":null}},"260":{"start":{"line":474,"column":3},"end":{"line":474,"column":16}},"261":{"start":{"line":476,"column":2},"end":{"line":482,"column":null}},"262":{"start":{"line":477,"column":3},"end":{"line":477,"column":44}},"263":{"start":{"line":478,"column":3},"end":{"line":478,"column":null}},"264":{"start":{"line":479,"column":3},"end":{"line":479,"column":29}},"265":{"start":{"line":480,"column":3},"end":{"line":480,"column":null}},"266":{"start":{"line":481,"column":3},"end":{"line":481,"column":16}},"267":{"start":{"line":483,"column":2},"end":{"line":488,"column":null}},"268":{"start":{"line":484,"column":3},"end":{"line":484,"column":44}},"269":{"start":{"line":485,"column":3},"end":{"line":485,"column":null}},"270":{"start":{"line":486,"column":3},"end":{"line":486,"column":29}},"271":{"start":{"line":487,"column":3},"end":{"line":487,"column":16}},"272":{"start":{"line":489,"column":2},"end":{"line":492,"column":null}},"273":{"start":{"line":491,"column":3},"end":{"line":491,"column":61}},"274":{"start":{"line":497,"column":33},"end":{"line":497,"column":68}},"275":{"start":{"line":498,"column":8},"end":{"line":517,"column":null}},"276":{"start":{"line":499,"column":3},"end":{"line":499,"column":31}},"277":{"start":{"line":500,"column":3},"end":{"line":500,"column":66}},"278":{"start":{"line":501,"column":3},"end":{"line":501,"column":29}},"279":{"start":{"line":503,"column":3},"end":{"line":516,"column":null}},"280":{"start":{"line":505,"column":4},"end":{"line":505,"column":62}},"281":{"start":{"line":506,"column":4},"end":{"line":506,"column":null}},"282":{"start":{"line":507,"column":10},"end":{"line":516,"column":null}},"283":{"start":{"line":508,"column":4},"end":{"line":508,"column":null}},"284":{"start":{"line":509,"column":20},"end":{"line":509,"column":77}},"285":{"start":{"line":510,"column":4},"end":{"line":510,"column":null}},"286":{"start":{"line":511,"column":4},"end":{"line":511,"column":null}},"287":{"start":{"line":512,"column":4},"end":{"line":512,"column":null}},"288":{"start":{"line":515,"column":4},"end":{"line":515,"column":null}},"289":{"start":{"line":521,"column":2},"end":{"line":530,"column":null}},"290":{"start":{"line":522,"column":3},"end":{"line":522,"column":50}},"291":{"start":{"line":523,"column":9},"end":{"line":530,"column":null}},"292":{"start":{"line":525,"column":3},"end":{"line":525,"column":null}},"293":{"start":{"line":527,"column":3},"end":{"line":527,"column":null}},"294":{"start":{"line":528,"column":3},"end":{"line":528,"column":44}},"295":{"start":{"line":529,"column":3},"end":{"line":529,"column":29}},"296":{"start":{"line":534,"column":34},"end":{"line":534,"column":70}},"297":{"start":{"line":535,"column":2},"end":{"line":542,"column":null}},"298":{"start":{"line":536,"column":3},"end":{"line":536,"column":31}},"299":{"start":{"line":537,"column":3},"end":{"line":537,"column":null}},"300":{"start":{"line":538,"column":3},"end":{"line":538,"column":68}},"301":{"start":{"line":539,"column":3},"end":{"line":539,"column":29}},"302":{"start":{"line":541,"column":3},"end":{"line":541,"column":79}},"303":{"start":{"line":546,"column":2},"end":{"line":559,"column":null}},"304":{"start":{"line":548,"column":3},"end":{"line":548,"column":61}},"305":{"start":{"line":549,"column":3},"end":{"line":549,"column":null}},"306":{"start":{"line":550,"column":9},"end":{"line":559,"column":null}},"307":{"start":{"line":551,"column":3},"end":{"line":551,"column":null}},"308":{"start":{"line":552,"column":3},"end":{"line":552,"column":null}},"309":{"start":{"line":553,"column":19},"end":{"line":553,"column":76}},"310":{"start":{"line":554,"column":3},"end":{"line":554,"column":null}},"311":{"start":{"line":555,"column":3},"end":{"line":555,"column":null}},"312":{"start":{"line":558,"column":3},"end":{"line":558,"column":null}},"313":{"start":{"line":563,"column":23},"end":{"line":563,"column":68}},"314":{"start":{"line":564,"column":29},"end":{"line":564,"column":131}},"315":{"start":{"line":565,"column":29},"end":{"line":565,"column":31}},"316":{"start":{"line":566,"column":20},"end":{"line":566,"column":71}},"317":{"start":{"line":567,"column":2},"end":{"line":567,"column":null}},"318":{"start":{"line":571,"column":20},"end":{"line":571,"column":22}},"319":{"start":{"line":572,"column":2},"end":{"line":578,"column":null}},"320":{"start":{"line":572,"column":15},"end":{"line":572,"column":16}},"321":{"start":{"line":573,"column":3},"end":{"line":577,"column":null}},"322":{"start":{"line":574,"column":4},"end":{"line":574,"column":null}},"323":{"start":{"line":576,"column":4},"end":{"line":576,"column":null}},"324":{"start":{"line":579,"column":2},"end":{"line":579,"column":21}},"325":{"start":{"line":583,"column":2},"end":{"line":583,"column":76}},"326":{"start":{"line":584,"column":2},"end":{"line":584,"column":null}},"327":{"start":{"line":589,"column":2},"end":{"line":589,"column":37}},"328":{"start":{"line":593,"column":22},"end":{"line":593,"column":23}},"329":{"start":{"line":594,"column":2},"end":{"line":596,"column":null}},"330":{"start":{"line":595,"column":3},"end":{"line":595,"column":52}},"331":{"start":{"line":598,"column":2},"end":{"line":598,"column":null}},"332":{"start":{"line":599,"column":2},"end":{"line":599,"column":null}},"333":{"start":{"line":601,"column":2},"end":{"line":601,"column":null}},"334":{"start":{"line":606,"column":23},"end":{"line":606,"column":78}},"335":{"start":{"line":607,"column":2},"end":{"line":610,"column":null}},"336":{"start":{"line":608,"column":3},"end":{"line":608,"column":59}},"337":{"start":{"line":609,"column":3},"end":{"line":609,"column":16}},"338":{"start":{"line":611,"column":15},"end":{"line":611,"column":36}},"339":{"start":{"line":614,"column":18},"end":{"line":614,"column":44}},"340":{"start":{"line":615,"column":33},"end":{"line":615,"column":37}},"341":{"start":{"line":616,"column":34},"end":{"line":616,"column":38}},"342":{"start":{"line":617,"column":34},"end":{"line":617,"column":38}},"343":{"start":{"line":618,"column":27},"end":{"line":618,"column":31}},"344":{"start":{"line":619,"column":29},"end":{"line":619,"column":33}},"345":{"start":{"line":620,"column":28},"end":{"line":620,"column":32}},"346":{"start":{"line":621,"column":30},"end":{"line":621,"column":34}},"347":{"start":{"line":622,"column":28},"end":{"line":622,"column":32}},"348":{"start":{"line":623,"column":30},"end":{"line":623,"column":34}},"349":{"start":{"line":625,"column":16},"end":{"line":625,"column":35}},"350":{"start":{"line":626,"column":2},"end":{"line":643,"column":null}},"351":{"start":{"line":626,"column":15},"end":{"line":626,"column":16}},"352":{"start":{"line":627,"column":16},"end":{"line":627,"column":31}},"353":{"start":{"line":628,"column":3},"end":{"line":632,"column":null}},"354":{"start":{"line":629,"column":4},"end":{"line":631,"column":null}},"355":{"start":{"line":630,"column":5},"end":{"line":630,"column":19}},"356":{"start":{"line":633,"column":3},"end":{"line":637,"column":null}},"357":{"start":{"line":634,"column":4},"end":{"line":636,"column":null}},"358":{"start":{"line":635,"column":5},"end":{"line":635,"column":20}},"359":{"start":{"line":638,"column":3},"end":{"line":642,"column":null}},"360":{"start":{"line":639,"column":4},"end":{"line":641,"column":null}},"361":{"start":{"line":640,"column":5},"end":{"line":640,"column":20}},"362":{"start":{"line":645,"column":20},"end":{"line":645,"column":46}},"363":{"start":{"line":647,"column":16},"end":{"line":647,"column":44}},"364":{"start":{"line":648,"column":20},"end":{"line":648,"column":48}},"365":{"start":{"line":649,"column":21},"end":{"line":649,"column":26}},"366":{"start":{"line":650,"column":2},"end":{"line":659,"column":null}},"367":{"start":{"line":652,"column":3},"end":{"line":652,"column":null}},"368":{"start":{"line":654,"column":3},"end":{"line":654,"column":null}},"369":{"start":{"line":655,"column":3},"end":{"line":655,"column":43}},"370":{"start":{"line":656,"column":3},"end":{"line":656,"column":34}},"371":{"start":{"line":657,"column":3},"end":{"line":657,"column":51}},"372":{"start":{"line":658,"column":3},"end":{"line":658,"column":null}},"373":{"start":{"line":661,"column":25},"end":{"line":661,"column":48}},"374":{"start":{"line":662,"column":26},"end":{"line":662,"column":573}},"375":{"start":{"line":663,"column":25},"end":{"line":663,"column":110}},"376":{"start":{"line":664,"column":41},"end":{"line":664,"column":81}},"377":{"start":{"line":665,"column":26},"end":{"line":665,"column":599}},"378":{"start":{"line":667,"column":2},"end":{"line":680,"column":null}},"379":{"start":{"line":668,"column":3},"end":{"line":668,"column":25}},"380":{"start":{"line":669,"column":3},"end":{"line":669,"column":24}},"381":{"start":{"line":670,"column":3},"end":{"line":670,"column":32}},"382":{"start":{"line":671,"column":3},"end":{"line":671,"column":26}},"383":{"start":{"line":672,"column":3},"end":{"line":672,"column":31}},"384":{"start":{"line":673,"column":3},"end":{"line":673,"column":30}},"385":{"start":{"line":676,"column":20},"end":{"line":676,"column":84}},"386":{"start":{"line":677,"column":21},"end":{"line":677,"column":92}},"387":{"start":{"line":678,"column":21},"end":{"line":678,"column":95}},"388":{"start":{"line":679,"column":3},"end":{"line":679,"column":54}},"389":{"start":{"line":681,"column":2},"end":{"line":681,"column":null}},"390":{"start":{"line":686,"column":23},"end":{"line":686,"column":78}},"391":{"start":{"line":687,"column":2},"end":{"line":690,"column":null}},"392":{"start":{"line":688,"column":3},"end":{"line":688,"column":59}},"393":{"start":{"line":689,"column":3},"end":{"line":689,"column":10}},"394":{"start":{"line":691,"column":15},"end":{"line":691,"column":36}},"395":{"start":{"line":693,"column":18},"end":{"line":693,"column":44}},"396":{"start":{"line":694,"column":33},"end":{"line":694,"column":37}},"397":{"start":{"line":695,"column":34},"end":{"line":695,"column":38}},"398":{"start":{"line":696,"column":27},"end":{"line":696,"column":31}},"399":{"start":{"line":697,"column":29},"end":{"line":697,"column":33}},"400":{"start":{"line":698,"column":28},"end":{"line":698,"column":32}},"401":{"start":{"line":699,"column":30},"end":{"line":699,"column":34}},"402":{"start":{"line":701,"column":16},"end":{"line":701,"column":35}},"403":{"start":{"line":702,"column":2},"end":{"line":714,"column":null}},"404":{"start":{"line":702,"column":15},"end":{"line":702,"column":16}},"405":{"start":{"line":703,"column":16},"end":{"line":703,"column":31}},"406":{"start":{"line":704,"column":3},"end":{"line":708,"column":null}},"407":{"start":{"line":705,"column":4},"end":{"line":707,"column":null}},"408":{"start":{"line":706,"column":5},"end":{"line":706,"column":19}},"409":{"start":{"line":709,"column":3},"end":{"line":713,"column":null}},"410":{"start":{"line":710,"column":4},"end":{"line":712,"column":null}},"411":{"start":{"line":711,"column":5},"end":{"line":711,"column":20}},"412":{"start":{"line":715,"column":2},"end":{"line":727,"column":null}},"413":{"start":{"line":716,"column":3},"end":{"line":716,"column":23}},"414":{"start":{"line":717,"column":3},"end":{"line":717,"column":25}},"415":{"start":{"line":719,"column":3},"end":{"line":719,"column":25}},"416":{"start":{"line":720,"column":3},"end":{"line":720,"column":27}},"417":{"start":{"line":722,"column":23},"end":{"line":722,"column":143}},"418":{"start":{"line":723,"column":20},"end":{"line":723,"column":80}},"419":{"start":{"line":724,"column":21},"end":{"line":724,"column":76}},"420":{"start":{"line":725,"column":3},"end":{"line":725,"column":54}},"421":{"start":{"line":726,"column":3},"end":{"line":726,"column":null}},"422":{"start":{"line":731,"column":23},"end":{"line":731,"column":78}},"423":{"start":{"line":732,"column":2},"end":{"line":735,"column":null}},"424":{"start":{"line":733,"column":3},"end":{"line":733,"column":59}},"425":{"start":{"line":734,"column":3},"end":{"line":734,"column":10}},"426":{"start":{"line":736,"column":15},"end":{"line":736,"column":36}},"427":{"start":{"line":738,"column":18},"end":{"line":738,"column":44}},"428":{"start":{"line":739,"column":33},"end":{"line":739,"column":37}},"429":{"start":{"line":740,"column":27},"end":{"line":740,"column":31}},"430":{"start":{"line":741,"column":29},"end":{"line":741,"column":33}},"431":{"start":{"line":743,"column":16},"end":{"line":743,"column":35}},"432":{"start":{"line":744,"column":2},"end":{"line":751,"column":null}},"433":{"start":{"line":744,"column":15},"end":{"line":744,"column":16}},"434":{"start":{"line":745,"column":16},"end":{"line":745,"column":31}},"435":{"start":{"line":746,"column":3},"end":{"line":750,"column":null}},"436":{"start":{"line":747,"column":4},"end":{"line":749,"column":null}},"437":{"start":{"line":748,"column":5},"end":{"line":748,"column":19}},"438":{"start":{"line":752,"column":2},"end":{"line":760,"column":null}},"439":{"start":{"line":753,"column":3},"end":{"line":753,"column":23}},"440":{"start":{"line":754,"column":3},"end":{"line":754,"column":25}},"441":{"start":{"line":756,"column":23},"end":{"line":756,"column":123}},"442":{"start":{"line":757,"column":20},"end":{"line":757,"column":80}},"443":{"start":{"line":758,"column":3},"end":{"line":758,"column":53}},"444":{"start":{"line":759,"column":3},"end":{"line":759,"column":null}},"445":{"start":{"line":764,"column":23},"end":{"line":764,"column":78}},"446":{"start":{"line":765,"column":2},"end":{"line":768,"column":null}},"447":{"start":{"line":766,"column":3},"end":{"line":766,"column":59}},"448":{"start":{"line":767,"column":3},"end":{"line":767,"column":10}},"449":{"start":{"line":769,"column":15},"end":{"line":769,"column":36}},"450":{"start":{"line":771,"column":18},"end":{"line":771,"column":44}},"451":{"start":{"line":772,"column":33},"end":{"line":772,"column":37}},"452":{"start":{"line":773,"column":34},"end":{"line":773,"column":38}},"453":{"start":{"line":775,"column":16},"end":{"line":775,"column":35}},"454":{"start":{"line":776,"column":2},"end":{"line":796,"column":null}},"455":{"start":{"line":776,"column":15},"end":{"line":776,"column":16}},"456":{"start":{"line":777,"column":16},"end":{"line":777,"column":31}},"457":{"start":{"line":778,"column":3},"end":{"line":782,"column":null}},"458":{"start":{"line":779,"column":4},"end":{"line":781,"column":null}},"459":{"start":{"line":780,"column":5},"end":{"line":780,"column":19}},"460":{"start":{"line":783,"column":3},"end":{"line":795,"column":null}},"461":{"start":{"line":785,"column":23},"end":{"line":785,"column":36}},"462":{"start":{"line":787,"column":18},"end":{"line":787,"column":40}},"463":{"start":{"line":789,"column":4},"end":{"line":794,"column":null}},"464":{"start":{"line":790,"column":25},"end":{"line":790,"column":47}},"465":{"start":{"line":791,"column":5},"end":{"line":793,"column":null}},"466":{"start":{"line":792,"column":6},"end":{"line":792,"column":null}},"467":{"start":{"line":797,"column":2},"end":{"line":800,"column":null}},"468":{"start":{"line":798,"column":20},"end":{"line":798,"column":82}},"469":{"start":{"line":799,"column":3},"end":{"line":799,"column":53}},"470":{"start":{"line":805,"column":16},"end":{"line":805,"column":40}},"471":{"start":{"line":806,"column":23},"end":{"line":806,"column":54}},"472":{"start":{"line":809,"column":23},"end":{"line":809,"column":46}},"473":{"start":{"line":812,"column":21},"end":{"line":812,"column":22}},"474":{"start":{"line":813,"column":18},"end":{"line":813,"column":40}},"475":{"start":{"line":815,"column":30},"end":{"line":815,"column":55}},"476":{"start":{"line":816,"column":21},"end":{"line":816,"column":70}},"477":{"start":{"line":817,"column":19},"end":{"line":817,"column":73}},"478":{"start":{"line":818,"column":15},"end":{"line":818,"column":17}},"479":{"start":{"line":828,"column":2},"end":{"line":828,"column":null}},"480":{"start":{"line":829,"column":2},"end":{"line":829,"column":37}},"481":{"start":{"line":830,"column":2},"end":{"line":830,"column":null}},"482":{"start":{"line":832,"column":2},"end":{"line":839,"column":null}},"483":{"start":{"line":833,"column":3},"end":{"line":833,"column":null}},"484":{"start":{"line":835,"column":3},"end":{"line":835,"column":null}},"485":{"start":{"line":836,"column":3},"end":{"line":836,"column":null}},"486":{"start":{"line":837,"column":3},"end":{"line":837,"column":21}},"487":{"start":{"line":838,"column":3},"end":{"line":838,"column":null}},"488":{"start":{"line":840,"column":2},"end":{"line":840,"column":null}},"489":{"start":{"line":858,"column":28},"end":{"line":858,"column":55}},"490":{"start":{"line":859,"column":2},"end":{"line":870,"column":null}},"491":{"start":{"line":859,"column":15},"end":{"line":859,"column":16}},"492":{"start":{"line":861,"column":25},"end":{"line":861,"column":63}},"493":{"start":{"line":862,"column":24},"end":{"line":862,"column":62}},"494":{"start":{"line":864,"column":3},"end":{"line":869,"column":null}},"495":{"start":{"line":865,"column":4},"end":{"line":865,"column":61}},"496":{"start":{"line":868,"column":4},"end":{"line":868,"column":46}},"497":{"start":{"line":880,"column":27},"end":{"line":880,"column":29}},"498":{"start":{"line":881,"column":2},"end":{"line":884,"column":null}},"499":{"start":{"line":883,"column":3},"end":{"line":883,"column":null}},"500":{"start":{"line":885,"column":2},"end":{"line":885,"column":null}},"501":{"start":{"line":887,"column":2},"end":{"line":887,"column":null}},"502":{"start":{"line":891,"column":2},"end":{"line":902,"column":5}},"503":{"start":{"line":892,"column":3},"end":{"line":901,"column":null}},"504":{"start":{"line":893,"column":26},"end":{"line":893,"column":76}},"505":{"start":{"line":894,"column":4},"end":{"line":894,"column":null}},"506":{"start":{"line":895,"column":4},"end":{"line":895,"column":null}},"507":{"start":{"line":897,"column":4},"end":{"line":897,"column":null}},"508":{"start":{"line":898,"column":4},"end":{"line":898,"column":44}},"509":{"start":{"line":899,"column":4},"end":{"line":899,"column":41}},"510":{"start":{"line":900,"column":4},"end":{"line":900,"column":null}},"511":{"start":{"line":908,"column":20},"end":{"line":908,"column":28}},"512":{"start":{"line":913,"column":23},"end":{"line":913,"column":110}},"513":{"start":{"line":914,"column":2},"end":{"line":940,"column":null}},"514":{"start":{"line":915,"column":17},"end":{"line":915,"column":33}},"515":{"start":{"line":916,"column":16},"end":{"line":916,"column":62}},"516":{"start":{"line":916,"column":35},"end":{"line":916,"column":61}},"517":{"start":{"line":917,"column":3},"end":{"line":920,"column":null}},"518":{"start":{"line":918,"column":4},"end":{"line":918,"column":48}},"519":{"start":{"line":919,"column":4},"end":{"line":919,"column":13}},"520":{"start":{"line":922,"column":3},"end":{"line":922,"column":46}},"521":{"start":{"line":923,"column":3},"end":{"line":938,"column":null}},"522":{"start":{"line":924,"column":4},"end":{"line":931,"column":7}},"523":{"start":{"line":925,"column":5},"end":{"line":925,"column":null}},"524":{"start":{"line":926,"column":5},"end":{"line":926,"column":null}},"525":{"start":{"line":927,"column":5},"end":{"line":927,"column":null}},"526":{"start":{"line":928,"column":5},"end":{"line":928,"column":null}},"527":{"start":{"line":929,"column":5},"end":{"line":929,"column":null}},"528":{"start":{"line":930,"column":5},"end":{"line":930,"column":null}},"529":{"start":{"line":933,"column":4},"end":{"line":937,"column":null}},"530":{"start":{"line":934,"column":26},"end":{"line":934,"column":86}},"531":{"start":{"line":935,"column":5},"end":{"line":935,"column":36}},"532":{"start":{"line":936,"column":5},"end":{"line":936,"column":33}},"533":{"start":{"line":944,"column":23},"end":{"line":944,"column":24}},"534":{"start":{"line":945,"column":2},"end":{"line":957,"column":null}},"535":{"start":{"line":945,"column":15},"end":{"line":945,"column":27}},"536":{"start":{"line":946,"column":25},"end":{"line":946,"column":50}},"537":{"start":{"line":948,"column":22},"end":{"line":948,"column":35}},"538":{"start":{"line":950,"column":17},"end":{"line":950,"column":46}},"539":{"start":{"line":951,"column":3},"end":{"line":956,"column":null}},"540":{"start":{"line":952,"column":24},"end":{"line":952,"column":46}},"541":{"start":{"line":953,"column":4},"end":{"line":955,"column":null}},"542":{"start":{"line":954,"column":5},"end":{"line":954,"column":34}},"543":{"start":{"line":958,"column":2},"end":{"line":958,"column":null}},"544":{"start":{"line":962,"column":22},"end":{"line":962,"column":79}},"545":{"start":{"line":963,"column":30},"end":{"line":963,"column":63}},"546":{"start":{"line":967,"column":24},"end":{"line":967,"column":93}},"547":{"start":{"line":968,"column":2},"end":{"line":968,"column":null}},"548":{"start":{"line":969,"column":2},"end":{"line":969,"column":null}},"549":{"start":{"line":970,"column":2},"end":{"line":970,"column":null}},"550":{"start":{"line":972,"column":2},"end":{"line":972,"column":null}},"551":{"start":{"line":976,"column":23},"end":{"line":976,"column":92}},"552":{"start":{"line":977,"column":2},"end":{"line":982,"column":null}},"553":{"start":{"line":978,"column":22},"end":{"line":978,"column":68}},"554":{"start":{"line":979,"column":3},"end":{"line":979,"column":67}},"555":{"start":{"line":981,"column":3},"end":{"line":981,"column":52}},"556":{"start":{"line":32,"column":0},"end":{"line":32,"column":21}},"557":{"start":{"line":989,"column":21},"end":{"line":989,"column":36}},"558":{"start":{"line":990,"column":1},"end":{"line":990,"column":45}},"559":{"start":{"line":994,"column":29},"end":{"line":994,"column":63}},"560":{"start":{"line":995,"column":1},"end":{"line":995,"column":53}},"561":{"start":{"line":1007,"column":22},"end":{"line":1007,"column":71}},"562":{"start":{"line":1008,"column":1},"end":{"line":1011,"column":null}},"563":{"start":{"line":1009,"column":2},"end":{"line":1009,"column":52}},"564":{"start":{"line":1010,"column":2},"end":{"line":1010,"column":9}},"565":{"start":{"line":1013,"column":1},"end":{"line":1013,"column":61}},"566":{"start":{"line":1022,"column":2},"end":{"line":1022,"column":13}},"567":{"start":{"line":1023,"column":2},"end":{"line":1023,"column":33}},"568":{"start":{"line":1027,"column":24},"end":{"line":1027,"column":28}},"569":{"start":{"line":1028,"column":2},"end":{"line":1028,"column":38}},"570":{"start":{"line":1032,"column":24},"end":{"line":1032,"column":28}},"571":{"start":{"line":1033,"column":2},"end":{"line":1033,"column":20}},"572":{"start":{"line":1039,"column":20},"end":{"line":1039,"column":72}},"573":{"start":{"line":1041,"column":1},"end":{"line":1044,"column":null}},"574":{"start":{"line":1042,"column":2},"end":{"line":1042,"column":50}},"575":{"start":{"line":1043,"column":2},"end":{"line":1043,"column":9}},"576":{"start":{"line":1046,"column":16},"end":{"line":1046,"column":33}},"577":{"start":{"line":1047,"column":22},"end":{"line":1047,"column":43}},"578":{"start":{"line":1049,"column":1},"end":{"line":1052,"column":null}},"579":{"start":{"line":1050,"column":2},"end":{"line":1050,"column":88}},"580":{"start":{"line":1051,"column":2},"end":{"line":1051,"column":9}},"581":{"start":{"line":1054,"column":20},"end":{"line":1054,"column":59}},"582":{"start":{"line":1055,"column":1},"end":{"line":1055,"column":null}},"583":{"start":{"line":1056,"column":1},"end":{"line":1056,"column":null}},"584":{"start":{"line":1057,"column":1},"end":{"line":1057,"column":null}},"585":{"start":{"line":1059,"column":1},"end":{"line":1059,"column":39}},"586":{"start":{"line":1064,"column":1},"end":{"line":1068,"column":null}},"587":{"start":{"line":1065,"column":2},"end":{"line":1065,"column":null}},"588":{"start":{"line":1067,"column":2},"end":{"line":1067,"column":null}},"589":{"start":{"line":1070,"column":1},"end":{"line":1070,"column":null}}},"fnMap":{"0":{"name":"(anonymous_0)","decl":{"start":{"line":37,"column":7},"end":{"line":37,"column":13}},"loc":{"start":{"line":37,"column":13},"end":{"line":173,"column":null}}},"1":{"name":"(anonymous_2)","decl":{"start":{"line":45,"column":13},"end":{"line":45,"column":22}},"loc":{"start":{"line":45,"column":24},"end":{"line":48,"column":5}}},"2":{"name":"(anonymous_3)","decl":{"start":{"line":45,"column":24},"end":{"line":45,"column":null}},"loc":{"start":{"line":45,"column":24},"end":{"line":48,"column":3}}},"3":{"name":"(anonymous_4)","decl":{"start":{"line":61,"column":65},"end":{"line":61,"column":74}},"loc":{"start":{"line":61,"column":76},"end":{"line":94,"column":5}}},"4":{"name":"(anonymous_5)","decl":{"start":{"line":61,"column":76},"end":{"line":61,"column":null}},"loc":{"start":{"line":61,"column":76},"end":{"line":94,"column":4}}},"5":{"name":"(anonymous_6)","decl":{"start":{"line":98,"column":58},"end":{"line":98,"column":67}},"loc":{"start":{"line":98,"column":69},"end":{"line":101,"column":4}}},"6":{"name":"(anonymous_7)","decl":{"start":{"line":98,"column":69},"end":{"line":98,"column":null}},"loc":{"start":{"line":98,"column":69},"end":{"line":101,"column":3}}},"7":{"name":"(anonymous_8)","decl":{"start":{"line":109,"column":14},"end":{"line":109,"column":23}},"loc":{"start":{"line":109,"column":25},"end":{"line":111,"column":null}}},"8":{"name":"(anonymous_9)","decl":{"start":{"line":109,"column":25},"end":{"line":109,"column":null}},"loc":{"start":{"line":109,"column":25},"end":{"line":111,"column":5}}},"9":{"name":"(anonymous_10)","decl":{"start":{"line":120,"column":14},"end":{"line":120,"column":23}},"loc":{"start":{"line":120,"column":25},"end":{"line":125,"column":null}}},"10":{"name":"(anonymous_11)","decl":{"start":{"line":120,"column":25},"end":{"line":120,"column":null}},"loc":{"start":{"line":120,"column":25},"end":{"line":125,"column":5}}},"11":{"name":"(anonymous_12)","decl":{"start":{"line":135,"column":14},"end":{"line":135,"column":23}},"loc":{"start":{"line":135,"column":25},"end":{"line":137,"column":null}}},"12":{"name":"(anonymous_13)","decl":{"start":{"line":135,"column":25},"end":{"line":135,"column":null}},"loc":{"start":{"line":135,"column":25},"end":{"line":137,"column":17}}},"13":{"name":"(anonymous_14)","decl":{"start":{"line":146,"column":13},"end":{"line":146,"column":22}},"loc":{"start":{"line":146,"column":24},"end":{"line":150,"column":null}}},"14":{"name":"(anonymous_15)","decl":{"start":{"line":146,"column":24},"end":{"line":146,"column":null}},"loc":{"start":{"line":146,"column":24},"end":{"line":150,"column":4}}},"15":{"name":"(anonymous_16)","decl":{"start":{"line":158,"column":13},"end":{"line":158,"column":22}},"loc":{"start":{"line":158,"column":24},"end":{"line":160,"column":null}}},"16":{"name":"(anonymous_17)","decl":{"start":{"line":158,"column":24},"end":{"line":158,"column":null}},"loc":{"start":{"line":158,"column":24},"end":{"line":160,"column":4}}},"17":{"name":"(anonymous_18)","decl":{"start":{"line":168,"column":13},"end":{"line":168,"column":22}},"loc":{"start":{"line":168,"column":24},"end":{"line":170,"column":null}}},"18":{"name":"(anonymous_19)","decl":{"start":{"line":168,"column":24},"end":{"line":168,"column":null}},"loc":{"start":{"line":168,"column":24},"end":{"line":170,"column":4}}},"19":{"name":"(anonymous_20)","decl":{"start":{"line":176,"column":18},"end":{"line":176,"column":27}},"loc":{"start":{"line":176,"column":66},"end":{"line":187,"column":null}}},"20":{"name":"(anonymous_22)","decl":{"start":{"line":189,"column":18},"end":{"line":189,"column":32}},"loc":{"start":{"line":189,"column":71},"end":{"line":313,"column":null}}},"21":{"name":"(anonymous_24)","decl":{"start":{"line":230,"column":56},"end":{"line":230,"column":57}},"loc":{"start":{"line":230,"column":72},"end":{"line":282,"column":5}}},"22":{"name":"(anonymous_25)","decl":{"start":{"line":301,"column":13},"end":{"line":301,"column":22}},"loc":{"start":{"line":301,"column":24},"end":{"line":310,"column":5}}},"23":{"name":"(anonymous_26)","decl":{"start":{"line":301,"column":24},"end":{"line":301,"column":null}},"loc":{"start":{"line":301,"column":24},"end":{"line":310,"column":3}}},"24":{"name":"(anonymous_27)","decl":{"start":{"line":315,"column":9},"end":{"line":315,"column":25}},"loc":{"start":{"line":315,"column":176},"end":{"line":322,"column":2}}},"25":{"name":"(anonymous_28)","decl":{"start":{"line":324,"column":1},"end":{"line":324,"column":9}},"loc":{"start":{"line":324,"column":9},"end":{"line":332,"column":2}}},"26":{"name":"(anonymous_29)","decl":{"start":{"line":334,"column":7},"end":{"line":334,"column":28}},"loc":{"start":{"line":334,"column":67},"end":{"line":464,"column":null}}},"27":{"name":"(anonymous_31)","decl":{"start":{"line":376,"column":56},"end":{"line":376,"column":57}},"loc":{"start":{"line":376,"column":72},"end":{"line":447,"column":5}}},"28":{"name":"(anonymous_32)","decl":{"start":{"line":467,"column":7},"end":{"line":467,"column":22}},"loc":{"start":{"line":467,"column":22},"end":{"line":494,"column":null}}},"29":{"name":"(anonymous_34)","decl":{"start":{"line":496,"column":7},"end":{"line":496,"column":36}},"loc":{"start":{"line":496,"column":36},"end":{"line":518,"column":null}}},"30":{"name":"(anonymous_36)","decl":{"start":{"line":520,"column":7},"end":{"line":520,"column":37}},"loc":{"start":{"line":520,"column":37},"end":{"line":531,"column":null}}},"31":{"name":"(anonymous_38)","decl":{"start":{"line":533,"column":15},"end":{"line":533,"column":48}},"loc":{"start":{"line":533,"column":48},"end":{"line":543,"column":null}}},"32":{"name":"(anonymous_40)","decl":{"start":{"line":545,"column":15},"end":{"line":545,"column":52}},"loc":{"start":{"line":545,"column":86},"end":{"line":560,"column":null}}},"33":{"name":"(anonymous_42)","decl":{"start":{"line":562,"column":7},"end":{"line":562,"column":22}},"loc":{"start":{"line":562,"column":49},"end":{"line":568,"column":null}}},"34":{"name":"(anonymous_44)","decl":{"start":{"line":570,"column":9},"end":{"line":570,"column":26}},"loc":{"start":{"line":570,"column":72},"end":{"line":580,"column":2}}},"35":{"name":"(anonymous_45)","decl":{"start":{"line":582,"column":7},"end":{"line":582,"column":19}},"loc":{"start":{"line":582,"column":19},"end":{"line":585,"column":null}}},"36":{"name":"(anonymous_47)","decl":{"start":{"line":588,"column":7},"end":{"line":588,"column":19}},"loc":{"start":{"line":588,"column":19},"end":{"line":590,"column":null}}},"37":{"name":"(anonymous_49)","decl":{"start":{"line":592,"column":7},"end":{"line":592,"column":23}},"loc":{"start":{"line":592,"column":43},"end":{"line":602,"column":null}}},"38":{"name":"(anonymous_51)","decl":{"start":{"line":605,"column":7},"end":{"line":605,"column":23}},"loc":{"start":{"line":605,"column":46},"end":{"line":682,"column":null}}},"39":{"name":"(anonymous_53)","decl":{"start":{"line":685,"column":7},"end":{"line":685,"column":25}},"loc":{"start":{"line":685,"column":62},"end":{"line":728,"column":null}}},"40":{"name":"(anonymous_55)","decl":{"start":{"line":730,"column":7},"end":{"line":730,"column":29}},"loc":{"start":{"line":730,"column":66},"end":{"line":761,"column":null}}},"41":{"name":"(anonymous_57)","decl":{"start":{"line":763,"column":7},"end":{"line":763,"column":38}},"loc":{"start":{"line":763,"column":76},"end":{"line":801,"column":null}}},"42":{"name":"(anonymous_59)","decl":{"start":{"line":804,"column":7},"end":{"line":804,"column":18}},"loc":{"start":{"line":804,"column":31},"end":{"line":888,"column":null}}},"43":{"name":"(anonymous_61)","decl":{"start":{"line":890,"column":7},"end":{"line":890,"column":22}},"loc":{"start":{"line":890,"column":49},"end":{"line":903,"column":null}}},"44":{"name":"(anonymous_63)","decl":{"start":{"line":891,"column":16},"end":{"line":891,"column":17}},"loc":{"start":{"line":891,"column":35},"end":{"line":902,"column":3}}},"45":{"name":"(anonymous_64)","decl":{"start":{"line":906,"column":7},"end":{"line":906,"column":32}},"loc":{"start":{"line":906,"column":32},"end":{"line":941,"column":null}}},"46":{"name":"(anonymous_66)","decl":{"start":{"line":916,"column":27},"end":{"line":916,"column":31}},"loc":{"start":{"line":916,"column":35},"end":{"line":916,"column":61}}},"47":{"name":"(anonymous_67)","decl":{"start":{"line":924,"column":56},"end":{"line":924,"column":57}},"loc":{"start":{"line":924,"column":72},"end":{"line":931,"column":5}}},"48":{"name":"(anonymous_68)","decl":{"start":{"line":943,"column":7},"end":{"line":943,"column":26}},"loc":{"start":{"line":943,"column":47},"end":{"line":959,"column":null}}},"49":{"name":"(anonymous_70)","decl":{"start":{"line":961,"column":7},"end":{"line":961,"column":21}},"loc":{"start":{"line":961,"column":21},"end":{"line":973,"column":null}}},"50":{"name":"(anonymous_72)","decl":{"start":{"line":975,"column":7},"end":{"line":975,"column":21}},"loc":{"start":{"line":975,"column":21},"end":{"line":983,"column":null}}},"51":{"name":"isSameDay","decl":{"start":{"line":988,"column":9},"end":{"line":988,"column":18}},"loc":{"start":{"line":988,"column":36},"end":{"line":991,"column":1}}},"52":{"name":"isOneDayBefore","decl":{"start":{"line":993,"column":9},"end":{"line":993,"column":23}},"loc":{"start":{"line":993,"column":41},"end":{"line":996,"column":1}}},"53":{"name":"createAvatarFile","decl":{"start":{"line":1001,"column":15},"end":{"line":1001,"column":31}},"loc":{"start":{"line":1001,"column":58},"end":{"line":1015,"column":null}}},"54":{"name":"(anonymous_78)","decl":{"start":{"line":1021,"column":1},"end":{"line":1021,"column":13}},"loc":{"start":{"line":1021,"column":42},"end":{"line":1024,"column":2}}},"55":{"name":"(anonymous_79)","decl":{"start":{"line":1026,"column":1},"end":{"line":1026,"column":7}},"loc":{"start":{"line":1026,"column":7},"end":{"line":1029,"column":2}}},"56":{"name":"(anonymous_80)","decl":{"start":{"line":1031,"column":1},"end":{"line":1031,"column":8}},"loc":{"start":{"line":1031,"column":8},"end":{"line":1034,"column":2}}},"57":{"name":"replaceFormatStrings","decl":{"start":{"line":1038,"column":15},"end":{"line":1038,"column":35}},"loc":{"start":{"line":1038,"column":66},"end":{"line":1060,"column":null}}},"58":{"name":"rateDirectionForStatusPoints","decl":{"start":{"line":1062,"column":9},"end":{"line":1062,"column":37}},"loc":{"start":{"line":1062,"column":78},"end":{"line":1071,"column":1}}}},"branchMap":{"0":{"loc":{"start":{"line":60,"column":2},"end":{"line":95,"column":null}},"type":"if","locations":[{"start":{"line":60,"column":2},"end":{"line":95,"column":null}}]},"1":{"loc":{"start":{"line":104,"column":2},"end":{"line":113,"column":null}},"type":"if","locations":[{"start":{"line":104,"column":2},"end":{"line":113,"column":null}}]},"2":{"loc":{"start":{"line":115,"column":2},"end":{"line":127,"column":null}},"type":"if","locations":[{"start":{"line":115,"column":2},"end":{"line":127,"column":null}}]},"3":{"loc":{"start":{"line":130,"column":2},"end":{"line":140,"column":null}},"type":"if","locations":[{"start":{"line":130,"column":2},"end":{"line":140,"column":null}}]},"4":{"loc":{"start":{"line":207,"column":3},"end":{"line":210,"column":null}},"type":"if","locations":[{"start":{"line":207,"column":3},"end":{"line":210,"column":null}}]},"5":{"loc":{"start":{"line":207,"column":7},"end":{"line":207,"column":74}},"type":"binary-expr","locations":[{"start":{"line":207,"column":7},"end":{"line":207,"column":17}},{"start":{"line":207,"column":21},"end":{"line":207,"column":36}},{"start":{"line":207,"column":40},"end":{"line":207,"column":74}}]},"6":{"loc":{"start":{"line":231,"column":5},"end":{"line":237,"column":null}},"type":"if","locations":[{"start":{"line":231,"column":5},"end":{"line":237,"column":null}},{"start":{"line":234,"column":12},"end":{"line":237,"column":null}}]},"7":{"loc":{"start":{"line":234,"column":12},"end":{"line":237,"column":null}},"type":"if","locations":[{"start":{"line":234,"column":12},"end":{"line":237,"column":null}}]},"8":{"loc":{"start":{"line":239,"column":5},"end":{"line":245,"column":null}},"type":"if","locations":[{"start":{"line":239,"column":5},"end":{"line":245,"column":null}},{"start":{"line":242,"column":12},"end":{"line":245,"column":null}}]},"9":{"loc":{"start":{"line":239,"column":9},"end":{"line":239,"column":116}},"type":"binary-expr","locations":[{"start":{"line":239,"column":9},"end":{"line":239,"column":84}},{"start":{"line":239,"column":88},"end":{"line":239,"column":116}}]},"10":{"loc":{"start":{"line":242,"column":12},"end":{"line":245,"column":null}},"type":"if","locations":[{"start":{"line":242,"column":12},"end":{"line":245,"column":null}}]},"11":{"loc":{"start":{"line":247,"column":5},"end":{"line":253,"column":null}},"type":"if","locations":[{"start":{"line":247,"column":5},"end":{"line":253,"column":null}},{"start":{"line":250,"column":12},"end":{"line":253,"column":null}}]},"12":{"loc":{"start":{"line":250,"column":12},"end":{"line":253,"column":null}},"type":"if","locations":[{"start":{"line":250,"column":12},"end":{"line":253,"column":null}}]},"13":{"loc":{"start":{"line":255,"column":5},"end":{"line":261,"column":null}},"type":"if","locations":[{"start":{"line":255,"column":5},"end":{"line":261,"column":null}},{"start":{"line":258,"column":12},"end":{"line":261,"column":null}}]},"14":{"loc":{"start":{"line":258,"column":12},"end":{"line":261,"column":null}},"type":"if","locations":[{"start":{"line":258,"column":12},"end":{"line":261,"column":null}}]},"15":{"loc":{"start":{"line":263,"column":5},"end":{"line":269,"column":null}},"type":"if","locations":[{"start":{"line":263,"column":5},"end":{"line":269,"column":null}},{"start":{"line":266,"column":12},"end":{"line":269,"column":null}}]},"16":{"loc":{"start":{"line":266,"column":12},"end":{"line":269,"column":null}},"type":"if","locations":[{"start":{"line":266,"column":12},"end":{"line":269,"column":null}}]},"17":{"loc":{"start":{"line":271,"column":5},"end":{"line":278,"column":null}},"type":"if","locations":[{"start":{"line":271,"column":5},"end":{"line":278,"column":null}},{"start":{"line":274,"column":12},"end":{"line":278,"column":null}}]},"18":{"loc":{"start":{"line":274,"column":12},"end":{"line":278,"column":null}},"type":"if","locations":[{"start":{"line":274,"column":12},"end":{"line":278,"column":null}}]},"19":{"loc":{"start":{"line":284,"column":4},"end":{"line":288,"column":null}},"type":"if","locations":[{"start":{"line":284,"column":4},"end":{"line":288,"column":null}}]},"20":{"loc":{"start":{"line":284,"column":8},"end":{"line":284,"column":15}},"type":"cond-expr","locations":[{"start":{"line":284,"column":9},"end":{"line":284,"column":11}},{"start":{"line":284,"column":8},"end":{"line":284,"column":15}}]},"21":{"loc":{"start":{"line":284,"column":8},"end":{"line":284,"column":11}},"type":"binary-expr","locations":[{"start":{"line":284,"column":8},"end":{"line":284,"column":11}},{"start":{"line":284,"column":8},"end":{"line":284,"column":11}}]},"22":{"loc":{"start":{"line":291,"column":2},"end":{"line":298,"column":null}},"type":"if","locations":[{"start":{"line":291,"column":2},"end":{"line":298,"column":null}}]},"23":{"loc":{"start":{"line":293,"column":3},"end":{"line":295,"column":null}},"type":"if","locations":[{"start":{"line":293,"column":3},"end":{"line":295,"column":null}}]},"24":{"loc":{"start":{"line":328,"column":2},"end":{"line":331,"column":null}},"type":"if","locations":[{"start":{"line":328,"column":2},"end":{"line":331,"column":null}}]},"25":{"loc":{"start":{"line":336,"column":2},"end":{"line":338,"column":null}},"type":"if","locations":[{"start":{"line":336,"column":2},"end":{"line":338,"column":null}}]},"26":{"loc":{"start":{"line":344,"column":23},"end":{"line":344,"column":52}},"type":"cond-expr","locations":[{"start":{"line":344,"column":33},"end":{"line":344,"column":35}},{"start":{"line":344,"column":23},"end":{"line":344,"column":52}}]},"27":{"loc":{"start":{"line":344,"column":23},"end":{"line":344,"column":35}},"type":"binary-expr","locations":[{"start":{"line":344,"column":23},"end":{"line":344,"column":35}},{"start":{"line":344,"column":23},"end":{"line":344,"column":35}}]},"28":{"loc":{"start":{"line":345,"column":19},"end":{"line":345,"column":44}},"type":"cond-expr","locations":[{"start":{"line":345,"column":29},"end":{"line":345,"column":31}},{"start":{"line":345,"column":19},"end":{"line":345,"column":44}}]},"29":{"loc":{"start":{"line":345,"column":19},"end":{"line":345,"column":31}},"type":"binary-expr","locations":[{"start":{"line":345,"column":19},"end":{"line":345,"column":31}},{"start":{"line":345,"column":19},"end":{"line":345,"column":31}}]},"30":{"loc":{"start":{"line":351,"column":2},"end":{"line":360,"column":null}},"type":"if","locations":[{"start":{"line":351,"column":2},"end":{"line":360,"column":null}}]},"31":{"loc":{"start":{"line":351,"column":6},"end":{"line":351,"column":58}},"type":"binary-expr","locations":[{"start":{"line":351,"column":6},"end":{"line":351,"column":32}},{"start":{"line":351,"column":36},"end":{"line":351,"column":58}}]},"32":{"loc":{"start":{"line":356,"column":3},"end":{"line":359,"column":null}},"type":"if","locations":[{"start":{"line":356,"column":3},"end":{"line":359,"column":null}}]},"33":{"loc":{"start":{"line":356,"column":7},"end":{"line":356,"column":49}},"type":"binary-expr","locations":[{"start":{"line":356,"column":7},"end":{"line":356,"column":28}},{"start":{"line":356,"column":32},"end":{"line":356,"column":49}}]},"34":{"loc":{"start":{"line":367,"column":2},"end":{"line":459,"column":null}},"type":"if","locations":[{"start":{"line":367,"column":2},"end":{"line":459,"column":null}},{"start":{"line":457,"column":9},"end":{"line":459,"column":null}}]},"35":{"loc":{"start":{"line":368,"column":37},"end":{"line":368,"column":52}},"type":"cond-expr","locations":[{"start":{"line":368,"column":46},"end":{"line":368,"column":50}},{"start":{"line":368,"column":50},"end":{"line":368,"column":52}}]},"36":{"loc":{"start":{"line":368,"column":37},"end":{"line":368,"column":50}},"type":"binary-expr","locations":[{"start":{"line":368,"column":37},"end":{"line":368,"column":50}},{"start":{"line":368,"column":46},"end":{"line":368,"column":50}}]},"37":{"loc":{"start":{"line":377,"column":5},"end":{"line":446,"column":null}},"type":"if","locations":[{"start":{"line":377,"column":5},"end":{"line":446,"column":null}}]},"38":{"loc":{"start":{"line":379,"column":6},"end":{"line":388,"column":null}},"type":"if","locations":[{"start":{"line":379,"column":6},"end":{"line":388,"column":null}},{"start":{"line":383,"column":13},"end":{"line":388,"column":null}}]},"39":{"loc":{"start":{"line":383,"column":13},"end":{"line":388,"column":null}},"type":"if","locations":[{"start":{"line":383,"column":13},"end":{"line":388,"column":null}}]},"40":{"loc":{"start":{"line":390,"column":6},"end":{"line":398,"column":null}},"type":"if","locations":[{"start":{"line":390,"column":6},"end":{"line":398,"column":null}},{"start":{"line":394,"column":13},"end":{"line":398,"column":null}}]},"41":{"loc":{"start":{"line":390,"column":10},"end":{"line":390,"column":117}},"type":"binary-expr","locations":[{"start":{"line":390,"column":10},"end":{"line":390,"column":85}},{"start":{"line":390,"column":89},"end":{"line":390,"column":117}}]},"42":{"loc":{"start":{"line":394,"column":13},"end":{"line":398,"column":null}},"type":"if","locations":[{"start":{"line":394,"column":13},"end":{"line":398,"column":null}}]},"43":{"loc":{"start":{"line":400,"column":6},"end":{"line":408,"column":null}},"type":"if","locations":[{"start":{"line":400,"column":6},"end":{"line":408,"column":null}},{"start":{"line":404,"column":12},"end":{"line":408,"column":null}}]},"44":{"loc":{"start":{"line":404,"column":12},"end":{"line":408,"column":null}},"type":"if","locations":[{"start":{"line":404,"column":12},"end":{"line":408,"column":null}}]},"45":{"loc":{"start":{"line":410,"column":6},"end":{"line":418,"column":null}},"type":"if","locations":[{"start":{"line":410,"column":6},"end":{"line":418,"column":null}},{"start":{"line":414,"column":12},"end":{"line":418,"column":null}}]},"46":{"loc":{"start":{"line":414,"column":12},"end":{"line":418,"column":null}},"type":"if","locations":[{"start":{"line":414,"column":12},"end":{"line":418,"column":null}}]},"47":{"loc":{"start":{"line":420,"column":6},"end":{"line":428,"column":null}},"type":"if","locations":[{"start":{"line":420,"column":6},"end":{"line":428,"column":null}},{"start":{"line":424,"column":12},"end":{"line":428,"column":null}}]},"48":{"loc":{"start":{"line":424,"column":12},"end":{"line":428,"column":null}},"type":"if","locations":[{"start":{"line":424,"column":12},"end":{"line":428,"column":null}}]},"49":{"loc":{"start":{"line":430,"column":6},"end":{"line":438,"column":null}},"type":"if","locations":[{
[...]
olumn":9},"end":{"line":266,"column":null}},{"start":{"line":256,"column":9},"end":{"line":266,"column":null}}]},"51":{"loc":{"start":{"line":256,"column":9},"end":{"line":266,"column":null}},"type":"if","locations":[{"start":{"line":256,"column":9},"end":{"line":266,"column":null}},{"start":{"line":258,"column":9},"end":{"line":266,"column":null}}]},"52":{"loc":{"start":{"line":258,"column":9},"end":{"line":266,"column":null}},"type":"if","locations":[{"start":{"line":258,"column":9},"end":{"line":266,"column":null}},{"start":{"line":260,"column":9},"end":{"line":266,"column":null}}]},"53":{"loc":{"start":{"line":260,"column":9},"end":{"line":266,"column":null}},"type":"if","locations":[{"start":{"line":260,"column":9},"end":{"line":266,"column":null}},{"start":{"line":262,"column":9},"end":{"line":266,"column":null}}]},"54":{"loc":{"start":{"line":262,"column":9},"end":{"line":266,"column":null}},"type":"if","locations":[{"start":{"line":262,"column":9},"end":{"line":266,"column":null}},{"start":{"line":264,"column":9},"end":{"line":266,"column":null}}]},"55":{"loc":{"start":{"line":271,"column":1},"end":{"line":287,"column":null}},"type":"if","locations":[{"start":{"line":271,"column":1},"end":{"line":287,"column":null}},{"start":{"line":273,"column":8},"end":{"line":287,"column":null}}]},"56":{"loc":{"start":{"line":273,"column":8},"end":{"line":287,"column":null}},"type":"if","locations":[{"start":{"line":273,"column":8},"end":{"line":287,"column":null}},{"start":{"line":275,"column":8},"end":{"line":287,"column":null}}]},"57":{"loc":{"start":{"line":275,"column":8},"end":{"line":287,"column":null}},"type":"if","locations":[{"start":{"line":275,"column":8},"end":{"line":287,"column":null}},{"start":{"line":277,"column":8},"end":{"line":287,"column":null}}]},"58":{"loc":{"start":{"line":277,"column":8},"end":{"line":287,"column":null}},"type":"if","locations":[{"start":{"line":277,"column":8},"end":{"line":287,"column":null}},{"start":{"line":279,"column":8},"end":{"line":287,"column":null}}]},"59":{"loc":{"start":{"line":279,"column":8},"end":{"line":287,"column":null}},"type":"if","locations":[{"start":{"line":279,"column":8},"end":{"line":287,"column":null}},{"start":{"line":281,"column":8},"end":{"line":287,"column":null}}]},"60":{"loc":{"start":{"line":281,"column":8},"end":{"line":287,"column":null}},"type":"if","locations":[{"start":{"line":281,"column":8},"end":{"line":287,"column":null}},{"start":{"line":283,"column":8},"end":{"line":287,"column":null}}]},"61":{"loc":{"start":{"line":283,"column":8},"end":{"line":287,"column":null}},"type":"if","locations":[{"start":{"line":283,"column":8},"end":{"line":287,"column":null}},{"start":{"line":285,"column":8},"end":{"line":287,"column":null}}]},"62":{"loc":{"start":{"line":293,"column":1},"end":{"line":295,"column":null}},"type":"if","locations":[{"start":{"line":293,"column":1},"end":{"line":295,"column":null}}]},"63":{"loc":{"start":{"line":296,"column":17},"end":{"line":296,"column":66}},"type":"cond-expr","locations":[{"start":{"line":296,"column":59},"end":{"line":296,"column":61}},{"start":{"line":296,"column":59},"end":{"line":296,"column":66}}]},"64":{"loc":{"start":{"line":296,"column":17},"end":{"line":296,"column":61}},"type":"binary-expr","locations":[{"start":{"line":296,"column":17},"end":{"line":296,"column":61}},{"start":{"line":296,"column":59},"end":{"line":296,"column":61}}]},"65":{"loc":{"start":{"line":297,"column":8},"end":{"line":297,"column":49}},"type":"cond-expr","locations":[{"start":{"line":297,"column":18},"end":{"line":297,"column":45}},{"start":{"line":297,"column":48},"end":{"line":297,"column":49}}]},"66":{"loc":{"start":{"line":315,"column":2},"end":{"line":317,"column":null}},"type":"if","locations":[{"start":{"line":315,"column":2},"end":{"line":317,"column":null}}]},"67":{"loc":{"start":{"line":364,"column":13},"end":{"line":364,"column":27}},"type":"binary-expr","locations":[{"start":{"line":364,"column":13},"end":{"line":364,"column":21}},{"start":{"line":364,"column":25},"end":{"line":364,"column":27}}]},"68":{"loc":{"start":{"line":366,"column":3},"end":{"line":383,"column":null}},"type":"if","locations":[{"start":{"line":366,"column":3},"end":{"line":383,"column":null}},{"start":{"line":369,"column":8},"end":{"line":383,"column":null}}]},"69":{"loc":{"start":{"line":371,"column":4},"end":{"line":373,"column":null}},"type":"if","locations":[{"start":{"line":371,"column":4},"end":{"line":373,"column":null}}]},"70":{"loc":{"start":{"line":371,"column":8},"end":{"line":371,"column":50}},"type":"binary-expr","locations":[{"start":{"line":371,"column":8},"end":{"line":371,"column":29}},{"start":{"line":371,"column":33},"end":{"line":371,"column":50}}]},"71":{"loc":{"start":{"line":378,"column":5},"end":{"line":381,"column":null}},"type":"if","locations":[{"start":{"line":378,"column":5},"end":{"line":381,"column":null}}]},"72":{"loc":{"start":{"line":378,"column":9},"end":{"line":378,"column":101}},"type":"binary-expr","locations":[{"start":{"line":378,"column":9},"end":{"line":378,"column":54}},{"start":{"line":378,"column":58},"end":{"line":378,"column":101}}]},"73":{"loc":{"start":{"line":400,"column":49},"end":{"line":400,"column":63}},"type":"cond-expr","locations":[{"start":{"line":400,"column":58},"end":{"line":400,"column":62}},{"start":{"line":400,"column":62},"end":{"line":400,"column":63}}]},"74":{"loc":{"start":{"line":400,"column":49},"end":{"line":400,"column":62}},"type":"binary-expr","locations":[{"start":{"line":400,"column":49},"end":{"line":400,"column":62}},{"start":{"line":400,"column":58},"end":{"line":400,"column":62}}]},"75":{"loc":{"start":{"line":414,"column":1},"end":{"line":418,"column":null}},"type":"if","locations":[{"start":{"line":414,"column":1},"end":{"line":418,"column":null}},{"start":{"line":416,"column":8},"end":{"line":418,"column":null}}]},"76":{"loc":{"start":{"line":423,"column":1},"end":{"line":427,"column":null}},"type":"if","locations":[{"start":{"line":423,"column":1},"end":{"line":427,"column":null}},{"start":{"line":425,"column":8},"end":{"line":427,"column":null}}]},"77":{"loc":{"start":{"line":438,"column":29},"end":{"line":438,"column":60}},"type":"binary-expr","locations":[{"start":{"line":438,"column":29},"end":{"line":438,"column":55}},{"start":{"line":438,"column":59},"end":{"line":438,"column":60}}]},"78":{"loc":{"start":{"line":444,"column":8},"end":{"line":452,"column":null}},"type":"if","locations":[{"start":{"line":444,"column":8},"end":{"line":452,"column":null}}]},"79":{"loc":{"start":{"line":444,"column":12},"end":{"line":445,"column":71}},"type":"binary-expr","locations":[{"start":{"line":444,"column":12},"end":{"line":444,"column":83}},{"start":{"line":445,"column":12},"end":{"line":445,"column":71}}]},"80":{"loc":{"start":{"line":449,"column":33},"end":{"line":449,"column":64}},"type":"binary-expr","locations":[{"start":{"line":449,"column":33},"end":{"line":449,"column":59}},{"start":{"line":449,"column":63},"end":{"line":449,"column":64}}]},"81":{"loc":{"start":{"line":466,"column":1},"end":{"line":470,"column":null}},"type":"if","locations":[{"start":{"line":466,"column":1},"end":{"line":470,"column":null}},{"start":{"line":468,"column":8},"end":{"line":470,"column":null}}]},"82":{"loc":{"start":{"line":474,"column":1},"end":{"line":478,"column":null}},"type":"if","locations":[{"start":{"line":474,"column":1},"end":{"line":478,"column":null}},{"start":{"line":476,"column":8},"end":{"line":478,"column":null}}]},"83":{"loc":{"start":{"line":487,"column":2},"end":{"line":491,"column":null}},"type":"if","locations":[{"start":{"line":487,"column":2},"end":{"line":491,"column":null}}]},"84":{"loc":{"start":{"line":487,"column":6},"end":{"line":488,"column":71}},"type":"binary-expr","locations":[{"start":{"line":487,"column":7},"end":{"line":487,"column":78}},{"start":{"line":487,"column":82},"end":{"line":487,"column":105}},{"start":{"line":488,"column":12},"end":{"line":488,"column":71}}]}},"s":{"0":0,"1":0,"2":0,"3":0,"4":0,"5":0,"6":0,"7":0,"8":0,"9":0,"10":0,"11":0,"12":0,"13":0,"14":0,"15":0,"16":0,"17":0,"18":0,"19":0,"20":0,"21":0,"22":0,"23":0,"24":0,"25":0,"26":0,"27":0,"28":0,"29":0,"30":0,"31":0,"32":0,"33":0,"34":0,"35":0,"36":0,"37":0,"38":0,"39":0,"40":0,"41":0,"42":0,"43":0,"44":0,"45":0,"46":0,"47":0,"48":0,"49":0,"50":0,"51":0,"52":0,"53":0,"54":0,"55":0,"56":0,"57":0,"58":0,"59":0,"60":0,"61":0,"62":0,"63":0,"64":0,"65":0,"66":0,"67":0,"68":0,"69":0,"70":0,"71":0,"72":0,"73":0,"74":0,"75":0,"76":0,"77":0,"78":0,"79":0,"80":0,"81":0,"82":0,"83":0,"84":0,"85":0,"86":0,"87":0,"88":0,"89":0,"90":0,"91":0,"92":0,"93":0,"94":0,"95":0,"96":0,"97":0,"98":0,"99":0,"100":0,"101":0,"102":0,"103":0,"104":0,"105":0,"106":0,"107":0,"108":0,"109":0,"110":0,"111":0,"112":0,"113":0,"114":0,"115":0,"116":0,"117":0,"118":0,"119":0,"120":0,"121":0,"122":0,"123":0,"124":0,"125":0,"126":0,"127":0,"128":0,"129":0,"130":0,"131":0,"132":0,"133":0,"134":0,"135":0,"136":0,"137":0,"138":0,"139":0,"140":0,"141":0,"142":0,"143":0,"144":0,"145":0,"146":0,"147":0,"148":0,"149":0,"150":0,"151":0,"152":0,"153":0,"154":0,"155":0,"156":0,"157":0,"158":0,"159":0,"160":0,"161":0,"162":0,"163":0,"164":0,"165":0,"166":0,"167":0,"168":0,"169":0,"170":0,"171":0,"172":0,"173":0,"174":0,"175":0,"176":0,"177":0,"178":0,"179":0,"180":0,"181":0,"182":0,"183":0,"184":0,"185":0,"186":0,"187":0,"188":0,"189":0,"190":0,"191":0,"192":0,"193":0,"194":0,"195":0,"196":0,"197":0,"198":0,"199":0,"200":0,"201":0,"202":0,"203":0,"204":0,"205":0,"206":0,"207":0,"208":0,"209":0,"210":0,"211":0,"212":0,"213":0,"214":0,"215":0,"216":0,"217":0,"218":0,"219":0,"220":0,"221":0,"222":0,"223":0,"224":0,"225":0,"226":0,"227":0,"228":0,"229":0,"230":0,"231":0,"232":0,"233":0,"234":0,"235":0,"236":0,"237":0,"238":0,"239":0,"240":0,"241":0,"242":0,"243":0,"244":0,"245":0,"246":0,"247":0,"248":0,"249":0,"250":0,"251":0,"252":0,"253":0,"254":0,"255":0,"256":0,"257":0,"258":0,"259":0,"260":0,"261":0,"262":0,"263":0,"264":0,"265":0,"266":0,"267":0,"268":0,"269":0,"270":0},"f":{"0":0,"1":0,"2":0,"3":0,"4":0,"5":0,"6":0,"7":0,"8":0,"9":0,"10":0,"11":0,"12":0,"13":0,"14":0,"15":0,"16":0,"17":0,"18":0,"19":0,"20":0,"21":0,"22":0,"23":0,"24":0,"25":0,"26":0,"27":0,"28":0,"29":0,"30":0},"b":{"0":[0,0],"1":[0,0],"2":[0,0],"3":[0,0],"4":[0,0],"5":[0,0],"6":[0,0],"7":[0,0],"8":[0,0],"9":[0,0],"10":[0,0],"11":[0,0],"12":[0,0],"13":[0,0],"14":[0,0],"15":[0,0],"16":[0,0],"17":[0,0,0,0],"18":[0,0],"19":[0,0],"20":[0],"21":[0],"22":[0],"23":[0],"24":[0],"25":[0,0],"26":[0,0],"27":[0,0],"28":[0,0],"29":[0,0],"30":[0,0],"31":[0,0],"32":[0,0],"33":[0,0],"34":[0,0],"35":[0,0],"36":[0,0],"37":[0,0],"38":[0,0],"39":[0,0],"40":[0,0],"41":[0,0],"42":[0,0],"43":[0,0],"44":[0,0],"45":[0,0],"46":[0,0],"47":[0,0],"48":[0,0],"49":[0,0],"50":[0,0],"51":[0,0],"52":[0,0],"53":[0,0],"54":[0,0],"55":[0,0],"56":[0,0],"57":[0,0],"58":[0,0],"59":[0,0],"60":[0,0],"61":[0,0],"62":[0],"63":[0,0],"64":[0,0],"65":[0,0],"66":[0],"67":[0,0],"68":[0,0],"69":[0],"70":[0,0],"71":[0],"72":[0,0],"73":[0,0],"74":[0,0],"75":[0,0],"76":[0,0],"77":[0,0],"78":[0],"79":[0,0],"80":[0,0],"81":[0,0],"82":[0,0],"83":[0],"84":[0,0,0]}}
,"C:\\zk-gamification\\.obsidian\\plugins\\obsidian-gamified-pkm\\src\\settings.ts": {"path":"C:\\zk-gamification\\.obsidian\\plugins\\obsidian-gamified-pkm\\src\\settings.ts","statementMap":{"0":{"start":{"line":1,"column":0},"end":{"line":1,"column":58}},"1":{"start":{"line":4,"column":13},"end":{"line":27,"column":2}},"2":{"start":{"line":82,"column":3},"end":{"line":82,"column":22}},"3":{"start":{"line":83,"column":3},"end":{"line":83,"column":24}},"4":{"start":{"line":87,"column":26},"end":{"line":87,"column":30}},"5":{"start":{"line":88,"column":2},"end":{"line":88,"column":46}},"6":{"start":{"line":89,"column":2},"end":{"line":89,"column":27}},"7":{"start":{"line":91,"column":20},"end":{"line":91,"column":51}},"8":{"start":{"line":92,"column":2},"end":{"line":92,"column":38}},"9":{"start":{"line":93,"column":21},"end":{"line":95,"column":4}},"10":{"start":{"line":96,"column":20},"end":{"line":100,"column":4}},"11":{"start":{"line":101,"column":2},"end":{"line":101,"column":24}},"12":{"start":{"line":106,"column":2},"end":{"line":106,"column":69}},"13":{"start":{"line":107,"column":2},"end":{"line":107,"column":null}},"14":{"start":{"line":108,"column":2},"end":{"line":117,"column":8}},"15":{"start":{"line":111,"column":20},"end":{"line":117,"column":6}},"16":{"start":{"line":114,"column":30},"end":{"line":117,"column":6}},"17":{"start":{"line":115,"column":5},"end":{"line":115,"column":46}},"18":{"start":{"line":116,"column":5},"end":{"line":116,"column":38}},"19":{"start":{"line":120,"column":2},"end":{"line":130,"column":8}},"20":{"start":{"line":123,"column":20},"end":{"line":130,"column":6}},"21":{"start":{"line":126,"column":30},"end":{"line":130,"column":6}},"22":{"start":{"line":128,"column":5},"end":{"line":128,"column":48}},"23":{"start":{"line":129,"column":5},"end":{"line":129,"column":38}},"24":{"start":{"line":132,"column":2},"end":{"line":142,"column":8}},"25":{"start":{"line":135,"column":20},"end":{"line":142,"column":6}},"26":{"start":{"line":138,"column":31},"end":{"line":142,"column":6}},"27":{"start":{"line":140,"column":6},"end":{"line":140,"column":50}},"28":{"start":{"line":141,"column":6},"end":{"line":141,"column":39}},"29":{"start":{"line":144,"column":4},"end":{"line":144,"column":59}},"30":{"start":{"line":145,"column":2},"end":{"line":155,"column":5}},"31":{"start":{"line":149,"column":4},"end":{"line":154,"column":15}},"32":{"start":{"line":152,"column":15},"end":{"line":152,"column":62}},"33":{"start":{"line":153,"column":15},"end":{"line":153,"column":58}},"34":{"start":{"line":158,"column":2},"end":{"line":167,"column":8}},"35":{"start":{"line":161,"column":20},"end":{"line":167,"column":6}},"36":{"start":{"line":164,"column":31},"end":{"line":167,"column":6}},"37":{"start":{"line":165,"column":6},"end":{"line":165,"column":68}},"38":{"start":{"line":166,"column":6},"end":{"line":166,"column":39}},"39":{"start":{"line":171,"column":2},"end":{"line":189,"column":7}},"40":{"start":{"line":174,"column":20},"end":{"line":181,"column":6}},"41":{"start":{"line":177,"column":31},"end":{"line":181,"column":6}},"42":{"start":{"line":179,"column":6},"end":{"line":179,"column":56}},"43":{"start":{"line":180,"column":6},"end":{"line":180,"column":39}},"44":{"start":{"line":182,"column":20},"end":{"line":189,"column":5}},"45":{"start":{"line":185,"column":31},"end":{"line":189,"column":5}},"46":{"start":{"line":187,"column":6},"end":{"line":187,"column":56}},"47":{"start":{"line":188,"column":6},"end":{"line":188,"column":39}},"48":{"start":{"line":55,"column":0},"end":{"line":55,"column":13}}},"fnMap":{"0":{"name":"(anonymous_0)","decl":{"start":{"line":81,"column":1},"end":{"line":81,"column":13}},"loc":{"start":{"line":81,"column":43},"end":{"line":84,"column":2}}},"1":{"name":"(anonymous_1)","decl":{"start":{"line":86,"column":8},"end":{"line":86,"column":15}},"loc":{"start":{"line":86,"column":15},"end":{"line":191,"column":2}}},"2":{"name":"(anonymous_2)","decl":{"start":{"line":111,"column":12},"end":{"line":111,"column":16}},"loc":{"start":{"line":111,"column":20},"end":{"line":117,"column":6}}},"3":{"name":"(anonymous_3)","decl":{"start":{"line":114,"column":14},"end":{"line":114,"column":21}},"loc":{"start":{"line":114,"column":30},"end":{"line":117,"column":6}}},"4":{"name":"(anonymous_4)","decl":{"start":{"line":114,"column":30},"end":{"line":114,"column":null}},"loc":{"start":{"line":114,"column":30},"end":{"line":117,"column":5}}},"5":{"name":"(anonymous_5)","decl":{"start":{"line":123,"column":12},"end":{"line":123,"column":16}},"loc":{"start":{"line":123,"column":20},"end":{"line":130,"column":6}}},"6":{"name":"(anonymous_6)","decl":{"start":{"line":126,"column":14},"end":{"line":126,"column":21}},"loc":{"start":{"line":126,"column":30},"end":{"line":130,"column":6}}},"7":{"name":"(anonymous_7)","decl":{"start":{"line":126,"column":30},"end":{"line":126,"column":null}},"loc":{"start":{"line":126,"column":30},"end":{"line":130,"column":5}}},"8":{"name":"(anonymous_8)","decl":{"start":{"line":135,"column":12},"end":{"line":135,"column":16}},"loc":{"start":{"line":135,"column":20},"end":{"line":142,"column":6}}},"9":{"name":"(anonymous_9)","decl":{"start":{"line":138,"column":15},"end":{"line":138,"column":22}},"loc":{"start":{"line":138,"column":31},"end":{"line":142,"column":6}}},"10":{"name":"(anonymous_10)","decl":{"start":{"line":138,"column":31},"end":{"line":138,"column":null}},"loc":{"start":{"line":138,"column":31},"end":{"line":142,"column":5}}},"11":{"name":"(anonymous_11)","decl":{"start":{"line":148,"column":14},"end":{"line":148,"column":15}},"loc":{"start":{"line":149,"column":4},"end":{"line":154,"column":15}}},"12":{"name":"(anonymous_12)","decl":{"start":{"line":151,"column":21},"end":{"line":151,"column":22}},"loc":{"start":{"line":151,"column":31},"end":{"line":154,"column":14}}},"13":{"name":"(anonymous_13)","decl":{"start":{"line":161,"column":12},"end":{"line":161,"column":16}},"loc":{"start":{"line":161,"column":20},"end":{"line":167,"column":6}}},"14":{"name":"(anonymous_14)","decl":{"start":{"line":164,"column":15},"end":{"line":164,"column":22}},"loc":{"start":{"line":164,"column":31},"end":{"line":167,"column":6}}},"15":{"name":"(anonymous_15)","decl":{"start":{"line":164,"column":31},"end":{"line":164,"column":null}},"loc":{"start":{"line":164,"column":31},"end":{"line":167,"column":5}}},"16":{"name":"(anonymous_16)","decl":{"start":{"line":174,"column":12},"end":{"line":174,"column":16}},"loc":{"start":{"line":174,"column":20},"end":{"line":181,"column":6}}},"17":{"name":"(anonymous_17)","decl":{"start":{"line":177,"column":15},"end":{"line":177,"column":22}},"loc":{"start":{"line":177,"column":31},"end":{"line":181,"column":6}}},"18":{"name":"(anonymous_18)","decl":{"start":{"line":177,"column":31},"end":{"line":177,"column":null}},"loc":{"start":{"line":177,"column":31},"end":{"line":181,"column":5}}},"19":{"name":"(anonymous_19)","decl":{"start":{"line":182,"column":12},"end":{"line":182,"column":16}},"loc":{"start":{"line":182,"column":20},"end":{"line":189,"column":5}}},"20":{"name":"(anonymous_20)","decl":{"start":{"line":185,"column":15},"end":{"line":185,"column":22}},"loc":{"start":{"line":185,"column":31},"end":{"line":189,"column":5}}},"21":{"name":"(anonymous_21)","decl":{"start":{"line":185,"column":31},"end":{"line":185,"column":null}},"loc":{"start":{"line":185,"column":31},"end":{"line":189,"column":4}}}},"branchMap":{},"s":{"0":0,"1":0,"2":0,"3":0,"4":0,"5":0,"6":0,"7":0,"8":0,"9":0,"10":0,"11":0,"12":0,"13":0,"14":0,"15":0,"16":0,"17":0,"18":0,"19":0,"20":0,"21":0,"22":0,"23":0,"24":0,"25":0,"26":0,"27":0,"28":0,"29":0,"30":0,"31":0,"32":0,"33":0,"34":0,"35":0,"36":0,"37":0,"38":0,"39":0,"40":0,"41":0,"42":0,"43":0,"44":0,"45":0,"46":0,"47":0,"48":0},"f":{"0":0,"1":0,"2":0,"3":0,"4":0,"5":0,"6":0,"7":0,"8":0,"9":0,"10":0,"11":0,"12":0,"13":0,"14":0,"15":0,"16":0,"17":0,"18":0,"19":0,"20":0,"21":0},"b":{}}
,"C:\\zk-gamification\\.obsidian\\plugins\\obsidian-gamified-pkm\\src\\utils.ts": {"path":"C:\\zk-gamification\\.obsidian\\plugins\\obsidian-gamified-pkm\\src\\utils.ts","statementMap":{"0":{"start":{"line":7,"column":2},"end":{"line":7,"column":39}},"1":{"start":{"line":6,"column":0},"end":{"line":6,"column":16}},"2":{"start":{"line":11,"column":2},"end":{"line":11,"column":25}},"3":{"start":{"line":10,"column":0},"end":{"line":10,"column":16}}},"fnMap":{"0":{"name":"onlyUniqueArray","decl":{"start":{"line":6,"column":16},"end":{"line":6,"column":31}},"loc":{"start":{"line":6,"column":69},"end":{"line":8,"column":1}}},"1":{"name":"isTFile","decl":{"start":{"line":10,"column":16},"end":{"line":10,"column":23}},"loc":{"start":{"line":10,"column":44},"end":{"line":12,"column":1}}}},"branchMap":{},"s":{"0":0,"1":0,"2":0,"3":0},"f":{"0":0,"1":0},"b":{}}
}
