TN:
SF:src\badges.ts
FN:8,checkIfReceiveABadge
FN:19,getBadgeForLevel
FN:58,getBadgeForInitLevel
FNF:3
FNH:3
FNDA:9,checkIfReceiveABadge
FNDA:3,getBadgeForLevel
FNDA:5,getBadgeForInitLevel
DA:8,1
DA:9,9
DA:10,9
DA:11,9
DA:12,108
DA:13,4
DA:16,9
DA:19,1
DA:20,3
DA:21,3
DA:36,3
DA:37,3
DA:38,14
DA:39,11
DA:41,3
DA:53,3
DA:58,1
DA:59,5
DA:60,5
DA:77,5
DA:78,5
DA:79,35
DA:80,30
DA:82,5
DA:93,5
LF:25
LH:25
BRDA:12,0,0,4
BRDA:12,1,0,108
BRDA:12,1,1,89
BRDA:38,2,0,11
BRDA:38,2,1,3
BRDA:79,3,0,30
BRDA:79,3,1,5
BRF:7
BRH:7
end_of_record
TN:
SF:src\creatmodchartcalculation.ts
FN:3,findEarliestCreatedFile
FN:14,findEarliestModifiedFile
FN:25,findEarliestDateFile
FN:39,monthsBetween
FN:48,getCreationDates
FN:59,getModificationDates
FN:70,createChartFormat
FN:85,replaceChartContent
FNF:8
FNH:2
FNDA:0,findEarliestCreatedFile
FNDA:0,findEarliestModifiedFile
FNDA:0,findEarliestDateFile
FNDA:3,monthsBetween
FNDA:0,getCreationDates
FNDA:0,getModificationDates
FNDA:2,createChartFormat
FNDA:0,replaceChartContent
DA:3,1
DA:4,0
DA:5,0
DA:6,0
DA:7,0
DA:10,0
DA:14,1
DA:15,0
DA:16,0
DA:17,0
DA:18,0
DA:21,0
DA:25,1
DA:26,0
DA:27,0
DA:28,0
DA:29,0
DA:31,0
DA:32,0
DA:35,0
DA:39,1
DA:40,3
DA:41,3
DA:42,1
DA:44,3
DA:48,1
DA:49,0
DA:51,0
DA:52,0
DA:55,0
DA:59,1
DA:60,0
DA:62,0
DA:63,0
DA:66,0
DA:70,1
DA:71,2
DA:72,2
DA:73,1
DA:75,1
DA:79,2
DA:81,2
DA:85,1
DA:86,0
DA:87,0
DA:88,0
DA:89,0
DA:91,0
DA:93,0
DA:94,0
DA:95,0
DA:96,0
DA:98,0
DA:99,0
DA:100,0
DA:101,0
DA:102,0
DA:103,0
DA:107,0
DA:108,0
DA:109,0
DA:110,0
DA:111,0
LF:63
LH:18
BRDA:6,0,0,0
BRDA:17,1,0,0
BRDA:28,2,0,0
BRDA:31,3,0,0
BRDA:41,4,0,1
BRDA:72,5,0,1
BRDA:72,5,1,1
BRDA:87,6,0,0
BRDA:101,7,0,0
BRDA:102,8,0,0
BRDA:107,9,0,0
BRF:11
BRH:3
end_of_record
TN:
SF:src\levels.ts
FN:121,getLevelForPoints
FN:133,statusPointsForLevel
FNF:2
FNH:1
FNDA:0,getLevelForPoints
FNDA:3,statusPointsForLevel
DA:7,1
DA:121,1
DA:122,0
DA:123,0
DA:124,0
DA:125,0
DA:127,0
DA:130,0
DA:133,1
DA:134,3
DA:135,3
DA:136,333
DA:137,3
DA:142,3
LF:14
LH:8
BRDA:124,0,0,0
BRDA:124,0,1,0
BRDA:136,1,0,3
BRDA:136,2,0,333
BRDA:136,2,1,3
BRF:5
BRH:3
end_of_record
TN:
SF:src\main.ts
FN:30,getNumberOfOutlinks
FN:39,count_inlinks
FN:44,(anonymous_2)
FN:45,(anonymous_3)
FN:50,(anonymous_4)
FN:50,(anonymous_5)
FN:87,(anonymous_6)
FN:88,(anonymous_7)
FN:101,(anonymous_8)
FN:101,(anonymous_9)
FN:128,(anonymous_10)
FN:129,(anonymous_11)
FN:142,(anonymous_12)
FN:151,(anonymous_14)
FN:151,(anonymous_15)
FN:175,(anonymous_16)
FN:175,(anonymous_17)
FN:214,(anonymous_18)
FN:214,(anonymous_19)
FN:225,(anonymous_20)
FN:225,(anonymous_21)
FN:266,(anonymous_22)
FN:351,(anonymous_23)
FN:351,(anonymous_24)
FN:380,(anonymous_25)
FN:380,(anonymous_26)
FN:394,(anonymous_27)
FN:394,(anonymous_28)
FN:416,(anonymous_29)
FN:416,(anonymous_30)
FN:605,(anonymous_31)
FN:605,(anonymous_32)
FN:615,(anonymous_33)
FN:615,(anonymous_34)
FN:626,(anonymous_35)
FN:636,(anonymous_36)
FN:689,(anonymous_38)
FN:812,(anonymous_39)
FN:838,(anonymous_41)
FN:859,(anonymous_43)
FN:891,(anonymous_45)
FN:916,(anonymous_47)
FN:922,(anonymous_49)
FN:927,(anonymous_51)
FN:934,(anonymous_53)
FN:1011,(anonymous_55)
FN:1095,(anonymous_57)
FN:1140,(anonymous_59)
FN:1173,(anonymous_61)
FN:1219,(anonymous_63)
FN:1328,(anonymous_65)
FN:1329,(anonymous_67)
FN:1344,(anonymous_68)
FN:1354,(anonymous_70)
FN:1362,(anonymous_71)
FN:1381,(anonymous_72)
FN:1399,(anonymous_74)
FN:1413,(anonymous_76)
FN:1423,(anonymous_78)
FN:1457,isSameDay
FN:1462,isOneDayBefore
FN:1469,createAvatarFile
FN:1649,(anonymous_84)
FN:1654,(anonymous_85)
FN:1659,(anonymous_86)
FN:1666,replaceFormatStrings
FN:1690,rateDirectionForStatusPoints
FNF:67
FNH:0
FNDA:0,getNumberOfOutlinks
FNDA:0,count_inlinks
FNDA:0,(anonymous_2)
FNDA:0,(anonymous_3)
FNDA:0,(anonymous_4)
FNDA:0,(anonymous_5)
FNDA:0,(anonymous_6)
FNDA:0,(anonymous_7)
FNDA:0,(anonymous_8)
FNDA:0,(anonymous_9)
FNDA:0,(anonymous_10)
FNDA:0,(anonymous_11)
FNDA:0,(anonymous_12)
FNDA:0,(anonymous_14)
FNDA:0,(anonymous_15)
FNDA:0,(anonymous_16)
FNDA:0,(anonymous_17)
FNDA:0,(anonymous_18)
FNDA:0,(anonymous_19)
FNDA:0,(anonymous_20)
FNDA:0,(anonymous_21)
FNDA:0,(anonymous_22)
FNDA:0,(anonymous_23)
FNDA:0,(anonymous_24)
FNDA:0,(anonymous_25)
FNDA:0,(anonymous_26)
FNDA:0,(anonymous_27)
FNDA:0,(anonymous_28)
FNDA:0,(anonymous_29)
FNDA:0,(anonymous_30)
FNDA:0,(anonymous_31)
FNDA:0,(anonymous_32)
FNDA:0,(anonymous_33)
FNDA:0,(anonymous_34)
FNDA:0,(anonymous_35)
FNDA:0,(anonymous_36)
FNDA:0,(anonymous_38)
FNDA:0,(anonymous_39)
FNDA:0,(anonymous_41)
FNDA:0,(anonymous_43)
FNDA:0,(anonymous_45)
FNDA:0,(anonymous_47)
FNDA:0,(anonymous_49)
FNDA:0,(anonymous_51)
FNDA:0,(anonymous_53)
FNDA:0,(anonymous_55)
FNDA:0,(anonymous_57)
FNDA:0,(anonymous_59)
FNDA:0,(anonymous_61)
FNDA:0,(anonymous_63)
FNDA:0,(anonymous_65)
FNDA:0,(anonymous_67)
FNDA:0,(anonymous_68)
FNDA:0,(anonymous_70)
FNDA:0,(anonymous_71)
FNDA:0,(anonymous_72)
FNDA:0,(anonymous_74)
FNDA:0,(anonymous_76)
FNDA:0,(anonymous_78)
FNDA:0,isSameDay
FNDA:0,isOneDayBefore
FNDA:0,createAvatarFile
FNDA:0,(anonymous_84)
FNDA:0,(anonymous_85)
FNDA:0,(anonymous_86)
FNDA:0,replaceFormatStrings
FNDA:0,rateDirectionForStatusPoints
DA:1,0
DA:2,0
DA:3,0
DA:4,0
DA:5,0
DA:6,0
DA:17,0
DA:25,0
DA:26,0
DA:30,0
DA:32,0
DA:33,0
DA:35,0
DA:36,0
DA:39,0
DA:40,0
DA:41,0
DA:43,0
DA:44,0
DA:45,0
DA:47,0
DA:50,0
DA:52,0
DA:56,0
DA:57,0
DA:58,0
DA:60,0
DA:65,0
DA:66,0
DA:67,0
DA:69,0
DA:71,0
DA:73,0
DA:75,0
DA:77,0
DA:79,0
DA:81,0
DA:83,0
DA:85,0
DA:87,0
DA:88,0
DA:90,0
DA:92,0
DA:94,0
DA:99,0
DA:101,0
DA:103,0
DA:106,0
DA:107,0
DA:108,0
DA:110,0
DA:114,0
DA:115,0
DA:116,0
DA:118,0
DA:120,0
DA:122,0
DA:123,0
DA:124,0
DA:126,0
DA:128,0
DA:129,0
DA:131,0
DA:134,0
DA:136,0
DA:143,0
DA:145,0
DA:148,0
DA:151,0
DA:153,0
DA:166,0
DA:167,0
DA:169,0
DA:170,0
DA:171,0
DA:174,0
DA:175,0
DA:203,0
DA:204,0
DA:214,0
DA:216,0
DA:220,0
DA:222,0
DA:225,0
DA:226,0
DA:227,0
DA:229,0
DA:230,0
DA:231,0
DA:232,0
DA:233,0
DA:234,0
DA:235,0
DA:237,0
DA:238,0
DA:239,0
DA:243,0
DA:244,0
DA:245,0
DA:246,0
DA:247,0
DA:248,0
DA:249,0
DA:252,0
DA:253,0
DA:254,0
DA:255,0
DA:256,0
DA:257,0
DA:258,0
DA:259,0
DA:260,0
DA:263,0
DA:265,0
DA:266,0
DA:270,0
DA:271,0
DA:272,0
DA:274,0
DA:275,0
DA:276,0
DA:279,0
DA:280,0
DA:281,0
DA:283,0
DA:284,0
DA:285,0
DA:289,0
DA:290,0
DA:291,0
DA:293,0
DA:294,0
DA:295,0
DA:299,0
DA:300,0
DA:301,0
DA:303,0
DA:304,0
DA:305,0
DA:309,0
DA:310,0
DA:311,0
DA:313,0
DA:314,0
DA:315,0
DA:319,0
DA:320,0
DA:321,0
DA:323,0
DA:324,0
DA:325,0
DA:331,0
DA:332,0
DA:333,0
DA:334,0
DA:335,0
DA:336,0
DA:339,0
DA:340,0
DA:341,0
DA:345,0
DA:346,0
DA:347,0
DA:351,0
DA:353,0
DA:354,0
DA:355,0
DA:356,0
DA:357,0
DA:358,0
DA:359,0
DA:369,0
DA:375,0
DA:377,0
DA:380,0
DA:381,0
DA:382,0
DA:383,0
DA:384,0
DA:391,0
DA:394,0
DA:398,0
DA:399,0
DA:400,0
DA:401,0
DA:402,0
DA:403,0
DA:404,0
DA:405,0
DA:406,0
DA:407,0
DA:413,0
DA:416,0
DA:420,0
DA:421,0
DA:422,0
DA:602,0
DA:605,0
DA:606,0
DA:612,0
DA:615,0
DA:616,0
DA:627,0
DA:630,0
DA:631,0
DA:632,0
DA:637,0
DA:638,0
DA:639,0
DA:643,0
DA:646,0
DA:647,0
DA:648,0
DA:650,0
DA:651,0
DA:652,0
DA:654,0
DA:655,0
DA:656,0
DA:659,0
DA:660,0
DA:661,0
DA:665,0
DA:667,0
DA:668,0
DA:670,0
DA:672,0
DA:674,0
DA:676,0
DA:677,0
DA:679,0
DA:684,0
DA:688,0
DA:689,0
DA:690,0
DA:694,0
DA:695,0
DA:696,0
DA:698,0
DA:700,0
DA:701,0
DA:702,0
DA:704,0
DA:706,0
DA:707,0
DA:708,0
DA:709,0
DA:712,0
DA:714,0
DA:715,0
DA:716,0
DA:717,0
DA:718,0
DA:719,0
DA:720,0
DA:723,0
DA:725,0
DA:726,0
DA:727,0
DA:728,0
DA:729,0
DA:730,0
DA:731,0
DA:734,0
DA:736,0
DA:737,0
DA:738,0
DA:739,0
DA:740,0
DA:741,0
DA:742,0
DA:745,0
DA:747,0
DA:748,0
DA:749,0
DA:750,0
DA:751,0
DA:752,0
DA:753,0
DA:756,0
DA:758,0
DA:759,0
DA:760,0
DA:761,0
DA:762,0
DA:763,0
DA:764,0
DA:767,0
DA:768,0
DA:769,0
DA:772,0
DA:773,0
DA:774,0
DA:775,0
DA:776,0
DA:777,0
DA:785,0
DA:786,0
DA:787,0
DA:788,0
DA:800,0
DA:801,0
DA:803,0
DA:805,0
DA:806,0
DA:807,0
DA:813,0
DA:814,0
DA:815,0
DA:816,0
DA:817,0
DA:818,0
DA:819,0
DA:821,0
DA:822,0
DA:823,0
DA:824,0
DA:825,0
DA:826,0
DA:828,0
DA:829,0
DA:831,0
DA:833,0
DA:839,0
DA:840,0
DA:841,0
DA:842,0
DA:843,0
DA:845,0
DA:847,0
DA:848,0
DA:849,0
DA:850,0
DA:851,0
DA:854,0
DA:860,0
DA:861,0
DA:862,0
DA:863,0
DA:864,0
DA:865,0
DA:866,0
DA:867,0
DA:869,0
DA:871,0
DA:872,0
DA:873,0
DA:874,0
DA:875,0
DA:878,0
DA:881,0
DA:883,0
DA:885,0
DA:886,0
DA:887,0
DA:901,0
DA:902,0
DA:903,0
DA:904,0
DA:905,0
DA:906,0
DA:907,0
DA:908,0
DA:910,0
DA:913,0
DA:917,0
DA:918,0
DA:923,0
DA:928,0
DA:929,0
DA:930,0
DA:944,0
DA:946,0
DA:947,0
DA:968,0
DA:971,0
DA:972,0
DA:974,0
DA:1005,0
DA:1012,0
DA:1013,0
DA:1014,0
DA:1015,0
DA:1017,0
DA:1021,0
DA:1022,0
DA:1023,0
DA:1024,0
DA:1025,0
DA:1026,0
DA:1027,0
DA:1028,0
DA:1029,0
DA:1030,0
DA:1032,0
DA:1033,0
DA:1034,0
DA:1035,0
DA:1036,0
DA:1037,0
DA:1040,0
DA:1041,0
DA:1042,0
DA:1045,0
DA:1046,0
DA:1047,0
DA:1052,0
DA:1054,0
DA:1055,0
DA:1056,0
DA:1057,0
DA:1058,0
DA:1060,0
DA:1062,0
DA:1063,0
DA:1064,0
DA:1065,0
DA:1066,0
DA:1067,0
DA:1070,0
DA:1072,0
DA:1073,0
DA:1074,0
DA:1075,0
DA:1077,0
DA:1078,0
DA:1079,0
DA:1080,0
DA:1081,0
DA:1082,0
DA:1083,0
DA:1086,0
DA:1087,0
DA:1088,0
DA:1089,0
DA:1091,0
DA:1096,0
DA:1097,0
DA:1098,0
DA:1099,0
DA:1101,0
DA:1103,0
DA:1104,0
DA:1105,0
DA:1106,0
DA:1107,0
DA:1108,0
DA:1109,0
DA:1111,0
DA:1112,0
DA:1113,0
DA:1114,0
DA:1115,0
DA:1116,0
DA:1119,0
DA:1120,0
DA:1121,0
DA:1125,0
DA:1126,0
DA:1127,0
DA:1129,0
DA:1130,0
DA:1132,0
DA:1133,0
DA:1134,0
DA:1135,0
DA:1136,0
DA:1141,0
DA:1142,0
DA:1143,0
DA:1144,0
DA:1146,0
DA:1148,0
DA:1149,0
DA:1150,0
DA:1151,0
DA:1153,0
DA:1154,0
DA:1155,0
DA:1156,0
DA:1157,0
DA:1158,0
DA:1162,0
DA:1163,0
DA:1164,0
DA:1166,0
DA:1167,0
DA:1168,0
DA:1169,0
DA:1174,0
DA:1175,0
DA:1176,0
DA:1177,0
DA:1179,0
DA:1181,0
DA:1182,0
DA:1183,0
DA:1184,0
DA:1185,0
DA:1187,0
DA:1188,0
DA:1189,0
DA:1190,0
DA:1191,0
DA:1192,0
DA:1195,0
DA:1197,0
DA:1199,0
DA:1201,0
DA:1202,0
DA:1203,0
DA:1205,0
DA:1210,0
DA:1211,0
DA:1212,0
DA:1213,0
DA:1214,0
DA:1220,0
DA:1221,0
DA:1222,0
DA:1223,0
DA:1224,0
DA:1227,0
DA:1228,0
DA:1229,0
DA:1230,0
DA:1231,0
DA:1232,0
DA:1233,0
DA:1235,0
DA:1236,0
DA:1238,0
DA:1239,0
DA:1240,0
DA:1241,0
DA:1243,0
DA:1245,0
DA:1246,0
DA:1247,0
DA:1249,0
DA:1250,0
DA:1252,0
DA:1253,0
DA:1254,0
DA:1258,0
DA:1259,0
DA:1261,0
DA:1262,0
DA:1264,0
DA:1265,0
DA:1268,0
DA:1273,0
DA:1274,0
DA:1276,0
DA:1277,0
DA:1279,0
DA:1280,0
DA:1283,0
DA:1303,0
DA:1304,0
DA:1306,0
DA:1308,0
DA:1313,0
DA:1314,0
DA:1316,0
DA:1318,0
DA:1323,0
DA:1325,0
DA:1329,0
DA:1330,0
DA:1331,0
DA:1332,0
DA:1333,0
DA:1335,0
DA:1336,0
DA:1337,0
DA:1338,0
DA:1346,0
DA:1351,0
DA:1352,0
DA:1353,0
DA:1354,0
DA:1355,0
DA:1356,0
DA:1357,0
DA:1360,0
DA:1361,0
DA:1362,0
DA:1363,0
DA:1364,0
DA:1365,0
DA:1366,0
DA:1367,0
DA:1368,0
DA:1371,0
DA:1372,0
DA:1373,0
DA:1374,0
DA:1382,0
DA:1383,0
DA:1384,0
DA:1386,0
DA:1388,0
DA:1389,0
DA:1390,0
DA:1391,0
DA:1392,0
DA:1396,0
DA:1400,0
DA:1401,0
DA:1405,0
DA:1406,0
DA:1407,0
DA:1408,0
DA:1410,0
DA:1414,0
DA:1415,0
DA:1416,0
DA:1417,0
DA:1419,0
DA:1424,0
DA:1425,0
DA:1426,0
DA:1427,0
DA:1429,0
DA:1431,0
DA:1432,0
DA:1433,0
DA:1434,0
DA:1436,0
DA:1438,0
DA:1439,0
DA:1440,0
DA:1441,0
DA:1442,0
DA:1443,0
DA:1447,0
DA:1448,0
DA:1449,0
DA:1450,0
DA:1451,0
DA:1458,0
DA:1459,0
DA:1463,0
DA:1464,0
DA:1465,0
DA:1474,0
DA:1634,0
DA:1635,0
DA:1636,0
DA:1637,0
DA:1640,0
DA:1650,0
DA:1651,0
DA:1655,0
DA:1656,0
DA:1660,0
DA:1661,0
DA:1667,0
DA:1669,0
DA:1670,0
DA:1671,0
DA:1674,0
DA:1675,0
DA:1677,0
DA:1678,0
DA:1679,0
DA:1682,0
DA:1683,0
DA:1684,0
DA:1685,0
DA:1687,0
DA:1691,0
DA:1693,0
DA:1694,0
DA:1697,0
DA:1700,0
LF:677
LH:0
BRDA:32,0,0,0
BRDA:35,1,0,0
BRDA:35,1,1,0
BRDA:35,2,0,0
BRDA:35,2,1,0
BRDA:36,3,0,0
BRDA:36,3,1,0
BRDA:44,4,0,0
BRDA:44,4,1,0
BRDA:44,5,0,0
BRDA:44,5,1,0
BRDA:57,6,0,0
BRDA:57,6,1,0
BRDA:66,7,0,0
BRDA:66,7,1,0
BRDA:81,8,0,0
BRDA:81,8,1,0
BRDA:87,9,0,0
BRDA:87,10,0,0
BRDA:87,10,1,0
BRDA:92,11,0,0
BRDA:92,11,1,0
BRDA:107,12,0,0
BRDA:107,12,1,0
BRDA:115,13,0,0
BRDA:115,13,1,0
BRDA:128,14,0,0
BRDA:128,15,0,0
BRDA:128,15,1,0
BRDA:128,15,2,0
BRDA:174,16,0,0
BRDA:220,17,0,0
BRDA:247,18,0,0
BRDA:247,19,0,0
BRDA:247,19,1,0
BRDA:247,19,2,0
BRDA:270,20,0,0
BRDA:270,20,1,0
BRDA:274,21,0,0
BRDA:279,22,0,0
BRDA:279,22,1,0
BRDA:279,23,0,0
BRDA:279,23,1,0
BRDA:283,24,0,0
BRDA:289,25,0,0
BRDA:289,25,1,0
BRDA:293,26,0,0
BRDA:299,27,0,0
BRDA:299,27,1,0
BRDA:303,28,0,0
BRDA:309,29,0,0
BRDA:309,29,1,0
BRDA:313,30,0,0
BRDA:319,31,0,0
BRDA:319,31,1,0
BRDA:323,32,0,0
BRDA:339,33,0,0
BRDA:339,34,0,0
BRDA:339,34,1,0
BRDA:339,35,0,0
BRDA:339,35,1,0
BRDA:345,36,0,0
BRDA:375,37,0,0
BRDA:630,38,0,0
BRDA:638,39,0,0
BRDA:647,40,0,0
BRDA:647,40,1,0
BRDA:647,41,0,0
BRDA:647,41,1,0
BRDA:648,42,0,0
BRDA:648,42,1,0
BRDA:648,43,0,0
BRDA:648,43,1,0
BRDA:654,44,0,0
BRDA:654,45,0,0
BRDA:654,45,1,0
BRDA:659,46,0,0
BRDA:659,47,0,0
BRDA:659,47,1,0
BRDA:672,48,0,0
BRDA:672,48,1,0
BRDA:674,49,0,0
BRDA:674,49,1,0
BRDA:674,50,0,0
BRDA:674,50,1,0
BRDA:690,51,0,0
BRDA:698,52,0,0
BRDA:698,52,1,0
BRDA:704,53,0,0
BRDA:712,54,0,0
BRDA:712,54,1,0
BRDA:712,55,0,0
BRDA:712,55,1,0
BRDA:717,56,0,0
BRDA:723,57,0,0
BRDA:723,57,1,0
BRDA:728,58,0,0
BRDA:734,59,0,0
BRDA:734,59,1,0
BRDA:739,60,0,0
BRDA:745,61,0,0
BRDA:745,61,1,0
BRDA:750,62,0,0
BRDA:756,63,0,0
BRDA:756,63,1,0
BRDA:761,64,0,0
BRDA:767,65,0,0
BRDA:785,66,0,0
BRDA:785,67,0,0
BRDA:785,67,1,0
BRDA:785,68,0,0
BRDA:785,68,1,0
BRDA:805,69,0,0
BRDA:814,70,0,0
BRDA:821,71,0,0
BRDA:821,72,0,0
BRDA:821,72,1,0
BRDA:828,73,0,0
BRDA:828,74,0,0
BRDA:828,74,1,0
BRDA:831,75,0,0
BRDA:840,76,0,0
BRDA:845,77,0,0
BRDA:845,77,1,0
BRDA:849,78,0,0
BRDA:849,78,1,0
BRDA:861,79,0,0
BRDA:861,79,1,0
BRDA:863,80,0,0
BRDA:869,81,0,0
BRDA:869,81,1,0
BRDA:873,82,0,0
BRDA:873,82,1,0
BRDA:881,83,0,0
BRDA:881,83,1,0
BRDA:907,84,0,0
BRDA:907,84,1,0
BRDA:946,85,0,0
BRDA:1013,86,0,0
BRDA:1035,87,0,0
BRDA:1036,88,0,0
BRDA:1040,89,0,0
BRDA:1041,90,0,0
BRDA:1045,91,0,0
BRDA:1046,92,0,0
BRDA:1058,93,0,0
BRDA:1077,94,0,0
BRDA:1077,95,0,0
BRDA:1077,95,1,0
BRDA:1077,95,2,0
BRDA:1097,96,0,0
BRDA:1114,97,0,0
BRDA:1115,98,0,0
BRDA:1119,99,0,0
BRDA:1120,100,0,0
BRDA:1125,101,0,0
BRDA:1125,102,0,0
BRDA:1125,102,1,0
BRDA:1142,103,0,0
BRDA:1156,104,0,0
BRDA:1157,105,0,0
BRDA:1162,106,0,0
BRDA:1175,107,0,0
BRDA:1190,108,0,0
BRDA:1191,109,0,0
BRDA:1195,110,0,0
BRDA:1195,111,0,0
BRDA:1195,111,1,0
BRDA:1201,112,0,0
BRDA:1203,113,0,0
BRDA:1203,113,1,0
BRDA:1210,114,0,0
BRDA:1210,115,0,0
BRDA:1210,115,1,0
BRDA:1223,116,0,0
BRDA:1264,117,0,0
BRDA:1264,117,1,0
BRDA:1279,118,0,0
BRDA:1279,118,1,0
BRDA:1330,119,0,0
BRDA:1355,120,0,0
BRDA:1371,121,0,0
BRDA:1371,122,0,0
BRDA:1371,122,1,0
BRDA:1371,123,0,0
BRDA:1371,123,1,0
BRDA:1389,124,0,0
BRDA:1391,125,0,0
BRDA:1391,126,0,0
BRDA:1391,126,1,0
BRDA:1415,127,0,0
BRDA:1415,127,1,0
BRDA:1416,128,0,0
BRDA:1416,128,1,0
BRDA:1416,129,0,0
BRDA:1416,129,1,0
BRDA:1416,130,0,0
BRDA:1416,130,1,0
BRDA:1425,131,0,0
BRDA:1441,132,0,0
BRDA:1442,133,0,0
BRDA:1447,134,0,0
BRDA:1635,135,0,0
BRDA:1669,136,0,0
BRDA:1677,137,0,0
BRDA:1693,138,0,0
BRDA:1693,138,1,0
BRF:207
BRH:0
end_of_record
TN:
SF:src\majuritycalculation.ts
FN:4,rateProgressiveSummarization
FN:63,countLayer2AndLayer3Characters
FN:74,(anonymous_2)
FN:102,(anonymous_3)
FN:103,(anonymous_4)
FN:157,rateLevelOfMaturity
FN:189,rateOutlinks
FN:209,rateInlinks
FN:232,rateDirection
FN:248,rateLengthFilename
FN:269,rateNoteLength
FN:290,countCharactersInActiveFile
FN:301,(anonymous_12)
FN:329,(anonymous_13)
FN:330,(anonymous_14)
FN:342,count_inlinks_single
FN:351,(anonymous_16)
FN:354,(anonymous_17)
FN:366,(anonymous_18)
FNF:19
FNH:15
FNDA:4,rateProgressiveSummarization
FNDA:1,countLayer2AndLayer3Characters
FNDA:1,(anonymous_2)
FNDA:5,(anonymous_3)
FNDA:3,(anonymous_4)
FNDA:3,rateLevelOfMaturity
FNDA:7,rateOutlinks
FNDA:7,rateInlinks
FNDA:4,rateDirection
FNDA:8,rateLengthFilename
FNDA:8,rateNoteLength
FNDA:1,countCharactersInActiveFile
FNDA:1,(anonymous_12)
FNDA:5,(anonymous_13)
FNDA:3,(anonymous_14)
FNDA:0,count_inlinks_single
FNDA:0,(anonymous_16)
FNDA:0,(anonymous_17)
FNDA:0,(anonymous_18)
DA:1,1
DA:2,1
DA:4,1
DA:5,4
DA:6,4
DA:7,4
DA:8,4
DA:9,4
DA:10,4
DA:11,2
DA:14,2
DA:15,0
DA:16,2
DA:17,2
DA:18,0
DA:19,0
DA:20,0
DA:21,0
DA:22,0
DA:23,0
DA:24,0
DA:25,0
DA:27,0
DA:30,2
DA:31,0
DA:32,2
DA:33,1
DA:34,1
DA:35,1
DA:37,0
DA:40,2
DA:41,0
DA:42,2
DA:43,0
DA:44,2
DA:45,0
DA:46,2
DA:47,1
DA:48,1
DA:49,1
DA:51,0
DA:59,4
DA:63,1
DA:65,1
DA:69,1
DA:73,1
DA:74,1
DA:77,1
DA:78,1
DA:80,0
DA:85,1
DA:86,1
DA:90,1
DA:91,1
DA:95,1
DA:96,1
DA:100,1
DA:102,5
DA:103,3
DA:108,1
DA:115,1
DA:116,1
DA:118,1
DA:119,1
DA:121,1
DA:122,0
DA:123,0
DA:124,0
DA:126,1
DA:127,0
DA:128,0
DA:129,0
DA:133,1
DA:134,1
DA:137,1
DA:138,1
DA:139,0
DA:142,0
DA:143,0
DA:144,0
DA:145,0
DA:152,1
DA:157,1
DA:161,3
DA:162,3
DA:163,3
DA:165,0
DA:168,3
DA:169,3
DA:171,3
DA:172,0
DA:173,3
DA:174,0
DA:175,3
DA:176,0
DA:177,3
DA:178,1
DA:179,2
DA:180,0
DA:181,2
DA:182,2
DA:184,0
DA:189,1
DA:191,7
DA:192,1
DA:193,6
DA:194,1
DA:195,5
DA:196,1
DA:197,4
DA:198,1
DA:199,3
DA:200,1
DA:201,2
DA:202,1
DA:204,1
DA:209,1
DA:214,7
DA:215,1
DA:216,6
DA:217,1
DA:218,5
DA:219,1
DA:220,4
DA:221,1
DA:222,3
DA:223,1
DA:224,2
DA:225,2
DA:227,0
DA:232,1
DA:233,4
DA:234,4
DA:235,1
DA:236,3
DA:237,1
DA:238,2
DA:239,1
DA:241,1
DA:244,4
DA:248,1
DA:249,8
DA:250,1
DA:251,7
DA:252,1
DA:253,6
DA:254,1
DA:255,5
DA:256,1
DA:257,4
DA:258,1
DA:259,3
DA:260,1
DA:261,2
DA:262,1
DA:264,1
DA:269,1
DA:270,8
DA:271,1
DA:272,7
DA:273,1
DA:274,6
DA:275,1
DA:276,5
DA:277,1
DA:278,4
DA:279,1
DA:280,3
DA:281,1
DA:282,2
DA:283,1
DA:285,1
DA:290,1
DA:292,1
DA:296,1
DA:300,1
DA:301,1
DA:304,1
DA:305,1
DA:307,0
DA:312,1
DA:313,1
DA:317,1
DA:318,1
DA:322,1
DA:323,1
DA:327,1
DA:329,5
DA:330,3
DA:335,1
DA:338,1
DA:342,1
DA:344,0
DA:345,0
DA:348,0
DA:351,0
DA:352,0
DA:353,0
DA:354,0
DA:355,0
DA:356,0
DA:360,0
DA:361,0
DA:365,0
DA:366,0
DA:367,0
DA:369,0
DA:374,0
DA:377,0
DA:380,0
LF:210
LH:156
BRDA:10,0,0,2
BRDA:10,0,1,2
BRDA:14,1,0,0
BRDA:14,1,1,2
BRDA:16,2,0,2
BRDA:16,2,1,0
BRDA:18,3,0,0
BRDA:18,3,1,0
BRDA:20,4,0,0
BRDA:20,4,1,0
BRDA:22,5,0,0
BRDA:22,5,1,0
BRDA:24,6,0,0
BRDA:24,6,1,0
BRDA:30,7,0,0
BRDA:30,7,1,2
BRDA:32,8,0,1
BRDA:32,8,1,1
BRDA:34,9,0,1
BRDA:34,9,1,0
BRDA:40,10,0,0
BRDA:40,10,1,2
BRDA:40,11,0,2
BRDA:40,11,1,0
BRDA:42,12,0,0
BRDA:42,12,1,2
BRDA:42,13,0,2
BRDA:42,13,1,0
BRDA:44,14,0,0
BRDA:44,14,1,2
BRDA:44,15,0,2
BRDA:44,15,1,2
BRDA:46,16,0,1
BRDA:46,16,1,1
BRDA:46,17,0,2
BRDA:46,17,1,2
BRDA:46,17,2,0
BRDA:46,17,3,0
BRDA:46,17,4,2
BRDA:46,17,5,2
BRDA:48,18,0,1
BRDA:48,18,1,0
BRDA:48,19,0,1
BRDA:48,19,1,1
BRDA:77,20,0,1
BRDA:121,21,0,0
BRDA:126,22,0,0
BRDA:138,23,0,0
BRDA:144,24,0,0
BRDA:162,25,0,3
BRDA:162,25,1,0
BRDA:171,26,0,0
BRDA:171,26,1,3
BRDA:173,27,0,0
BRDA:173,27,1,3
BRDA:175,28,0,0
BRDA:175,28,1,3
BRDA:177,29,0,1
BRDA:177,29,1,2
BRDA:179,30,0,0
BRDA:179,30,1,2
BRDA:181,31,0,2
BRDA:181,31,1,0
BRDA:191,32,0,1
BRDA:191,32,1,6
BRDA:193,33,0,1
BRDA:193,33,1,5
BRDA:195,34,0,1
BRDA:195,34,1,4
BRDA:197,35,0,1
BRDA:197,35,1,3
BRDA:199,36,0,1
BRDA:199,36,1,2
BRDA:201,37,0,1
BRDA:201,37,1,1
BRDA:214,38,0,1
BRDA:214,38,1,6
BRDA:216,39,0,1
BRDA:216,39,1,5
BRDA:218,40,0,1
BRDA:218,40,1,4
BRDA:220,41,0,1
BRDA:220,41,1,3
BRDA:222,42,0,1
BRDA:222,42,1,2
BRDA:224,43,0,2
BRDA:224,43,1,0
BRDA:224,44,0,2
BRDA:224,44,1,2
BRDA:234,45,0,1
BRDA:234,45,1,3
BRDA:236,46,0,1
BRDA:236,46,1,2
BRDA:238,47,0,1
BRDA:238,47,1,1
BRDA:249,48,0,1
BRDA:249,48,1,7
BRDA:251,49,0,1
BRDA:251,49,1,6
BRDA:253,50,0,1
BRDA:253,50,1,5
BRDA:255,51,0,1
BRDA:255,51,1,4
BRDA:257,52,0,1
BRDA:257,52,1,3
BRDA:259,53,0,1
BRDA:259,53,1,2
BRDA:261,54,0,1
BRDA:261,54,1,1
BRDA:270,55,0,1
BRDA:270,55,1,7
BRDA:272,56,0,1
BRDA:272,56,1,6
BRDA:274,57,0,1
BRDA:274,57,1,5
BRDA:276,58,0,1
BRDA:276,58,1,4
BRDA:278,59,0,1
BRDA:278,59,1,3
BRDA:280,60,0,1
BRDA:280,60,1,2
BRDA:282,61,0,1
BRDA:282,61,1,1
BRDA:304,62,0,1
BRDA:353,63,0,0
BRDA:353,63,1,0
BRDA:355,64,0,0
BRDA:355,64,1,0
BRDA:360,65,0,0
BRDA:360,66,0,0
BRDA:360,66,1,0
BRDA:367,67,0,0
BRDA:367,68,0,0
BRDA:367,68,1,0
BRF:134
BRH:93
end_of_record
TN:
SF:src\settings.ts
FN:81,(anonymous_0)
FN:86,(anonymous_1)
FN:111,(anonymous_2)
FN:114,(anonymous_3)
FN:114,(anonymous_4)
FN:123,(anonymous_5)
FN:126,(anonymous_6)
FN:126,(anonymous_7)
FN:135,(anonymous_8)
FN:138,(anonymous_9)
FN:138,(anonymous_10)
FN:148,(anonymous_11)
FN:151,(anonymous_12)
FN:161,(anonymous_13)
FN:164,(anonymous_14)
FN:164,(anonymous_15)
FN:174,(anonymous_16)
FN:177,(anonymous_17)
FN:177,(anonymous_18)
FN:182,(anonymous_19)
FN:185,(anonymous_20)
FN:185,(anonymous_21)
FNF:22
FNH:0
FNDA:0,(anonymous_0)
FNDA:0,(anonymous_1)
FNDA:0,(anonymous_2)
FNDA:0,(anonymous_3)
FNDA:0,(anonymous_4)
FNDA:0,(anonymous_5)
FNDA:0,(anonymous_6)
FNDA:0,(anonymous_7)
FNDA:0,(anonymous_8)
FNDA:0,(anonymous_9)
FNDA:0,(anonymous_10)
FNDA:0,(anonymous_11)
FNDA:0,(anonymous_12)
FNDA:0,(anonymous_13)
FNDA:0,(anonymous_14)
FNDA:0,(anonymous_15)
FNDA:0,(anonymous_16)
FNDA:0,(anonymous_17)
FNDA:0,(anonymous_18)
FNDA:0,(anonymous_19)
FNDA:0,(anonymous_20)
FNDA:0,(anonymous_21)
DA:1,0
DA:4,0
DA:55,0
DA:82,0
DA:83,0
DA:87,0
DA:88,0
DA:89,0
DA:91,0
DA:92,0
DA:93,0
DA:96,0
DA:101,0
DA:106,0
DA:107,0
DA:108,0
DA:111,0
DA:114,0
DA:115,0
DA:116,0
DA:120,0
DA:123,0
DA:126,0
DA:128,0
DA:129,0
DA:132,0
DA:135,0
DA:138,0
DA:140,0
DA:141,0
DA:144,0
DA:145,0
DA:149,0
DA:152,0
DA:153,0
DA:158,0
DA:161,0
DA:164,0
DA:165,0
DA:166,0
DA:171,0
DA:174,0
DA:177,0
DA:179,0
DA:180,0
DA:182,0
DA:185,0
DA:187,0
DA:188,0
LF:49
LH:0
BRF:0
BRH:0
end_of_record
TN:
SF:src\utils.ts
FN:6,onlyUniqueArray
FN:10,isTFile
FNF:2
FNH:0
FNDA:0,onlyUniqueArray
FNDA:0,isTFile
DA:6,0
DA:7,0
DA:10,0
DA:11,0
LF:4
LH:0
BRF:0
BRH:0
end_of_record
