TN:
SF:src\ModalBooster.ts
FN:9,(anonymous_0)
FN:15,(anonymous_1)
FN:25,(anonymous_2)
FN:37,(anonymous_3)
FN:46,(anonymous_4)
FNF:5
FNH:0
FNDA:0,(anonymous_0)
FNDA:0,(anonymous_1)
FNDA:0,(anonymous_2)
FNDA:0,(anonymous_3)
FNDA:0,(anonymous_4)
DA:1,0
DA:3,0
DA:5,0
DA:10,0
DA:11,0
DA:12,0
DA:16,0
DA:17,0
DA:19,0
DA:23,0
DA:24,0
DA:25,0
DA:26,0
DA:27,0
DA:31,0
DA:32,0
DA:35,0
DA:36,0
DA:37,0
DA:38,0
DA:39,0
DA:42,0
DA:43,0
DA:47,0
DA:48,0
LF:25
LH:0
BRF:0
BRH:0
end_of_record
TN:
SF:src\ModalInformationbox.ts
FN:6,(anonymous_0)
FN:11,(anonymous_1)
FN:16,(anonymous_2)
FNF:3
FNH:0
FNDA:0,(anonymous_0)
FNDA:0,(anonymous_1)
FNDA:0,(anonymous_2)
DA:1,0
DA:3,0
DA:7,0
DA:8,0
DA:12,0
DA:13,0
DA:17,0
DA:18,0
LF:8
LH:0
BRF:0
BRH:0
end_of_record
TN:
SF:src\MultiSelectModal.ts
FN:25,(anonymous_0)
FN:32,(anonymous_1)
FN:39,(anonymous_2)
FN:52,(anonymous_3)
FN:56,(anonymous_4)
FN:59,(anonymous_5)
FN:72,(anonymous_6)
FN:78,(anonymous_7)
FN:87,(anonymous_8)
FN:94,(anonymous_9)
FN:98,(anonymous_10)
FN:134,(anonymous_11)
FN:155,(anonymous_12)
FN:171,(anonymous_13)
FN:180,(anonymous_14)
FN:187,(anonymous_15)
FN:191,(anonymous_16)
FN:208,(anonymous_17)
FN:225,(anonymous_18)
FN:242,(anonymous_19)
FN:250,(anonymous_20)
FN:258,(anonymous_21)
FN:273,(anonymous_22)
FN:288,(anonymous_23)
FN:303,(anonymous_24)
FN:317,(anonymous_25)
FN:333,(anonymous_26)
FN:349,(anonymous_27)
FN:354,(anonymous_28)
FN:363,(anonymous_29)
FN:389,(anonymous_30)
FN:402,(anonymous_31)
FN:408,(anonymous_32)
FN:416,(anonymous_33)
FN:443,(anonymous_34)
FN:452,(anonymous_35)
FN:461,(anonymous_36)
FN:471,(anonymous_37)
FN:480,(anonymous_38)
FN:489,(anonymous_39)
FN:498,(anonymous_40)
FN:507,(anonymous_41)
FN:516,(anonymous_42)
FN:525,(anonymous_43)
FN:534,(anonymous_44)
FNF:45
FNH:0
FNDA:0,(anonymous_0)
FNDA:0,(anonymous_1)
FNDA:0,(anonymous_2)
FNDA:0,(anonymous_3)
FNDA:0,(anonymous_4)
FNDA:0,(anonymous_5)
FNDA:0,(anonymous_6)
FNDA:0,(anonymous_7)
FNDA:0,(anonymous_8)
FNDA:0,(anonymous_9)
FNDA:0,(anonymous_10)
FNDA:0,(anonymous_11)
FNDA:0,(anonymous_12)
FNDA:0,(anonymous_13)
FNDA:0,(anonymous_14)
FNDA:0,(anonymous_15)
FNDA:0,(anonymous_16)
FNDA:0,(anonymous_17)
FNDA:0,(anonymous_18)
FNDA:0,(anonymous_19)
FNDA:0,(anonymous_20)
FNDA:0,(anonymous_21)
FNDA:0,(anonymous_22)
FNDA:0,(anonymous_23)
FNDA:0,(anonymous_24)
FNDA:0,(anonymous_25)
FNDA:0,(anonymous_26)
FNDA:0,(anonymous_27)
FNDA:0,(anonymous_28)
FNDA:0,(anonymous_29)
FNDA:0,(anonymous_30)
FNDA:0,(anonymous_31)
FNDA:0,(anonymous_32)
FNDA:0,(anonymous_33)
FNDA:0,(anonymous_34)
FNDA:0,(anonymous_35)
FNDA:0,(anonymous_36)
FNDA:0,(anonymous_37)
FNDA:0,(anonymous_38)
FNDA:0,(anonymous_39)
FNDA:0,(anonymous_40)
FNDA:0,(anonymous_41)
FNDA:0,(anonymous_42)
FNDA:0,(anonymous_43)
FNDA:0,(anonymous_44)
DA:1,0
DA:2,0
DA:9,0
DA:10,0
DA:15,0
DA:17,0
DA:18,0
DA:21,0
DA:22,0
DA:23,0
DA:26,0
DA:27,0
DA:28,0
DA:29,0
DA:33,0
DA:34,0
DA:38,0
DA:39,0
DA:40,0
DA:41,0
DA:42,0
DA:46,0
DA:47,0
DA:53,0
DA:58,0
DA:59,0
DA:61,0
DA:62,0
DA:63,0
DA:69,0
DA:73,0
DA:79,0
DA:80,0
DA:83,0
DA:88,0
DA:89,0
DA:90,0
DA:95,0
DA:99,0
DA:100,0
DA:101,0
DA:102,0
DA:103,0
DA:104,0
DA:105,0
DA:106,0
DA:107,0
DA:108,0
DA:109,0
DA:111,0
DA:114,0
DA:116,0
DA:117,0
DA:119,0
DA:122,0
DA:124,0
DA:128,0
DA:135,0
DA:136,0
DA:156,0
DA:157,0
DA:172,0
DA:173,0
DA:176,0
DA:177,0
DA:180,0
DA:181,0
DA:182,0
DA:183,0
DA:185,0
DA:186,0
DA:187,0
DA:189,0
DA:190,0
DA:191,0
DA:192,0
DA:195,0
DA:196,0
DA:198,0
DA:199,0
DA:200,0
DA:201,0
DA:205,0
DA:206,0
DA:208,0
DA:210,0
DA:213,0
DA:218,0
DA:220,0
DA:226,0
DA:227,0
DA:230,0
DA:232,0
DA:233,0
DA:234,0
DA:235,0
DA:236,0
DA:237,0
DA:238,0
DA:240,0
DA:241,0
DA:242,0
DA:243,0
DA:246,0
DA:248,0
DA:249,0
DA:250,0
DA:251,0
DA:255,0
DA:256,0
DA:257,0
DA:258,0
DA:259,0
DA:263,0
DA:264,0
DA:265,0
DA:268,0
DA:274,0
DA:276,0
DA:277,0
DA:278,0
DA:279,0
DA:281,0
DA:282,0
DA:283,0
DA:289,0
DA:291,0
DA:292,0
DA:293,0
DA:294,0
DA:296,0
DA:297,0
DA:298,0
DA:304,0
DA:311,0
DA:318,0
DA:319,0
DA:320,0
DA:321,0
DA:322,0
DA:324,0
DA:325,0
DA:326,0
DA:327,0
DA:328,0
DA:334,0
DA:335,0
DA:337,0
DA:338,0
DA:340,0
DA:341,0
DA:345,0
DA:350,0
DA:354,0
DA:355,0
DA:358,0
DA:360,0
DA:363,0
DA:364,0
DA:365,0
DA:370,0
DA:377,0
DA:379,0
DA:382,0
DA:390,0
DA:391,0
DA:392,0
DA:393,0
DA:394,0
DA:395,0
DA:398,0
DA:403,0
DA:404,0
DA:405,0
DA:408,0
DA:410,0
DA:418,0
DA:419,0
DA:420,0
DA:421,0
DA:422,0
DA:424,0
DA:425,0
DA:428,0
DA:429,0
DA:430,0
DA:431,0
DA:432,0
DA:434,0
DA:436,0
DA:437,0
DA:444,0
DA:445,0
DA:446,0
DA:449,0
DA:453,0
DA:454,0
DA:455,0
DA:458,0
DA:462,0
DA:463,0
DA:464,0
DA:467,0
DA:472,0
DA:473,0
DA:474,0
DA:477,0
DA:481,0
DA:482,0
DA:483,0
DA:486,0
DA:490,0
DA:491,0
DA:492,0
DA:495,0
DA:499,0
DA:500,0
DA:501,0
DA:504,0
DA:508,0
DA:509,0
DA:510,0
DA:513,0
DA:517,0
DA:518,0
DA:519,0
DA:522,0
DA:526,0
DA:527,0
DA:528,0
DA:531,0
DA:535,0
DA:536,0
DA:537,0
DA:540,0
LF:235
LH:0
BRDA:38,0,0,0
BRDA:38,0,1,0
BRDA:40,1,0,0
BRDA:61,2,0,0
BRDA:62,3,0,0
BRDA:79,4,0,0
BRDA:79,4,1,0
BRDA:90,5,0,0
BRDA:90,5,1,0
BRDA:101,6,0,0
BRDA:101,6,1,0
BRDA:101,7,0,0
BRDA:101,7,1,0
BRDA:103,8,0,0
BRDA:103,9,0,0
BRDA:103,9,1,0
BRDA:109,10,0,0
BRDA:109,10,1,0
BRDA:109,11,0,0
BRDA:109,11,1,0
BRDA:117,12,0,0
BRDA:117,12,1,0
BRDA:117,13,0,0
BRDA:117,13,1,0
BRDA:135,14,0,0
BRDA:156,15,0,0
BRDA:181,16,0,0
BRDA:210,17,0,0
BRDA:210,17,1,0
BRDA:236,18,0,0
BRDA:236,18,1,0
BRDA:276,19,0,0
BRDA:281,20,0,0
BRDA:291,21,0,0
BRDA:296,22,0,0
BRDA:320,23,0,0
BRDA:327,24,0,0
BRDA:327,25,0,0
BRDA:327,25,1,0
BRDA:338,26,0,0
BRDA:338,26,1,0
BRDA:340,27,0,0
BRDA:355,28,0,0
BRDA:355,28,1,0
BRDA:360,29,0,0
BRDA:364,30,0,0
BRDA:393,31,0,0
BRDA:393,31,1,0
BRDA:394,32,0,0
BRDA:394,32,1,0
BRDA:404,33,0,0
BRDA:410,34,0,0
BRDA:410,34,1,0
BRDA:418,35,0,0
BRDA:418,35,1,0
BRDA:419,36,0,0
BRDA:419,36,1,0
BRDA:428,37,0,0
BRDA:428,37,1,0
BRDA:445,38,0,0
BRDA:454,39,0,0
BRDA:463,40,0,0
BRDA:473,41,0,0
BRDA:482,42,0,0
BRDA:491,43,0,0
BRDA:500,44,0,0
BRDA:509,45,0,0
BRDA:518,46,0,0
BRDA:527,47,0,0
BRDA:536,48,0,0
BRF:70
BRH:0
end_of_record
TN:
SF:src\badges.ts
FN:7,checkIfReceiveABadge
FN:18,getBadgeForLevel
FN:48,getBadgeForInitLevel
FNF:3
FNH:3
FNDA:9,checkIfReceiveABadge
FNDA:3,getBadgeForLevel
FNDA:5,getBadgeForInitLevel
DA:7,1
DA:8,9
DA:9,9
DA:10,9
DA:11,108
DA:12,4
DA:15,9
DA:18,1
DA:19,3
DA:20,3
DA:35,3
DA:36,3
DA:37,14
DA:38,11
DA:40,3
DA:43,3
DA:48,1
DA:49,5
DA:50,5
DA:67,5
DA:68,5
DA:69,35
DA:70,30
DA:72,5
DA:75,5
LF:25
LH:25
BRDA:11,0,0,4
BRDA:11,1,0,108
BRDA:11,1,1,89
BRDA:37,2,0,11
BRDA:37,2,1,3
BRDA:69,3,0,30
BRDA:69,3,1,5
BRF:7
BRH:7
end_of_record
TN:
SF:src\constants.ts
FNF:0
FNH:0
DA:1,0
DA:2,0
DA:3,0
DA:4,0
DA:5,0
DA:6,0
DA:7,0
DA:8,0
DA:9,0
DA:10,0
DA:174,0
DA:185,0
DA:196,0
DA:211,0
DA:212,0
DA:213,0
DA:215,0
DA:226,0
LF:18
LH:0
BRF:0
BRH:0
end_of_record
TN:
SF:src\creatmodchartcalculation.ts
FN:3,findEarliestCreatedFile
FN:14,findEarliestModifiedFile
FN:25,findEarliestDateFile
FN:39,monthsBetween
FN:48,getCreationDates
FN:59,getModificationDates
FN:70,createChartFormat
FN:82,replaceChartContent
FNF:8
FNH:2
FNDA:0,findEarliestCreatedFile
FNDA:0,findEarliestModifiedFile
FNDA:0,findEarliestDateFile
FNDA:3,monthsBetween
FNDA:0,getCreationDates
FNDA:0,getModificationDates
FNDA:2,createChartFormat
FNDA:0,replaceChartContent
DA:3,1
DA:4,0
DA:5,0
DA:6,0
DA:7,0
DA:10,0
DA:14,1
DA:15,0
DA:16,0
DA:17,0
DA:18,0
DA:21,0
DA:25,1
DA:26,0
DA:27,0
DA:28,0
DA:29,0
DA:31,0
DA:32,0
DA:35,0
DA:39,1
DA:40,3
DA:41,3
DA:42,1
DA:44,3
DA:48,1
DA:49,0
DA:51,0
DA:52,0
DA:55,0
DA:59,1
DA:60,0
DA:62,0
DA:63,0
DA:66,0
DA:70,1
DA:71,2
DA:72,2
DA:73,1
DA:75,1
DA:78,2
DA:82,1
DA:83,0
DA:84,0
DA:85,0
DA:86,0
DA:88,0
DA:90,0
DA:91,0
DA:92,0
DA:93,0
DA:95,0
DA:96,0
DA:97,0
DA:98,0
DA:99,0
DA:100,0
DA:104,0
DA:105,0
DA:106,0
DA:107,0
DA:108,0
LF:62
LH:17
BRDA:6,0,0,0
BRDA:17,1,0,0
BRDA:28,2,0,0
BRDA:31,3,0,0
BRDA:41,4,0,1
BRDA:72,5,0,1
BRDA:72,5,1,1
BRDA:84,6,0,0
BRDA:98,7,0,0
BRDA:99,8,0,0
BRDA:104,9,0,0
BRF:11
BRH:3
end_of_record
TN:
SF:src\encryption.ts
FN:7,encryptValue
FN:12,encryptString
FN:16,decryptString
FN:21,encryptNumber
FN:25,decryptNumber
FN:31,encryptBoolean
FN:35,decryptBoolean
FNF:7
FNH:0
FNDA:0,encryptValue
FNDA:0,encryptString
FNDA:0,decryptString
FNDA:0,encryptNumber
FNDA:0,decryptNumber
FNDA:0,encryptBoolean
FNDA:0,decryptBoolean
DA:1,0
DA:7,0
DA:8,0
DA:12,0
DA:13,0
DA:16,0
DA:17,0
DA:18,0
DA:21,0
DA:22,0
DA:25,0
DA:26,0
DA:28,0
DA:31,0
DA:32,0
DA:35,0
DA:36,0
DA:37,0
LF:18
LH:0
BRF:0
BRH:0
end_of_record
TN:
SF:src\levels.ts
FN:121,getLevelForPoints
FN:133,statusPointsForLevel
FNF:2
FNH:1
FNDA:0,getLevelForPoints
FNDA:3,statusPointsForLevel
DA:7,1
DA:121,1
DA:122,0
DA:123,0
DA:124,0
DA:125,0
DA:127,0
DA:130,0
DA:133,1
DA:134,3
DA:135,3
DA:136,333
DA:137,3
DA:142,3
LF:14
LH:8
BRDA:124,0,0,0
BRDA:124,0,1,0
BRDA:136,1,0,3
BRDA:136,2,0,333
BRDA:136,2,1,3
BRF:5
BRH:3
end_of_record
TN:
SF:src\main.ts
FN:63,(anonymous_0)
FN:78,(anonymous_1)
FN:84,(anonymous_2)
FN:91,(anonymous_3)
FN:105,(anonymous_4)
FN:115,(anonymous_5)
FN:124,(anonymous_6)
FN:136,(anonymous_7)
FN:166,(anonymous_9)
FN:166,(anonymous_10)
FN:174,(anonymous_11)
FN:174,(anonymous_12)
FN:182,(anonymous_13)
FN:182,(anonymous_14)
FN:188,(anonymous_15)
FN:188,(anonymous_16)
FN:200,(anonymous_17)
FN:200,(anonymous_18)
FN:211,(anonymous_19)
FN:211,(anonymous_20)
FN:226,(anonymous_21)
FN:226,(anonymous_22)
FN:237,(anonymous_23)
FN:237,(anonymous_24)
FN:249,(anonymous_25)
FN:249,(anonymous_26)
FN:259,(anonymous_27)
FN:259,(anonymous_28)
FN:267,(anonymous_29)
FN:281,(anonymous_31)
FN:322,(anonymous_33)
FN:400,(anonymous_34)
FN:400,(anonymous_35)
FN:415,(anonymous_36)
FN:425,(anonymous_37)
FN:436,(anonymous_38)
FN:484,(anonymous_40)
FN:595,(anonymous_41)
FN:666,(anonymous_43)
FN:694,(anonymous_45)
FN:708,(anonymous_47)
FN:721,(anonymous_49)
FN:741,(anonymous_51)
FN:751,(anonymous_53)
FN:762,(anonymous_54)
FN:774,(anonymous_55)
FN:780,(anonymous_57)
FN:785,(anonymous_59)
FN:836,(anonymous_61)
FN:851,(anonymous_63)
FN:863,(anonymous_65)
FN:953,(anonymous_67)
FN:999,(anonymous_69)
FN:1033,(anonymous_71)
FN:1074,(anonymous_73)
FN:1124,(anonymous_75)
FN:1125,(anonymous_77)
FN:1139,(anonymous_78)
FN:1144,(anonymous_80)
FN:1151,(anonymous_81)
FN:1170,(anonymous_82)
FN:1189,(anonymous_84)
FN:1204,(anonymous_86)
FN:1215,(anonymous_88)
FN:1219,(anonymous_89)
FN:1265,concatenateStrings
FN:1271,(anonymous_92)
FN:1294,getBoosterRunTimeFromVarName
FN:1304,isSameDay
FN:1310,isOneDayBefore
FN:1316,isMinutesPassed
FN:1322,hoursUntilMinutesPassed
FN:1335,createAvatarFile
FN:1348,replaceFormatStrings
FN:1372,rateDirectionForStatusPoints
FNF:75
FNH:0
FNDA:0,(anonymous_0)
FNDA:0,(anonymous_1)
FNDA:0,(anonymous_2)
FNDA:0,(anonymous_3)
FNDA:0,(anonymous_4)
FNDA:0,(anonymous_5)
FNDA:0,(anonymous_6)
FNDA:0,(anonymous_7)
FNDA:0,(anonymous_9)
FNDA:0,(anonymous_10)
FNDA:0,(anonymous_11)
FNDA:0,(anonymous_12)
FNDA:0,(anonymous_13)
FNDA:0,(anonymous_14)
FNDA:0,(anonymous_15)
FNDA:0,(anonymous_16)
FNDA:0,(anonymous_17)
FNDA:0,(anonymous_18)
FNDA:0,(anonymous_19)
FNDA:0,(anonymous_20)
FNDA:0,(anonymous_21)
FNDA:0,(anonymous_22)
FNDA:0,(anonymous_23)
FNDA:0,(anonymous_24)
FNDA:0,(anonymous_25)
FNDA:0,(anonymous_26)
FNDA:0,(anonymous_27)
FNDA:0,(anonymous_28)
FNDA:0,(anonymous_29)
FNDA:0,(anonymous_31)
FNDA:0,(anonymous_33)
FNDA:0,(anonymous_34)
FNDA:0,(anonymous_35)
FNDA:0,(anonymous_36)
FNDA:0,(anonymous_37)
FNDA:0,(anonymous_38)
FNDA:0,(anonymous_40)
FNDA:0,(anonymous_41)
FNDA:0,(anonymous_43)
FNDA:0,(anonymous_45)
FNDA:0,(anonymous_47)
FNDA:0,(anonymous_49)
FNDA:0,(anonymous_51)
FNDA:0,(anonymous_53)
FNDA:0,(anonymous_54)
FNDA:0,(anonymous_55)
FNDA:0,(anonymous_57)
FNDA:0,(anonymous_59)
FNDA:0,(anonymous_61)
FNDA:0,(anonymous_63)
FNDA:0,(anonymous_65)
FNDA:0,(anonymous_67)
FNDA:0,(anonymous_69)
FNDA:0,(anonymous_71)
FNDA:0,(anonymous_73)
FNDA:0,(anonymous_75)
FNDA:0,(anonymous_77)
FNDA:0,(anonymous_78)
FNDA:0,(anonymous_80)
FNDA:0,(anonymous_81)
FNDA:0,(anonymous_82)
FNDA:0,(anonymous_84)
FNDA:0,(anonymous_86)
FNDA:0,(anonymous_88)
FNDA:0,(anonymous_89)
FNDA:0,concatenateStrings
FNDA:0,(anonymous_92)
FNDA:0,getBoosterRunTimeFromVarName
FNDA:0,isSameDay
FNDA:0,isOneDayBefore
FNDA:0,isMinutesPassed
FNDA:0,hoursUntilMinutesPassed
FNDA:0,createAvatarFile
FNDA:0,replaceFormatStrings
FNDA:0,rateDirectionForStatusPoints
DA:1,0
DA:2,0
DA:14,0
DA:15,0
DA:16,0
DA:17,0
DA:18,0
DA:32,0
DA:47,0
DA:54,0
DA:55,0
DA:57,0
DA:58,0
DA:59,0
DA:60,0
DA:62,0
DA:63,0
DA:67,0
DA:68,0
DA:81,0
DA:88,0
DA:94,0
DA:108,0
DA:109,0
DA:111,0
DA:118,0
DA:119,0
DA:121,0
DA:127,0
DA:128,0
DA:129,0
DA:137,0
DA:144,0
DA:147,0
DA:159,0
DA:160,0
DA:162,0
DA:165,0
DA:166,0
DA:168,0
DA:173,0
DA:174,0
DA:176,0
DA:179,0
DA:182,0
DA:183,0
DA:188,0
DA:190,0
DA:195,0
DA:197,0
DA:200,0
DA:201,0
DA:206,0
DA:208,0
DA:211,0
DA:212,0
DA:213,0
DA:214,0
DA:215,0
DA:221,0
DA:223,0
DA:226,0
DA:227,0
DA:234,0
DA:237,0
DA:238,0
DA:239,0
DA:240,0
DA:246,0
DA:249,0
DA:250,0
DA:256,0
DA:259,0
DA:260,0
DA:268,0
DA:269,0
DA:270,0
DA:271,0
DA:272,0
DA:273,0
DA:275,0
DA:276,0
DA:277,0
DA:282,0
DA:283,0
DA:285,0
DA:286,0
DA:287,0
DA:288,0
DA:289,0
DA:290,0
DA:291,0
DA:293,0
DA:295,0
DA:296,0
DA:297,0
DA:298,0
DA:299,0
DA:300,0
DA:301,0
DA:304,0
DA:305,0
DA:310,0
DA:311,0
DA:312,0
DA:313,0
DA:314,0
DA:315,0
DA:316,0
DA:319,0
DA:321,0
DA:322,0
DA:323,0
DA:325,0
DA:326,0
DA:327,0
DA:329,0
DA:330,0
DA:333,0
DA:335,0
DA:336,0
DA:337,0
DA:339,0
DA:340,0
DA:343,0
DA:345,0
DA:346,0
DA:347,0
DA:349,0
DA:350,0
DA:353,0
DA:355,0
DA:356,0
DA:357,0
DA:359,0
DA:360,0
DA:363,0
DA:365,0
DA:366,0
DA:367,0
DA:369,0
DA:370,0
DA:373,0
DA:375,0
DA:376,0
DA:377,0
DA:379,0
DA:380,0
DA:383,0
DA:386,0
DA:387,0
DA:388,0
DA:389,0
DA:393,0
DA:394,0
DA:395,0
DA:400,0
DA:402,0
DA:403,0
DA:404,0
DA:405,0
DA:406,0
DA:407,0
DA:408,0
DA:411,0
DA:416,0
DA:417,0
DA:418,0
DA:419,0
DA:420,0
DA:421,0
DA:426,0
DA:429,0
DA:430,0
DA:431,0
DA:437,0
DA:438,0
DA:439,0
DA:442,0
DA:445,0
DA:446,0
DA:447,0
DA:450,0
DA:451,0
DA:452,0
DA:454,0
DA:455,0
DA:456,0
DA:459,0
DA:460,0
DA:461,0
DA:465,0
DA:466,0
DA:467,0
DA:468,0
DA:470,0
DA:471,0
DA:472,0
DA:473,0
DA:474,0
DA:476,0
DA:480,0
DA:483,0
DA:484,0
DA:485,0
DA:486,0
DA:487,0
DA:488,0
DA:490,0
DA:491,0
DA:492,0
DA:493,0
DA:495,0
DA:496,0
DA:497,0
DA:498,0
DA:499,0
DA:500,0
DA:501,0
DA:502,0
DA:506,0
DA:508,0
DA:509,0
DA:510,0
DA:511,0
DA:513,0
DA:514,0
DA:515,0
DA:518,0
DA:520,0
DA:521,0
DA:522,0
DA:523,0
DA:525,0
DA:526,0
DA:527,0
DA:530,0
DA:532,0
DA:533,0
DA:534,0
DA:535,0
DA:537,0
DA:538,0
DA:539,0
DA:542,0
DA:544,0
DA:545,0
DA:546,0
DA:547,0
DA:549,0
DA:550,0
DA:551,0
DA:554,0
DA:556,0
DA:557,0
DA:558,0
DA:559,0
DA:561,0
DA:562,0
DA:563,0
DA:566,0
DA:567,0
DA:568,0
DA:569,0
DA:572,0
DA:576,0
DA:577,0
DA:578,0
DA:579,0
DA:582,0
DA:583,0
DA:584,0
DA:586,0
DA:588,0
DA:589,0
DA:590,0
DA:596,0
DA:597,0
DA:598,0
DA:599,0
DA:600,0
DA:601,0
DA:602,0
DA:604,0
DA:605,0
DA:606,0
DA:607,0
DA:608,0
DA:609,0
DA:610,0
DA:611,0
DA:612,0
DA:613,0
DA:615,0
DA:616,0
DA:617,0
DA:618,0
DA:619,0
DA:621,0
DA:622,0
DA:626,0
DA:627,0
DA:628,0
DA:630,0
DA:631,0
DA:632,0
DA:634,0
DA:635,0
DA:636,0
DA:638,0
DA:639,0
DA:640,0
DA:642,0
DA:643,0
DA:644,0
DA:646,0
DA:647,0
DA:648,0
DA:650,0
DA:651,0
DA:652,0
DA:654,0
DA:655,0
DA:656,0
DA:658,0
DA:659,0
DA:660,0
DA:667,0
DA:668,0
DA:669,0
DA:670,0
DA:671,0
DA:673,0
DA:675,0
DA:676,0
DA:677,0
DA:678,0
DA:679,0
DA:680,0
DA:681,0
DA:682,0
DA:683,0
DA:684,0
DA:685,0
DA:688,0
DA:695,0
DA:696,0
DA:697,0
DA:699,0
DA:701,0
DA:702,0
DA:703,0
DA:709,0
DA:710,0
DA:711,0
DA:712,0
DA:713,0
DA:714,0
DA:716,0
DA:722,0
DA:724,0
DA:725,0
DA:726,0
DA:727,0
DA:728,0
DA:729,0
DA:730,0
DA:731,0
DA:732,0
DA:733,0
DA:736,0
DA:742,0
DA:743,0
DA:744,0
DA:745,0
DA:746,0
DA:747,0
DA:752,0
DA:753,0
DA:754,0
DA:756,0
DA:758,0
DA:763,0
DA:764,0
DA:765,0
DA:766,0
DA:768,0
DA:771,0
DA:775,0
DA:776,0
DA:781,0
DA:786,0
DA:787,0
DA:788,0
DA:789,0
DA:790,0
DA:791,0
DA:792,0
DA:793,0
DA:794,0
DA:795,0
DA:796,0
DA:798,0
DA:799,0
DA:801,0
DA:802,0
DA:804,0
DA:805,0
DA:807,0
DA:808,0
DA:810,0
DA:811,0
DA:813,0
DA:814,0
DA:816,0
DA:817,0
DA:819,0
DA:820,0
DA:822,0
DA:823,0
DA:825,0
DA:826,0
DA:829,0
DA:830,0
DA:833,0
DA:837,0
DA:838,0
DA:839,0
DA:841,0
DA:842,0
DA:843,0
DA:844,0
DA:845,0
DA:847,0
DA:852,0
DA:853,0
DA:854,0
DA:855,0
DA:857,0
DA:858,0
DA:864,0
DA:865,0
DA:866,0
DA:867,0
DA:869,0
DA:871,0
DA:872,0
DA:873,0
DA:874,0
DA:875,0
DA:876,0
DA:877,0
DA:878,0
DA:879,0
DA:880,0
DA:881,0
DA:882,0
DA:883,0
DA:885,0
DA:886,0
DA:887,0
DA:888,0
DA:889,0
DA:890,0
DA:893,0
DA:894,0
DA:895,0
DA:898,0
DA:899,0
DA:900,0
DA:903,0
DA:904,0
DA:905,0
DA:910,0
DA:912,0
DA:913,0
DA:914,0
DA:915,0
DA:917,0
DA:919,0
DA:920,0
DA:921,0
DA:922,0
DA:926,0
DA:927,0
DA:928,0
DA:929,0
DA:930,0
DA:931,0
DA:933,0
DA:934,0
DA:935,0
DA:936,0
DA:937,0
DA:938,0
DA:939,0
DA:940,0
DA:941,0
DA:943,0
DA:944,0
DA:945,0
DA:946,0
DA:947,0
DA:949,0
DA:954,0
DA:955,0
DA:956,0
DA:957,0
DA:959,0
DA:961,0
DA:962,0
DA:963,0
DA:964,0
DA:965,0
DA:966,0
DA:967,0
DA:969,0
DA:970,0
DA:971,0
DA:972,0
DA:973,0
DA:974,0
DA:977,0
DA:978,0
DA:979,0
DA:983,0
DA:984,0
DA:985,0
DA:987,0
DA:988,0
DA:990,0
DA:991,0
DA:992,0
DA:993,0
DA:994,0
DA:1000,0
DA:1001,0
DA:1002,0
DA:1003,0
DA:1005,0
DA:1007,0
DA:1008,0
DA:1009,0
DA:1010,0
DA:1012,0
DA:1013,0
DA:1014,0
DA:1015,0
DA:1016,0
DA:1017,0
DA:1021,0
DA:1022,0
DA:1023,0
DA:1025,0
DA:1026,0
DA:1027,0
DA:1028,0
DA:1034,0
DA:1035,0
DA:1036,0
DA:1037,0
DA:1039,0
DA:1041,0
DA:1042,0
DA:1043,0
DA:1045,0
DA:1046,0
DA:1047,0
DA:1048,0
DA:1049,0
DA:1050,0
DA:1053,0
DA:1055,0
DA:1057,0
DA:1059,0
DA:1060,0
DA:1061,0
DA:1062,0
DA:1067,0
DA:1068,0
DA:1069,0
DA:1075,0
DA:1076,0
DA:1077,0
DA:1079,0
DA:1080,0
DA:1081,0
DA:1082,0
DA:1083,0
DA:1084,0
DA:1086,0
DA:1087,0
DA:1088,0
DA:1090,0
DA:1091,0
DA:1092,0
DA:1093,0
DA:1094,0
DA:1095,0
DA:1097,0
DA:1100,0
DA:1101,0
DA:1103,0
DA:1104,0
DA:1106,0
DA:1107,0
DA:1110,0
DA:1114,0
DA:1115,0
DA:1117,0
DA:1119,0
DA:1121,0
DA:1125,0
DA:1126,0
DA:1127,0
DA:1128,0
DA:1129,0
DA:1130,0
DA:1131,0
DA:1132,0
DA:1140,0
DA:1141,0
DA:1142,0
DA:1143,0
DA:1144,0
DA:1145,0
DA:1146,0
DA:1147,0
DA:1149,0
DA:1150,0
DA:1151,0
DA:1152,0
DA:1153,0
DA:1154,0
DA:1155,0
DA:1156,0
DA:1157,0
DA:1160,0
DA:1161,0
DA:1162,0
DA:1163,0
DA:1171,0
DA:1172,0
DA:1173,0
DA:1175,0
DA:1177,0
DA:1178,0
DA:1179,0
DA:1180,0
DA:1181,0
DA:1185,0
DA:1190,0
DA:1191,0
DA:1195,0
DA:1196,0
DA:1197,0
DA:1200,0
DA:1205,0
DA:1206,0
DA:1207,0
DA:1208,0
DA:1210,0
DA:1216,0
DA:1220,0
DA:1221,0
DA:1222,0
DA:1223,0
DA:1224,0
DA:1225,0
DA:1226,0
DA:1227,0
DA:1230,0
DA:1231,0
DA:1232,0
DA:1235,0
DA:1238,0
DA:1239,0
DA:1241,0
DA:1266,0
DA:1267,0
DA:1269,0
DA:1271,0
DA:1272,0
DA:1273,0
DA:1275,0
DA:1279,0
DA:1281,0
DA:1282,0
DA:1283,0
DA:1285,0
DA:1289,0
DA:1295,0
DA:1296,0
DA:1297,0
DA:1300,0
DA:1305,0
DA:1306,0
DA:1311,0
DA:1312,0
DA:1316,0
DA:1317,0
DA:1318,0
DA:1322,0
DA:1323,0
DA:1324,0
DA:1326,0
DA:1327,0
DA:1328,0
DA:1330,0
DA:1337,0
DA:1338,0
DA:1339,0
DA:1340,0
DA:1343,0
DA:1349,0
DA:1351,0
DA:1352,0
DA:1353,0
DA:1356,0
DA:1357,0
DA:1359,0
DA:1360,0
DA:1361,0
DA:1364,0
DA:1365,0
DA:1366,0
DA:1367,0
DA:1369,0
DA:1374,0
DA:1375,0
DA:1377,0
DA:1380,0
LF:732
LH:0
BRDA:81,0,0,0
BRDA:81,0,1,0
BRDA:88,1,0,0
BRDA:88,1,1,0
BRDA:94,2,0,0
BRDA:94,2,1,0
BRDA:165,3,0,0
BRDA:173,4,0,0
BRDA:195,5,0,0
BRDA:206,6,0,0
BRDA:221,7,0,0
BRDA:299,8,0,0
BRDA:299,9,0,0
BRDA:299,9,1,0
BRDA:299,9,2,0
BRDA:323,10,0,0
BRDA:323,10,1,0
BRDA:327,11,0,0
BRDA:333,12,0,0
BRDA:333,12,1,0
BRDA:333,13,0,0
BRDA:333,13,1,0
BRDA:337,14,0,0
BRDA:343,15,0,0
BRDA:343,15,1,0
BRDA:347,16,0,0
BRDA:353,17,0,0
BRDA:353,17,1,0
BRDA:357,18,0,0
BRDA:363,19,0,0
BRDA:363,19,1,0
BRDA:367,20,0,0
BRDA:373,21,0,0
BRDA:373,21,1,0
BRDA:377,22,0,0
BRDA:386,23,0,0
BRDA:386,24,0,0
BRDA:386,24,1,0
BRDA:386,25,0,0
BRDA:386,25,1,0
BRDA:393,26,0,0
BRDA:429,27,0,0
BRDA:438,28,0,0
BRDA:446,29,0,0
BRDA:446,29,1,0
BRDA:446,30,0,0
BRDA:446,30,1,0
BRDA:447,31,0,0
BRDA:447,31,1,0
BRDA:447,32,0,0
BRDA:447,32,1,0
BRDA:454,33,0,0
BRDA:454,34,0,0
BRDA:454,34,1,0
BRDA:459,35,0,0
BRDA:459,36,0,0
BRDA:459,36,1,0
BRDA:470,37,0,0
BRDA:470,37,1,0
BRDA:471,38,0,0
BRDA:471,38,1,0
BRDA:471,39,0,0
BRDA:471,39,1,0
BRDA:485,40,0,0
BRDA:487,41,0,0
BRDA:487,41,1,0
BRDA:493,42,0,0
BRDA:501,43,0,0
BRDA:506,44,0,0
BRDA:506,44,1,0
BRDA:506,45,0,0
BRDA:506,45,1,0
BRDA:511,46,0,0
BRDA:518,47,0,0
BRDA:518,47,1,0
BRDA:523,48,0,0
BRDA:530,49,0,0
BRDA:530,49,1,0
BRDA:535,50,0,0
BRDA:542,51,0,0
BRDA:542,51,1,0
BRDA:547,52,0,0
BRDA:554,53,0,0
BRDA:554,53,1,0
BRDA:559,54,0,0
BRDA:566,55,0,0
BRDA:576,56,0,0
BRDA:576,57,0,0
BRDA:576,57,1,0
BRDA:576,58,0,0
BRDA:576,58,1,0
BRDA:588,59,0,0
BRDA:597,60,0,0
BRDA:604,61,0,0
BRDA:604,62,0,0
BRDA:604,62,1,0
BRDA:615,63,0,0
BRDA:615,64,0,0
BRDA:615,64,1,0
BRDA:621,65,0,0
BRDA:626,66,0,0
BRDA:626,67,0,0
BRDA:626,67,1,0
BRDA:630,68,0,0
BRDA:630,69,0,0
BRDA:630,69,1,0
BRDA:634,70,0,0
BRDA:634,71,0,0
BRDA:634,71,1,0
BRDA:638,72,0,0
BRDA:638,73,0,0
BRDA:638,73,1,0
BRDA:642,74,0,0
BRDA:642,75,0,0
BRDA:642,75,1,0
BRDA:646,76,0,0
BRDA:646,77,0,0
BRDA:646,77,1,0
BRDA:650,78,0,0
BRDA:650,79,0,0
BRDA:650,79,1,0
BRDA:654,80,0,0
BRDA:654,81,0,0
BRDA:654,81,1,0
BRDA:658,82,0,0
BRDA:658,83,0,0
BRDA:658,83,1,0
BRDA:668,84,0,0
BRDA:673,85,0,0
BRDA:673,85,1,0
BRDA:677,86,0,0
BRDA:677,86,1,0
BRDA:695,87,0,0
BRDA:695,87,1,0
BRDA:697,88,0,0
BRDA:697,88,1,0
BRDA:710,89,0,0
BRDA:722,90,0,0
BRDA:722,90,1,0
BRDA:726,91,0,0
BRDA:726,91,1,0
BRDA:753,92,0,0
BRDA:753,92,1,0
BRDA:765,93,0,0
BRDA:765,93,1,0
BRDA:798,94,0,0
BRDA:801,95,0,0
BRDA:804,96,0,0
BRDA:807,97,0,0
BRDA:810,98,0,0
BRDA:810,99,0,0
BRDA:810,99,1,0
BRDA:810,99,2,0
BRDA:810,99,3,0
BRDA:810,99,4,0
BRDA:810,99,5,0
BRDA:810,99,6,0
BRDA:813,100,0,0
BRDA:813,101,0,0
BRDA:813,101,1,0
BRDA:813,101,2,0
BRDA:816,102,0,0
BRDA:816,103,0,0
BRDA:816,103,1,0
BRDA:819,104,0,0
BRDA:819,105,0,0
BRDA:819,105,1,0
BRDA:822,106,0,0
BRDA:822,107,0,0
BRDA:822,107,1,0
BRDA:822,107,2,0
BRDA:825,108,0,0
BRDA:838,109,0,0
BRDA:854,110,0,0
BRDA:865,111,0,0
BRDA:888,112,0,0
BRDA:889,113,0,0
BRDA:893,114,0,0
BRDA:894,115,0,0
BRDA:898,116,0,0
BRDA:899,117,0,0
BRDA:903,118,0,0
BRDA:904,119,0,0
BRDA:915,120,0,0
BRDA:933,121,0,0
BRDA:933,122,0,0
BRDA:933,122,1,0
BRDA:933,122,2,0
BRDA:933,122,3,0
BRDA:955,123,0,0
BRDA:972,124,0,0
BRDA:973,125,0,0
BRDA:977,126,0,0
BRDA:978,127,0,0
BRDA:983,128,0,0
BRDA:983,129,0,0
BRDA:983,129,1,0
BRDA:1001,130,0,0
BRDA:1015,131,0,0
BRDA:1016,132,0,0
BRDA:1021,133,0,0
BRDA:1035,134,0,0
BRDA:1048,135,0,0
BRDA:1049,136,0,0
BRDA:1053,137,0,0
BRDA:1053,138,0,0
BRDA:1053,138,1,0
BRDA:1059,139,0,0
BRDA:1061,140,0,0
BRDA:1067,141,0,0
BRDA:1067,142,0,0
BRDA:1067,142,1,0
BRDA:1106,143,0,0
BRDA:1106,143,1,0
BRDA:1126,144,0,0
BRDA:1145,145,0,0
BRDA:1160,146,0,0
BRDA:1160,147,0,0
BRDA:1160,147,1,0
BRDA:1160,148,0,0
BRDA:1160,148,1,0
BRDA:1178,149,0,0
BRDA:1180,150,0,0
BRDA:1180,151,0,0
BRDA:1180,151,1,0
BRDA:1206,152,0,0
BRDA:1206,152,1,0
BRDA:1207,153,0,0
BRDA:1207,153,1,0
BRDA:1207,154,0,0
BRDA:1207,154,1,0
BRDA:1207,155,0,0
BRDA:1207,155,1,0
BRDA:1221,156,0,0
BRDA:1221,156,1,0
BRDA:1230,157,0,0
BRDA:1230,157,1,0
BRDA:1230,158,0,0
BRDA:1230,158,1,0
BRDA:1266,159,0,0
BRDA:1266,159,1,0
BRDA:1272,160,0,0
BRDA:1272,160,1,0
BRDA:1282,161,0,0
BRDA:1282,161,1,0
BRDA:1296,162,0,0
BRDA:1326,163,0,0
BRDA:1326,163,1,0
BRDA:1338,164,0,0
BRDA:1351,165,0,0
BRDA:1359,166,0,0
BRDA:1374,167,0,0
BRDA:1374,167,1,0
BRF:253
BRH:0
end_of_record
TN:
SF:src\majuritycalculation.ts
FN:5,rateProgressiveSummarization
FN:64,countLayer2AndLayer3Characters
FN:75,(anonymous_2)
FN:103,(anonymous_3)
FN:104,(anonymous_4)
FN:158,rateLevelOfMaturity
FN:190,rateOutlinks
FN:210,rateInlinks
FN:233,rateDirection
FN:249,rateLengthFilename
FN:270,rateNoteLength
FN:291,getNumberOfOutlinks
FN:301,countCharactersInActiveFile
FN:312,(anonymous_13)
FN:340,(anonymous_14)
FN:341,(anonymous_15)
FN:353,count_inlinks_single
FN:362,(anonymous_17)
FN:365,(anonymous_18)
FN:377,(anonymous_19)
FN:395,count_inlinks
FN:400,(anonymous_21)
FN:401,(anonymous_22)
FN:407,(anonymous_23)
FN:407,(anonymous_24)
FN:444,(anonymous_25)
FN:445,(anonymous_26)
FN:460,(anonymous_27)
FN:460,(anonymous_28)
FN:487,(anonymous_29)
FN:488,(anonymous_30)
FNF:31
FNH:0
FNDA:0,rateProgressiveSummarization
FNDA:0,countLayer2AndLayer3Characters
FNDA:0,(anonymous_2)
FNDA:0,(anonymous_3)
FNDA:0,(anonymous_4)
FNDA:0,rateLevelOfMaturity
FNDA:0,rateOutlinks
FNDA:0,rateInlinks
FNDA:0,rateDirection
FNDA:0,rateLengthFilename
FNDA:0,rateNoteLength
FNDA:0,getNumberOfOutlinks
FNDA:0,countCharactersInActiveFile
FNDA:0,(anonymous_13)
FNDA:0,(anonymous_14)
FNDA:0,(anonymous_15)
FNDA:0,count_inlinks_single
FNDA:0,(anonymous_17)
FNDA:0,(anonymous_18)
FNDA:0,(anonymous_19)
FNDA:0,count_inlinks
FNDA:0,(anonymous_21)
FNDA:0,(anonymous_22)
FNDA:0,(anonymous_23)
FNDA:0,(anonymous_24)
FNDA:0,(anonymous_25)
FNDA:0,(anonymous_26)
FNDA:0,(anonymous_27)
FNDA:0,(anonymous_28)
FNDA:0,(anonymous_29)
FNDA:0,(anonymous_30)
DA:2,0
DA:3,0
DA:5,0
DA:6,0
DA:7,0
DA:8,0
DA:9,0
DA:10,0
DA:11,0
DA:12,0
DA:15,0
DA:16,0
DA:17,0
DA:18,0
DA:19,0
DA:20,0
DA:21,0
DA:22,0
DA:23,0
DA:24,0
DA:25,0
DA:26,0
DA:28,0
DA:31,0
DA:32,0
DA:33,0
DA:34,0
DA:35,0
DA:36,0
DA:38,0
DA:41,0
DA:42,0
DA:43,0
DA:44,0
DA:45,0
DA:46,0
DA:47,0
DA:48,0
DA:49,0
DA:50,0
DA:52,0
DA:60,0
DA:64,0
DA:66,0
DA:70,0
DA:74,0
DA:75,0
DA:78,0
DA:79,0
DA:81,0
DA:86,0
DA:87,0
DA:91,0
DA:92,0
DA:96,0
DA:97,0
DA:101,0
DA:103,0
DA:104,0
DA:109,0
DA:116,0
DA:117,0
DA:119,0
DA:120,0
DA:122,0
DA:123,0
DA:124,0
DA:125,0
DA:127,0
DA:128,0
DA:129,0
DA:130,0
DA:134,0
DA:135,0
DA:138,0
DA:139,0
DA:140,0
DA:143,0
DA:144,0
DA:145,0
DA:146,0
DA:153,0
DA:158,0
DA:162,0
DA:163,0
DA:164,0
DA:166,0
DA:169,0
DA:170,0
DA:172,0
DA:173,0
DA:174,0
DA:175,0
DA:176,0
DA:177,0
DA:178,0
DA:179,0
DA:180,0
DA:181,0
DA:182,0
DA:183,0
DA:185,0
DA:190,0
DA:192,0
DA:193,0
DA:194,0
DA:195,0
DA:196,0
DA:197,0
DA:198,0
DA:199,0
DA:200,0
DA:201,0
DA:202,0
DA:203,0
DA:205,0
DA:210,0
DA:215,0
DA:216,0
DA:217,0
DA:218,0
DA:219,0
DA:220,0
DA:221,0
DA:222,0
DA:223,0
DA:224,0
DA:225,0
DA:226,0
DA:228,0
DA:233,0
DA:234,0
DA:235,0
DA:236,0
DA:237,0
DA:238,0
DA:239,0
DA:240,0
DA:242,0
DA:245,0
DA:249,0
DA:250,0
DA:251,0
DA:252,0
DA:253,0
DA:254,0
DA:255,0
DA:256,0
DA:257,0
DA:258,0
DA:259,0
DA:260,0
DA:261,0
DA:262,0
DA:263,0
DA:265,0
DA:270,0
DA:271,0
DA:272,0
DA:273,0
DA:274,0
DA:275,0
DA:276,0
DA:277,0
DA:278,0
DA:279,0
DA:280,0
DA:281,0
DA:282,0
DA:283,0
DA:284,0
DA:286,0
DA:291,0
DA:293,0
DA:294,0
DA:296,0
DA:297,0
DA:301,0
DA:303,0
DA:307,0
DA:311,0
DA:312,0
DA:315,0
DA:316,0
DA:318,0
DA:323,0
DA:324,0
DA:328,0
DA:329,0
DA:333,0
DA:334,0
DA:338,0
DA:340,0
DA:341,0
DA:346,0
DA:349,0
DA:353,0
DA:355,0
DA:356,0
DA:359,0
DA:362,0
DA:363,0
DA:364,0
DA:365,0
DA:366,0
DA:367,0
DA:371,0
DA:372,0
DA:376,0
DA:377,0
DA:378,0
DA:380,0
DA:385,0
DA:388,0
DA:391,0
DA:395,0
DA:396,0
DA:397,0
DA:399,0
DA:400,0
DA:401,0
DA:403,0
DA:407,0
DA:409,0
DA:413,0
DA:414,0
DA:415,0
DA:417,0
DA:422,0
DA:423,0
DA:424,0
DA:426,0
DA:428,0
DA:430,0
DA:432,0
DA:434,0
DA:436,0
DA:438,0
DA:440,0
DA:442,0
DA:444,0
DA:445,0
DA:447,0
DA:449,0
DA:451,0
DA:456,0
DA:460,0
DA:462,0
DA:465,0
DA:466,0
DA:467,0
DA:469,0
DA:473,0
DA:474,0
DA:475,0
DA:477,0
DA:479,0
DA:481,0
DA:482,0
DA:483,0
DA:485,0
DA:487,0
DA:488,0
DA:490,0
DA:493,0
LF:265
LH:0
BRDA:11,0,0,0
BRDA:11,0,1,0
BRDA:15,1,0,0
BRDA:15,1,1,0
BRDA:17,2,0,0
BRDA:17,2,1,0
BRDA:19,3,0,0
BRDA:19,3,1,0
BRDA:21,4,0,0
BRDA:21,4,1,0
BRDA:23,5,0,0
BRDA:23,5,1,0
BRDA:25,6,0,0
BRDA:25,6,1,0
BRDA:31,7,0,0
BRDA:31,7,1,0
BRDA:33,8,0,0
BRDA:33,8,1,0
BRDA:35,9,0,0
BRDA:35,9,1,0
BRDA:41,10,0,0
BRDA:41,10,1,0
BRDA:41,11,0,0
BRDA:41,11,1,0
BRDA:43,12,0,0
BRDA:43,12,1,0
BRDA:43,13,0,0
BRDA:43,13,1,0
BRDA:45,14,0,0
BRDA:45,14,1,0
BRDA:45,15,0,0
BRDA:45,15,1,0
BRDA:47,16,0,0
BRDA:47,16,1,0
BRDA:47,17,0,0
BRDA:47,17,1,0
BRDA:47,17,2,0
BRDA:47,17,3,0
BRDA:49,18,0,0
BRDA:49,18,1,0
BRDA:49,19,0,0
BRDA:49,19,1,0
BRDA:78,20,0,0
BRDA:122,21,0,0
BRDA:127,22,0,0
BRDA:139,23,0,0
BRDA:145,24,0,0
BRDA:163,25,0,0
BRDA:163,25,1,0
BRDA:172,26,0,0
BRDA:172,26,1,0
BRDA:174,27,0,0
BRDA:174,27,1,0
BRDA:176,28,0,0
BRDA:176,28,1,0
BRDA:178,29,0,0
BRDA:178,29,1,0
BRDA:180,30,0,0
BRDA:180,30,1,0
BRDA:182,31,0,0
BRDA:182,31,1,0
BRDA:192,32,0,0
BRDA:192,32,1,0
BRDA:194,33,0,0
BRDA:194,33,1,0
BRDA:196,34,0,0
BRDA:196,34,1,0
BRDA:198,35,0,0
BRDA:198,35,1,0
BRDA:200,36,0,0
BRDA:200,36,1,0
BRDA:202,37,0,0
BRDA:202,37,1,0
BRDA:215,38,0,0
BRDA:215,38,1,0
BRDA:217,39,0,0
BRDA:217,39,1,0
BRDA:219,40,0,0
BRDA:219,40,1,0
BRDA:221,41,0,0
BRDA:221,41,1,0
BRDA:223,42,0,0
BRDA:223,42,1,0
BRDA:225,43,0,0
BRDA:225,43,1,0
BRDA:225,44,0,0
BRDA:225,44,1,0
BRDA:235,45,0,0
BRDA:235,45,1,0
BRDA:237,46,0,0
BRDA:237,46,1,0
BRDA:239,47,0,0
BRDA:239,47,1,0
BRDA:250,48,0,0
BRDA:250,48,1,0
BRDA:252,49,0,0
BRDA:252,49,1,0
BRDA:254,50,0,0
BRDA:254,50,1,0
BRDA:256,51,0,0
BRDA:256,51,1,0
BRDA:258,52,0,0
BRDA:258,52,1,0
BRDA:260,53,0,0
BRDA:260,53,1,0
BRDA:262,54,0,0
BRDA:262,54,1,0
BRDA:271,55,0,0
BRDA:271,55,1,0
BRDA:273,56,0,0
BRDA:273,56,1,0
BRDA:275,57,0,0
BRDA:275,57,1,0
BRDA:277,58,0,0
BRDA:277,58,1,0
BRDA:279,59,0,0
BRDA:279,59,1,0
BRDA:281,60,0,0
BRDA:281,60,1,0
BRDA:283,61,0,0
BRDA:283,61,1,0
BRDA:293,62,0,0
BRDA:296,63,0,0
BRDA:296,63,1,0
BRDA:296,64,0,0
BRDA:296,64,1,0
BRDA:297,65,0,0
BRDA:297,65,1,0
BRDA:315,66,0,0
BRDA:364,67,0,0
BRDA:364,67,1,0
BRDA:366,68,0,0
BRDA:366,68,1,0
BRDA:371,69,0,0
BRDA:371,70,0,0
BRDA:371,70,1,0
BRDA:378,71,0,0
BRDA:378,72,0,0
BRDA:378,72,1,0
BRDA:400,73,0,0
BRDA:400,73,1,0
BRDA:400,74,0,0
BRDA:400,74,1,0
BRDA:414,75,0,0
BRDA:414,75,1,0
BRDA:423,76,0,0
BRDA:423,76,1,0
BRDA:438,77,0,0
BRDA:438,77,1,0
BRDA:444,78,0,0
BRDA:444,79,0,0
BRDA:444,79,1,0
BRDA:449,80,0,0
BRDA:449,80,1,0
BRDA:466,81,0,0
BRDA:466,81,1,0
BRDA:474,82,0,0
BRDA:474,82,1,0
BRDA:487,83,0,0
BRDA:487,84,0,0
BRDA:487,84,1,0
BRDA:487,84,2,0
BRF:162
BRH:0
end_of_record
TN:
SF:src\randomNotificationText.ts
FN:166,getRandomMessageWeeklyChallenge
FN:173,getRandomMessageTwoNoteChallenge
FN:180,getRandomMessagePoints
FNF:3
FNH:3
FNDA:2,getRandomMessageWeeklyChallenge
FNDA:1,getRandomMessageTwoNoteChallenge
FNDA:1,getRandomMessagePoints
DA:1,1
DA:54,1
DA:109,1
DA:166,1
DA:167,2
DA:168,2
DA:169,2
DA:173,1
DA:174,1
DA:175,1
DA:176,1
DA:180,1
DA:181,1
DA:182,1
DA:183,1
LF:15
LH:15
BRF:0
BRH:0
end_of_record
TN:
SF:src\utils.ts
FN:6,onlyUniqueArray
FN:10,isTFile
FNF:2
FNH:0
FNDA:0,onlyUniqueArray
FNDA:0,isTFile
DA:6,0
DA:7,0
DA:10,0
DA:11,0
LF:4
LH:0
BRF:0
BRH:0
end_of_record
